#
# There is insufficient memory for the Java Runtime Environment to continue.
# Native memory allocation (malloc) failed to allocate 924496 bytes for Chunk::new
# Possible reasons:
#   The system is out of physical RAM or swap space
#   The process is running with CompressedOops enabled, and the Java Heap may be blocking the growth of the native heap
# Possible solutions:
#   Reduce memory load on the system
#   Increase physical memory or swap space
#   Check if swap backing store is full
#   Decrease Java heap size (-Xmx/-Xms)
#   Decrease number of Java threads
#   Decrease Java thread stack sizes (-Xss)
#   Set larger code cache with -XX:ReservedCodeCacheSize=
#   JVM is running with Unscaled Compressed Oops mode in which the Java heap is
#     placed in the first 4GB address space. The Java Heap base address is the
#     maximum limit for the native heap growth. Please use -XX:HeapBaseMinAddress
#     to set the Java Heap base and to place the Java Heap above 4GB virtual address.
# This output file may be truncated or incomplete.
#
#  Out of Memory Error (./open/src/hotspot/share/memory/arena.cpp:197), pid=13084, tid=4920
#
# JRE version: Java(TM) SE Runtime Environment 18.9 (11.0.12+8) (build 11.0.12+8-LTS-237)
# Java VM: Java HotSpot(TM) 64-Bit Server VM 18.9 (11.0.12+8-LTS-237, mixed mode, tiered, compressed oops, g1 gc, windows-amd64)
# No core dump will be written. Minidumps are not enabled by default on client versions of Windows
#

---------------  S U M M A R Y ------------

Command Line: -XX:MaxMetaspaceSize=256m -XX:+HeapDumpOnOutOfMemoryError -agentlib:jdwp=transport=dt_socket,server=n,suspend=y,address=127.0.0.1:57863 --add-opens=java.base/java.util=ALL-UNNAMED --add-opens=java.base/java.lang=ALL-UNNAMED --add-opens=java.base/java.lang.invoke=ALL-UNNAMED --add-opens=java.base/java.util=ALL-UNNAMED --add-opens=java.prefs/java.util.prefs=ALL-UNNAMED --add-opens=java.prefs/java.util.prefs=ALL-UNNAMED --add-opens=java.base/java.nio.charset=ALL-UNNAMED --add-opens=java.base/java.net=ALL-UNNAMED --add-opens=java.base/java.util.concurrent.atomic=ALL-UNNAMED -Xms256m -Xmx512m -Dfile.encoding=windows-1252 -Duser.country=AR -Duser.language=es -Duser.variant org.gradle.launcher.daemon.bootstrap.GradleDaemon 7.3.2

Host: AMD Ryzen 5 2400G with Radeon Vega Graphics    , 8 cores, 13G,  Windows 10 , 64 bit Build 19041 (10.0.19041.1566)
Time: Fri Apr  1 21:09:01 2022 Hora estándar de Argentina elapsed time: 10.899144 seconds (0d 0h 0m 10s)

---------------  T H R E A D  ---------------

Current thread (0x000001b75e6e8800):  JavaThread "C2 CompilerThread1" daemon [_thread_in_native, id=4920, stack(0x0000006d7fa00000,0x0000006d7fb00000)]


Current CompileTask:
C2:  10899 7860       4       groovy.lang.MetaClassImpl::inheritInterfaceNewMetaMethods (195 bytes)

Stack: [0x0000006d7fa00000,0x0000006d7fb00000]
Native frames: (J=compiled Java code, j=interpreted, Vv=VM code, C=native code)
V  [jvm.dll+0x617d9a]
V  [jvm.dll+0x74eeef]
V  [jvm.dll+0x750599]
V  [jvm.dll+0x750c23]
V  [jvm.dll+0x2438d8]
V  [jvm.dll+0xba6dc]
V  [jvm.dll+0xbac9c]
V  [jvm.dll+0x3469b7]
V  [jvm.dll+0x193d23]
V  [jvm.dll+0x1fd212]
V  [jvm.dll+0x1fc2ed]
V  [jvm.dll+0x17f18c]
V  [jvm.dll+0x20b87c]
V  [jvm.dll+0x20997b]
V  [jvm.dll+0x716359]
V  [jvm.dll+0x70f064]
V  [jvm.dll+0x616f66]
C  [ucrtbase.dll+0x21bb2]
C  [KERNEL32.DLL+0x17034]
C  [ntdll.dll+0x52651]


---------------  P R O C E S S  ---------------

Threads class SMR info:
_java_thread_list=0x000001b76457d370, length=138, elements={
0x000001b73d11b000, 0x000001b758650800, 0x000001b75867e800, 0x000001b758690000,
0x000001b758692800, 0x000001b758693800, 0x000001b759005800, 0x000001b75900e800,
0x000001b758697800, 0x000001b759172000, 0x000001b7591e4800, 0x000001b7591e6000,
0x000001b7591e6800, 0x000001b75b6c9000, 0x000001b7595a2800, 0x000001b759ffc800,
0x000001b75b14a800, 0x000001b75b14b800, 0x000001b75b8ef800, 0x000001b75b1c6000,
0x000001b75b708000, 0x000001b75ab2d800, 0x000001b75ab08800, 0x000001b75ba4c800,
0x000001b75ba4d800, 0x000001b75ba4a000, 0x000001b75ba48800, 0x000001b75ba49000,
0x000001b75ba4b800, 0x000001b75ba4e000, 0x000001b75ba4b000, 0x000001b75e6e5000,
0x000001b75e6e6000, 0x000001b75e6e3800, 0x000001b75e6e2800, 0x000001b75e6e0800,
0x000001b75e6e2000, 0x000001b75e6eb000, 0x000001b75e6e9000, 0x000001b75e6ec800,
0x000001b75e6eb800, 0x000001b75e6ea000, 0x000001b75e6ed800, 0x000001b75e6ee000,
0x000001b75e6e8800, 0x000001b75e6ef000, 0x000001b75d46c800, 0x000001b75d46f800,
0x000001b75d46d000, 0x000001b75d46b800, 0x000001b75d474000, 0x000001b75d46f000,
0x000001b75d46e000, 0x000001b75d476000, 0x000001b75d472000, 0x000001b75d473000,
0x000001b75d475800, 0x000001b75d474800, 0x000001b75d470800, 0x000001b75d477000,
0x000001b75d471800, 0x000001b75d478800, 0x000001b75d479800, 0x000001b75d47a800,
0x000001b75d478000, 0x000001b761860800, 0x000001b761864800, 0x000001b761865800,
0x000001b761863000, 0x000001b761863800, 0x000001b761866000, 0x000001b761867000,
0x000001b761861000, 0x000001b761867800, 0x000001b761862000, 0x000001b76186b000,
0x000001b76186e000, 0x000001b76186c800, 0x000001b76186c000, 0x000001b761869800,
0x000001b76186d800, 0x000001b761868800, 0x000001b76186f000, 0x000001b76186a000,
0x000001b75fcea800, 0x000001b75fcec000, 0x000001b75fceb000, 0x000001b75fced000,
0x000001b75fce7000, 0x000001b75fce8000, 0x000001b75fced800, 0x000001b75fce9800,
0x000001b75fcee800, 0x000001b75fce9000, 0x000001b75fcf5000, 0x000001b75fcf2800,
0x000001b75fcf0000, 0x000001b75fcf1000, 0x000001b75fcf3800, 0x000001b75fcef800,
0x000001b75fcf1800, 0x000001b75fcf4000, 0x000001b75fcf6000, 0x000001b760da5800,
0x000001b760da0800, 0x000001b760da3800, 0x000001b760da3000, 0x000001b760da2000,
0x000001b760da4800, 0x000001b760da6000, 0x000001b760da7000, 0x000001b760da1000,
0x000001b760dad800, 0x000001b760dac800, 0x000001b760daa000, 0x000001b760dab000,
0x000001b760da9800, 0x000001b760da7800, 0x000001b760dae000, 0x000001b760dac000,
0x000001b760da8800, 0x000001b760daf000, 0x000001b75d96f000, 0x000001b75d971800,
0x000001b75d970800, 0x000001b75d96f800, 0x000001b75d972000, 0x000001b75d973000,
0x000001b75d974000, 0x000001b75d96e000, 0x000001b75d977000, 0x000001b75d974800,
0x000001b75d978800, 0x000001b75d975800, 0x000001b75d978000, 0x000001b75d97b000,
0x000001b75d979800, 0x000001b75d97a800
}

Java Threads: ( => current thread )
  0x000001b73d11b000 JavaThread "main" [_thread_blocked, id=6376, stack(0x0000006d7be00000,0x0000006d7bf00000)]
  0x000001b758650800 JavaThread "Reference Handler" daemon [_thread_blocked, id=15212, stack(0x0000006d7c500000,0x0000006d7c600000)]
  0x000001b75867e800 JavaThread "Finalizer" daemon [_thread_blocked, id=11208, stack(0x0000006d7c600000,0x0000006d7c700000)]
  0x000001b758690000 JavaThread "Signal Dispatcher" daemon [_thread_blocked, id=7116, stack(0x0000006d7c700000,0x0000006d7c800000)]
  0x000001b758692800 JavaThread "Attach Listener" daemon [_thread_blocked, id=7572, stack(0x0000006d7c800000,0x0000006d7c900000)]
  0x000001b758693800 JavaThread "Service Thread" daemon [_thread_blocked, id=6908, stack(0x0000006d7c900000,0x0000006d7ca00000)]
  0x000001b759005800 JavaThread "C2 CompilerThread0" daemon [_thread_in_native, id=13824, stack(0x0000006d7ca00000,0x0000006d7cb00000)]
  0x000001b75900e800 JavaThread "C1 CompilerThread0" daemon [_thread_blocked, id=13884, stack(0x0000006d7cb00000,0x0000006d7cc00000)]
  0x000001b758697800 JavaThread "Sweeper thread" daemon [_thread_blocked, id=9208, stack(0x0000006d7cc00000,0x0000006d7cd00000)]
  0x000001b759172000 JavaThread "Common-Cleaner" daemon [_thread_blocked, id=8960, stack(0x0000006d7cd00000,0x0000006d7ce00000)]
  0x000001b7591e4800 JavaThread "JDWP Transport Listener: dt_socket" daemon [_thread_blocked, id=15456, stack(0x0000006d7ce00000,0x0000006d7cf00000)]
  0x000001b7591e6000 JavaThread "JDWP Event Helper Thread" daemon [_thread_blocked, id=9072, stack(0x0000006d7cf00000,0x0000006d7d000000)]
  0x000001b7591e6800 JavaThread "JDWP Command Reader" daemon [_thread_in_native, id=2568, stack(0x0000006d7d000000,0x0000006d7d100000)]
  0x000001b75b6c9000 JavaThread "Daemon health stats" [_thread_blocked, id=11132, stack(0x0000006d7d900000,0x0000006d7da00000)]
  0x000001b7595a2800 JavaThread "Incoming local TCP Connector on port 57869" [_thread_in_native, id=15040, stack(0x0000006d7d200000,0x0000006d7d300000)]
  0x000001b759ffc800 JavaThread "Daemon periodic checks" [_thread_blocked, id=14492, stack(0x0000006d7da00000,0x0000006d7db00000)]
  0x000001b75b14a800 JavaThread "Daemon" [_thread_blocked, id=1464, stack(0x0000006d7db00000,0x0000006d7dc00000)]
  0x000001b75b14b800 JavaThread "Handler for socket connection from /127.0.0.1:57869 to /127.0.0.1:57870" [_thread_in_native, id=7300, stack(0x0000006d7dc00000,0x0000006d7dd00000)]
  0x000001b75b8ef800 JavaThread "Cancel handler" [_thread_blocked, id=1612, stack(0x0000006d7dd00000,0x0000006d7de00000)]
  0x000001b75b1c6000 JavaThread "Daemon worker" [_thread_blocked, id=15528, stack(0x0000006d7de00000,0x0000006d7df00000)]
  0x000001b75b708000 JavaThread "Asynchronous log dispatcher for DefaultDaemonConnection: socket connection from /127.0.0.1:57869 to /127.0.0.1:57870" [_thread_blocked, id=10180, stack(0x0000006d7df00000,0x0000006d7e000000)]
  0x000001b75ab2d800 JavaThread "Stdin handler" [_thread_blocked, id=15504, stack(0x0000006d7e000000,0x0000006d7e100000)]
  0x000001b75ab08800 JavaThread "Daemon client event forwarder" [_thread_blocked, id=12464, stack(0x0000006d7e100000,0x0000006d7e200000)]
  0x000001b75ba4c800 JavaThread "Cache worker for journal cache (C:\Users\Guille\.gradle\caches\journal-1)" [_thread_blocked, id=1684, stack(0x0000006d7e200000,0x0000006d7e300000)]
  0x000001b75ba4d800 JavaThread "File lock request listener" [_thread_in_native, id=8296, stack(0x0000006d7e300000,0x0000006d7e400000)]
  0x000001b75ba4a000 JavaThread "Cache worker for file hash cache (C:\Users\Guille\.gradle\caches\7.3.2\fileHashes)" [_thread_blocked, id=10140, stack(0x0000006d7e400000,0x0000006d7e500000)]
  0x000001b75ba48800 JavaThread "Cache worker for file hash cache (D:\MindHub\FS025\PROYECTOS\Java\homebanking\.gradle\7.3.2\fileHashes)" [_thread_blocked, id=16292, stack(0x0000006d7e900000,0x0000006d7ea00000)]
  0x000001b75ba49000 JavaThread "File watcher server" daemon [_thread_in_native, id=15516, stack(0x0000006d7eb00000,0x0000006d7ec00000)]
  0x000001b75ba4b800 JavaThread "File watcher consumer" daemon [_thread_blocked, id=10980, stack(0x0000006d7ec00000,0x0000006d7ed00000)]
  0x000001b75ba4e000 JavaThread "Cache worker for checksums cache (D:\MindHub\FS025\PROYECTOS\Java\homebanking\.gradle\7.3.2\checksums)" [_thread_blocked, id=14672, stack(0x0000006d7ed00000,0x0000006d7ee00000)]
  0x000001b75ba4b000 JavaThread "Cache worker for cache directory md-supplier (C:\Users\Guille\.gradle\caches\7.3.2\md-supplier)" [_thread_blocked, id=13556, stack(0x0000006d7ee00000,0x0000006d7ef00000)]
  0x000001b75e6e5000 JavaThread "Cache worker for cache directory md-rule (C:\Users\Guille\.gradle\caches\7.3.2\md-rule)" [_thread_blocked, id=11672, stack(0x0000006d7ef00000,0x0000006d7f000000)]
  0x000001b75e6e6000 JavaThread "Cache worker for execution history cache (C:\Users\Guille\.gradle\caches\7.3.2\executionHistory)" [_thread_blocked, id=7388, stack(0x0000006d7f000000,0x0000006d7f100000)]
  0x000001b75e6e3800 JavaThread "jar transforms" [_thread_blocked, id=9188, stack(0x0000006d7f100000,0x0000006d7f200000)]
  0x000001b75e6e2800 JavaThread "jar transforms Thread 2" [_thread_blocked, id=5872, stack(0x0000006d7f200000,0x0000006d7f300000)]
  0x000001b75e6e0800 JavaThread "Cache worker for file content cache (C:\Users\Guille\.gradle\caches\7.3.2\fileContent)" [_thread_blocked, id=8992, stack(0x0000006d7f300000,0x0000006d7f400000)]
  0x000001b75e6e2000 JavaThread "jar transforms Thread 3" [_thread_blocked, id=3308, stack(0x0000006d7f400000,0x0000006d7f500000)]
  0x000001b75e6eb000 JavaThread "jar transforms Thread 4" [_thread_blocked, id=6164, stack(0x0000006d7f500000,0x0000006d7f600000)]
  0x000001b75e6e9000 JavaThread "jar transforms Thread 5" [_thread_blocked, id=4604, stack(0x0000006d7f600000,0x0000006d7f700000)]
  0x000001b75e6ec800 JavaThread "jar transforms Thread 6" [_thread_blocked, id=9268, stack(0x0000006d7f700000,0x0000006d7f800000)]
  0x000001b75e6eb800 JavaThread "jar transforms Thread 7" [_thread_blocked, id=12640, stack(0x0000006d7f800000,0x0000006d7f900000)]
  0x000001b75e6ea000 JavaThread "Cache worker for dependencies-accessors (D:\MindHub\FS025\PROYECTOS\Java\homebanking\.gradle\7.3.2\dependencies-accessors)" [_thread_blocked, id=6072, stack(0x0000006d7f900000,0x0000006d7fa00000)]
  0x000001b75e6ed800 JavaThread "jar transforms Thread 8" [_thread_blocked, id=5660, stack(0x0000006d7e800000,0x0000006d7e900000)]
  0x000001b75e6ee000 JavaThread "Cache worker for Build Output Cleanup Cache (D:\MindHub\FS025\PROYECTOS\Java\homebanking\.gradle\buildOutputCleanup)" [_thread_blocked, id=5336, stack(0x0000006d7ea00000,0x0000006d7eb00000)]
=>0x000001b75e6e8800 JavaThread "C2 CompilerThread1" daemon [_thread_in_native, id=4920, stack(0x0000006d7fa00000,0x0000006d7fb00000)]
  0x000001b75e6ef000 JavaThread "C2 CompilerThread2" daemon [_thread_blocked, id=2024, stack(0x0000006d7fb00000,0x0000006d7fc00000)]
  0x000001b75d46c800 JavaThread "Unconstrained build operations" [_thread_blocked, id=3988, stack(0x0000006d7fc00000,0x0000006d7fd00000)]
  0x000001b75d46f800 JavaThread "Unconstrained build operations Thread 2" [_thread_blocked, id=7880, stack(0x0000006d7fd00000,0x0000006d7fe00000)]
  0x000001b75d46d000 JavaThread "Unconstrained build operations Thread 3" [_thread_blocked, id=13132, stack(0x0000006d7fe00000,0x0000006d7ff00000)]
  0x000001b75d46b800 JavaThread "Unconstrained build operations Thread 4" [_thread_blocked, id=4840, stack(0x0000006d7ff00000,0x0000006d80000000)]
  0x000001b75d474000 JavaThread "Unconstrained build operations Thread 5" [_thread_blocked, id=10556, stack(0x0000006d00000000,0x0000006d00100000)]
  0x000001b75d46f000 JavaThread "Unconstrained build operations Thread 6" [_thread_blocked, id=2376, stack(0x0000006d00100000,0x0000006d00200000)]
  0x000001b75d46e000 JavaThread "Unconstrained build operations Thread 7" [_thread_blocked, id=9524, stack(0x0000006d00200000,0x0000006d00300000)]
  0x000001b75d476000 JavaThread "Unconstrained build operations Thread 8" [_thread_blocked, id=9680, stack(0x0000006d00300000,0x0000006d00400000)]
  0x000001b75d472000 JavaThread "Unconstrained build operations Thread 9" [_thread_blocked, id=8308, stack(0x0000006d00400000,0x0000006d00500000)]
  0x000001b75d473000 JavaThread "Unconstrained build operations Thread 10" [_thread_blocked, id=3692, stack(0x0000006d00500000,0x0000006d00600000)]
  0x000001b75d475800 JavaThread "Unconstrained build operations Thread 11" [_thread_blocked, id=3632, stack(0x0000006d00600000,0x0000006d00700000)]
  0x000001b75d474800 JavaThread "Unconstrained build operations Thread 12" [_thread_blocked, id=15828, stack(0x0000006d00700000,0x0000006d00800000)]
  0x000001b75d470800 JavaThread "Unconstrained build operations Thread 13" [_thread_blocked, id=2344, stack(0x0000006d00800000,0x0000006d00900000)]
  0x000001b75d477000 JavaThread "Unconstrained build operations Thread 14" [_thread_blocked, id=13680, stack(0x0000006d00900000,0x0000006d00a00000)]
  0x000001b75d471800 JavaThread "Unconstrained build operations Thread 15" [_thread_blocked, id=13100, stack(0x0000006d00a00000,0x0000006d00b00000)]
  0x000001b75d478800 JavaThread "Unconstrained build operations Thread 16" [_thread_blocked, id=10740, stack(0x0000006d00b00000,0x0000006d00c00000)]
  0x000001b75d479800 JavaThread "Unconstrained build operations Thread 17" [_thread_blocked, id=1624, stack(0x0000006d00c00000,0x0000006d00d00000)]
  0x000001b75d47a800 JavaThread "Memory manager" [_thread_blocked, id=12008, stack(0x0000006d00d00000,0x0000006d00e00000)]
  0x000001b75d478000 JavaThread "Execution worker for ':'" [_thread_blocked, id=2476, stack(0x0000006d00e00000,0x0000006d00f00000)]
  0x000001b761860800 JavaThread "Execution worker for ':' Thread 2" [_thread_blocked, id=13944, stack(0x0000006d00f00000,0x0000006d01000000)]
  0x000001b761864800 JavaThread "Execution worker for ':' Thread 3" [_thread_blocked, id=3952, stack(0x0000006d01000000,0x0000006d01100000)]
  0x000001b761865800 JavaThread "Execution worker for ':' Thread 4" [_thread_blocked, id=11388, stack(0x0000006d01100000,0x0000006d01200000)]
  0x000001b761863000 JavaThread "Execution worker for ':' Thread 5" [_thread_blocked, id=12876, stack(0x0000006d01200000,0x0000006d01300000)]
  0x000001b761863800 JavaThread "Execution worker for ':' Thread 6" [_thread_blocked, id=14736, stack(0x0000006d01300000,0x0000006d01400000)]
  0x000001b761866000 JavaThread "Execution worker for ':' Thread 7" [_thread_blocked, id=16016, stack(0x0000006d01400000,0x0000006d01500000)]
  0x000001b761867000 JavaThread "Cache worker for execution history cache (D:\MindHub\FS025\PROYECTOS\Java\homebanking\.gradle\7.3.2\executionHistory)" [_thread_blocked, id=9640, stack(0x0000006d01500000,0x0000006d01600000)]
  0x000001b761861000 JavaThread "Unconstrained build operations Thread 18" [_thread_blocked, id=14820, stack(0x0000006d01600000,0x0000006d01700000)]
  0x000001b761867800 JavaThread "Unconstrained build operations Thread 19" [_thread_blocked, id=9968, stack(0x0000006d01700000,0x0000006d01800000)]
  0x000001b761862000 JavaThread "Unconstrained build operations Thread 20" [_thread_blocked, id=11596, stack(0x0000006d01800000,0x0000006d01900000)]
  0x000001b76186b000 JavaThread "Unconstrained build operations Thread 21" [_thread_blocked, id=6976, stack(0x0000006d01900000,0x0000006d01a00000)]
  0x000001b76186e000 JavaThread "Unconstrained build operations Thread 22" [_thread_blocked, id=9572, stack(0x0000006d01a00000,0x0000006d01b00000)]
  0x000001b76186c800 JavaThread "Unconstrained build operations Thread 23" [_thread_blocked, id=13280, stack(0x0000006d01b00000,0x0000006d01c00000)]
  0x000001b76186c000 JavaThread "Unconstrained build operations Thread 24" [_thread_blocked, id=13272, stack(0x0000006d01c00000,0x0000006d01d00000)]
  0x000001b761869800 JavaThread "Unconstrained build operations Thread 25" [_thread_blocked, id=8740, stack(0x0000006d01d00000,0x0000006d01e00000)]
  0x000001b76186d800 JavaThread "Unconstrained build operations Thread 26" [_thread_blocked, id=144, stack(0x0000006d01e00000,0x0000006d01f00000)]
  0x000001b761868800 JavaThread "Unconstrained build operations Thread 27" [_thread_blocked, id=8812, stack(0x0000006d01f00000,0x0000006d02000000)]
  0x000001b76186f000 JavaThread "Unconstrained build operations Thread 28" [_thread_blocked, id=13460, stack(0x0000006d02000000,0x0000006d02100000)]
  0x000001b76186a000 JavaThread "Unconstrained build operations Thread 29" [_thread_blocked, id=6492, stack(0x0000006d02100000,0x0000006d02200000)]
  0x000001b75fcea800 JavaThread "Unconstrained build operations Thread 30" [_thread_blocked, id=15388, stack(0x0000006d02200000,0x0000006d02300000)]
  0x000001b75fcec000 JavaThread "Unconstrained build operations Thread 31" [_thread_blocked, id=4612, stack(0x0000006d02300000,0x0000006d02400000)]
  0x000001b75fceb000 JavaThread "Unconstrained build operations Thread 32" [_thread_blocked, id=16272, stack(0x0000006d02400000,0x0000006d02500000)]
  0x000001b75fced000 JavaThread "Unconstrained build operations Thread 33" [_thread_blocked, id=8800, stack(0x0000006d02500000,0x0000006d02600000)]
  0x000001b75fce7000 JavaThread "Unconstrained build operations Thread 34" [_thread_blocked, id=12320, stack(0x0000006d02600000,0x0000006d02700000)]
  0x000001b75fce8000 JavaThread "Unconstrained build operations Thread 35" [_thread_blocked, id=10128, stack(0x0000006d02700000,0x0000006d02800000)]
  0x000001b75fced800 JavaThread "Unconstrained build operations Thread 36" [_thread_blocked, id=15732, stack(0x0000006d02800000,0x0000006d02900000)]
  0x000001b75fce9800 JavaThread "Unconstrained build operations Thread 37" [_thread_blocked, id=10264, stack(0x0000006d02900000,0x0000006d02a00000)]
  0x000001b75fcee800 JavaThread "Unconstrained build operations Thread 38" [_thread_blocked, id=4136, stack(0x0000006d02a00000,0x0000006d02b00000)]
  0x000001b75fce9000 JavaThread "Unconstrained build operations Thread 39" [_thread_blocked, id=10940, stack(0x0000006d02b00000,0x0000006d02c00000)]
  0x000001b75fcf5000 JavaThread "Unconstrained build operations Thread 40" [_thread_blocked, id=13704, stack(0x0000006d02c00000,0x0000006d02d00000)]
  0x000001b75fcf2800 JavaThread "Unconstrained build operations Thread 41" [_thread_blocked, id=8236, stack(0x0000006d02d00000,0x0000006d02e00000)]
  0x000001b75fcf0000 JavaThread "Unconstrained build operations Thread 42" [_thread_blocked, id=6292, stack(0x0000006d02e00000,0x0000006d02f00000)]
  0x000001b75fcf1000 JavaThread "Unconstrained build operations Thread 43" [_thread_blocked, id=2068, stack(0x0000006d02f00000,0x0000006d03000000)]
  0x000001b75fcf3800 JavaThread "Unconstrained build operations Thread 44" [_thread_blocked, id=10624, stack(0x0000006d03000000,0x0000006d03100000)]
  0x000001b75fcef800 JavaThread "Unconstrained build operations Thread 45" [_thread_blocked, id=8696, stack(0x0000006d03100000,0x0000006d03200000)]
  0x000001b75fcf1800 JavaThread "Unconstrained build operations Thread 46" [_thread_blocked, id=8364, stack(0x0000006d03200000,0x0000006d03300000)]
  0x000001b75fcf4000 JavaThread "Unconstrained build operations Thread 47" [_thread_blocked, id=14332, stack(0x0000006d03300000,0x0000006d03400000)]
  0x000001b75fcf6000 JavaThread "Unconstrained build operations Thread 48" [_thread_blocked, id=7696, stack(0x0000006d03400000,0x0000006d03500000)]
  0x000001b760da5800 JavaThread "Unconstrained build operations Thread 49" [_thread_blocked, id=2216, stack(0x0000006d03500000,0x0000006d03600000)]
  0x000001b760da0800 JavaThread "Unconstrained build operations Thread 50" [_thread_blocked, id=11528, stack(0x0000006d03600000,0x0000006d03700000)]
  0x000001b760da3800 JavaThread "Unconstrained build operations Thread 51" [_thread_blocked, id=4856, stack(0x0000006d03700000,0x0000006d03800000)]
  0x000001b760da3000 JavaThread "Unconstrained build operations Thread 52" [_thread_blocked, id=11668, stack(0x0000006d03800000,0x0000006d03900000)]
  0x000001b760da2000 JavaThread "Unconstrained build operations Thread 53" [_thread_blocked, id=10744, stack(0x0000006d03900000,0x0000006d03a00000)]
  0x000001b760da4800 JavaThread "Unconstrained build operations Thread 54" [_thread_blocked, id=8396, stack(0x0000006d03a00000,0x0000006d03b00000)]
  0x000001b760da6000 JavaThread "Unconstrained build operations Thread 55" [_thread_blocked, id=11480, stack(0x0000006d03b00000,0x0000006d03c00000)]
  0x000001b760da7000 JavaThread "Unconstrained build operations Thread 56" [_thread_blocked, id=548, stack(0x0000006d03c00000,0x0000006d03d00000)]
  0x000001b760da1000 JavaThread "Unconstrained build operations Thread 57" [_thread_blocked, id=12552, stack(0x0000006d03d00000,0x0000006d03e00000)]
  0x000001b760dad800 JavaThread "Unconstrained build operations Thread 58" [_thread_blocked, id=3024, stack(0x0000006d03e00000,0x0000006d03f00000)]
  0x000001b760dac800 JavaThread "Unconstrained build operations Thread 59" [_thread_blocked, id=12140, stack(0x0000006d03f00000,0x0000006d04000000)]
  0x000001b760daa000 JavaThread "Unconstrained build operations Thread 60" [_thread_blocked, id=5796, stack(0x0000006d04000000,0x0000006d04100000)]
  0x000001b760dab000 JavaThread "Unconstrained build operations Thread 61" [_thread_blocked, id=8900, stack(0x0000006d04100000,0x0000006d04200000)]
  0x000001b760da9800 JavaThread "Unconstrained build operations Thread 62" [_thread_blocked, id=8436, stack(0x0000006d04200000,0x0000006d04300000)]
  0x000001b760da7800 JavaThread "Unconstrained build operations Thread 63" [_thread_blocked, id=14268, stack(0x0000006d04300000,0x0000006d04400000)]
  0x000001b760dae000 JavaThread "Unconstrained build operations Thread 64" [_thread_blocked, id=16340, stack(0x0000006d04400000,0x0000006d04500000)]
  0x000001b760dac000 JavaThread "Unconstrained build operations Thread 65" [_thread_blocked, id=7376, stack(0x0000006d04500000,0x0000006d04600000)]
  0x000001b760da8800 JavaThread "Unconstrained build operations Thread 66" [_thread_blocked, id=14624, stack(0x0000006d04600000,0x0000006d04700000)]
  0x000001b760daf000 JavaThread "Unconstrained build operations Thread 67" [_thread_blocked, id=7796, stack(0x0000006d04700000,0x0000006d04800000)]
  0x000001b75d96f000 JavaThread "Unconstrained build operations Thread 68" [_thread_blocked, id=6088, stack(0x0000006d04800000,0x0000006d04900000)]
  0x000001b75d971800 JavaThread "Unconstrained build operations Thread 69" [_thread_blocked, id=9344, stack(0x0000006d04900000,0x0000006d04a00000)]
  0x000001b75d970800 JavaThread "Unconstrained build operations Thread 70" [_thread_blocked, id=11816, stack(0x0000006d04a00000,0x0000006d04b00000)]
  0x000001b75d96f800 JavaThread "Unconstrained build operations Thread 71" [_thread_blocked, id=14072, stack(0x0000006d04b00000,0x0000006d04c00000)]
  0x000001b75d972000 JavaThread "Unconstrained build operations Thread 72" [_thread_blocked, id=5188, stack(0x0000006d04c00000,0x0000006d04d00000)]
  0x000001b75d973000 JavaThread "Unconstrained build operations Thread 73" [_thread_blocked, id=7560, stack(0x0000006d04d00000,0x0000006d04e00000)]
  0x000001b75d974000 JavaThread "Unconstrained build operations Thread 74" [_thread_blocked, id=9348, stack(0x0000006d04e00000,0x0000006d04f00000)]
  0x000001b75d96e000 JavaThread "Unconstrained build operations Thread 75" [_thread_blocked, id=13544, stack(0x0000006d04f00000,0x0000006d05000000)]
  0x000001b75d977000 JavaThread "Unconstrained build operations Thread 76" [_thread_blocked, id=3164, stack(0x0000006d05000000,0x0000006d05100000)]
  0x000001b75d974800 JavaThread "Unconstrained build operations Thread 77" [_thread_blocked, id=5472, stack(0x0000006d05100000,0x0000006d05200000)]
  0x000001b75d978800 JavaThread "Unconstrained build operations Thread 78" [_thread_blocked, id=2652, stack(0x0000006d05200000,0x0000006d05300000)]
  0x000001b75d975800 JavaThread "Unconstrained build operations Thread 79" [_thread_blocked, id=2456, stack(0x0000006d05300000,0x0000006d05400000)]
  0x000001b75d978000 JavaThread "Unconstrained build operations Thread 80" [_thread_blocked, id=16052, stack(0x0000006d05400000,0x0000006d05500000)]
  0x000001b75d97b000 JavaThread "Exec process" [_thread_in_native, id=14716, stack(0x0000006d05500000,0x0000006d05600000)]
  0x000001b75d979800 JavaThread "Exec process Thread 2" [_thread_in_native, id=16368, stack(0x0000006d05600000,0x0000006d05700000)]
  0x000001b75d97a800 JavaThread "Exec process Thread 3" [_thread_in_native, id=9212, stack(0x0000006d05700000,0x0000006d05800000)]

Other Threads:
  0x000001b75864e800 VMThread "VM Thread" [stack: 0x0000006d7c400000,0x0000006d7c500000] [id=11036]
  0x000001b7591f7000 WatcherThread [stack: 0x0000006d7d100000,0x0000006d7d200000] [id=9092]
  0x000001b73d130800 GCTaskThread "GC Thread#0" [stack: 0x0000006d7bf00000,0x0000006d7c000000] [id=9720]
  0x000001b75a818000 GCTaskThread "GC Thread#1" [stack: 0x0000006d7d400000,0x0000006d7d500000] [id=8408]
  0x000001b75a81a800 GCTaskThread "GC Thread#2" [stack: 0x0000006d7d500000,0x0000006d7d600000] [id=9980]
  0x000001b75a605000 GCTaskThread "GC Thread#3" [stack: 0x0000006d7d600000,0x0000006d7d700000] [id=5184]
  0x000001b75a266000 GCTaskThread "GC Thread#4" [stack: 0x0000006d7d700000,0x0000006d7d800000] [id=6172]
  0x000001b75a6c6800 GCTaskThread "GC Thread#5" [stack: 0x0000006d7d800000,0x0000006d7d900000] [id=1128]
  0x000001b75aafc000 GCTaskThread "GC Thread#6" [stack: 0x0000006d7e500000,0x0000006d7e600000] [id=9352]
  0x000001b75ba87800 GCTaskThread "GC Thread#7" [stack: 0x0000006d7e600000,0x0000006d7e700000] [id=11524]
  0x000001b73d142800 ConcurrentGCThread "G1 Main Marker" [stack: 0x0000006d7c000000,0x0000006d7c100000] [id=6688]
  0x000001b73d143800 ConcurrentGCThread "G1 Conc#0" [stack: 0x0000006d7c100000,0x0000006d7c200000] [id=13776]
  0x000001b75bc7a000 ConcurrentGCThread "G1 Conc#1" [stack: 0x0000006d7e700000,0x0000006d7e800000] [id=1328]
  0x000001b73d1fd800 ConcurrentGCThread "G1 Refine#0" [stack: 0x0000006d7c200000,0x0000006d7c300000] [id=14920]
  0x000001b759e2d000 ConcurrentGCThread "G1 Refine#1" [stack: 0x0000006d7d300000,0x0000006d7d400000] [id=2308]
  0x000001b73d1fe800 ConcurrentGCThread "G1 Young RemSet Sampling" [stack: 0x0000006d7c300000,0x0000006d7c400000] [id=8776]

Threads with active compile tasks:
C2 CompilerThread0  10930 7867       4       java.lang.Class::privateGetPublicMethods (224 bytes)
C2 CompilerThread1  10930 7860       4       groovy.lang.MetaClassImpl::inheritInterfaceNewMetaMethods (195 bytes)

VM state:not at safepoint (normal execution)

VM Mutex/Monitor currently owned by a thread: None

Heap address: 0x00000000e0000000, size: 512 MB, Compressed Oops mode: 32-bit
Narrow klass base: 0x0000000000000000, Narrow klass shift: 3
Compressed class space size: 260046848 Address: 0x0000000100000000

Heap:
 garbage-first heap   total 262144K, used 61599K [0x00000000e0000000, 0x0000000100000000)
  region size 1024K, 24 young (24576K), 11 survivors (11264K)
 Metaspace       used 60198K, capacity 62123K, committed 62312K, reserved 309248K
  class space    used 7773K, capacity 8520K, committed 8600K, reserved 253952K
Heap Regions: E=young(eden), S=young(survivor), O=old, HS=humongous(starts), HC=humongous(continues), CS=collection set, F=free, A=archive, TAMS=top-at-mark-start (previous, next)
|   0|0x00000000e0000000, 0x00000000e0100000, 0x00000000e0100000|100%| O|  |TAMS 0x00000000e0100000, 0x00000000e0000000| Untracked 
|   1|0x00000000e0100000, 0x00000000e0200000, 0x00000000e0200000|100%| O|  |TAMS 0x00000000e0200000, 0x00000000e0100000| Untracked 
|   2|0x00000000e0200000, 0x00000000e0300000, 0x00000000e0300000|100%| O|  |TAMS 0x00000000e0300000, 0x00000000e0200000| Untracked 
|   3|0x00000000e0300000, 0x00000000e0400000, 0x00000000e0400000|100%|HS|  |TAMS 0x00000000e0400000, 0x00000000e0300000| Complete 
|   4|0x00000000e0400000, 0x00000000e0500000, 0x00000000e0500000|100%|HC|  |TAMS 0x00000000e0500000, 0x00000000e0400000| Complete 
|   5|0x00000000e0500000, 0x00000000e0600000, 0x00000000e0600000|100%|HC|  |TAMS 0x00000000e0600000, 0x00000000e0500000| Complete 
|   6|0x00000000e0600000, 0x00000000e0700000, 0x00000000e0700000|100%| O|  |TAMS 0x00000000e0700000, 0x00000000e0600000| Untracked 
|   7|0x00000000e0700000, 0x00000000e0800000, 0x00000000e0800000|100%| O|  |TAMS 0x00000000e0800000, 0x00000000e0700000| Untracked 
|   8|0x00000000e0800000, 0x00000000e0900000, 0x00000000e0900000|100%| O|  |TAMS 0x00000000e0900000, 0x00000000e0800000| Untracked 
|   9|0x00000000e0900000, 0x00000000e0a00000, 0x00000000e0a00000|100%| O|  |TAMS 0x00000000e0a00000, 0x00000000e0900000| Untracked 
|  10|0x00000000e0a00000, 0x00000000e0b00000, 0x00000000e0b00000|100%| O|  |TAMS 0x00000000e0b00000, 0x00000000e0a00000| Untracked 
|  11|0x00000000e0b00000, 0x00000000e0c00000, 0x00000000e0c00000|100%| O|  |TAMS 0x00000000e0c00000, 0x00000000e0b00000| Untracked 
|  12|0x00000000e0c00000, 0x00000000e0d00000, 0x00000000e0d00000|100%| O|  |TAMS 0x00000000e0d00000, 0x00000000e0c00000| Untracked 
|  13|0x00000000e0d00000, 0x00000000e0e00000, 0x00000000e0e00000|100%| O|  |TAMS 0x00000000e0e00000, 0x00000000e0d00000| Untracked 
|  14|0x00000000e0e00000, 0x00000000e0f00000, 0x00000000e0f00000|100%| O|  |TAMS 0x00000000e0efc400, 0x00000000e0e00000| Untracked 
|  15|0x00000000e0f00000, 0x00000000e1000000, 0x00000000e1000000|100%| O|  |TAMS 0x00000000e0f00000, 0x00000000e0f00000| Untracked 
|  16|0x00000000e1000000, 0x00000000e1100000, 0x00000000e1100000|100%| O|  |TAMS 0x00000000e1000000, 0x00000000e1000000| Untracked 
|  17|0x00000000e1100000, 0x00000000e1200000, 0x00000000e1200000|100%| O|  |TAMS 0x00000000e1100000, 0x00000000e1100000| Untracked 
|  18|0x00000000e1200000, 0x00000000e1300000, 0x00000000e1300000|100%| O|  |TAMS 0x00000000e1200000, 0x00000000e1200000| Untracked 
|  19|0x00000000e1300000, 0x00000000e1400000, 0x00000000e1400000|100%| O|  |TAMS 0x00000000e1300000, 0x00000000e1300000| Untracked 
|  20|0x00000000e1400000, 0x00000000e1500000, 0x00000000e1500000|100%| O|  |TAMS 0x00000000e1400000, 0x00000000e1400000| Untracked 
|  21|0x00000000e1500000, 0x00000000e1600000, 0x00000000e1600000|100%| O|  |TAMS 0x00000000e1500000, 0x00000000e1500000| Untracked 
|  22|0x00000000e1600000, 0x00000000e1700000, 0x00000000e1700000|100%| O|  |TAMS 0x00000000e1600000, 0x00000000e1600000| Untracked 
|  23|0x00000000e1700000, 0x00000000e1800000, 0x00000000e1800000|100%| O|  |TAMS 0x00000000e1700000, 0x00000000e1700000| Untracked 
|  24|0x00000000e1800000, 0x00000000e1900000, 0x00000000e1900000|100%| O|  |TAMS 0x00000000e1800000, 0x00000000e1800000| Untracked 
|  25|0x00000000e1900000, 0x00000000e1a00000, 0x00000000e1a00000|100%| O|  |TAMS 0x00000000e1900000, 0x00000000e1900000| Untracked 
|  26|0x00000000e1a00000, 0x00000000e1b00000, 0x00000000e1b00000|100%| O|  |TAMS 0x00000000e1a00000, 0x00000000e1a00000| Untracked 
|  27|0x00000000e1b00000, 0x00000000e1c00000, 0x00000000e1c00000|100%| O|  |TAMS 0x00000000e1b00000, 0x00000000e1b00000| Untracked 
|  28|0x00000000e1c00000, 0x00000000e1d00000, 0x00000000e1d00000|100%| O|  |TAMS 0x00000000e1c00000, 0x00000000e1c00000| Untracked 
|  29|0x00000000e1d00000, 0x00000000e1d00000, 0x00000000e1e00000|  0%| F|  |TAMS 0x00000000e1d00000, 0x00000000e1d00000| Untracked 
|  30|0x00000000e1e00000, 0x00000000e1e00000, 0x00000000e1f00000|  0%| F|  |TAMS 0x00000000e1e00000, 0x00000000e1e00000| Untracked 
|  31|0x00000000e1f00000, 0x00000000e2000000, 0x00000000e2000000|100%| O|  |TAMS 0x00000000e1f00000, 0x00000000e1f00000| Untracked 
|  32|0x00000000e2000000, 0x00000000e2100000, 0x00000000e2100000|100%| O|  |TAMS 0x00000000e2000000, 0x00000000e2000000| Untracked 
|  33|0x00000000e2100000, 0x00000000e2200000, 0x00000000e2200000|100%| O|  |TAMS 0x00000000e2100000, 0x00000000e2100000| Untracked 
|  34|0x00000000e2200000, 0x00000000e2300000, 0x00000000e2300000|100%| O|  |TAMS 0x00000000e2200000, 0x00000000e2200000| Untracked 
|  35|0x00000000e2300000, 0x00000000e2400000, 0x00000000e2400000|100%| O|  |TAMS 0x00000000e2300000, 0x00000000e2300000| Untracked 
|  36|0x00000000e2400000, 0x00000000e2500000, 0x00000000e2500000|100%| O|  |TAMS 0x00000000e2400000, 0x00000000e2400000| Untracked 
|  37|0x00000000e2500000, 0x00000000e2600000, 0x00000000e2600000|100%| O|  |TAMS 0x00000000e2500000, 0x00000000e2500000| Untracked 
|  38|0x00000000e2600000, 0x00000000e2700000, 0x00000000e2700000|100%| O|  |TAMS 0x00000000e2600000, 0x00000000e2600000| Untracked 
|  39|0x00000000e2700000, 0x00000000e2727c00, 0x00000000e2800000| 15%| O|  |TAMS 0x00000000e2700000, 0x00000000e2700000| Untracked 
|  40|0x00000000e2800000, 0x00000000e2800000, 0x00000000e2900000|  0%| F|  |TAMS 0x00000000e2800000, 0x00000000e2800000| Untracked 
|  41|0x00000000e2900000, 0x00000000e2a00000, 0x00000000e2a00000|100%|HS|  |TAMS 0x00000000e2900000, 0x00000000e2900000| Complete 
|  42|0x00000000e2a00000, 0x00000000e2a00000, 0x00000000e2b00000|  0%| F|  |TAMS 0x00000000e2a00000, 0x00000000e2a00000| Untracked 
|  43|0x00000000e2b00000, 0x00000000e2b00000, 0x00000000e2c00000|  0%| F|  |TAMS 0x00000000e2b00000, 0x00000000e2b00000| Untracked 
|  44|0x00000000e2c00000, 0x00000000e2c00000, 0x00000000e2d00000|  0%| F|  |TAMS 0x00000000e2c00000, 0x00000000e2c00000| Untracked 
|  45|0x00000000e2d00000, 0x00000000e2d00000, 0x00000000e2e00000|  0%| F|  |TAMS 0x00000000e2d00000, 0x00000000e2d00000| Untracked 
|  46|0x00000000e2e00000, 0x00000000e2e00000, 0x00000000e2f00000|  0%| F|  |TAMS 0x00000000e2e00000, 0x00000000e2e00000| Untracked 
|  47|0x00000000e2f00000, 0x00000000e2f00000, 0x00000000e3000000|  0%| F|  |TAMS 0x00000000e2f00000, 0x00000000e2f00000| Untracked 
|  48|0x00000000e3000000, 0x00000000e3000000, 0x00000000e3100000|  0%| F|  |TAMS 0x00000000e3000000, 0x00000000e3000000| Untracked 
|  49|0x00000000e3100000, 0x00000000e3100000, 0x00000000e3200000|  0%| F|  |TAMS 0x00000000e3100000, 0x00000000e3100000| Untracked 
|  50|0x00000000e3200000, 0x00000000e3200000, 0x00000000e3300000|  0%| F|  |TAMS 0x00000000e3200000, 0x00000000e3200000| Untracked 
|  51|0x00000000e3300000, 0x00000000e3300000, 0x00000000e3400000|  0%| F|  |TAMS 0x00000000e3300000, 0x00000000e3300000| Untracked 
|  52|0x00000000e3400000, 0x00000000e3400000, 0x00000000e3500000|  0%| F|  |TAMS 0x00000000e3400000, 0x00000000e3400000| Untracked 
|  53|0x00000000e3500000, 0x00000000e3500000, 0x00000000e3600000|  0%| F|  |TAMS 0x00000000e3500000, 0x00000000e3500000| Untracked 
|  54|0x00000000e3600000, 0x00000000e3600000, 0x00000000e3700000|  0%| F|  |TAMS 0x00000000e3600000, 0x00000000e3600000| Untracked 
|  55|0x00000000e3700000, 0x00000000e3700000, 0x00000000e3800000|  0%| F|  |TAMS 0x00000000e3700000, 0x00000000e3700000| Untracked 
|  56|0x00000000e3800000, 0x00000000e3800000, 0x00000000e3900000|  0%| F|  |TAMS 0x00000000e3800000, 0x00000000e3800000| Untracked 
|  57|0x00000000e3900000, 0x00000000e3900000, 0x00000000e3a00000|  0%| F|  |TAMS 0x00000000e3900000, 0x00000000e3900000| Untracked 
|  58|0x00000000e3a00000, 0x00000000e3a00000, 0x00000000e3b00000|  0%| F|  |TAMS 0x00000000e3a00000, 0x00000000e3a00000| Untracked 
|  59|0x00000000e3b00000, 0x00000000e3b00000, 0x00000000e3c00000|  0%| F|  |TAMS 0x00000000e3b00000, 0x00000000e3b00000| Untracked 
|  60|0x00000000e3c00000, 0x00000000e3c00000, 0x00000000e3d00000|  0%| F|  |TAMS 0x00000000e3c00000, 0x00000000e3c00000| Untracked 
|  61|0x00000000e3d00000, 0x00000000e3d00000, 0x00000000e3e00000|  0%| F|  |TAMS 0x00000000e3d00000, 0x00000000e3d00000| Untracked 
|  62|0x00000000e3e00000, 0x00000000e3e00000, 0x00000000e3f00000|  0%| F|  |TAMS 0x00000000e3e00000, 0x00000000e3e00000| Untracked 
|  63|0x00000000e3f00000, 0x00000000e3f00000, 0x00000000e4000000|  0%| F|  |TAMS 0x00000000e3f00000, 0x00000000e3f00000| Untracked 
|  64|0x00000000e4000000, 0x00000000e4000000, 0x00000000e4100000|  0%| F|  |TAMS 0x00000000e4000000, 0x00000000e4000000| Untracked 
|  65|0x00000000e4100000, 0x00000000e4100000, 0x00000000e4200000|  0%| F|  |TAMS 0x00000000e4100000, 0x00000000e4100000| Untracked 
|  66|0x00000000e4200000, 0x00000000e4200000, 0x00000000e4300000|  0%| F|  |TAMS 0x00000000e4200000, 0x00000000e4200000| Untracked 
|  67|0x00000000e4300000, 0x00000000e4300000, 0x00000000e4400000|  0%| F|  |TAMS 0x00000000e4300000, 0x00000000e4300000| Untracked 
|  68|0x00000000e4400000, 0x00000000e4400000, 0x00000000e4500000|  0%| F|  |TAMS 0x00000000e4400000, 0x00000000e4400000| Untracked 
|  69|0x00000000e4500000, 0x00000000e4500000, 0x00000000e4600000|  0%| F|  |TAMS 0x00000000e4500000, 0x00000000e4500000| Untracked 
|  70|0x00000000e4600000, 0x00000000e4600000, 0x00000000e4700000|  0%| F|  |TAMS 0x00000000e4600000, 0x00000000e4600000| Untracked 
|  71|0x00000000e4700000, 0x00000000e4700000, 0x00000000e4800000|  0%| F|  |TAMS 0x00000000e4700000, 0x00000000e4700000| Untracked 
|  72|0x00000000e4800000, 0x00000000e4800000, 0x00000000e4900000|  0%| F|  |TAMS 0x00000000e4800000, 0x00000000e4800000| Untracked 
|  73|0x00000000e4900000, 0x00000000e4900000, 0x00000000e4a00000|  0%| F|  |TAMS 0x00000000e4900000, 0x00000000e4900000| Untracked 
|  74|0x00000000e4a00000, 0x00000000e4a00000, 0x00000000e4b00000|  0%| F|  |TAMS 0x00000000e4a00000, 0x00000000e4a00000| Untracked 
|  75|0x00000000e4b00000, 0x00000000e4b00000, 0x00000000e4c00000|  0%| F|  |TAMS 0x00000000e4b00000, 0x00000000e4b00000| Untracked 
|  76|0x00000000e4c00000, 0x00000000e4c00000, 0x00000000e4d00000|  0%| F|  |TAMS 0x00000000e4c00000, 0x00000000e4c00000| Untracked 
|  77|0x00000000e4d00000, 0x00000000e4d00000, 0x00000000e4e00000|  0%| F|  |TAMS 0x00000000e4d00000, 0x00000000e4d00000| Untracked 
|  78|0x00000000e4e00000, 0x00000000e4e00000, 0x00000000e4f00000|  0%| F|  |TAMS 0x00000000e4e00000, 0x00000000e4e00000| Untracked 
|  79|0x00000000e4f00000, 0x00000000e4f00000, 0x00000000e5000000|  0%| F|  |TAMS 0x00000000e4f00000, 0x00000000e4f00000| Untracked 
|  80|0x00000000e5000000, 0x00000000e5000000, 0x00000000e5100000|  0%| F|  |TAMS 0x00000000e5000000, 0x00000000e5000000| Untracked 
|  81|0x00000000e5100000, 0x00000000e5100000, 0x00000000e5200000|  0%| F|  |TAMS 0x00000000e5100000, 0x00000000e5100000| Untracked 
|  82|0x00000000e5200000, 0x00000000e5200000, 0x00000000e5300000|  0%| F|  |TAMS 0x00000000e5200000, 0x00000000e5200000| Untracked 
|  83|0x00000000e5300000, 0x00000000e5300000, 0x00000000e5400000|  0%| F|  |TAMS 0x00000000e5300000, 0x00000000e5300000| Untracked 
|  84|0x00000000e5400000, 0x00000000e5400000, 0x00000000e5500000|  0%| F|  |TAMS 0x00000000e5400000, 0x00000000e5400000| Untracked 
|  85|0x00000000e5500000, 0x00000000e5500000, 0x00000000e5600000|  0%| F|  |TAMS 0x00000000e5500000, 0x00000000e5500000| Untracked 
|  86|0x00000000e5600000, 0x00000000e5600000, 0x00000000e5700000|  0%| F|  |TAMS 0x00000000e5600000, 0x00000000e5600000| Untracked 
|  87|0x00000000e5700000, 0x00000000e5700000, 0x00000000e5800000|  0%| F|  |TAMS 0x00000000e5700000, 0x00000000e5700000| Untracked 
|  88|0x00000000e5800000, 0x00000000e5800000, 0x00000000e5900000|  0%| F|  |TAMS 0x00000000e5800000, 0x00000000e5800000| Untracked 
|  89|0x00000000e5900000, 0x00000000e5900000, 0x00000000e5a00000|  0%| F|  |TAMS 0x00000000e5900000, 0x00000000e5900000| Untracked 
|  90|0x00000000e5a00000, 0x00000000e5a00000, 0x00000000e5b00000|  0%| F|  |TAMS 0x00000000e5a00000, 0x00000000e5a00000| Untracked 
|  91|0x00000000e5b00000, 0x00000000e5b00000, 0x00000000e5c00000|  0%| F|  |TAMS 0x00000000e5b00000, 0x00000000e5b00000| Untracked 
|  92|0x00000000e5c00000, 0x00000000e5d00000, 0x00000000e5d00000|100%| S|CS|TAMS 0x00000000e5c00000, 0x00000000e5c00000| Complete 
|  93|0x00000000e5d00000, 0x00000000e5e00000, 0x00000000e5e00000|100%| S|CS|TAMS 0x00000000e5d00000, 0x00000000e5d00000| Complete 
|  94|0x00000000e5e00000, 0x00000000e5f00000, 0x00000000e5f00000|100%| S|CS|TAMS 0x00000000e5e00000, 0x00000000e5e00000| Complete 
|  95|0x00000000e5f00000, 0x00000000e6000000, 0x00000000e6000000|100%| S|CS|TAMS 0x00000000e5f00000, 0x00000000e5f00000| Complete 
|  96|0x00000000e6000000, 0x00000000e6100000, 0x00000000e6100000|100%| S|CS|TAMS 0x00000000e6000000, 0x00000000e6000000| Complete 
|  97|0x00000000e6100000, 0x00000000e6200000, 0x00000000e6200000|100%| S|CS|TAMS 0x00000000e6100000, 0x00000000e6100000| Complete 
|  98|0x00000000e6200000, 0x00000000e6300000, 0x00000000e6300000|100%| S|CS|TAMS 0x00000000e6200000, 0x00000000e6200000| Complete 
|  99|0x00000000e6300000, 0x00000000e6400000, 0x00000000e6400000|100%| S|CS|TAMS 0x00000000e6300000, 0x00000000e6300000| Complete 
| 100|0x00000000e6400000, 0x00000000e6500000, 0x00000000e6500000|100%| S|CS|TAMS 0x00000000e6400000, 0x00000000e6400000| Complete 
| 101|0x00000000e6500000, 0x00000000e6600000, 0x00000000e6600000|100%| S|CS|TAMS 0x00000000e6500000, 0x00000000e6500000| Complete 
| 102|0x00000000e6600000, 0x00000000e6700000, 0x00000000e6700000|100%| S|CS|TAMS 0x00000000e6600000, 0x00000000e6600000| Complete 
| 103|0x00000000e6700000, 0x00000000e6700000, 0x00000000e6800000|  0%| F|  |TAMS 0x00000000e6700000, 0x00000000e6700000| Untracked 
| 104|0x00000000e6800000, 0x00000000e6800000, 0x00000000e6900000|  0%| F|  |TAMS 0x00000000e6800000, 0x00000000e6800000| Untracked 
| 105|0x00000000e6900000, 0x00000000e6900000, 0x00000000e6a00000|  0%| F|  |TAMS 0x00000000e6900000, 0x00000000e6900000| Untracked 
| 106|0x00000000e6a00000, 0x00000000e6a00000, 0x00000000e6b00000|  0%| F|  |TAMS 0x00000000e6a00000, 0x00000000e6a00000| Untracked 
| 107|0x00000000e6b00000, 0x00000000e6b00000, 0x00000000e6c00000|  0%| F|  |TAMS 0x00000000e6b00000, 0x00000000e6b00000| Untracked 
| 108|0x00000000e6c00000, 0x00000000e6c00000, 0x00000000e6d00000|  0%| F|  |TAMS 0x00000000e6c00000, 0x00000000e6c00000| Untracked 
| 109|0x00000000e6d00000, 0x00000000e6d00000, 0x00000000e6e00000|  0%| F|  |TAMS 0x00000000e6d00000, 0x00000000e6d00000| Untracked 
| 110|0x00000000e6e00000, 0x00000000e6e00000, 0x00000000e6f00000|  0%| F|  |TAMS 0x00000000e6e00000, 0x00000000e6e00000| Untracked 
| 111|0x00000000e6f00000, 0x00000000e6f00000, 0x00000000e7000000|  0%| F|  |TAMS 0x00000000e6f00000, 0x00000000e6f00000| Untracked 
| 112|0x00000000e7000000, 0x00000000e7000000, 0x00000000e7100000|  0%| F|  |TAMS 0x00000000e7000000, 0x00000000e7000000| Untracked 
| 113|0x00000000e7100000, 0x00000000e7100000, 0x00000000e7200000|  0%| F|  |TAMS 0x00000000e7100000, 0x00000000e7100000| Untracked 
| 114|0x00000000e7200000, 0x00000000e7200000, 0x00000000e7300000|  0%| F|  |TAMS 0x00000000e7200000, 0x00000000e7200000| Untracked 
| 115|0x00000000e7300000, 0x00000000e7300000, 0x00000000e7400000|  0%| F|  |TAMS 0x00000000e7300000, 0x00000000e7300000| Untracked 
| 116|0x00000000e7400000, 0x00000000e7400000, 0x00000000e7500000|  0%| F|  |TAMS 0x00000000e7400000, 0x00000000e7400000| Untracked 
| 117|0x00000000e7500000, 0x00000000e7500000, 0x00000000e7600000|  0%| F|  |TAMS 0x00000000e7500000, 0x00000000e7500000| Untracked 
| 118|0x00000000e7600000, 0x00000000e7600000, 0x00000000e7700000|  0%| F|  |TAMS 0x00000000e7600000, 0x00000000e7600000| Untracked 
| 119|0x00000000e7700000, 0x00000000e7700000, 0x00000000e7800000|  0%| F|  |TAMS 0x00000000e7700000, 0x00000000e7700000| Untracked 
| 120|0x00000000e7800000, 0x00000000e7800000, 0x00000000e7900000|  0%| F|  |TAMS 0x00000000e7800000, 0x00000000e7800000| Untracked 
| 121|0x00000000e7900000, 0x00000000e7900000, 0x00000000e7a00000|  0%| F|  |TAMS 0x00000000e7900000, 0x00000000e7900000| Untracked 
| 122|0x00000000e7a00000, 0x00000000e7a00000, 0x00000000e7b00000|  0%| F|  |TAMS 0x00000000e7a00000, 0x00000000e7a00000| Untracked 
| 123|0x00000000e7b00000, 0x00000000e7b00000, 0x00000000e7c00000|  0%| F|  |TAMS 0x00000000e7b00000, 0x00000000e7b00000| Untracked 
| 124|0x00000000e7c00000, 0x00000000e7c00000, 0x00000000e7d00000|  0%| F|  |TAMS 0x00000000e7c00000, 0x00000000e7c00000| Untracked 
| 125|0x00000000e7d00000, 0x00000000e7d00000, 0x00000000e7e00000|  0%| F|  |TAMS 0x00000000e7d00000, 0x00000000e7d00000| Untracked 
| 126|0x00000000e7e00000, 0x00000000e7e00000, 0x00000000e7f00000|  0%| F|  |TAMS 0x00000000e7e00000, 0x00000000e7e00000| Untracked 
| 127|0x00000000e7f00000, 0x00000000e7f00000, 0x00000000e8000000|  0%| F|  |TAMS 0x00000000e7f00000, 0x00000000e7f00000| Untracked 
| 128|0x00000000e8000000, 0x00000000e8000000, 0x00000000e8100000|  0%| F|  |TAMS 0x00000000e8000000, 0x00000000e8000000| Untracked 
| 129|0x00000000e8100000, 0x00000000e8100000, 0x00000000e8200000|  0%| F|  |TAMS 0x00000000e8100000, 0x00000000e8100000| Untracked 
| 130|0x00000000e8200000, 0x00000000e8200000, 0x00000000e8300000|  0%| F|  |TAMS 0x00000000e8200000, 0x00000000e8200000| Untracked 
| 131|0x00000000e8300000, 0x00000000e8300000, 0x00000000e8400000|  0%| F|  |TAMS 0x00000000e8300000, 0x00000000e8300000| Untracked 
| 132|0x00000000e8400000, 0x00000000e8400000, 0x00000000e8500000|  0%| F|  |TAMS 0x00000000e8400000, 0x00000000e8400000| Untracked 
| 133|0x00000000e8500000, 0x00000000e8500000, 0x00000000e8600000|  0%| F|  |TAMS 0x00000000e8500000, 0x00000000e8500000| Untracked 
| 134|0x00000000e8600000, 0x00000000e8600000, 0x00000000e8700000|  0%| F|  |TAMS 0x00000000e8600000, 0x00000000e8600000| Untracked 
| 135|0x00000000e8700000, 0x00000000e8700000, 0x00000000e8800000|  0%| F|  |TAMS 0x00000000e8700000, 0x00000000e8700000| Untracked 
| 136|0x00000000e8800000, 0x00000000e8800000, 0x00000000e8900000|  0%| F|  |TAMS 0x00000000e8800000, 0x00000000e8800000| Untracked 
| 137|0x00000000e8900000, 0x00000000e8900000, 0x00000000e8a00000|  0%| F|  |TAMS 0x00000000e8900000, 0x00000000e8900000| Untracked 
| 138|0x00000000e8a00000, 0x00000000e8a00000, 0x00000000e8b00000|  0%| F|  |TAMS 0x00000000e8a00000, 0x00000000e8a00000| Untracked 
| 139|0x00000000e8b00000, 0x00000000e8b00000, 0x00000000e8c00000|  0%| F|  |TAMS 0x00000000e8b00000, 0x00000000e8b00000| Untracked 
| 140|0x00000000e8c00000, 0x00000000e8c00000, 0x00000000e8d00000|  0%| F|  |TAMS 0x00000000e8c00000, 0x00000000e8c00000| Untracked 
| 141|0x00000000e8d00000, 0x00000000e8d00000, 0x00000000e8e00000|  0%| F|  |TAMS 0x00000000e8d00000, 0x00000000e8d00000| Untracked 
| 142|0x00000000e8e00000, 0x00000000e8e00000, 0x00000000e8f00000|  0%| F|  |TAMS 0x00000000e8e00000, 0x00000000e8e00000| Untracked 
| 143|0x00000000e8f00000, 0x00000000e8f00000, 0x00000000e9000000|  0%| F|  |TAMS 0x00000000e8f00000, 0x00000000e8f00000| Untracked 
| 144|0x00000000e9000000, 0x00000000e9000000, 0x00000000e9100000|  0%| F|  |TAMS 0x00000000e9000000, 0x00000000e9000000| Untracked 
| 145|0x00000000e9100000, 0x00000000e9100000, 0x00000000e9200000|  0%| F|  |TAMS 0x00000000e9100000, 0x00000000e9100000| Untracked 
| 146|0x00000000e9200000, 0x00000000e9200000, 0x00000000e9300000|  0%| F|  |TAMS 0x00000000e9200000, 0x00000000e9200000| Untracked 
| 147|0x00000000e9300000, 0x00000000e9300000, 0x00000000e9400000|  0%| F|  |TAMS 0x00000000e9300000, 0x00000000e9300000| Untracked 
| 148|0x00000000e9400000, 0x00000000e9400000, 0x00000000e9500000|  0%| F|  |TAMS 0x00000000e9400000, 0x00000000e9400000| Untracked 
| 149|0x00000000e9500000, 0x00000000e9500000, 0x00000000e9600000|  0%| F|  |TAMS 0x00000000e9500000, 0x00000000e9500000| Untracked 
| 150|0x00000000e9600000, 0x00000000e9600000, 0x00000000e9700000|  0%| F|  |TAMS 0x00000000e9600000, 0x00000000e9600000| Untracked 
| 151|0x00000000e9700000, 0x00000000e9700000, 0x00000000e9800000|  0%| F|  |TAMS 0x00000000e9700000, 0x00000000e9700000| Untracked 
| 152|0x00000000e9800000, 0x00000000e9800000, 0x00000000e9900000|  0%| F|  |TAMS 0x00000000e9800000, 0x00000000e9800000| Untracked 
| 153|0x00000000e9900000, 0x00000000e9900000, 0x00000000e9a00000|  0%| F|  |TAMS 0x00000000e9900000, 0x00000000e9900000| Untracked 
| 154|0x00000000e9a00000, 0x00000000e9a00000, 0x00000000e9b00000|  0%| F|  |TAMS 0x00000000e9a00000, 0x00000000e9a00000| Untracked 
| 155|0x00000000e9b00000, 0x00000000e9b00000, 0x00000000e9c00000|  0%| F|  |TAMS 0x00000000e9b00000, 0x00000000e9b00000| Untracked 
| 156|0x00000000e9c00000, 0x00000000e9c00000, 0x00000000e9d00000|  0%| F|  |TAMS 0x00000000e9c00000, 0x00000000e9c00000| Untracked 
| 157|0x00000000e9d00000, 0x00000000e9d00000, 0x00000000e9e00000|  0%| F|  |TAMS 0x00000000e9d00000, 0x00000000e9d00000| Untracked 
| 158|0x00000000e9e00000, 0x00000000e9e00000, 0x00000000e9f00000|  0%| F|  |TAMS 0x00000000e9e00000, 0x00000000e9e00000| Untracked 
| 159|0x00000000e9f00000, 0x00000000e9f00000, 0x00000000ea000000|  0%| F|  |TAMS 0x00000000e9f00000, 0x00000000e9f00000| Untracked 
| 160|0x00000000ea000000, 0x00000000ea000000, 0x00000000ea100000|  0%| F|  |TAMS 0x00000000ea000000, 0x00000000ea000000| Untracked 
| 161|0x00000000ea100000, 0x00000000ea100000, 0x00000000ea200000|  0%| F|  |TAMS 0x00000000ea100000, 0x00000000ea100000| Untracked 
| 162|0x00000000ea200000, 0x00000000ea200000, 0x00000000ea300000|  0%| F|  |TAMS 0x00000000ea200000, 0x00000000ea200000| Untracked 
| 163|0x00000000ea300000, 0x00000000ea300000, 0x00000000ea400000|  0%| F|  |TAMS 0x00000000ea300000, 0x00000000ea300000| Untracked 
| 164|0x00000000ea400000, 0x00000000ea400000, 0x00000000ea500000|  0%| F|  |TAMS 0x00000000ea400000, 0x00000000ea400000| Untracked 
| 165|0x00000000ea500000, 0x00000000ea500000, 0x00000000ea600000|  0%| F|  |TAMS 0x00000000ea500000, 0x00000000ea500000| Untracked 
| 166|0x00000000ea600000, 0x00000000ea600000, 0x00000000ea700000|  0%| F|  |TAMS 0x00000000ea600000, 0x00000000ea600000| Untracked 
| 167|0x00000000ea700000, 0x00000000ea700000, 0x00000000ea800000|  0%| F|  |TAMS 0x00000000ea700000, 0x00000000ea700000| Untracked 
| 168|0x00000000ea800000, 0x00000000ea800000, 0x00000000ea900000|  0%| F|  |TAMS 0x00000000ea800000, 0x00000000ea800000| Untracked 
| 169|0x00000000ea900000, 0x00000000ea900000, 0x00000000eaa00000|  0%| F|  |TAMS 0x00000000ea900000, 0x00000000ea900000| Untracked 
| 170|0x00000000eaa00000, 0x00000000eaa00000, 0x00000000eab00000|  0%| F|  |TAMS 0x00000000eaa00000, 0x00000000eaa00000| Untracked 
| 171|0x00000000eab00000, 0x00000000eab00000, 0x00000000eac00000|  0%| F|  |TAMS 0x00000000eab00000, 0x00000000eab00000| Untracked 
| 172|0x00000000eac00000, 0x00000000eac00000, 0x00000000ead00000|  0%| F|  |TAMS 0x00000000eac00000, 0x00000000eac00000| Untracked 
| 173|0x00000000ead00000, 0x00000000ead00000, 0x00000000eae00000|  0%| F|  |TAMS 0x00000000ead00000, 0x00000000ead00000| Untracked 
| 174|0x00000000eae00000, 0x00000000eae00000, 0x00000000eaf00000|  0%| F|  |TAMS 0x00000000eae00000, 0x00000000eae00000| Untracked 
| 175|0x00000000eaf00000, 0x00000000eaf00000, 0x00000000eb000000|  0%| F|  |TAMS 0x00000000eaf00000, 0x00000000eaf00000| Untracked 
| 176|0x00000000eb000000, 0x00000000eb000000, 0x00000000eb100000|  0%| F|  |TAMS 0x00000000eb000000, 0x00000000eb000000| Untracked 
| 177|0x00000000eb100000, 0x00000000eb100000, 0x00000000eb200000|  0%| F|  |TAMS 0x00000000eb100000, 0x00000000eb100000| Untracked 
| 178|0x00000000eb200000, 0x00000000eb200000, 0x00000000eb300000|  0%| F|  |TAMS 0x00000000eb200000, 0x00000000eb200000| Untracked 
| 179|0x00000000eb300000, 0x00000000eb300000, 0x00000000eb400000|  0%| F|  |TAMS 0x00000000eb300000, 0x00000000eb300000| Untracked 
| 180|0x00000000eb400000, 0x00000000eb400000, 0x00000000eb500000|  0%| F|  |TAMS 0x00000000eb400000, 0x00000000eb400000| Untracked 
| 181|0x00000000eb500000, 0x00000000eb500000, 0x00000000eb600000|  0%| F|  |TAMS 0x00000000eb500000, 0x00000000eb500000| Untracked 
| 182|0x00000000eb600000, 0x00000000eb600000, 0x00000000eb700000|  0%| F|  |TAMS 0x00000000eb600000, 0x00000000eb600000| Untracked 
| 183|0x00000000eb700000, 0x00000000eb700000, 0x00000000eb800000|  0%| F|  |TAMS 0x00000000eb700000, 0x00000000eb700000| Untracked 
| 184|0x00000000eb800000, 0x00000000eb800000, 0x00000000eb900000|  0%| F|  |TAMS 0x00000000eb800000, 0x00000000eb800000| Untracked 
| 185|0x00000000eb900000, 0x00000000eb900000, 0x00000000eba00000|  0%| F|  |TAMS 0x00000000eb900000, 0x00000000eb900000| Untracked 
| 186|0x00000000eba00000, 0x00000000eba00000, 0x00000000ebb00000|  0%| F|  |TAMS 0x00000000eba00000, 0x00000000eba00000| Untracked 
| 187|0x00000000ebb00000, 0x00000000ebb00000, 0x00000000ebc00000|  0%| F|  |TAMS 0x00000000ebb00000, 0x00000000ebb00000| Untracked 
| 188|0x00000000ebc00000, 0x00000000ebc00000, 0x00000000ebd00000|  0%| F|  |TAMS 0x00000000ebc00000, 0x00000000ebc00000| Untracked 
| 189|0x00000000ebd00000, 0x00000000ebd00000, 0x00000000ebe00000|  0%| F|  |TAMS 0x00000000ebd00000, 0x00000000ebd00000| Untracked 
| 190|0x00000000ebe00000, 0x00000000ebe00000, 0x00000000ebf00000|  0%| F|  |TAMS 0x00000000ebe00000, 0x00000000ebe00000| Untracked 
| 191|0x00000000ebf00000, 0x00000000ebf00000, 0x00000000ec000000|  0%| F|  |TAMS 0x00000000ebf00000, 0x00000000ebf00000| Untracked 
| 192|0x00000000ec000000, 0x00000000ec000000, 0x00000000ec100000|  0%| F|  |TAMS 0x00000000ec000000, 0x00000000ec000000| Untracked 
| 193|0x00000000ec100000, 0x00000000ec100000, 0x00000000ec200000|  0%| F|  |TAMS 0x00000000ec100000, 0x00000000ec100000| Untracked 
| 194|0x00000000ec200000, 0x00000000ec200000, 0x00000000ec300000|  0%| F|  |TAMS 0x00000000ec200000, 0x00000000ec200000| Untracked 
| 195|0x00000000ec300000, 0x00000000ec300000, 0x00000000ec400000|  0%| F|  |TAMS 0x00000000ec300000, 0x00000000ec300000| Untracked 
| 196|0x00000000ec400000, 0x00000000ec400000, 0x00000000ec500000|  0%| F|  |TAMS 0x00000000ec400000, 0x00000000ec400000| Untracked 
| 197|0x00000000ec500000, 0x00000000ec500000, 0x00000000ec600000|  0%| F|  |TAMS 0x00000000ec500000, 0x00000000ec500000| Untracked 
| 198|0x00000000ec600000, 0x00000000ec600000, 0x00000000ec700000|  0%| F|  |TAMS 0x00000000ec600000, 0x00000000ec600000| Untracked 
| 199|0x00000000ec700000, 0x00000000ec700000, 0x00000000ec800000|  0%| F|  |TAMS 0x00000000ec700000, 0x00000000ec700000| Untracked 
| 200|0x00000000ec800000, 0x00000000ec800000, 0x00000000ec900000|  0%| F|  |TAMS 0x00000000ec800000, 0x00000000ec800000| Untracked 
| 201|0x00000000ec900000, 0x00000000ec900000, 0x00000000eca00000|  0%| F|  |TAMS 0x00000000ec900000, 0x00000000ec900000| Untracked 
| 202|0x00000000eca00000, 0x00000000eca00000, 0x00000000ecb00000|  0%| F|  |TAMS 0x00000000eca00000, 0x00000000eca00000| Untracked 
| 203|0x00000000ecb00000, 0x00000000ecb00000, 0x00000000ecc00000|  0%| F|  |TAMS 0x00000000ecb00000, 0x00000000ecb00000| Untracked 
| 204|0x00000000ecc00000, 0x00000000ecc00000, 0x00000000ecd00000|  0%| F|  |TAMS 0x00000000ecc00000, 0x00000000ecc00000| Untracked 
| 205|0x00000000ecd00000, 0x00000000ecd00000, 0x00000000ece00000|  0%| F|  |TAMS 0x00000000ecd00000, 0x00000000ecd00000| Untracked 
| 206|0x00000000ece00000, 0x00000000ece00000, 0x00000000ecf00000|  0%| F|  |TAMS 0x00000000ece00000, 0x00000000ece00000| Untracked 
| 207|0x00000000ecf00000, 0x00000000ecf00000, 0x00000000ed000000|  0%| F|  |TAMS 0x00000000ecf00000, 0x00000000ecf00000| Untracked 
| 208|0x00000000ed000000, 0x00000000ed000000, 0x00000000ed100000|  0%| F|  |TAMS 0x00000000ed000000, 0x00000000ed000000| Untracked 
| 209|0x00000000ed100000, 0x00000000ed100000, 0x00000000ed200000|  0%| F|  |TAMS 0x00000000ed100000, 0x00000000ed100000| Untracked 
| 210|0x00000000ed200000, 0x00000000ed200000, 0x00000000ed300000|  0%| F|  |TAMS 0x00000000ed200000, 0x00000000ed200000| Untracked 
| 211|0x00000000ed300000, 0x00000000ed300000, 0x00000000ed400000|  0%| F|  |TAMS 0x00000000ed300000, 0x00000000ed300000| Untracked 
| 212|0x00000000ed400000, 0x00000000ed400000, 0x00000000ed500000|  0%| F|  |TAMS 0x00000000ed400000, 0x00000000ed400000| Untracked 
| 213|0x00000000ed500000, 0x00000000ed500000, 0x00000000ed600000|  0%| F|  |TAMS 0x00000000ed500000, 0x00000000ed500000| Untracked 
| 214|0x00000000ed600000, 0x00000000ed600000, 0x00000000ed700000|  0%| F|  |TAMS 0x00000000ed600000, 0x00000000ed600000| Untracked 
| 215|0x00000000ed700000, 0x00000000ed700000, 0x00000000ed800000|  0%| F|  |TAMS 0x00000000ed700000, 0x00000000ed700000| Untracked 
| 216|0x00000000ed800000, 0x00000000ed800000, 0x00000000ed900000|  0%| F|  |TAMS 0x00000000ed800000, 0x00000000ed800000| Untracked 
| 217|0x00000000ed900000, 0x00000000ed900000, 0x00000000eda00000|  0%| F|  |TAMS 0x00000000ed900000, 0x00000000ed900000| Untracked 
| 218|0x00000000eda00000, 0x00000000eda00000, 0x00000000edb00000|  0%| F|  |TAMS 0x00000000eda00000, 0x00000000eda00000| Untracked 
| 219|0x00000000edb00000, 0x00000000edb00000, 0x00000000edc00000|  0%| F|  |TAMS 0x00000000edb00000, 0x00000000edb00000| Untracked 
| 220|0x00000000edc00000, 0x00000000edc00000, 0x00000000edd00000|  0%| F|  |TAMS 0x00000000edc00000, 0x00000000edc00000| Untracked 
| 221|0x00000000edd00000, 0x00000000edd00000, 0x00000000ede00000|  0%| F|  |TAMS 0x00000000edd00000, 0x00000000edd00000| Untracked 
| 222|0x00000000ede00000, 0x00000000ede00000, 0x00000000edf00000|  0%| F|  |TAMS 0x00000000ede00000, 0x00000000ede00000| Untracked 
| 223|0x00000000edf00000, 0x00000000edf00000, 0x00000000ee000000|  0%| F|  |TAMS 0x00000000edf00000, 0x00000000edf00000| Untracked 
| 224|0x00000000ee000000, 0x00000000ee000000, 0x00000000ee100000|  0%| F|  |TAMS 0x00000000ee000000, 0x00000000ee000000| Untracked 
| 225|0x00000000ee100000, 0x00000000ee100000, 0x00000000ee200000|  0%| F|  |TAMS 0x00000000ee100000, 0x00000000ee100000| Untracked 
| 226|0x00000000ee200000, 0x00000000ee200000, 0x00000000ee300000|  0%| F|  |TAMS 0x00000000ee200000, 0x00000000ee200000| Untracked 
| 227|0x00000000ee300000, 0x00000000ee300000, 0x00000000ee400000|  0%| F|  |TAMS 0x00000000ee300000, 0x00000000ee300000| Untracked 
| 228|0x00000000ee400000, 0x00000000ee400000, 0x00000000ee500000|  0%| F|  |TAMS 0x00000000ee400000, 0x00000000ee400000| Untracked 
| 229|0x00000000ee500000, 0x00000000ee500000, 0x00000000ee600000|  0%| F|  |TAMS 0x00000000ee500000, 0x00000000ee500000| Untracked 
| 230|0x00000000ee600000, 0x00000000ee600000, 0x00000000ee700000|  0%| F|  |TAMS 0x00000000ee600000, 0x00000000ee600000| Untracked 
| 231|0x00000000ee700000, 0x00000000ee700000, 0x00000000ee800000|  0%| F|  |TAMS 0x00000000ee700000, 0x00000000ee700000| Untracked 
| 232|0x00000000ee800000, 0x00000000ee800000, 0x00000000ee900000|  0%| F|  |TAMS 0x00000000ee800000, 0x00000000ee800000| Untracked 
| 233|0x00000000ee900000, 0x00000000ee900000, 0x00000000eea00000|  0%| F|  |TAMS 0x00000000ee900000, 0x00000000ee900000| Untracked 
| 234|0x00000000eea00000, 0x00000000eea00000, 0x00000000eeb00000|  0%| F|  |TAMS 0x00000000eea00000, 0x00000000eea00000| Untracked 
| 235|0x00000000eeb00000, 0x00000000eeb00000, 0x00000000eec00000|  0%| F|  |TAMS 0x00000000eeb00000, 0x00000000eeb00000| Untracked 
| 236|0x00000000eec00000, 0x00000000eec00000, 0x00000000eed00000|  0%| F|  |TAMS 0x00000000eec00000, 0x00000000eec00000| Untracked 
| 237|0x00000000eed00000, 0x00000000eed00000, 0x00000000eee00000|  0%| F|  |TAMS 0x00000000eed00000, 0x00000000eed00000| Untracked 
| 238|0x00000000eee00000, 0x00000000eee00000, 0x00000000eef00000|  0%| F|  |TAMS 0x00000000eee00000, 0x00000000eee00000| Untracked 
| 239|0x00000000eef00000, 0x00000000eef00000, 0x00000000ef000000|  0%| F|  |TAMS 0x00000000eef00000, 0x00000000eef00000| Untracked 
| 240|0x00000000ef000000, 0x00000000ef000000, 0x00000000ef100000|  0%| F|  |TAMS 0x00000000ef000000, 0x00000000ef000000| Untracked 
| 241|0x00000000ef100000, 0x00000000ef100000, 0x00000000ef200000|  0%| F|  |TAMS 0x00000000ef100000, 0x00000000ef100000| Untracked 
| 242|0x00000000ef200000, 0x00000000ef200000, 0x00000000ef300000|  0%| F|  |TAMS 0x00000000ef200000, 0x00000000ef200000| Untracked 
| 243|0x00000000ef300000, 0x00000000ef400000, 0x00000000ef400000|100%| E|  |TAMS 0x00000000ef300000, 0x00000000ef300000| Complete 
| 244|0x00000000ef400000, 0x00000000ef500000, 0x00000000ef500000|100%| E|CS|TAMS 0x00000000ef400000, 0x00000000ef400000| Complete 
| 245|0x00000000ef500000, 0x00000000ef600000, 0x00000000ef600000|100%| E|CS|TAMS 0x00000000ef500000, 0x00000000ef500000| Complete 
| 246|0x00000000ef600000, 0x00000000ef700000, 0x00000000ef700000|100%| E|CS|TAMS 0x00000000ef600000, 0x00000000ef600000| Complete 
| 247|0x00000000ef700000, 0x00000000ef800000, 0x00000000ef800000|100%| E|CS|TAMS 0x00000000ef700000, 0x00000000ef700000| Complete 
| 248|0x00000000ef800000, 0x00000000ef900000, 0x00000000ef900000|100%| E|CS|TAMS 0x00000000ef800000, 0x00000000ef800000| Complete 
| 249|0x00000000ef900000, 0x00000000efa00000, 0x00000000efa00000|100%| E|CS|TAMS 0x00000000ef900000, 0x00000000ef900000| Complete 
| 250|0x00000000efa00000, 0x00000000efb00000, 0x00000000efb00000|100%| E|  |TAMS 0x00000000efa00000, 0x00000000efa00000| Complete 
| 251|0x00000000efb00000, 0x00000000efc00000, 0x00000000efc00000|100%| E|CS|TAMS 0x00000000efb00000, 0x00000000efb00000| Complete 
| 252|0x00000000efc00000, 0x00000000efd00000, 0x00000000efd00000|100%| E|CS|TAMS 0x00000000efc00000, 0x00000000efc00000| Complete 
| 253|0x00000000efd00000, 0x00000000efe00000, 0x00000000efe00000|100%| E|CS|TAMS 0x00000000efd00000, 0x00000000efd00000| Complete 
| 254|0x00000000efe00000, 0x00000000eff00000, 0x00000000eff00000|100%| E|CS|TAMS 0x00000000efe00000, 0x00000000efe00000| Complete 
| 255|0x00000000eff00000, 0x00000000f0000000, 0x00000000f0000000|100%| E|CS|TAMS 0x00000000eff00000, 0x00000000eff00000| Complete 

Card table byte_map: [0x000001b754a10000,0x000001b754b10000] _byte_map_base: 0x000001b754310000

Marking Bits (Prev, Next): (CMBitMap*) 0x000001b73d13f760, (CMBitMap*) 0x000001b73d13f728
 Prev Bits: [0x000001b755410000, 0x000001b755c10000)
 Next Bits: [0x000001b754c10000, 0x000001b755410000)

Polling page: 0x000001b73afc0000

Metaspace:

Usage:
  Non-class:     52.35 MB capacity,    51.20 MB ( 98%) used,   977.64 KB (  2%) free+waste,   200.00 KB ( <1%) overhead. 
      Class:      8.32 MB capacity,     7.59 MB ( 91%) used,   652.53 KB (  8%) free+waste,    94.13 KB (  1%) overhead. 
       Both:     60.67 MB capacity,    58.79 MB ( 97%) used,     1.59 MB (  3%) free+waste,   294.13 KB ( <1%) overhead. 

Virtual space:
  Non-class space:       54.00 MB reserved,      52.45 MB ( 97%) committed 
      Class space:      248.00 MB reserved,       8.40 MB (  3%) committed 
             Both:      302.00 MB reserved,      60.85 MB ( 20%) committed 

Chunk freelists:
   Non-Class:  5.63 KB
       Class:  0 bytes
        Both:  5.63 KB

CodeHeap 'non-profiled nmethods': size=120000Kb used=5425Kb max_used=5425Kb free=114574Kb
 bounds [0x000001b74d0b0000, 0x000001b74d600000, 0x000001b7545e0000]
CodeHeap 'profiled nmethods': size=120000Kb used=16116Kb max_used=16116Kb free=103884Kb
 bounds [0x000001b745b80000, 0x000001b746b40000, 0x000001b74d0b0000]
CodeHeap 'non-nmethods': size=5760Kb used=2311Kb max_used=2387Kb free=3448Kb
 bounds [0x000001b7455e0000, 0x000001b745850000, 0x000001b745b80000]
 total_blobs=8647 nmethods=7845 adapters=719
 compilation: enabled
              stopped_count=0, restarted_count=0
 full_count=0

Compilation events (10 events):
Event: 10.793 Thread 0x000001b75900e800 7891       3       java.lang.ProcessEnvironment$CheckedEntrySet$1::hasNext (10 bytes)
Event: 10.793 Thread 0x000001b75900e800 nmethod 7891 0x000001b746b3b290 code [0x000001b746b3b440, 0x000001b746b3b608]
Event: 10.793 Thread 0x000001b75900e800 7892       3       java.lang.ProcessEnvironment$CheckedEntrySet$1::next (5 bytes)
Event: 10.794 Thread 0x000001b75900e800 nmethod 7892 0x000001b746b3b710 code [0x000001b746b3b8e0, 0x000001b746b3bd88]
Event: 10.794 Thread 0x000001b75900e800 7894       3       java.lang.ProcessEnvironment$CheckedEntry::getKey (13 bytes)
Event: 10.794 Thread 0x000001b75900e800 nmethod 7894 0x000001b746b3bf10 code [0x000001b746b3c0c0, 0x000001b746b3c368]
Event: 10.794 Thread 0x000001b75900e800 7893       3       java.lang.ProcessEnvironment$CheckedEntry::getKey (5 bytes)
Event: 10.794 Thread 0x000001b75900e800 nmethod 7893 0x000001b746b3c490 code [0x000001b746b3c640, 0x000001b746b3c948]
Event: 10.801 Thread 0x000001b75900e800 7900       3       java.lang.invoke.MemberName$Factory::resolveOrNull (28 bytes)
Event: 10.802 Thread 0x000001b75900e800 nmethod 7900 0x000001b746b3ca90 code [0x000001b746b3cc40, 0x000001b746b3cf08]

GC Heap History (10 events):
Event: 6.006 GC heap before
{Heap before GC invocations=7 (full 0):
 garbage-first heap   total 262144K, used 136052K [0x00000000e0000000, 0x0000000100000000)
  region size 1024K, 116 young (118784K), 7 survivors (7168K)
 Metaspace       used 45192K, capacity 46319K, committed 46440K, reserved 294912K
  class space    used 5832K, capacity 6242K, committed 6296K, reserved 253952K
}
Event: 6.023 GC heap after
{Heap after GC invocations=8 (full 0):
 garbage-first heap   total 262144K, used 30705K [0x00000000e0000000, 0x0000000100000000)
  region size 1024K, 15 young (15360K), 15 survivors (15360K)
 Metaspace       used 45192K, capacity 46319K, committed 46440K, reserved 294912K
  class space    used 5832K, capacity 6242K, committed 6296K, reserved 253952K
}
Event: 7.902 GC heap before
{Heap before GC invocations=9 (full 0):
 garbage-first heap   total 262144K, used 157681K [0x00000000e0000000, 0x0000000100000000)
  region size 1024K, 138 young (141312K), 15 survivors (15360K)
 Metaspace       used 54530K, capacity 56196K, committed 56424K, reserved 303104K
  class space    used 7156K, capacity 7792K, committed 7832K, reserved 253952K
}
Event: 7.925 GC heap after
{Heap after GC invocations=10 (full 0):
 garbage-first heap   total 262144K, used 37848K [0x00000000e0000000, 0x0000000100000000)
  region size 1024K, 16 young (16384K), 16 survivors (16384K)
 Metaspace       used 54530K, capacity 56196K, committed 56424K, reserved 303104K
  class space    used 7156K, capacity 7792K, committed 7832K, reserved 253952K
}
Event: 9.844 GC heap before
{Heap before GC invocations=10 (full 0):
 garbage-first heap   total 262144K, used 173016K [0x00000000e0000000, 0x0000000100000000)
  region size 1024K, 149 young (152576K), 16 survivors (16384K)
 Metaspace       used 58557K, capacity 60439K, committed 60520K, reserved 307200K
  class space    used 7579K, capacity 8313K, committed 8344K, reserved 253952K
}
Event: 9.862 GC heap after
{Heap after GC invocations=11 (full 0):
 garbage-first heap   total 262144K, used 47687K [0x00000000e0000000, 0x0000000100000000)
  region size 1024K, 18 young (18432K), 18 survivors (18432K)
 Metaspace       used 58557K, capacity 60439K, committed 60520K, reserved 307200K
  class space    used 7579K, capacity 8313K, committed 8344K, reserved 253952K
}
Event: 10.473 GC heap before
{Heap before GC invocations=11 (full 0):
 garbage-first heap   total 262144K, used 186951K [0x00000000e0000000, 0x0000000100000000)
  region size 1024K, 153 young (156672K), 18 survivors (18432K)
 Metaspace       used 59675K, capacity 61585K, committed 61672K, reserved 307200K
  class space    used 7694K, capacity 8447K, committed 8472K, reserved 253952K
}
Event: 10.489 GC heap after
{Heap after GC invocations=12 (full 0):
 garbage-first heap   total 262144K, used 51123K [0x00000000e0000000, 0x0000000100000000)
  region size 1024K, 12 young (12288K), 12 survivors (12288K)
 Metaspace       used 59675K, capacity 61585K, committed 61672K, reserved 307200K
  class space    used 7694K, capacity 8447K, committed 8472K, reserved 253952K
}
Event: 10.744 GC heap before
{Heap before GC invocations=12 (full 0):
 garbage-first heap   total 262144K, used 197555K [0x00000000e0000000, 0x0000000100000000)
  region size 1024K, 153 young (156672K), 12 survivors (12288K)
 Metaspace       used 60059K, capacity 62026K, committed 62312K, reserved 309248K
  class space    used 7753K, capacity 8506K, committed 8600K, reserved 253952K
}
Event: 10.752 GC heap after
{Heap after GC invocations=13 (full 0):
 garbage-first heap   total 262144K, used 50335K [0x00000000e0000000, 0x0000000100000000)
  region size 1024K, 11 young (11264K), 11 survivors (11264K)
 Metaspace       used 60059K, capacity 62026K, committed 62312K, reserved 309248K
  class space    used 7753K, capacity 8506K, committed 8600K, reserved 253952K
}

Deoptimization events (10 events):
Event: 10.310 Thread 0x000001b761865800 Uncommon trap: reason=class_check action=maybe_recompile pc=0x000001b74d1d64f0 method=java.util.Collections$SetFromMap.remove(Ljava/lang/Object;)Z @ 5 c2
Event: 10.310 Thread 0x000001b761865800 Uncommon trap: reason=class_check action=maybe_recompile pc=0x000001b74d1d64f0 method=java.util.Collections$SetFromMap.remove(Ljava/lang/Object;)Z @ 5 c2
Event: 10.313 Thread 0x000001b761865800 Uncommon trap: reason=unstable_if action=reinterpret pc=0x000001b74d58e718 method=org.gradle.internal.snapshot.PathUtil.equalChars(CCLorg/gradle/internal/snapshot/CaseSensitivity;)Z @ 40 c2
Event: 10.359 Thread 0x000001b761865800 Uncommon trap: reason=speculate_class_check action=maybe_recompile pc=0x000001b74d58899c method=jdk.internal.reflect.UnsafeObjectFieldAccessorImpl.get(Ljava/lang/Object;)Ljava/lang/Object; @ 13 c2
Event: 10.359 Thread 0x000001b761865800 Uncommon trap: reason=speculate_class_check action=maybe_recompile pc=0x000001b74d58899c method=jdk.internal.reflect.UnsafeObjectFieldAccessorImpl.get(Ljava/lang/Object;)Ljava/lang/Object; @ 13 c2
Event: 10.359 Thread 0x000001b761865800 Uncommon trap: reason=speculate_class_check action=maybe_recompile pc=0x000001b74d58899c method=jdk.internal.reflect.UnsafeObjectFieldAccessorImpl.get(Ljava/lang/Object;)Ljava/lang/Object; @ 13 c2
Event: 10.359 Thread 0x000001b761865800 Uncommon trap: reason=speculate_class_check action=maybe_recompile pc=0x000001b74d58899c method=jdk.internal.reflect.UnsafeObjectFieldAccessorImpl.get(Ljava/lang/Object;)Ljava/lang/Object; @ 13 c2
Event: 10.631 Thread 0x000001b761865800 Uncommon trap: reason=unstable_if action=reinterpret pc=0x000001b74d2de7f8 method=sun.net.www.ParseUtil.encodePath(Ljava/lang/String;Z)Ljava/lang/String; @ 1 c2
Event: 10.638 Thread 0x000001b761865800 Uncommon trap: reason=class_check action=maybe_recompile pc=0x000001b74d5b451c method=groovy.lang.MetaClassImpl.getMetaProperty(Ljava/lang/String;Z)Lgroovy/lang/MetaProperty; @ 41 c2
Event: 10.651 Thread 0x000001b761865800 Uncommon trap: reason=class_check action=maybe_recompile pc=0x000001b74d5b451c method=groovy.lang.MetaClassImpl.getMetaProperty(Ljava/lang/String;Z)Lgroovy/lang/MetaProperty; @ 41 c2

Classes redefined (0 events):
No events

Internal exceptions (10 events):
Event: 10.662 Thread 0x000001b761865800 Exception <a 'java/lang/ClassNotFoundException'{0x00000000ebec2058}: org/gradle/api/internal/file/collections/DefaultConfigurableFileCollectionCustomizer> (0x00000000ebec2058) thrown at [./open/src/hotspot/share/classfile/systemDictionary.cpp, line 228]
Event: 10.666 Thread 0x000001b761865800 Exception <a 'java/io/FileNotFoundException'{0x00000000ebee2560}> (0x00000000ebee2560) thrown at [./open/src/hotspot/share/prims/jni.cpp, line 611]
Event: 10.666 Thread 0x000001b761865800 Exception <a 'java/io/FileNotFoundException'{0x00000000ebee47c0}> (0x00000000ebee47c0) thrown at [./open/src/hotspot/share/prims/jni.cpp, line 611]
Event: 10.732 Thread 0x000001b761865800 Exception <a 'java/io/FileNotFoundException'{0x00000000e9289070}> (0x00000000e9289070) thrown at [./open/src/hotspot/share/prims/jni.cpp, line 611]
Event: 10.733 Thread 0x000001b761865800 Exception <a 'java/io/FileNotFoundException'{0x00000000e928b2d0}> (0x00000000e928b2d0) thrown at [./open/src/hotspot/share/prims/jni.cpp, line 611]
Event: 10.798 Thread 0x000001b75d97b000 Exception <a 'java/lang/NoSuchMethodError'{0x00000000ef39ad90}: java.lang.invoke.DirectMethodHandle$Holder.invokeStatic(Ljava/lang/Object;J)V> (0x00000000ef39ad90) thrown at [./open/src/hotspot/share/interpreter/linkResolver.cpp, line 772]
Event: 10.798 Thread 0x000001b75d97b000 Exception <a 'java/lang/NoSuchMethodError'{0x00000000ef3a01e8}: java.lang.invoke.DirectMethodHandle$Holder.invokeStatic(Ljava/lang/Object;J)Ljava/lang/Object;> (0x00000000ef3a01e8) thrown at [./open/src/hotspot/share/interpreter/linkResolver.cpp, line 772
Event: 10.801 Thread 0x000001b75d97b000 Exception <a 'java/lang/NoSuchMethodError'{0x00000000ef3ae2a0}: java.lang.invoke.DirectMethodHandle$Holder.invokeStaticInit(Ljava/lang/Object;Ljava/lang/Object;JLjava/lang/Object;)Ljava/lang/Object;> (0x00000000ef3ae2a0) thrown at [./open/src/hotspot/shar
Event: 10.802 Thread 0x000001b75d97b000 Exception <a 'java/lang/NoSuchMethodError'{0x00000000ef3b4188}: java.lang.invoke.DirectMethodHandle$Holder.invokeStatic(Ljava/lang/Object;Ljava/lang/Object;J)Ljava/lang/Object;> (0x00000000ef3b4188) thrown at [./open/src/hotspot/share/interpreter/linkReso
Event: 10.803 Thread 0x000001b75d97b000 Exception <a 'java/lang/NoSuchMethodError'{0x00000000ef3ba6a0}: java.lang.invoke.Invokers$Holder.linkToTargetMethod(Ljava/lang/Object;JLjava/lang/Object;)Ljava/lang/Object;> (0x00000000ef3ba6a0) thrown at [./open/src/hotspot/share/interpreter/linkResolver

Events (10 events):
Event: 10.804 loading class org/gradle/process/internal/streams/ExecOutputHandleRunner
Event: 10.804 loading class org/gradle/process/internal/streams/ExecOutputHandleRunner done
Event: 10.804 Thread 0x000001b75d97b000 DEOPT PACKING pc=0x000001b745c86341 sp=0x0000006d055fde80
Event: 10.804 Thread 0x000001b75d97b000 DEOPT UNPACKING pc=0x000001b74561b8de sp=0x0000006d055fd328 mode 1
Event: 10.804 Thread 0x000001b75d97b000 DEOPT PACKING pc=0x000001b74661fb4c sp=0x0000006d055fdee0
Event: 10.804 Thread 0x000001b75d97b000 DEOPT UNPACKING pc=0x000001b74561b8de sp=0x0000006d055fd478 mode 1
Event: 10.804 Thread 0x000001b75d97b000 DEOPT PACKING pc=0x000001b74661fb4c sp=0x0000006d055fe070
Event: 10.804 Thread 0x000001b75d97b000 DEOPT UNPACKING pc=0x000001b74561b8de sp=0x0000006d055fd608 mode 1
Event: 10.806 Thread 0x000001b75d979800 Thread added: 0x000001b75d979800
Event: 10.806 Thread 0x000001b75d97a800 Thread added: 0x000001b75d97a800


Dynamic libraries:
0x00007ff71f100000 - 0x00007ff71f10f000 	C:\Program Files\Java\jdk-11.0.12\bin\java.exe
0x00007fffa8310000 - 0x00007fffa8505000 	C:\Windows\SYSTEM32\ntdll.dll
0x00007fffa8020000 - 0x00007fffa80de000 	C:\Windows\System32\KERNEL32.DLL
0x00007fffa5fd0000 - 0x00007fffa6298000 	C:\Windows\System32\KERNELBASE.dll
0x00007fffa5d40000 - 0x00007fffa5e40000 	C:\Windows\System32\ucrtbase.dll
0x00007fff7d450000 - 0x00007fff7d468000 	C:\Program Files\Java\jdk-11.0.12\bin\jli.dll
0x00007fff84010000 - 0x00007fff84025000 	C:\Program Files\Java\jdk-11.0.12\bin\VCRUNTIME140.dll
0x00007fffa7f60000 - 0x00007fffa800e000 	C:\Windows\System32\ADVAPI32.dll
0x00007fffa6520000 - 0x00007fffa65be000 	C:\Windows\System32\msvcrt.dll
0x00007fffa70a0000 - 0x00007fffa713c000 	C:\Windows\System32\sechost.dll
0x00007fffa71a0000 - 0x00007fffa72c5000 	C:\Windows\System32\RPCRT4.dll
0x00007fffa7c00000 - 0x00007fffa7da0000 	C:\Windows\System32\USER32.dll
0x00007fff8ef50000 - 0x00007fff8f1ea000 	C:\Windows\WinSxS\amd64_microsoft.windows.common-controls_6595b64144ccf1df_6.0.19041.1110_none_60b5254171f9507e\COMCTL32.dll
0x00007fffa6340000 - 0x00007fffa6362000 	C:\Windows\System32\win32u.dll
0x00007fffa6ea0000 - 0x00007fffa6ecb000 	C:\Windows\System32\GDI32.dll
0x00007fffa5c30000 - 0x00007fffa5d3b000 	C:\Windows\System32\gdi32full.dll
0x00007fffa62a0000 - 0x00007fffa633d000 	C:\Windows\System32\msvcp_win.dll
0x00007fff9adf0000 - 0x00007fff9adfa000 	C:\Windows\SYSTEM32\VERSION.dll
0x00007fffa7e80000 - 0x00007fffa7eb0000 	C:\Windows\System32\IMM32.DLL
0x00007fff6b900000 - 0x00007fff6b99b000 	C:\Program Files\Java\jdk-11.0.12\bin\msvcp140.dll
0x00007fff31b20000 - 0x00007fff3261f000 	C:\Program Files\Java\jdk-11.0.12\bin\server\jvm.dll
0x00007fffa8010000 - 0x00007fffa8018000 	C:\Windows\System32\PSAPI.DLL
0x00007fff9ab00000 - 0x00007fff9ab27000 	C:\Windows\SYSTEM32\WINMM.dll
0x00007fff8ec50000 - 0x00007fff8ec59000 	C:\Windows\SYSTEM32\WSOCK32.dll
0x00007fffa7340000 - 0x00007fffa73ab000 	C:\Windows\System32\WS2_32.dll
0x00007fffa3960000 - 0x00007fffa3972000 	C:\Windows\SYSTEM32\kernel.appcore.dll
0x00007fff931d0000 - 0x00007fff931e0000 	C:\Program Files\Java\jdk-11.0.12\bin\verify.dll
0x00007fff9dd50000 - 0x00007fff9df34000 	C:\Windows\SYSTEM32\DBGHELP.DLL
0x00007fff8b9f0000 - 0x00007fff8ba1c000 	C:\Windows\SYSTEM32\dbgcore.DLL
0x00007fffa5a30000 - 0x00007fffa5ab2000 	C:\Windows\System32\bcryptPrimitives.dll
0x00007fff7cca0000 - 0x00007fff7ccc8000 	C:\Program Files\Java\jdk-11.0.12\bin\java.dll
0x00007fff93180000 - 0x00007fff9318a000 	C:\Program Files\Java\jdk-11.0.12\bin\jimage.dll
0x00007fff7d5d0000 - 0x00007fff7d608000 	C:\Program Files\Java\jdk-11.0.12\bin\jdwp.dll
0x00007fff7cc80000 - 0x00007fff7cc96000 	C:\Program Files\Java\jdk-11.0.12\bin\zip.dll
0x00007fffa65c0000 - 0x00007fffa6d04000 	C:\Windows\System32\SHELL32.dll
0x00007fffa3b60000 - 0x00007fffa42f4000 	C:\Windows\SYSTEM32\windows.storage.dll
0x00007fffa73b0000 - 0x00007fffa7704000 	C:\Windows\System32\combase.dll
0x00007fffa53c0000 - 0x00007fffa53ec000 	C:\Windows\SYSTEM32\Wldp.dll
0x00007fffa7eb0000 - 0x00007fffa7f5d000 	C:\Windows\System32\SHCORE.dll
0x00007fffa72e0000 - 0x00007fffa7335000 	C:\Windows\System32\shlwapi.dll
0x00007fffa5970000 - 0x00007fffa598f000 	C:\Windows\SYSTEM32\profapi.dll
0x00007fff8fb80000 - 0x00007fff8fb8a000 	C:\Program Files\Java\jdk-11.0.12\bin\dt_socket.dll
0x00007fffa5120000 - 0x00007fffa518a000 	C:\Windows\system32\mswsock.dll
0x00007fff7c780000 - 0x00007fff7c799000 	C:\Program Files\Java\jdk-11.0.12\bin\net.dll
0x00007fff9c200000 - 0x00007fff9c309000 	C:\Windows\SYSTEM32\WINHTTP.dll
0x00007fff7c4b0000 - 0x00007fff7c4c2000 	C:\Program Files\Java\jdk-11.0.12\bin\nio.dll
0x00007fff7acf0000 - 0x00007fff7ad17000 	C:\Users\Guille\.gradle\native\e1d6ef7f7dcc3fd88c89a11ec53ec762bb8ba0a96d01ffa2cd45eb1d1d8dd5c5\windows-amd64\native-platform.dll
0x00007fff6b520000 - 0x00007fff6b664000 	C:\Users\Guille\.gradle\native\5664cfc778a61ccfe75a443a1ab52a65af34e5dc3c78e0209fed803814484fcb\windows-amd64\native-platform-file-events.dll
0x00007fff921b0000 - 0x00007fff921b9000 	C:\Program Files\Java\jdk-11.0.12\bin\management.dll
0x00007fff91b80000 - 0x00007fff91b8b000 	C:\Program Files\Java\jdk-11.0.12\bin\management_ext.dll
0x00007fffa5320000 - 0x00007fffa5338000 	C:\Windows\SYSTEM32\CRYPTSP.dll
0x00007fffa4aa0000 - 0x00007fffa4ad4000 	C:\Windows\system32\rsaenh.dll
0x00007fffa5fa0000 - 0x00007fffa5fc7000 	C:\Windows\System32\bcrypt.dll
0x00007fffa5930000 - 0x00007fffa595e000 	C:\Windows\SYSTEM32\USERENV.dll
0x00007fffa5310000 - 0x00007fffa531c000 	C:\Windows\SYSTEM32\CRYPTBASE.dll
0x00007fffa4e10000 - 0x00007fffa4e4b000 	C:\Windows\SYSTEM32\IPHLPAPI.DLL
0x00007fffa7da0000 - 0x00007fffa7da8000 	C:\Windows\System32\NSI.dll
0x00007fff9dcd0000 - 0x00007fff9dce7000 	C:\Windows\SYSTEM32\dhcpcsvc6.DLL
0x00007fff9dcb0000 - 0x00007fff9dccd000 	C:\Windows\SYSTEM32\dhcpcsvc.DLL
0x00007fffa4e50000 - 0x00007fffa4f1a000 	C:\Windows\SYSTEM32\DNSAPI.dll

dbghelp: loaded successfully - version: 4.0.5 - missing functions: none
symbol engine: initialized successfully - sym options: 0x614 - pdb path: .;C:\Program Files\Java\jdk-11.0.12\bin;C:\Windows\SYSTEM32;C:\Windows\WinSxS\amd64_microsoft.windows.common-controls_6595b64144ccf1df_6.0.19041.1110_none_60b5254171f9507e;C:\Program Files\Java\jdk-11.0.12\bin\server;C:\Users\Guille\.gradle\native\e1d6ef7f7dcc3fd88c89a11ec53ec762bb8ba0a96d01ffa2cd45eb1d1d8dd5c5\windows-amd64;C:\Users\Guille\.gradle\native\5664cfc778a61ccfe75a443a1ab52a65af34e5dc3c78e0209fed803814484fcb\windows-amd64

VM Arguments:
jvm_args: -XX:MaxMetaspaceSize=256m -XX:+HeapDumpOnOutOfMemoryError -agentlib:jdwp=transport=dt_socket,server=n,suspend=y,address=127.0.0.1:57863 --add-opens=java.base/java.util=ALL-UNNAMED --add-opens=java.base/java.lang=ALL-UNNAMED --add-opens=java.base/java.lang.invoke=ALL-UNNAMED --add-opens=java.base/java.util=ALL-UNNAMED --add-opens=java.prefs/java.util.prefs=ALL-UNNAMED --add-opens=java.prefs/java.util.prefs=ALL-UNNAMED --add-opens=java.base/java.nio.charset=ALL-UNNAMED --add-opens=java.base/java.net=ALL-UNNAMED --add-opens=java.base/java.util.concurrent.atomic=ALL-UNNAMED -Xms256m -Xmx512m -Dfile.encoding=windows-1252 -Duser.country=AR -Duser.language=es -Duser.variant 
java_command: org.gradle.launcher.daemon.bootstrap.GradleDaemon 7.3.2
java_class_path (initial): C:\Users\Guille\.gradle\wrapper\dists\gradle-7.3.2-bin\4k4cn06q0rruwh9dpndf9gmi8\gradle-7.3.2\lib\gradle-launcher-7.3.2.jar
Launcher Type: SUN_STANDARD

[Global flags]
     intx CICompilerCount                          = 4                                         {product} {ergonomic}
   size_t CompressedClassSpaceSize                 = 260046848                                 {product} {ergonomic}
     uint ConcGCThreads                            = 2                                         {product} {ergonomic}
     uint G1ConcRefinementThreads                  = 8                                         {product} {ergonomic}
   size_t G1HeapRegionSize                         = 1048576                                   {product} {ergonomic}
    uintx GCDrainStackTargetSize                   = 64                                        {product} {ergonomic}
     bool HeapDumpOnOutOfMemoryError               = true                                   {manageable} {command line}
   size_t InitialHeapSize                          = 268435456                                 {product} {command line}
   size_t MarkStackSize                            = 4194304                                   {product} {ergonomic}
   size_t MaxHeapSize                              = 536870912                                 {product} {command line}
   size_t MaxMetaspaceSize                         = 268435456                                 {product} {command line}
   size_t MaxNewSize                               = 321912832                                 {product} {ergonomic}
   size_t MinHeapDeltaBytes                        = 1048576                                   {product} {ergonomic}
    uintx NonNMethodCodeHeapSize                   = 5836300                                {pd product} {ergonomic}
    uintx NonProfiledCodeHeapSize                  = 122910970                              {pd product} {ergonomic}
    uintx ProfiledCodeHeapSize                     = 122910970                              {pd product} {ergonomic}
    uintx ReservedCodeCacheSize                    = 251658240                              {pd product} {ergonomic}
     bool SegmentedCodeCache                       = true                                      {product} {ergonomic}
     bool UseCompressedClassPointers               = true                                 {lp64_product} {ergonomic}
     bool UseCompressedOops                        = true                                 {lp64_product} {ergonomic}
     bool UseG1GC                                  = true                                      {product} {ergonomic}
     bool UseLargePagesIndividualAllocation        = false                                  {pd product} {ergonomic}

Logging:
Log output configuration:
 #0: stdout all=warning uptime,level,tags
 #1: stderr all=off uptime,level,tags

Environment Variables:
JAVA_HOME=C:\Program Files\Eclipse Adoptium\jdk-11.0.14.101-hotspot\
PATH=C:\Program Files\Eclipse Adoptium\jdk-11.0.14.101-hotspot\bin;C:\ProgramData\Oracle\Java\javapath;C:\Program Files\Common Files\Oracle\Java\javapath;C:\Python310\Scripts\;C:\Python310\;C:\Python39\Scripts\;C:\Python39\;C:\PROGRA~2\Borland\CBUILD~1\Bin;C:\PROGRA~2\Borland\CBUILD~1\Projects\Bpl;C:\Program Files (x86)\CollabNet;C:\Program Files (x86)\Embarcadero\Studio\15.0\bin;C:\Users\Public\Documents\Embarcadero\Studio\15.0\Bpl;C:\Program Files (x86)\Embarcadero\Studio\15.0\bin64;C:\Users\Public\Documents\Embarcadero\Studio\15.0\Bpl\Win64;C:\Windows\system32;C:\Windows;C:\Windows\System32\Wbem;C:\Windows\System32\WindowsPowerShell\v1.0\;C:\Windows\System32\OpenSSH\;C:\ProgramData\chocolatey\bin;C:\Program Files\Git\cmd;C:\Program Files\nodejs\;C:\Users\Guille\AppData\Local\Microsoft\WindowsApps;C:\Users\Guille\AppData\Local\Programs\Microsoft VS Code\bin;C:\Program Files\JetBrains\IntelliJ IDEA Community Edition 2021.3.1\bin;;C:\jdk-11.0.12;C:\gradle-6.8\bin;C:\Users\Guille\AppData\Roaming\npm;C:\Program Files\heroku\bin
USERNAME=Guille
OS=Windows_NT
PROCESSOR_IDENTIFIER=AMD64 Family 23 Model 17 Stepping 0, AuthenticAMD



---------------  S Y S T E M  ---------------

OS: Windows 10 , 64 bit Build 19041 (10.0.19041.1566)

CPU:total 8 (initial active 8) (8 cores per cpu, 2 threads per core) family 23 model 17 stepping 0 microcode 0x0, cmov, cx8, fxsr, mmx, sse, sse2, sse3, ssse3, sse4.1, sse4.2, popcnt, avx, avx2, aes, clmul, mmxext, 3dnowpref, lzcnt, sse4a, ht, tsc, tscinvbit, tscinv, bmi1, bmi2, adx, s

Memory: 4k page, system-wide physical 14284M (1719M free)
TotalPageFile size 14284M (AvailPageFile size 5M)
current process WorkingSet (physical memory assigned to process): 419M, peak: 443M
current process commit charge ("private bytes"): 517M, peak: 548M

vm_info: Java HotSpot(TM) 64-Bit Server VM (11.0.12+8-LTS-237) for windows-amd64 JRE (11.0.12+8-LTS-237), built on Jun  8 2021 11:25:59 by "mach5one" with MS VC++ 15.9 (VS2017)

END.
