#
# There is insufficient memory for the Java Runtime Environment to continue.
# Native memory allocation (malloc) failed to allocate 169136 bytes for Chunk::new
# Possible reasons:
#   The system is out of physical RAM or swap space
#   The process is running with CompressedOops enabled, and the Java Heap may be blocking the growth of the native heap
# Possible solutions:
#   Reduce memory load on the system
#   Increase physical memory or swap space
#   Check if swap backing store is full
#   Decrease Java heap size (-Xmx/-Xms)
#   Decrease number of Java threads
#   Decrease Java thread stack sizes (-Xss)
#   Set larger code cache with -XX:ReservedCodeCacheSize=
#   JVM is running with Unscaled Compressed Oops mode in which the Java heap is
#     placed in the first 4GB address space. The Java Heap base address is the
#     maximum limit for the native heap growth. Please use -XX:HeapBaseMinAddress
#     to set the Java Heap base and to place the Java Heap above 4GB virtual address.
# This output file may be truncated or incomplete.
#
#  Out of Memory Error (./open/src/hotspot/share/memory/arena.cpp:197), pid=12480, tid=8144
#
# JRE version: Java(TM) SE Runtime Environment 18.9 (11.0.12+8) (build 11.0.12+8-LTS-237)
# Java VM: Java HotSpot(TM) 64-Bit Server VM 18.9 (11.0.12+8-LTS-237, mixed mode, tiered, compressed oops, g1 gc, windows-amd64)
# No core dump will be written. Minidumps are not enabled by default on client versions of Windows
#

---------------  S U M M A R Y ------------

Command Line: -XX:MaxMetaspaceSize=256m -XX:+HeapDumpOnOutOfMemoryError -agentlib:jdwp=transport=dt_socket,server=n,suspend=y,address=127.0.0.1:57840 --add-opens=java.base/java.util=ALL-UNNAMED --add-opens=java.base/java.lang=ALL-UNNAMED --add-opens=java.base/java.lang.invoke=ALL-UNNAMED --add-opens=java.base/java.util=ALL-UNNAMED --add-opens=java.prefs/java.util.prefs=ALL-UNNAMED --add-opens=java.prefs/java.util.prefs=ALL-UNNAMED --add-opens=java.base/java.nio.charset=ALL-UNNAMED --add-opens=java.base/java.net=ALL-UNNAMED --add-opens=java.base/java.util.concurrent.atomic=ALL-UNNAMED -Xms256m -Xmx512m -Dfile.encoding=windows-1252 -Duser.country=AR -Duser.language=es -Duser.variant org.gradle.launcher.daemon.bootstrap.GradleDaemon 7.3.2

Host: AMD Ryzen 5 2400G with Radeon Vega Graphics    , 8 cores, 13G,  Windows 10 , 64 bit Build 19041 (10.0.19041.1566)
Time: Fri Apr  1 21:08:44 2022 Hora estándar de Argentina elapsed time: 13.450595 seconds (0d 0h 0m 13s)

---------------  T H R E A D  ---------------

Current thread (0x000001c6bacbc000):  JavaThread "C2 CompilerThread0" daemon [_thread_in_native, id=8144, stack(0x00000013f2f00000,0x00000013f3000000)]


Current CompileTask:
C2:  13450 8086       4       com.esotericsoftware.kryo.io.Output::writeVarLong (1304 bytes)

Stack: [0x00000013f2f00000,0x00000013f3000000]
Native frames: (J=compiled Java code, j=interpreted, Vv=VM code, C=native code)
V  [jvm.dll+0x617d9a]
V  [jvm.dll+0x74eeef]
V  [jvm.dll+0x750599]
V  [jvm.dll+0x750c23]
V  [jvm.dll+0x2438d8]
V  [jvm.dll+0xba6dc]
V  [jvm.dll+0xbac9c]
V  [jvm.dll+0x3469b7]
V  [jvm.dll+0x3147a3]
V  [jvm.dll+0x313aea]
V  [jvm.dll+0x1fd105]
V  [jvm.dll+0x1fc2ed]
V  [jvm.dll+0x17f18c]
V  [jvm.dll+0x20b87c]
V  [jvm.dll+0x20997b]
V  [jvm.dll+0x716359]
V  [jvm.dll+0x70f064]
V  [jvm.dll+0x616f66]
C  [ucrtbase.dll+0x21bb2]
C  [KERNEL32.DLL+0x17034]
C  [ntdll.dll+0x52651]


---------------  P R O C E S S  ---------------

Threads class SMR info:
_java_thread_list=0x000001c6be612a70, length=138, elements={
0x000001c69ed99800, 0x000001c6ba327000, 0x000001c6ba330800, 0x000001c6ba343800,
0x000001c6bacb4800, 0x000001c6bacb5000, 0x000001c6bacbc000, 0x000001c6bacbf000,
0x000001c6ba34d000, 0x000001c6bae4f000, 0x000001c6baeb8000, 0x000001c6baebb800,
0x000001c6baebc800, 0x000001c6bce5c800, 0x000001c6bbe83800, 0x000001c6baf7a800,
0x000001c6bd490800, 0x000001c6bc0f1800, 0x000001c6bd383000, 0x000001c6bc70a800,
0x000001c6bbd7a000, 0x000001c6bce99000, 0x000001c6bd443000, 0x000001c6bd4b7000,
0x000001c6bd4b1000, 0x000001c6bd4b5000, 0x000001c6bd4b7800, 0x000001c6bd4b2000,
0x000001c6bd4b3000, 0x000001c6bd4b6000, 0x000001c6bd4b4800, 0x000001c6bf102000,
0x000001c6bf103000, 0x000001c6bf104000, 0x000001c6bf0fe000, 0x000001c6bf100800,
0x000001c6bf105800, 0x000001c6bf0ff800, 0x000001c6bf108800, 0x000001c6bf10b000,
0x000001c6bf109800, 0x000001c6bf10a800, 0x000001c6bf10c000, 0x000001c6bf108000,
0x000001c6bf106000, 0x000001c6bf107000, 0x000001c6bf10c800, 0x000001c6c0a9d800,
0x000001c6c0a9e800, 0x000001c6c0a9c000, 0x000001c6c0a98800, 0x000001c6c0a9c800,
0x000001c6c0a9f000, 0x000001c6c0a99800, 0x000001c6c0aa0000, 0x000001c6c0a9a000,
0x000001c6c0aa1000, 0x000001c6c0a9b000, 0x000001c6c0aa7800, 0x000001c6c0aa6800,
0x000001c6c0aa4000, 0x000001c6c0aa5000, 0x000001c6c0aa3000, 0x000001c6c0aa1800,
0x000001c6c0aa5800, 0x000001c6c0aa2800, 0x000001c6bed94000, 0x000001c6bed93000,
0x000001c6bed95000, 0x000001c6bed92800, 0x000001c6bed8f000, 0x000001c6bed95800,
0x000001c6bed91000, 0x000001c6bed90000, 0x000001c6bed91800, 0x000001c6c3d0a000,
0x000001c6c3d0a800, 0x000001c6c3d08800, 0x000001c6c3d0d000, 0x000001c6c3d0b800,
0x000001c6c3d0c800, 0x000001c6c3d0e000, 0x000001c6c3d0f000, 0x000001c6c3d09000,
0x000001c6c3d14800, 0x000001c6c3d10800, 0x000001c6c3d15800, 0x000001c6c3d0f800,
0x000001c6c3d12000, 0x000001c6c3d16000, 0x000001c6c3d13000, 0x000001c6c3d11000,
0x000001c6c3d17000, 0x000001c6c3d13800, 0x000001c6c4fb4000, 0x000001c6c4fb3000,
0x000001c6c4fb2000, 0x000001c6c4fb6800, 0x000001c6c4fba800, 0x000001c6c4fb4800,
0x000001c6c4fb8000, 0x000001c6c4fbb000, 0x000001c6c4fb5800, 0x000001c6c4fbc000,
0x000001c6c4fbd000, 0x000001c6c4fb9800, 0x000001c6c4fb8800, 0x000001c6c4fb7000,
0x000001c6c4fc0000, 0x000001c6c4fc1000, 0x000001c6c4fbd800, 0x000001c6c4fbe800,
0x000001c6c4fbf800, 0x000001c6be4ad000, 0x000001c6be4ad800, 0x000001c6be4b0000,
0x000001c6be4b1000, 0x000001c6be4ae800, 0x000001c6be4b2000, 0x000001c6be4ac000,
0x000001c6be4b2800, 0x000001c6be4b5000, 0x000001c6be4b3800, 0x000001c6be4b4000,
0x000001c6be4af800, 0x000001c6be4b9000, 0x000001c6be4ba800, 0x000001c6be4b6000,
0x000001c6be4b7800, 0x000001c6be4b6800, 0x000001c6be4b8800, 0x000001c6be4ba000,
0x000001c6c06fd000, 0x000001c6c06fe000, 0x000001c6c06f8000, 0x000001c6c06fe800,
0x000001c6c0abb000, 0x000001c6bb552000
}

Java Threads: ( => current thread )
  0x000001c69ed99800 JavaThread "main" [_thread_blocked, id=8808, stack(0x00000013f2300000,0x00000013f2400000)]
  0x000001c6ba327000 JavaThread "Reference Handler" daemon [_thread_blocked, id=8196, stack(0x00000013f2a00000,0x00000013f2b00000)]
  0x000001c6ba330800 JavaThread "Finalizer" daemon [_thread_blocked, id=10136, stack(0x00000013f2b00000,0x00000013f2c00000)]
  0x000001c6ba343800 JavaThread "Signal Dispatcher" daemon [_thread_blocked, id=10116, stack(0x00000013f2c00000,0x00000013f2d00000)]
  0x000001c6bacb4800 JavaThread "Attach Listener" daemon [_thread_blocked, id=12368, stack(0x00000013f2d00000,0x00000013f2e00000)]
  0x000001c6bacb5000 JavaThread "Service Thread" daemon [_thread_blocked, id=15104, stack(0x00000013f2e00000,0x00000013f2f00000)]
=>0x000001c6bacbc000 JavaThread "C2 CompilerThread0" daemon [_thread_in_native, id=8144, stack(0x00000013f2f00000,0x00000013f3000000)]
  0x000001c6bacbf000 JavaThread "C1 CompilerThread0" daemon [_thread_blocked, id=14356, stack(0x00000013f3000000,0x00000013f3100000)]
  0x000001c6ba34d000 JavaThread "Sweeper thread" daemon [_thread_blocked, id=9740, stack(0x00000013f3100000,0x00000013f3200000)]
  0x000001c6bae4f000 JavaThread "Common-Cleaner" daemon [_thread_blocked, id=10916, stack(0x00000013f3200000,0x00000013f3300000)]
  0x000001c6baeb8000 JavaThread "JDWP Transport Listener: dt_socket" daemon [_thread_blocked, id=16212, stack(0x00000013f3300000,0x00000013f3400000)]
  0x000001c6baebb800 JavaThread "JDWP Event Helper Thread" daemon [_thread_blocked, id=9048, stack(0x00000013f3400000,0x00000013f3500000)]
  0x000001c6baebc800 JavaThread "JDWP Command Reader" daemon [_thread_in_native, id=13032, stack(0x00000013f3500000,0x00000013f3600000)]
  0x000001c6bce5c800 JavaThread "Daemon health stats" [_thread_blocked, id=11352, stack(0x00000013f3e00000,0x00000013f3f00000)]
  0x000001c6bbe83800 JavaThread "Incoming local TCP Connector on port 57847" [_thread_in_native, id=15292, stack(0x00000013f3700000,0x00000013f3800000)]
  0x000001c6baf7a800 JavaThread "Daemon periodic checks" [_thread_blocked, id=3220, stack(0x00000013f3800000,0x00000013f3900000)]
  0x000001c6bd490800 JavaThread "Daemon" [_thread_blocked, id=7884, stack(0x00000013f4000000,0x00000013f4100000)]
  0x000001c6bc0f1800 JavaThread "Handler for socket connection from /127.0.0.1:57847 to /127.0.0.1:57848" [_thread_in_native, id=7148, stack(0x00000013f4100000,0x00000013f4200000)]
  0x000001c6bd383000 JavaThread "Cancel handler" [_thread_blocked, id=7756, stack(0x00000013f4200000,0x00000013f4300000)]
  0x000001c6bc70a800 JavaThread "Daemon worker" [_thread_blocked, id=12680, stack(0x00000013f4300000,0x00000013f4400000)]
  0x000001c6bbd7a000 JavaThread "Asynchronous log dispatcher for DefaultDaemonConnection: socket connection from /127.0.0.1:57847 to /127.0.0.1:57848" [_thread_blocked, id=13196, stack(0x00000013f4400000,0x00000013f4500000)]
  0x000001c6bce99000 JavaThread "Stdin handler" [_thread_blocked, id=11868, stack(0x00000013f4500000,0x00000013f4600000)]
  0x000001c6bd443000 JavaThread "Daemon client event forwarder" [_thread_blocked, id=14660, stack(0x00000013f4600000,0x00000013f4700000)]
  0x000001c6bd4b7000 JavaThread "Cache worker for journal cache (C:\Users\Guille\.gradle\caches\journal-1)" [_thread_blocked, id=13832, stack(0x00000013f4700000,0x00000013f4800000)]
  0x000001c6bd4b1000 JavaThread "File lock request listener" [_thread_in_native, id=10900, stack(0x00000013f4800000,0x00000013f4900000)]
  0x000001c6bd4b5000 JavaThread "Cache worker for file hash cache (C:\Users\Guille\.gradle\caches\7.3.2\fileHashes)" [_thread_blocked, id=14152, stack(0x00000013f4900000,0x00000013f4a00000)]
  0x000001c6bd4b7800 JavaThread "Cache worker for file hash cache (D:\MindHub\FS025\PROYECTOS\Java\homebanking\.gradle\7.3.2\fileHashes)" [_thread_blocked, id=11236, stack(0x00000013f4d00000,0x00000013f4e00000)]
  0x000001c6bd4b2000 JavaThread "File watcher server" daemon [_thread_in_native, id=5344, stack(0x00000013f4e00000,0x00000013f4f00000)]
  0x000001c6bd4b3000 JavaThread "File watcher consumer" daemon [_thread_blocked, id=8332, stack(0x00000013f4f00000,0x00000013f5000000)]
  0x000001c6bd4b6000 JavaThread "Cache worker for checksums cache (D:\MindHub\FS025\PROYECTOS\Java\homebanking\.gradle\7.3.2\checksums)" [_thread_blocked, id=12360, stack(0x00000013f5000000,0x00000013f5100000)]
  0x000001c6bd4b4800 JavaThread "Cache worker for cache directory md-supplier (C:\Users\Guille\.gradle\caches\7.3.2\md-supplier)" [_thread_blocked, id=14400, stack(0x00000013f5100000,0x00000013f5200000)]
  0x000001c6bf102000 JavaThread "Cache worker for cache directory md-rule (C:\Users\Guille\.gradle\caches\7.3.2\md-rule)" [_thread_blocked, id=12388, stack(0x00000013f5300000,0x00000013f5400000)]
  0x000001c6bf103000 JavaThread "Cache worker for execution history cache (C:\Users\Guille\.gradle\caches\7.3.2\executionHistory)" [_thread_blocked, id=15084, stack(0x00000013f5400000,0x00000013f5500000)]
  0x000001c6bf104000 JavaThread "jar transforms" [_thread_blocked, id=7888, stack(0x00000013f5500000,0x00000013f5600000)]
  0x000001c6bf0fe000 JavaThread "jar transforms Thread 2" [_thread_blocked, id=6228, stack(0x00000013f5600000,0x00000013f5700000)]
  0x000001c6bf100800 JavaThread "Cache worker for file content cache (C:\Users\Guille\.gradle\caches\7.3.2\fileContent)" [_thread_blocked, id=13192, stack(0x00000013f5700000,0x00000013f5800000)]
  0x000001c6bf105800 JavaThread "jar transforms Thread 3" [_thread_blocked, id=15056, stack(0x00000013f5800000,0x00000013f5900000)]
  0x000001c6bf0ff800 JavaThread "jar transforms Thread 4" [_thread_blocked, id=9136, stack(0x00000013f5900000,0x00000013f5a00000)]
  0x000001c6bf108800 JavaThread "jar transforms Thread 5" [_thread_blocked, id=8508, stack(0x00000013f5a00000,0x00000013f5b00000)]
  0x000001c6bf10b000 JavaThread "jar transforms Thread 6" [_thread_blocked, id=6828, stack(0x00000013f5b00000,0x00000013f5c00000)]
  0x000001c6bf109800 JavaThread "jar transforms Thread 7" [_thread_blocked, id=8544, stack(0x00000013f5c00000,0x00000013f5d00000)]
  0x000001c6bf10a800 JavaThread "Cache worker for dependencies-accessors (D:\MindHub\FS025\PROYECTOS\Java\homebanking\.gradle\7.3.2\dependencies-accessors)" [_thread_blocked, id=14640, stack(0x00000013f5d00000,0x00000013f5e00000)]
  0x000001c6bf10c000 JavaThread "jar transforms Thread 8" [_thread_blocked, id=14196, stack(0x00000013f5e00000,0x00000013f5f00000)]
  0x000001c6bf108000 JavaThread "Cache worker for Build Output Cleanup Cache (D:\MindHub\FS025\PROYECTOS\Java\homebanking\.gradle\buildOutputCleanup)" [_thread_blocked, id=9836, stack(0x00000013f5f00000,0x00000013f6000000)]
  0x000001c6bf106000 JavaThread "Unconstrained build operations" [_thread_blocked, id=2852, stack(0x00000013f6000000,0x00000013f6100000)]
  0x000001c6bf107000 JavaThread "Unconstrained build operations Thread 2" [_thread_blocked, id=7136, stack(0x00000013f6100000,0x00000013f6200000)]
  0x000001c6bf10c800 JavaThread "Unconstrained build operations Thread 3" [_thread_blocked, id=3360, stack(0x00000013f6200000,0x00000013f6300000)]
  0x000001c6c0a9d800 JavaThread "Unconstrained build operations Thread 4" [_thread_blocked, id=2312, stack(0x00000013f6300000,0x00000013f6400000)]
  0x000001c6c0a9e800 JavaThread "Unconstrained build operations Thread 5" [_thread_blocked, id=9228, stack(0x00000013f6400000,0x00000013f6500000)]
  0x000001c6c0a9c000 JavaThread "Unconstrained build operations Thread 6" [_thread_blocked, id=84, stack(0x00000013f6500000,0x00000013f6600000)]
  0x000001c6c0a98800 JavaThread "Unconstrained build operations Thread 7" [_thread_blocked, id=1384, stack(0x00000013f6600000,0x00000013f6700000)]
  0x000001c6c0a9c800 JavaThread "Unconstrained build operations Thread 8" [_thread_blocked, id=9564, stack(0x00000013f6700000,0x00000013f6800000)]
  0x000001c6c0a9f000 JavaThread "Unconstrained build operations Thread 9" [_thread_blocked, id=7112, stack(0x00000013f6800000,0x00000013f6900000)]
  0x000001c6c0a99800 JavaThread "Unconstrained build operations Thread 10" [_thread_blocked, id=14756, stack(0x00000013f6900000,0x00000013f6a00000)]
  0x000001c6c0aa0000 JavaThread "Unconstrained build operations Thread 11" [_thread_blocked, id=15024, stack(0x00000013f6a00000,0x00000013f6b00000)]
  0x000001c6c0a9a000 JavaThread "Unconstrained build operations Thread 12" [_thread_blocked, id=14360, stack(0x00000013f6b00000,0x00000013f6c00000)]
  0x000001c6c0aa1000 JavaThread "Unconstrained build operations Thread 13" [_thread_blocked, id=4004, stack(0x00000013f6c00000,0x00000013f6d00000)]
  0x000001c6c0a9b000 JavaThread "Unconstrained build operations Thread 14" [_thread_blocked, id=4664, stack(0x00000013f6d00000,0x00000013f6e00000)]
  0x000001c6c0aa7800 JavaThread "Unconstrained build operations Thread 15" [_thread_blocked, id=13008, stack(0x00000013f6e00000,0x00000013f6f00000)]
  0x000001c6c0aa6800 JavaThread "Unconstrained build operations Thread 16" [_thread_blocked, id=15904, stack(0x00000013f6f00000,0x00000013f7000000)]
  0x000001c6c0aa4000 JavaThread "Unconstrained build operations Thread 17" [_thread_blocked, id=16032, stack(0x00000013f7000000,0x00000013f7100000)]
  0x000001c6c0aa5000 JavaThread "Memory manager" [_thread_blocked, id=8828, stack(0x00000013f7100000,0x00000013f7200000)]
  0x000001c6c0aa3000 JavaThread "Execution worker for ':'" [_thread_blocked, id=8140, stack(0x00000013f7200000,0x00000013f7300000)]
  0x000001c6c0aa1800 JavaThread "Execution worker for ':' Thread 2" [_thread_blocked, id=9768, stack(0x00000013f7300000,0x00000013f7400000)]
  0x000001c6c0aa5800 JavaThread "Execution worker for ':' Thread 3" [_thread_blocked, id=5360, stack(0x00000013f7400000,0x00000013f7500000)]
  0x000001c6c0aa2800 JavaThread "Execution worker for ':' Thread 4" [_thread_blocked, id=3516, stack(0x00000013f7500000,0x00000013f7600000)]
  0x000001c6bed94000 JavaThread "Execution worker for ':' Thread 5" [_thread_blocked, id=15928, stack(0x00000013f7600000,0x00000013f7700000)]
  0x000001c6bed93000 JavaThread "Execution worker for ':' Thread 6" [_thread_blocked, id=8380, stack(0x00000013f7700000,0x00000013f7800000)]
  0x000001c6bed95000 JavaThread "Execution worker for ':' Thread 7" [_thread_blocked, id=15536, stack(0x00000013f7800000,0x00000013f7900000)]
  0x000001c6bed92800 JavaThread "Cache worker for execution history cache (D:\MindHub\FS025\PROYECTOS\Java\homebanking\.gradle\7.3.2\executionHistory)" [_thread_blocked, id=11952, stack(0x00000013f7900000,0x00000013f7a00000)]
  0x000001c6bed8f000 JavaThread "Unconstrained build operations Thread 18" [_thread_blocked, id=10920, stack(0x00000013f7a00000,0x00000013f7b00000)]
  0x000001c6bed95800 JavaThread "Unconstrained build operations Thread 19" [_thread_blocked, id=13992, stack(0x00000013f7b00000,0x00000013f7c00000)]
  0x000001c6bed91000 JavaThread "Unconstrained build operations Thread 20" [_thread_blocked, id=14460, stack(0x00000013f7c00000,0x00000013f7d00000)]
  0x000001c6bed90000 JavaThread "Unconstrained build operations Thread 21" [_thread_blocked, id=7792, stack(0x00000013f7d00000,0x00000013f7e00000)]
  0x000001c6bed91800 JavaThread "Unconstrained build operations Thread 22" [_thread_blocked, id=6296, stack(0x00000013f7e00000,0x00000013f7f00000)]
  0x000001c6c3d0a000 JavaThread "Unconstrained build operations Thread 23" [_thread_blocked, id=14768, stack(0x00000013f7f00000,0x00000013f8000000)]
  0x000001c6c3d0a800 JavaThread "Unconstrained build operations Thread 24" [_thread_blocked, id=15100, stack(0x00000013f8000000,0x00000013f8100000)]
  0x000001c6c3d08800 JavaThread "Unconstrained build operations Thread 25" [_thread_blocked, id=13384, stack(0x00000013f8100000,0x00000013f8200000)]
  0x000001c6c3d0d000 JavaThread "Unconstrained build operations Thread 26" [_thread_blocked, id=8116, stack(0x00000013f8200000,0x00000013f8300000)]
  0x000001c6c3d0b800 JavaThread "Unconstrained build operations Thread 27" [_thread_blocked, id=13428, stack(0x00000013f8300000,0x00000013f8400000)]
  0x000001c6c3d0c800 JavaThread "Unconstrained build operations Thread 28" [_thread_blocked, id=12656, stack(0x00000013f8400000,0x00000013f8500000)]
  0x000001c6c3d0e000 JavaThread "Unconstrained build operations Thread 29" [_thread_blocked, id=12864, stack(0x00000013f8500000,0x00000013f8600000)]
  0x000001c6c3d0f000 JavaThread "Unconstrained build operations Thread 30" [_thread_blocked, id=10944, stack(0x00000013f8600000,0x00000013f8700000)]
  0x000001c6c3d09000 JavaThread "Unconstrained build operations Thread 31" [_thread_blocked, id=11968, stack(0x00000013f8700000,0x00000013f8800000)]
  0x000001c6c3d14800 JavaThread "Unconstrained build operations Thread 32" [_thread_blocked, id=9620, stack(0x00000013f8800000,0x00000013f8900000)]
  0x000001c6c3d10800 JavaThread "Unconstrained build operations Thread 33" [_thread_blocked, id=8152, stack(0x00000013f8900000,0x00000013f8a00000)]
  0x000001c6c3d15800 JavaThread "Unconstrained build operations Thread 34" [_thread_blocked, id=3716, stack(0x00000013f8a00000,0x00000013f8b00000)]
  0x000001c6c3d0f800 JavaThread "Unconstrained build operations Thread 35" [_thread_blocked, id=7956, stack(0x00000013f8b00000,0x00000013f8c00000)]
  0x000001c6c3d12000 JavaThread "Unconstrained build operations Thread 36" [_thread_blocked, id=15044, stack(0x00000013f8c00000,0x00000013f8d00000)]
  0x000001c6c3d16000 JavaThread "Unconstrained build operations Thread 37" [_thread_blocked, id=11972, stack(0x00000013f8d00000,0x00000013f8e00000)]
  0x000001c6c3d13000 JavaThread "Unconstrained build operations Thread 38" [_thread_blocked, id=1228, stack(0x00000013f8e00000,0x00000013f8f00000)]
  0x000001c6c3d11000 JavaThread "Unconstrained build operations Thread 39" [_thread_blocked, id=14984, stack(0x00000013f8f00000,0x00000013f9000000)]
  0x000001c6c3d17000 JavaThread "Unconstrained build operations Thread 40" [_thread_blocked, id=9808, stack(0x00000013f9000000,0x00000013f9100000)]
  0x000001c6c3d13800 JavaThread "Unconstrained build operations Thread 41" [_thread_blocked, id=4608, stack(0x00000013f9100000,0x00000013f9200000)]
  0x000001c6c4fb4000 JavaThread "Unconstrained build operations Thread 42" [_thread_blocked, id=14260, stack(0x00000013f9200000,0x00000013f9300000)]
  0x000001c6c4fb3000 JavaThread "Unconstrained build operations Thread 43" [_thread_blocked, id=14524, stack(0x00000013f9300000,0x00000013f9400000)]
  0x000001c6c4fb2000 JavaThread "Unconstrained build operations Thread 44" [_thread_blocked, id=1920, stack(0x00000013f9400000,0x00000013f9500000)]
  0x000001c6c4fb6800 JavaThread "Unconstrained build operations Thread 45" [_thread_blocked, id=7156, stack(0x00000013f9500000,0x00000013f9600000)]
  0x000001c6c4fba800 JavaThread "Unconstrained build operations Thread 46" [_thread_blocked, id=15300, stack(0x00000013f9600000,0x00000013f9700000)]
  0x000001c6c4fb4800 JavaThread "Unconstrained build operations Thread 47" [_thread_blocked, id=9448, stack(0x00000013f9700000,0x00000013f9800000)]
  0x000001c6c4fb8000 JavaThread "Unconstrained build operations Thread 48" [_thread_blocked, id=3712, stack(0x00000013f9800000,0x00000013f9900000)]
  0x000001c6c4fbb000 JavaThread "Unconstrained build operations Thread 49" [_thread_blocked, id=13656, stack(0x00000013f9900000,0x00000013f9a00000)]
  0x000001c6c4fb5800 JavaThread "Unconstrained build operations Thread 50" [_thread_blocked, id=2632, stack(0x00000013f9a00000,0x00000013f9b00000)]
  0x000001c6c4fbc000 JavaThread "Unconstrained build operations Thread 51" [_thread_blocked, id=3904, stack(0x00000013f9b00000,0x00000013f9c00000)]
  0x000001c6c4fbd000 JavaThread "Unconstrained build operations Thread 52" [_thread_blocked, id=10236, stack(0x00000013f9c00000,0x00000013f9d00000)]
  0x000001c6c4fb9800 JavaThread "Unconstrained build operations Thread 53" [_thread_blocked, id=13056, stack(0x00000013f9d00000,0x00000013f9e00000)]
  0x000001c6c4fb8800 JavaThread "Unconstrained build operations Thread 54" [_thread_blocked, id=6564, stack(0x00000013f9e00000,0x00000013f9f00000)]
  0x000001c6c4fb7000 JavaThread "Unconstrained build operations Thread 55" [_thread_blocked, id=15696, stack(0x00000013f9f00000,0x00000013fa000000)]
  0x000001c6c4fc0000 JavaThread "Unconstrained build operations Thread 56" [_thread_blocked, id=11024, stack(0x00000013fa000000,0x00000013fa100000)]
  0x000001c6c4fc1000 JavaThread "Unconstrained build operations Thread 57" [_thread_blocked, id=16100, stack(0x00000013fa100000,0x00000013fa200000)]
  0x000001c6c4fbd800 JavaThread "Unconstrained build operations Thread 58" [_thread_blocked, id=13320, stack(0x00000013fa200000,0x00000013fa300000)]
  0x000001c6c4fbe800 JavaThread "Unconstrained build operations Thread 59" [_thread_blocked, id=2844, stack(0x00000013fa300000,0x00000013fa400000)]
  0x000001c6c4fbf800 JavaThread "Unconstrained build operations Thread 60" [_thread_blocked, id=2552, stack(0x00000013fa400000,0x00000013fa500000)]
  0x000001c6be4ad000 JavaThread "Unconstrained build operations Thread 61" [_thread_blocked, id=2100, stack(0x00000013fa500000,0x00000013fa600000)]
  0x000001c6be4ad800 JavaThread "Unconstrained build operations Thread 62" [_thread_blocked, id=15324, stack(0x00000013fa600000,0x00000013fa700000)]
  0x000001c6be4b0000 JavaThread "Unconstrained build operations Thread 63" [_thread_blocked, id=11924, stack(0x00000013fa700000,0x00000013fa800000)]
  0x000001c6be4b1000 JavaThread "Unconstrained build operations Thread 64" [_thread_blocked, id=13976, stack(0x00000013fa800000,0x00000013fa900000)]
  0x000001c6be4ae800 JavaThread "Unconstrained build operations Thread 65" [_thread_blocked, id=7120, stack(0x00000013fa900000,0x00000013faa00000)]
  0x000001c6be4b2000 JavaThread "Unconstrained build operations Thread 66" [_thread_blocked, id=9520, stack(0x00000013faa00000,0x00000013fab00000)]
  0x000001c6be4ac000 JavaThread "Unconstrained build operations Thread 67" [_thread_blocked, id=4680, stack(0x00000013fab00000,0x00000013fac00000)]
  0x000001c6be4b2800 JavaThread "Unconstrained build operations Thread 68" [_thread_blocked, id=13260, stack(0x00000013fac00000,0x00000013fad00000)]
  0x000001c6be4b5000 JavaThread "Unconstrained build operations Thread 69" [_thread_blocked, id=1076, stack(0x00000013fad00000,0x00000013fae00000)]
  0x000001c6be4b3800 JavaThread "Unconstrained build operations Thread 70" [_thread_blocked, id=12200, stack(0x00000013fae00000,0x00000013faf00000)]
  0x000001c6be4b4000 JavaThread "Unconstrained build operations Thread 71" [_thread_blocked, id=12508, stack(0x00000013faf00000,0x00000013fb000000)]
  0x000001c6be4af800 JavaThread "Unconstrained build operations Thread 72" [_thread_blocked, id=1616, stack(0x00000013fb000000,0x00000013fb100000)]
  0x000001c6be4b9000 JavaThread "Unconstrained build operations Thread 73" [_thread_blocked, id=5908, stack(0x00000013fb100000,0x00000013fb200000)]
  0x000001c6be4ba800 JavaThread "Unconstrained build operations Thread 74" [_thread_blocked, id=1392, stack(0x00000013fb200000,0x00000013fb300000)]
  0x000001c6be4b6000 JavaThread "Unconstrained build operations Thread 75" [_thread_blocked, id=13732, stack(0x00000013fb300000,0x00000013fb400000)]
  0x000001c6be4b7800 JavaThread "Unconstrained build operations Thread 76" [_thread_blocked, id=13372, stack(0x00000013fb400000,0x00000013fb500000)]
  0x000001c6be4b6800 JavaThread "Unconstrained build operations Thread 77" [_thread_blocked, id=1368, stack(0x00000013fb500000,0x00000013fb600000)]
  0x000001c6be4b8800 JavaThread "Unconstrained build operations Thread 78" [_thread_blocked, id=2484, stack(0x00000013fb600000,0x00000013fb700000)]
  0x000001c6be4ba000 JavaThread "Unconstrained build operations Thread 79" [_thread_blocked, id=15716, stack(0x00000013fb700000,0x00000013fb800000)]
  0x000001c6c06fd000 JavaThread "Unconstrained build operations Thread 80" [_thread_blocked, id=5004, stack(0x00000013fb800000,0x00000013fb900000)]
  0x000001c6c06fe000 JavaThread "Exec process" [_thread_in_native, id=12380, stack(0x00000013fb900000,0x00000013fba00000)]
  0x000001c6c06f8000 JavaThread "Exec process Thread 2" [_thread_in_native, id=2372, stack(0x00000013fba00000,0x00000013fbb00000)]
  0x000001c6c06fe800 JavaThread "Exec process Thread 3" [_thread_in_native, id=14440, stack(0x00000013fbb00000,0x00000013fbc00000)]
  0x000001c6c0abb000 JavaThread "C2 CompilerThread1" daemon [_thread_blocked, id=7612, stack(0x00000013f3f00000,0x00000013f4000000)]
  0x000001c6bb552000 JavaThread "C2 CompilerThread2" daemon [_thread_blocked, id=9276, stack(0x00000013f5200000,0x00000013f5300000)]

Other Threads:
  0x000001c6ba302000 VMThread "VM Thread" [stack: 0x00000013f2900000,0x00000013f2a00000] [id=3804]
  0x000001c6baed0800 WatcherThread [stack: 0x00000013f3600000,0x00000013f3700000] [id=12920]
  0x000001c69edaf000 GCTaskThread "GC Thread#0" [stack: 0x00000013f2400000,0x00000013f2500000] [id=9696]
  0x000001c6bb155000 GCTaskThread "GC Thread#1" [stack: 0x00000013f3900000,0x00000013f3a00000] [id=10152]
  0x000001c6bbb87000 GCTaskThread "GC Thread#2" [stack: 0x00000013f3a00000,0x00000013f3b00000] [id=15640]
  0x000001c6bc402000 GCTaskThread "GC Thread#3" [stack: 0x00000013f3b00000,0x00000013f3c00000] [id=3752]
  0x000001c6bc0d4800 GCTaskThread "GC Thread#4" [stack: 0x00000013f3c00000,0x00000013f3d00000] [id=14772]
  0x000001c6bc3c2000 GCTaskThread "GC Thread#5" [stack: 0x00000013f3d00000,0x00000013f3e00000] [id=3916]
  0x000001c6bd5e1000 GCTaskThread "GC Thread#6" [stack: 0x00000013f4a00000,0x00000013f4b00000] [id=8872]
  0x000001c6bd126800 GCTaskThread "GC Thread#7" [stack: 0x00000013f4b00000,0x00000013f4c00000] [id=8460]
  0x000001c69edc6000 ConcurrentGCThread "G1 Main Marker" [stack: 0x00000013f2500000,0x00000013f2600000] [id=3852]
  0x000001c69edc7800 ConcurrentGCThread "G1 Conc#0" [stack: 0x00000013f2600000,0x00000013f2700000] [id=12004]
  0x000001c6bbad8000 ConcurrentGCThread "G1 Conc#1" [stack: 0x00000013f4c00000,0x00000013f4d00000] [id=3412]
  0x000001c6ba196800 ConcurrentGCThread "G1 Refine#0" [stack: 0x00000013f2700000,0x00000013f2800000] [id=12648]
  0x000001c6ba197000 ConcurrentGCThread "G1 Young RemSet Sampling" [stack: 0x00000013f2800000,0x00000013f2900000] [id=11548]

Threads with active compile tasks:
C2 CompilerThread0  13491 8086       4       com.esotericsoftware.kryo.io.Output::writeVarLong (1304 bytes)

VM state:not at safepoint (normal execution)

VM Mutex/Monitor currently owned by a thread: None

Heap address: 0x00000000e0000000, size: 512 MB, Compressed Oops mode: 32-bit
Narrow klass base: 0x0000000000000000, Narrow klass shift: 3
Compressed class space size: 260046848 Address: 0x0000000100000000

Heap:
 garbage-first heap   total 262144K, used 116572K [0x00000000e0000000, 0x0000000100000000)
  region size 1024K, 71 young (72704K), 5 survivors (5120K)
 Metaspace       used 60763K, capacity 62582K, committed 62748K, reserved 309248K
  class space    used 7813K, capacity 8544K, committed 8652K, reserved 253952K
Heap Regions: E=young(eden), S=young(survivor), O=old, HS=humongous(starts), HC=humongous(continues), CS=collection set, F=free, A=archive, TAMS=top-at-mark-start (previous, next)
|   0|0x00000000e0000000, 0x00000000e0100000, 0x00000000e0100000|100%| O|  |TAMS 0x00000000e0100000, 0x00000000e0000000| Untracked 
|   1|0x00000000e0100000, 0x00000000e0200000, 0x00000000e0200000|100%| O|  |TAMS 0x00000000e0200000, 0x00000000e0100000| Untracked 
|   2|0x00000000e0200000, 0x00000000e0300000, 0x00000000e0300000|100%| O|  |TAMS 0x00000000e0300000, 0x00000000e0200000| Untracked 
|   3|0x00000000e0300000, 0x00000000e0400000, 0x00000000e0400000|100%|HS|  |TAMS 0x00000000e0400000, 0x00000000e0300000| Complete 
|   4|0x00000000e0400000, 0x00000000e0500000, 0x00000000e0500000|100%|HC|  |TAMS 0x00000000e0500000, 0x00000000e0400000| Complete 
|   5|0x00000000e0500000, 0x00000000e0600000, 0x00000000e0600000|100%|HC|  |TAMS 0x00000000e0600000, 0x00000000e0500000| Complete 
|   6|0x00000000e0600000, 0x00000000e0700000, 0x00000000e0700000|100%| O|  |TAMS 0x00000000e0700000, 0x00000000e0600000| Untracked 
|   7|0x00000000e0700000, 0x00000000e0800000, 0x00000000e0800000|100%| O|  |TAMS 0x00000000e0800000, 0x00000000e0700000| Untracked 
|   8|0x00000000e0800000, 0x00000000e0900000, 0x00000000e0900000|100%| O|  |TAMS 0x00000000e0900000, 0x00000000e0800000| Untracked 
|   9|0x00000000e0900000, 0x00000000e0a00000, 0x00000000e0a00000|100%| O|  |TAMS 0x00000000e0a00000, 0x00000000e0900000| Untracked 
|  10|0x00000000e0a00000, 0x00000000e0b00000, 0x00000000e0b00000|100%| O|  |TAMS 0x00000000e0b00000, 0x00000000e0a00000| Untracked 
|  11|0x00000000e0b00000, 0x00000000e0c00000, 0x00000000e0c00000|100%| O|  |TAMS 0x00000000e0c00000, 0x00000000e0b00000| Untracked 
|  12|0x00000000e0c00000, 0x00000000e0d00000, 0x00000000e0d00000|100%| O|  |TAMS 0x00000000e0d00000, 0x00000000e0c00000| Untracked 
|  13|0x00000000e0d00000, 0x00000000e0e00000, 0x00000000e0e00000|100%| O|  |TAMS 0x00000000e0e00000, 0x00000000e0d00000| Untracked 
|  14|0x00000000e0e00000, 0x00000000e0f00000, 0x00000000e0f00000|100%| O|  |TAMS 0x00000000e0f00000, 0x00000000e0e00000| Untracked 
|  15|0x00000000e0f00000, 0x00000000e1000000, 0x00000000e1000000|100%| O|  |TAMS 0x00000000e1000000, 0x00000000e0f00000| Untracked 
|  16|0x00000000e1000000, 0x00000000e1100000, 0x00000000e1100000|100%| O|  |TAMS 0x00000000e1100000, 0x00000000e1000000| Untracked 
|  17|0x00000000e1100000, 0x00000000e1200000, 0x00000000e1200000|100%| O|  |TAMS 0x00000000e1200000, 0x00000000e1100000| Untracked 
|  18|0x00000000e1200000, 0x00000000e1300000, 0x00000000e1300000|100%| O|  |TAMS 0x00000000e1300000, 0x00000000e1200000| Untracked 
|  19|0x00000000e1300000, 0x00000000e1400000, 0x00000000e1400000|100%| O|  |TAMS 0x00000000e1400000, 0x00000000e1300000| Untracked 
|  20|0x00000000e1400000, 0x00000000e1500000, 0x00000000e1500000|100%| O|  |TAMS 0x00000000e1500000, 0x00000000e1400000| Untracked 
|  21|0x00000000e1500000, 0x00000000e1600000, 0x00000000e1600000|100%| O|  |TAMS 0x00000000e1600000, 0x00000000e1500000| Untracked 
|  22|0x00000000e1600000, 0x00000000e1700000, 0x00000000e1700000|100%| O|  |TAMS 0x00000000e1700000, 0x00000000e1600000| Untracked 
|  23|0x00000000e1700000, 0x00000000e1800000, 0x00000000e1800000|100%| O|  |TAMS 0x00000000e1800000, 0x00000000e1700000| Untracked 
|  24|0x00000000e1800000, 0x00000000e1900000, 0x00000000e1900000|100%| O|  |TAMS 0x00000000e1900000, 0x00000000e1800000| Untracked 
|  25|0x00000000e1900000, 0x00000000e1a00000, 0x00000000e1a00000|100%| O|  |TAMS 0x00000000e1a00000, 0x00000000e1900000| Untracked 
|  26|0x00000000e1a00000, 0x00000000e1b00000, 0x00000000e1b00000|100%| O|  |TAMS 0x00000000e1b00000, 0x00000000e1a00000| Untracked 
|  27|0x00000000e1b00000, 0x00000000e1c00000, 0x00000000e1c00000|100%| O|  |TAMS 0x00000000e1b9e200, 0x00000000e1b00000| Untracked 
|  28|0x00000000e1c00000, 0x00000000e1d00000, 0x00000000e1d00000|100%|HS|  |TAMS 0x00000000e1c00000, 0x00000000e1c00000| Complete 
|  29|0x00000000e1d00000, 0x00000000e1e00000, 0x00000000e1e00000|100%| O|  |TAMS 0x00000000e1d00000, 0x00000000e1d00000| Untracked 
|  30|0x00000000e1e00000, 0x00000000e1f00000, 0x00000000e1f00000|100%| O|  |TAMS 0x00000000e1e00000, 0x00000000e1e00000| Untracked 
|  31|0x00000000e1f00000, 0x00000000e2000000, 0x00000000e2000000|100%| O|  |TAMS 0x00000000e1f00000, 0x00000000e1f00000| Untracked 
|  32|0x00000000e2000000, 0x00000000e2100000, 0x00000000e2100000|100%| O|  |TAMS 0x00000000e2000000, 0x00000000e2000000| Untracked 
|  33|0x00000000e2100000, 0x00000000e2200000, 0x00000000e2200000|100%| O|  |TAMS 0x00000000e2100000, 0x00000000e2100000| Untracked 
|  34|0x00000000e2200000, 0x00000000e2300000, 0x00000000e2300000|100%| O|  |TAMS 0x00000000e2200000, 0x00000000e2200000| Untracked 
|  35|0x00000000e2300000, 0x00000000e2400000, 0x00000000e2400000|100%| O|  |TAMS 0x00000000e2300000, 0x00000000e2300000| Untracked 
|  36|0x00000000e2400000, 0x00000000e2500000, 0x00000000e2500000|100%| O|  |TAMS 0x00000000e2400000, 0x00000000e2400000| Untracked 
|  37|0x00000000e2500000, 0x00000000e2500000, 0x00000000e2600000|  0%| F|  |TAMS 0x00000000e2500000, 0x00000000e2500000| Untracked 
|  38|0x00000000e2600000, 0x00000000e2600000, 0x00000000e2700000|  0%| F|  |TAMS 0x00000000e2600000, 0x00000000e2600000| Untracked 
|  39|0x00000000e2700000, 0x00000000e2800000, 0x00000000e2800000|100%|HS|  |TAMS 0x00000000e2700000, 0x00000000e2700000| Complete 
|  40|0x00000000e2800000, 0x00000000e2900000, 0x00000000e2900000|100%| O|  |TAMS 0x00000000e2800000, 0x00000000e2800000| Untracked 
|  41|0x00000000e2900000, 0x00000000e2a00000, 0x00000000e2a00000|100%| O|  |TAMS 0x00000000e2900000, 0x00000000e2900000| Untracked 
|  42|0x00000000e2a00000, 0x00000000e2b00000, 0x00000000e2b00000|100%| O|  |TAMS 0x00000000e2a00000, 0x00000000e2a00000| Untracked 
|  43|0x00000000e2b00000, 0x00000000e2c00000, 0x00000000e2c00000|100%| O|  |TAMS 0x00000000e2b00000, 0x00000000e2b00000| Untracked 
|  44|0x00000000e2c00000, 0x00000000e2d00000, 0x00000000e2d00000|100%| O|  |TAMS 0x00000000e2c00000, 0x00000000e2c00000| Untracked 
|  45|0x00000000e2d00000, 0x00000000e2e00000, 0x00000000e2e00000|100%| O|  |TAMS 0x00000000e2d00000, 0x00000000e2d00000| Untracked 
|  46|0x00000000e2e00000, 0x00000000e2efd600, 0x00000000e2f00000| 98%| O|  |TAMS 0x00000000e2e00000, 0x00000000e2e00000| Untracked 
|  47|0x00000000e2f00000, 0x00000000e2f00000, 0x00000000e3000000|  0%| F|  |TAMS 0x00000000e2f00000, 0x00000000e2f00000| Untracked 
|  48|0x00000000e3000000, 0x00000000e3000000, 0x00000000e3100000|  0%| F|  |TAMS 0x00000000e3000000, 0x00000000e3000000| Untracked 
|  49|0x00000000e3100000, 0x00000000e3100000, 0x00000000e3200000|  0%| F|  |TAMS 0x00000000e3100000, 0x00000000e3100000| Untracked 
|  50|0x00000000e3200000, 0x00000000e3200000, 0x00000000e3300000|  0%| F|  |TAMS 0x00000000e3200000, 0x00000000e3200000| Untracked 
|  51|0x00000000e3300000, 0x00000000e3300000, 0x00000000e3400000|  0%| F|  |TAMS 0x00000000e3300000, 0x00000000e3300000| Untracked 
|  52|0x00000000e3400000, 0x00000000e3400000, 0x00000000e3500000|  0%| F|  |TAMS 0x00000000e3400000, 0x00000000e3400000| Untracked 
|  53|0x00000000e3500000, 0x00000000e3500000, 0x00000000e3600000|  0%| F|  |TAMS 0x00000000e3500000, 0x00000000e3500000| Untracked 
|  54|0x00000000e3600000, 0x00000000e3600000, 0x00000000e3700000|  0%| F|  |TAMS 0x00000000e3600000, 0x00000000e3600000| Untracked 
|  55|0x00000000e3700000, 0x00000000e3700000, 0x00000000e3800000|  0%| F|  |TAMS 0x00000000e3700000, 0x00000000e3700000| Untracked 
|  56|0x00000000e3800000, 0x00000000e3800000, 0x00000000e3900000|  0%| F|  |TAMS 0x00000000e3800000, 0x00000000e3800000| Untracked 
|  57|0x00000000e3900000, 0x00000000e3900000, 0x00000000e3a00000|  0%| F|  |TAMS 0x00000000e3900000, 0x00000000e3900000| Untracked 
|  58|0x00000000e3a00000, 0x00000000e3a00000, 0x00000000e3b00000|  0%| F|  |TAMS 0x00000000e3a00000, 0x00000000e3a00000| Untracked 
|  59|0x00000000e3b00000, 0x00000000e3b00000, 0x00000000e3c00000|  0%| F|  |TAMS 0x00000000e3b00000, 0x00000000e3b00000| Untracked 
|  60|0x00000000e3c00000, 0x00000000e3c00000, 0x00000000e3d00000|  0%| F|  |TAMS 0x00000000e3c00000, 0x00000000e3c00000| Untracked 
|  61|0x00000000e3d00000, 0x00000000e3d00000, 0x00000000e3e00000|  0%| F|  |TAMS 0x00000000e3d00000, 0x00000000e3d00000| Untracked 
|  62|0x00000000e3e00000, 0x00000000e3e00000, 0x00000000e3f00000|  0%| F|  |TAMS 0x00000000e3e00000, 0x00000000e3e00000| Untracked 
|  63|0x00000000e3f00000, 0x00000000e3f00000, 0x00000000e4000000|  0%| F|  |TAMS 0x00000000e3f00000, 0x00000000e3f00000| Untracked 
|  64|0x00000000e4000000, 0x00000000e4000000, 0x00000000e4100000|  0%| F|  |TAMS 0x00000000e4000000, 0x00000000e4000000| Untracked 
|  65|0x00000000e4100000, 0x00000000e4100000, 0x00000000e4200000|  0%| F|  |TAMS 0x00000000e4100000, 0x00000000e4100000| Untracked 
|  66|0x00000000e4200000, 0x00000000e4200000, 0x00000000e4300000|  0%| F|  |TAMS 0x00000000e4200000, 0x00000000e4200000| Untracked 
|  67|0x00000000e4300000, 0x00000000e4300000, 0x00000000e4400000|  0%| F|  |TAMS 0x00000000e4300000, 0x00000000e4300000| Untracked 
|  68|0x00000000e4400000, 0x00000000e4400000, 0x00000000e4500000|  0%| F|  |TAMS 0x00000000e4400000, 0x00000000e4400000| Untracked 
|  69|0x00000000e4500000, 0x00000000e4500000, 0x00000000e4600000|  0%| F|  |TAMS 0x00000000e4500000, 0x00000000e4500000| Untracked 
|  70|0x00000000e4600000, 0x00000000e4600000, 0x00000000e4700000|  0%| F|  |TAMS 0x00000000e4600000, 0x00000000e4600000| Untracked 
|  71|0x00000000e4700000, 0x00000000e4700000, 0x00000000e4800000|  0%| F|  |TAMS 0x00000000e4700000, 0x00000000e4700000| Untracked 
|  72|0x00000000e4800000, 0x00000000e4800000, 0x00000000e4900000|  0%| F|  |TAMS 0x00000000e4800000, 0x00000000e4800000| Untracked 
|  73|0x00000000e4900000, 0x00000000e4900000, 0x00000000e4a00000|  0%| F|  |TAMS 0x00000000e4900000, 0x00000000e4900000| Untracked 
|  74|0x00000000e4a00000, 0x00000000e4a00000, 0x00000000e4b00000|  0%| F|  |TAMS 0x00000000e4a00000, 0x00000000e4a00000| Untracked 
|  75|0x00000000e4b00000, 0x00000000e4b00000, 0x00000000e4c00000|  0%| F|  |TAMS 0x00000000e4b00000, 0x00000000e4b00000| Untracked 
|  76|0x00000000e4c00000, 0x00000000e4c00000, 0x00000000e4d00000|  0%| F|  |TAMS 0x00000000e4c00000, 0x00000000e4c00000| Untracked 
|  77|0x00000000e4d00000, 0x00000000e4d00000, 0x00000000e4e00000|  0%| F|  |TAMS 0x00000000e4d00000, 0x00000000e4d00000| Untracked 
|  78|0x00000000e4e00000, 0x00000000e4e00000, 0x00000000e4f00000|  0%| F|  |TAMS 0x00000000e4e00000, 0x00000000e4e00000| Untracked 
|  79|0x00000000e4f00000, 0x00000000e4f00000, 0x00000000e5000000|  0%| F|  |TAMS 0x00000000e4f00000, 0x00000000e4f00000| Untracked 
|  80|0x00000000e5000000, 0x00000000e5000000, 0x00000000e5100000|  0%| F|  |TAMS 0x00000000e5000000, 0x00000000e5000000| Untracked 
|  81|0x00000000e5100000, 0x00000000e5100000, 0x00000000e5200000|  0%| F|  |TAMS 0x00000000e5100000, 0x00000000e5100000| Untracked 
|  82|0x00000000e5200000, 0x00000000e5200000, 0x00000000e5300000|  0%| F|  |TAMS 0x00000000e5200000, 0x00000000e5200000| Untracked 
|  83|0x00000000e5300000, 0x00000000e5300000, 0x00000000e5400000|  0%| F|  |TAMS 0x00000000e5300000, 0x00000000e5300000| Untracked 
|  84|0x00000000e5400000, 0x00000000e5400000, 0x00000000e5500000|  0%| F|  |TAMS 0x00000000e5400000, 0x00000000e5400000| Untracked 
|  85|0x00000000e5500000, 0x00000000e5500000, 0x00000000e5600000|  0%| F|  |TAMS 0x00000000e5500000, 0x00000000e5500000| Untracked 
|  86|0x00000000e5600000, 0x00000000e5600000, 0x00000000e5700000|  0%| F|  |TAMS 0x00000000e5600000, 0x00000000e5600000| Untracked 
|  87|0x00000000e5700000, 0x00000000e5700000, 0x00000000e5800000|  0%| F|  |TAMS 0x00000000e5700000, 0x00000000e5700000| Untracked 
|  88|0x00000000e5800000, 0x00000000e5800000, 0x00000000e5900000|  0%| F|  |TAMS 0x00000000e5800000, 0x00000000e5800000| Untracked 
|  89|0x00000000e5900000, 0x00000000e5900000, 0x00000000e5a00000|  0%| F|  |TAMS 0x00000000e5900000, 0x00000000e5900000| Untracked 
|  90|0x00000000e5a00000, 0x00000000e5a00000, 0x00000000e5b00000|  0%| F|  |TAMS 0x00000000e5a00000, 0x00000000e5a00000| Untracked 
|  91|0x00000000e5b00000, 0x00000000e5b00000, 0x00000000e5c00000|  0%| F|  |TAMS 0x00000000e5b00000, 0x00000000e5b00000| Untracked 
|  92|0x00000000e5c00000, 0x00000000e5c00000, 0x00000000e5d00000|  0%| F|  |TAMS 0x00000000e5c00000, 0x00000000e5c00000| Untracked 
|  93|0x00000000e5d00000, 0x00000000e5d00000, 0x00000000e5e00000|  0%| F|  |TAMS 0x00000000e5d00000, 0x00000000e5d00000| Untracked 
|  94|0x00000000e5e00000, 0x00000000e5e00000, 0x00000000e5f00000|  0%| F|  |TAMS 0x00000000e5e00000, 0x00000000e5e00000| Untracked 
|  95|0x00000000e5f00000, 0x00000000e5f00000, 0x00000000e6000000|  0%| F|  |TAMS 0x00000000e5f00000, 0x00000000e5f00000| Untracked 
|  96|0x00000000e6000000, 0x00000000e6000000, 0x00000000e6100000|  0%| F|  |TAMS 0x00000000e6000000, 0x00000000e6000000| Untracked 
|  97|0x00000000e6100000, 0x00000000e6100000, 0x00000000e6200000|  0%| F|  |TAMS 0x00000000e6100000, 0x00000000e6100000| Untracked 
|  98|0x00000000e6200000, 0x00000000e6200000, 0x00000000e6300000|  0%| F|  |TAMS 0x00000000e6200000, 0x00000000e6200000| Untracked 
|  99|0x00000000e6300000, 0x00000000e6300000, 0x00000000e6400000|  0%| F|  |TAMS 0x00000000e6300000, 0x00000000e6300000| Untracked 
| 100|0x00000000e6400000, 0x00000000e6400000, 0x00000000e6500000|  0%| F|  |TAMS 0x00000000e6400000, 0x00000000e6400000| Untracked 
| 101|0x00000000e6500000, 0x00000000e6500000, 0x00000000e6600000|  0%| F|  |TAMS 0x00000000e6500000, 0x00000000e6500000| Untracked 
| 102|0x00000000e6600000, 0x00000000e6600000, 0x00000000e6700000|  0%| F|  |TAMS 0x00000000e6600000, 0x00000000e6600000| Untracked 
| 103|0x00000000e6700000, 0x00000000e6700000, 0x00000000e6800000|  0%| F|  |TAMS 0x00000000e6700000, 0x00000000e6700000| Untracked 
| 104|0x00000000e6800000, 0x00000000e6800000, 0x00000000e6900000|  0%| F|  |TAMS 0x00000000e6800000, 0x00000000e6800000| Untracked 
| 105|0x00000000e6900000, 0x00000000e6900000, 0x00000000e6a00000|  0%| F|  |TAMS 0x00000000e6900000, 0x00000000e6900000| Untracked 
| 106|0x00000000e6a00000, 0x00000000e6a00000, 0x00000000e6b00000|  0%| F|  |TAMS 0x00000000e6a00000, 0x00000000e6a00000| Untracked 
| 107|0x00000000e6b00000, 0x00000000e6b00000, 0x00000000e6c00000|  0%| F|  |TAMS 0x00000000e6b00000, 0x00000000e6b00000| Untracked 
| 108|0x00000000e6c00000, 0x00000000e6c00000, 0x00000000e6d00000|  0%| F|  |TAMS 0x00000000e6c00000, 0x00000000e6c00000| Untracked 
| 109|0x00000000e6d00000, 0x00000000e6d00000, 0x00000000e6e00000|  0%| F|  |TAMS 0x00000000e6d00000, 0x00000000e6d00000| Untracked 
| 110|0x00000000e6e00000, 0x00000000e6ed9dd0, 0x00000000e6f00000| 85%| S|CS|TAMS 0x00000000e6e00000, 0x00000000e6e00000| Complete 
| 111|0x00000000e6f00000, 0x00000000e7000000, 0x00000000e7000000|100%| S|CS|TAMS 0x00000000e6f00000, 0x00000000e6f00000| Complete 
| 112|0x00000000e7000000, 0x00000000e7100000, 0x00000000e7100000|100%| S|CS|TAMS 0x00000000e7000000, 0x00000000e7000000| Complete 
| 113|0x00000000e7100000, 0x00000000e7200000, 0x00000000e7200000|100%| S|CS|TAMS 0x00000000e7100000, 0x00000000e7100000| Complete 
| 114|0x00000000e7200000, 0x00000000e7300000, 0x00000000e7300000|100%| S|CS|TAMS 0x00000000e7200000, 0x00000000e7200000| Complete 
| 115|0x00000000e7300000, 0x00000000e7300000, 0x00000000e7400000|  0%| F|  |TAMS 0x00000000e7300000, 0x00000000e7300000| Untracked 
| 116|0x00000000e7400000, 0x00000000e7400000, 0x00000000e7500000|  0%| F|  |TAMS 0x00000000e7400000, 0x00000000e7400000| Untracked 
| 117|0x00000000e7500000, 0x00000000e7500000, 0x00000000e7600000|  0%| F|  |TAMS 0x00000000e7500000, 0x00000000e7500000| Untracked 
| 118|0x00000000e7600000, 0x00000000e7600000, 0x00000000e7700000|  0%| F|  |TAMS 0x00000000e7600000, 0x00000000e7600000| Untracked 
| 119|0x00000000e7700000, 0x00000000e7700000, 0x00000000e7800000|  0%| F|  |TAMS 0x00000000e7700000, 0x00000000e7700000| Untracked 
| 120|0x00000000e7800000, 0x00000000e7800000, 0x00000000e7900000|  0%| F|  |TAMS 0x00000000e7800000, 0x00000000e7800000| Untracked 
| 121|0x00000000e7900000, 0x00000000e7900000, 0x00000000e7a00000|  0%| F|  |TAMS 0x00000000e7900000, 0x00000000e7900000| Untracked 
| 122|0x00000000e7a00000, 0x00000000e7a00000, 0x00000000e7b00000|  0%| F|  |TAMS 0x00000000e7a00000, 0x00000000e7a00000| Untracked 
| 123|0x00000000e7b00000, 0x00000000e7b00000, 0x00000000e7c00000|  0%| F|  |TAMS 0x00000000e7b00000, 0x00000000e7b00000| Untracked 
| 124|0x00000000e7c00000, 0x00000000e7c00000, 0x00000000e7d00000|  0%| F|  |TAMS 0x00000000e7c00000, 0x00000000e7c00000| Untracked 
| 125|0x00000000e7d00000, 0x00000000e7d00000, 0x00000000e7e00000|  0%| F|  |TAMS 0x00000000e7d00000, 0x00000000e7d00000| Untracked 
| 126|0x00000000e7e00000, 0x00000000e7e00000, 0x00000000e7f00000|  0%| F|  |TAMS 0x00000000e7e00000, 0x00000000e7e00000| Untracked 
| 127|0x00000000e7f00000, 0x00000000e7f00000, 0x00000000e8000000|  0%| F|  |TAMS 0x00000000e7f00000, 0x00000000e7f00000| Untracked 
| 128|0x00000000e8000000, 0x00000000e8000000, 0x00000000e8100000|  0%| F|  |TAMS 0x00000000e8000000, 0x00000000e8000000| Untracked 
| 129|0x00000000e8100000, 0x00000000e8100000, 0x00000000e8200000|  0%| F|  |TAMS 0x00000000e8100000, 0x00000000e8100000| Untracked 
| 130|0x00000000e8200000, 0x00000000e8200000, 0x00000000e8300000|  0%| F|  |TAMS 0x00000000e8200000, 0x00000000e8200000| Untracked 
| 131|0x00000000e8300000, 0x00000000e8300000, 0x00000000e8400000|  0%| F|  |TAMS 0x00000000e8300000, 0x00000000e8300000| Untracked 
| 132|0x00000000e8400000, 0x00000000e8400000, 0x00000000e8500000|  0%| F|  |TAMS 0x00000000e8400000, 0x00000000e8400000| Untracked 
| 133|0x00000000e8500000, 0x00000000e8500000, 0x00000000e8600000|  0%| F|  |TAMS 0x00000000e8500000, 0x00000000e8500000| Untracked 
| 134|0x00000000e8600000, 0x00000000e8600000, 0x00000000e8700000|  0%| F|  |TAMS 0x00000000e8600000, 0x00000000e8600000| Untracked 
| 135|0x00000000e8700000, 0x00000000e8700000, 0x00000000e8800000|  0%| F|  |TAMS 0x00000000e8700000, 0x00000000e8700000| Untracked 
| 136|0x00000000e8800000, 0x00000000e8800000, 0x00000000e8900000|  0%| F|  |TAMS 0x00000000e8800000, 0x00000000e8800000| Untracked 
| 137|0x00000000e8900000, 0x00000000e8900000, 0x00000000e8a00000|  0%| F|  |TAMS 0x00000000e8900000, 0x00000000e8900000| Untracked 
| 138|0x00000000e8a00000, 0x00000000e8a00000, 0x00000000e8b00000|  0%| F|  |TAMS 0x00000000e8a00000, 0x00000000e8a00000| Untracked 
| 139|0x00000000e8b00000, 0x00000000e8b00000, 0x00000000e8c00000|  0%| F|  |TAMS 0x00000000e8b00000, 0x00000000e8b00000| Untracked 
| 140|0x00000000e8c00000, 0x00000000e8c00000, 0x00000000e8d00000|  0%| F|  |TAMS 0x00000000e8c00000, 0x00000000e8c00000| Untracked 
| 141|0x00000000e8d00000, 0x00000000e8d00000, 0x00000000e8e00000|  0%| F|  |TAMS 0x00000000e8d00000, 0x00000000e8d00000| Untracked 
| 142|0x00000000e8e00000, 0x00000000e8e00000, 0x00000000e8f00000|  0%| F|  |TAMS 0x00000000e8e00000, 0x00000000e8e00000| Untracked 
| 143|0x00000000e8f00000, 0x00000000e8f00000, 0x00000000e9000000|  0%| F|  |TAMS 0x00000000e8f00000, 0x00000000e8f00000| Untracked 
| 144|0x00000000e9000000, 0x00000000e9000000, 0x00000000e9100000|  0%| F|  |TAMS 0x00000000e9000000, 0x00000000e9000000| Untracked 
| 145|0x00000000e9100000, 0x00000000e9100000, 0x00000000e9200000|  0%| F|  |TAMS 0x00000000e9100000, 0x00000000e9100000| Untracked 
| 146|0x00000000e9200000, 0x00000000e9200000, 0x00000000e9300000|  0%| F|  |TAMS 0x00000000e9200000, 0x00000000e9200000| Untracked 
| 147|0x00000000e9300000, 0x00000000e9300000, 0x00000000e9400000|  0%| F|  |TAMS 0x00000000e9300000, 0x00000000e9300000| Untracked 
| 148|0x00000000e9400000, 0x00000000e9400000, 0x00000000e9500000|  0%| F|  |TAMS 0x00000000e9400000, 0x00000000e9400000| Untracked 
| 149|0x00000000e9500000, 0x00000000e9500000, 0x00000000e9600000|  0%| F|  |TAMS 0x00000000e9500000, 0x00000000e9500000| Untracked 
| 150|0x00000000e9600000, 0x00000000e9600000, 0x00000000e9700000|  0%| F|  |TAMS 0x00000000e9600000, 0x00000000e9600000| Untracked 
| 151|0x00000000e9700000, 0x00000000e9700000, 0x00000000e9800000|  0%| F|  |TAMS 0x00000000e9700000, 0x00000000e9700000| Untracked 
| 152|0x00000000e9800000, 0x00000000e9800000, 0x00000000e9900000|  0%| F|  |TAMS 0x00000000e9800000, 0x00000000e9800000| Untracked 
| 153|0x00000000e9900000, 0x00000000e9900000, 0x00000000e9a00000|  0%| F|  |TAMS 0x00000000e9900000, 0x00000000e9900000| Untracked 
| 154|0x00000000e9a00000, 0x00000000e9a00000, 0x00000000e9b00000|  0%| F|  |TAMS 0x00000000e9a00000, 0x00000000e9a00000| Untracked 
| 155|0x00000000e9b00000, 0x00000000e9b00000, 0x00000000e9c00000|  0%| F|  |TAMS 0x00000000e9b00000, 0x00000000e9b00000| Untracked 
| 156|0x00000000e9c00000, 0x00000000e9c00000, 0x00000000e9d00000|  0%| F|  |TAMS 0x00000000e9c00000, 0x00000000e9c00000| Untracked 
| 157|0x00000000e9d00000, 0x00000000e9d00000, 0x00000000e9e00000|  0%| F|  |TAMS 0x00000000e9d00000, 0x00000000e9d00000| Untracked 
| 158|0x00000000e9e00000, 0x00000000e9e00000, 0x00000000e9f00000|  0%| F|  |TAMS 0x00000000e9e00000, 0x00000000e9e00000| Untracked 
| 159|0x00000000e9f00000, 0x00000000e9f00000, 0x00000000ea000000|  0%| F|  |TAMS 0x00000000e9f00000, 0x00000000e9f00000| Untracked 
| 160|0x00000000ea000000, 0x00000000ea000000, 0x00000000ea100000|  0%| F|  |TAMS 0x00000000ea000000, 0x00000000ea000000| Untracked 
| 161|0x00000000ea100000, 0x00000000ea100000, 0x00000000ea200000|  0%| F|  |TAMS 0x00000000ea100000, 0x00000000ea100000| Untracked 
| 162|0x00000000ea200000, 0x00000000ea200000, 0x00000000ea300000|  0%| F|  |TAMS 0x00000000ea200000, 0x00000000ea200000| Untracked 
| 163|0x00000000ea300000, 0x00000000ea300000, 0x00000000ea400000|  0%| F|  |TAMS 0x00000000ea300000, 0x00000000ea300000| Untracked 
| 164|0x00000000ea400000, 0x00000000ea400000, 0x00000000ea500000|  0%| F|  |TAMS 0x00000000ea400000, 0x00000000ea400000| Untracked 
| 165|0x00000000ea500000, 0x00000000ea500000, 0x00000000ea600000|  0%| F|  |TAMS 0x00000000ea500000, 0x00000000ea500000| Untracked 
| 166|0x00000000ea600000, 0x00000000ea600000, 0x00000000ea700000|  0%| F|  |TAMS 0x00000000ea600000, 0x00000000ea600000| Untracked 
| 167|0x00000000ea700000, 0x00000000ea700000, 0x00000000ea800000|  0%| F|  |TAMS 0x00000000ea700000, 0x00000000ea700000| Untracked 
| 168|0x00000000ea800000, 0x00000000ea800000, 0x00000000ea900000|  0%| F|  |TAMS 0x00000000ea800000, 0x00000000ea800000| Untracked 
| 169|0x00000000ea900000, 0x00000000ea900000, 0x00000000eaa00000|  0%| F|  |TAMS 0x00000000ea900000, 0x00000000ea900000| Untracked 
| 170|0x00000000eaa00000, 0x00000000eaa00000, 0x00000000eab00000|  0%| F|  |TAMS 0x00000000eaa00000, 0x00000000eaa00000| Untracked 
| 171|0x00000000eab00000, 0x00000000eab00000, 0x00000000eac00000|  0%| F|  |TAMS 0x00000000eab00000, 0x00000000eab00000| Untracked 
| 172|0x00000000eac00000, 0x00000000eac00000, 0x00000000ead00000|  0%| F|  |TAMS 0x00000000eac00000, 0x00000000eac00000| Untracked 
| 173|0x00000000ead00000, 0x00000000ead00000, 0x00000000eae00000|  0%| F|  |TAMS 0x00000000ead00000, 0x00000000ead00000| Untracked 
| 174|0x00000000eae00000, 0x00000000eae00000, 0x00000000eaf00000|  0%| F|  |TAMS 0x00000000eae00000, 0x00000000eae00000| Untracked 
| 175|0x00000000eaf00000, 0x00000000eaf00000, 0x00000000eb000000|  0%| F|  |TAMS 0x00000000eaf00000, 0x00000000eaf00000| Untracked 
| 176|0x00000000eb000000, 0x00000000eb000000, 0x00000000eb100000|  0%| F|  |TAMS 0x00000000eb000000, 0x00000000eb000000| Untracked 
| 177|0x00000000eb100000, 0x00000000eb100000, 0x00000000eb200000|  0%| F|  |TAMS 0x00000000eb100000, 0x00000000eb100000| Untracked 
| 178|0x00000000eb200000, 0x00000000eb200000, 0x00000000eb300000|  0%| F|  |TAMS 0x00000000eb200000, 0x00000000eb200000| Untracked 
| 179|0x00000000eb300000, 0x00000000eb300000, 0x00000000eb400000|  0%| F|  |TAMS 0x00000000eb300000, 0x00000000eb300000| Untracked 
| 180|0x00000000eb400000, 0x00000000eb400000, 0x00000000eb500000|  0%| F|  |TAMS 0x00000000eb400000, 0x00000000eb400000| Untracked 
| 181|0x00000000eb500000, 0x00000000eb500000, 0x00000000eb600000|  0%| F|  |TAMS 0x00000000eb500000, 0x00000000eb500000| Untracked 
| 182|0x00000000eb600000, 0x00000000eb600000, 0x00000000eb700000|  0%| F|  |TAMS 0x00000000eb600000, 0x00000000eb600000| Untracked 
| 183|0x00000000eb700000, 0x00000000eb700000, 0x00000000eb800000|  0%| F|  |TAMS 0x00000000eb700000, 0x00000000eb700000| Untracked 
| 184|0x00000000eb800000, 0x00000000eb800000, 0x00000000eb900000|  0%| F|  |TAMS 0x00000000eb800000, 0x00000000eb800000| Untracked 
| 185|0x00000000eb900000, 0x00000000eb900000, 0x00000000eba00000|  0%| F|  |TAMS 0x00000000eb900000, 0x00000000eb900000| Untracked 
| 186|0x00000000eba00000, 0x00000000eba00000, 0x00000000ebb00000|  0%| F|  |TAMS 0x00000000eba00000, 0x00000000eba00000| Untracked 
| 187|0x00000000ebb00000, 0x00000000ebb00000, 0x00000000ebc00000|  0%| F|  |TAMS 0x00000000ebb00000, 0x00000000ebb00000| Untracked 
| 188|0x00000000ebc00000, 0x00000000ebc00000, 0x00000000ebd00000|  0%| F|  |TAMS 0x00000000ebc00000, 0x00000000ebc00000| Untracked 
| 189|0x00000000ebd00000, 0x00000000ebd00000, 0x00000000ebe00000|  0%| F|  |TAMS 0x00000000ebd00000, 0x00000000ebd00000| Untracked 
| 190|0x00000000ebe00000, 0x00000000ebe952d0, 0x00000000ebf00000| 58%| E|  |TAMS 0x00000000ebe00000, 0x00000000ebe00000| Complete 
| 191|0x00000000ebf00000, 0x00000000ec000000, 0x00000000ec000000|100%| E|CS|TAMS 0x00000000ebf00000, 0x00000000ebf00000| Complete 
| 192|0x00000000ec000000, 0x00000000ec100000, 0x00000000ec100000|100%| E|CS|TAMS 0x00000000ec000000, 0x00000000ec000000| Complete 
| 193|0x00000000ec100000, 0x00000000ec200000, 0x00000000ec200000|100%| E|CS|TAMS 0x00000000ec100000, 0x00000000ec100000| Complete 
| 194|0x00000000ec200000, 0x00000000ec300000, 0x00000000ec300000|100%| E|CS|TAMS 0x00000000ec200000, 0x00000000ec200000| Complete 
| 195|0x00000000ec300000, 0x00000000ec400000, 0x00000000ec400000|100%| E|CS|TAMS 0x00000000ec300000, 0x00000000ec300000| Complete 
| 196|0x00000000ec400000, 0x00000000ec500000, 0x00000000ec500000|100%| E|CS|TAMS 0x00000000ec400000, 0x00000000ec400000| Complete 
| 197|0x00000000ec500000, 0x00000000ec600000, 0x00000000ec600000|100%| E|CS|TAMS 0x00000000ec500000, 0x00000000ec500000| Complete 
| 198|0x00000000ec600000, 0x00000000ec700000, 0x00000000ec700000|100%| E|  |TAMS 0x00000000ec600000, 0x00000000ec600000| Complete 
| 199|0x00000000ec700000, 0x00000000ec800000, 0x00000000ec800000|100%| E|CS|TAMS 0x00000000ec700000, 0x00000000ec700000| Complete 
| 200|0x00000000ec800000, 0x00000000ec900000, 0x00000000ec900000|100%| E|CS|TAMS 0x00000000ec800000, 0x00000000ec800000| Complete 
| 201|0x00000000ec900000, 0x00000000eca00000, 0x00000000eca00000|100%| E|CS|TAMS 0x00000000ec900000, 0x00000000ec900000| Complete 
| 202|0x00000000eca00000, 0x00000000ecb00000, 0x00000000ecb00000|100%| E|CS|TAMS 0x00000000eca00000, 0x00000000eca00000| Complete 
| 203|0x00000000ecb00000, 0x00000000ecc00000, 0x00000000ecc00000|100%| E|CS|TAMS 0x00000000ecb00000, 0x00000000ecb00000| Complete 
| 204|0x00000000ecc00000, 0x00000000ecd00000, 0x00000000ecd00000|100%| E|CS|TAMS 0x00000000ecc00000, 0x00000000ecc00000| Complete 
| 205|0x00000000ecd00000, 0x00000000ece00000, 0x00000000ece00000|100%| E|CS|TAMS 0x00000000ecd00000, 0x00000000ecd00000| Complete 
| 206|0x00000000ece00000, 0x00000000ecf00000, 0x00000000ecf00000|100%| E|CS|TAMS 0x00000000ece00000, 0x00000000ece00000| Complete 
| 207|0x00000000ecf00000, 0x00000000ed000000, 0x00000000ed000000|100%| E|CS|TAMS 0x00000000ecf00000, 0x00000000ecf00000| Complete 
| 208|0x00000000ed000000, 0x00000000ed100000, 0x00000000ed100000|100%| E|CS|TAMS 0x00000000ed000000, 0x00000000ed000000| Complete 
| 209|0x00000000ed100000, 0x00000000ed200000, 0x00000000ed200000|100%| E|CS|TAMS 0x00000000ed100000, 0x00000000ed100000| Complete 
| 210|0x00000000ed200000, 0x00000000ed300000, 0x00000000ed300000|100%| E|CS|TAMS 0x00000000ed200000, 0x00000000ed200000| Complete 
| 211|0x00000000ed300000, 0x00000000ed400000, 0x00000000ed400000|100%| E|CS|TAMS 0x00000000ed300000, 0x00000000ed300000| Complete 
| 212|0x00000000ed400000, 0x00000000ed500000, 0x00000000ed500000|100%| E|CS|TAMS 0x00000000ed400000, 0x00000000ed400000| Complete 
| 213|0x00000000ed500000, 0x00000000ed600000, 0x00000000ed600000|100%| E|CS|TAMS 0x00000000ed500000, 0x00000000ed500000| Complete 
| 214|0x00000000ed600000, 0x00000000ed700000, 0x00000000ed700000|100%| E|CS|TAMS 0x00000000ed600000, 0x00000000ed600000| Complete 
| 215|0x00000000ed700000, 0x00000000ed800000, 0x00000000ed800000|100%| E|CS|TAMS 0x00000000ed700000, 0x00000000ed700000| Complete 
| 216|0x00000000ed800000, 0x00000000ed900000, 0x00000000ed900000|100%| E|CS|TAMS 0x00000000ed800000, 0x00000000ed800000| Complete 
| 217|0x00000000ed900000, 0x00000000eda00000, 0x00000000eda00000|100%| E|CS|TAMS 0x00000000ed900000, 0x00000000ed900000| Complete 
| 218|0x00000000eda00000, 0x00000000edb00000, 0x00000000edb00000|100%| E|CS|TAMS 0x00000000eda00000, 0x00000000eda00000| Complete 
| 219|0x00000000edb00000, 0x00000000edc00000, 0x00000000edc00000|100%| E|CS|TAMS 0x00000000edb00000, 0x00000000edb00000| Complete 
| 220|0x00000000edc00000, 0x00000000edd00000, 0x00000000edd00000|100%| E|CS|TAMS 0x00000000edc00000, 0x00000000edc00000| Complete 
| 221|0x00000000edd00000, 0x00000000ede00000, 0x00000000ede00000|100%| E|CS|TAMS 0x00000000edd00000, 0x00000000edd00000| Complete 
| 222|0x00000000ede00000, 0x00000000edf00000, 0x00000000edf00000|100%| E|CS|TAMS 0x00000000ede00000, 0x00000000ede00000| Complete 
| 223|0x00000000edf00000, 0x00000000ee000000, 0x00000000ee000000|100%| E|CS|TAMS 0x00000000edf00000, 0x00000000edf00000| Complete 
| 224|0x00000000ee000000, 0x00000000ee100000, 0x00000000ee100000|100%| E|CS|TAMS 0x00000000ee000000, 0x00000000ee000000| Complete 
| 225|0x00000000ee100000, 0x00000000ee200000, 0x00000000ee200000|100%| E|CS|TAMS 0x00000000ee100000, 0x00000000ee100000| Complete 
| 226|0x00000000ee200000, 0x00000000ee300000, 0x00000000ee300000|100%| E|CS|TAMS 0x00000000ee200000, 0x00000000ee200000| Complete 
| 227|0x00000000ee300000, 0x00000000ee400000, 0x00000000ee400000|100%| E|CS|TAMS 0x00000000ee300000, 0x00000000ee300000| Complete 
| 228|0x00000000ee400000, 0x00000000ee500000, 0x00000000ee500000|100%| E|CS|TAMS 0x00000000ee400000, 0x00000000ee400000| Complete 
| 229|0x00000000ee500000, 0x00000000ee600000, 0x00000000ee600000|100%| E|CS|TAMS 0x00000000ee500000, 0x00000000ee500000| Complete 
| 230|0x00000000ee600000, 0x00000000ee700000, 0x00000000ee700000|100%| E|CS|TAMS 0x00000000ee600000, 0x00000000ee600000| Complete 
| 231|0x00000000ee700000, 0x00000000ee800000, 0x00000000ee800000|100%| E|CS|TAMS 0x00000000ee700000, 0x00000000ee700000| Complete 
| 232|0x00000000ee800000, 0x00000000ee900000, 0x00000000ee900000|100%| E|CS|TAMS 0x00000000ee800000, 0x00000000ee800000| Complete 
| 233|0x00000000ee900000, 0x00000000eea00000, 0x00000000eea00000|100%| E|CS|TAMS 0x00000000ee900000, 0x00000000ee900000| Complete 
| 234|0x00000000eea00000, 0x00000000eeb00000, 0x00000000eeb00000|100%| E|CS|TAMS 0x00000000eea00000, 0x00000000eea00000| Complete 
| 235|0x00000000eeb00000, 0x00000000eec00000, 0x00000000eec00000|100%| E|CS|TAMS 0x00000000eeb00000, 0x00000000eeb00000| Complete 
| 236|0x00000000eec00000, 0x00000000eed00000, 0x00000000eed00000|100%| E|CS|TAMS 0x00000000eec00000, 0x00000000eec00000| Complete 
| 237|0x00000000eed00000, 0x00000000eee00000, 0x00000000eee00000|100%| E|CS|TAMS 0x00000000eed00000, 0x00000000eed00000| Complete 
| 238|0x00000000eee00000, 0x00000000eef00000, 0x00000000eef00000|100%| E|CS|TAMS 0x00000000eee00000, 0x00000000eee00000| Complete 
| 239|0x00000000eef00000, 0x00000000ef000000, 0x00000000ef000000|100%| E|CS|TAMS 0x00000000eef00000, 0x00000000eef00000| Complete 
| 240|0x00000000ef000000, 0x00000000ef100000, 0x00000000ef100000|100%| E|CS|TAMS 0x00000000ef000000, 0x00000000ef000000| Complete 
| 241|0x00000000ef100000, 0x00000000ef200000, 0x00000000ef200000|100%| E|CS|TAMS 0x00000000ef100000, 0x00000000ef100000| Complete 
| 242|0x00000000ef200000, 0x00000000ef300000, 0x00000000ef300000|100%| E|CS|TAMS 0x00000000ef200000, 0x00000000ef200000| Complete 
| 243|0x00000000ef300000, 0x00000000ef400000, 0x00000000ef400000|100%| E|CS|TAMS 0x00000000ef300000, 0x00000000ef300000| Complete 
| 244|0x00000000ef400000, 0x00000000ef500000, 0x00000000ef500000|100%| E|CS|TAMS 0x00000000ef400000, 0x00000000ef400000| Complete 
| 245|0x00000000ef500000, 0x00000000ef600000, 0x00000000ef600000|100%| E|CS|TAMS 0x00000000ef500000, 0x00000000ef500000| Complete 
| 246|0x00000000ef600000, 0x00000000ef700000, 0x00000000ef700000|100%| E|CS|TAMS 0x00000000ef600000, 0x00000000ef600000| Complete 
| 247|0x00000000ef700000, 0x00000000ef800000, 0x00000000ef800000|100%| E|CS|TAMS 0x00000000ef700000, 0x00000000ef700000| Complete 
| 248|0x00000000ef800000, 0x00000000ef900000, 0x00000000ef900000|100%| E|CS|TAMS 0x00000000ef800000, 0x00000000ef800000| Complete 
| 249|0x00000000ef900000, 0x00000000efa00000, 0x00000000efa00000|100%| E|CS|TAMS 0x00000000ef900000, 0x00000000ef900000| Complete 
| 250|0x00000000efa00000, 0x00000000efb00000, 0x00000000efb00000|100%| E|CS|TAMS 0x00000000efa00000, 0x00000000efa00000| Complete 
| 251|0x00000000efb00000, 0x00000000efc00000, 0x00000000efc00000|100%| E|CS|TAMS 0x00000000efb00000, 0x00000000efb00000| Complete 
| 252|0x00000000efc00000, 0x00000000efd00000, 0x00000000efd00000|100%| E|CS|TAMS 0x00000000efc00000, 0x00000000efc00000| Complete 
| 253|0x00000000efd00000, 0x00000000efe00000, 0x00000000efe00000|100%| E|CS|TAMS 0x00000000efd00000, 0x00000000efd00000| Complete 
| 254|0x00000000efe00000, 0x00000000eff00000, 0x00000000eff00000|100%| E|CS|TAMS 0x00000000efe00000, 0x00000000efe00000| Complete 
| 255|0x00000000eff00000, 0x00000000f0000000, 0x00000000f0000000|100%| E|CS|TAMS 0x00000000eff00000, 0x00000000eff00000| Complete 

Card table byte_map: [0x000001c6b66a0000,0x000001c6b67a0000] _byte_map_base: 0x000001c6b5fa0000

Marking Bits (Prev, Next): (CMBitMap*) 0x000001c69edc3150, (CMBitMap*) 0x000001c69edc3118
 Prev Bits: [0x000001c6b70a0000, 0x000001c6b78a0000)
 Next Bits: [0x000001c6b68a0000, 0x000001c6b70a0000)

Polling page: 0x000001c69cce0000

Metaspace:

Usage:
  Non-class:     52.77 MB capacity,    51.71 MB ( 98%) used,   886.45 KB (  2%) free+waste,   199.44 KB ( <1%) overhead. 
      Class:      8.34 MB capacity,     7.63 MB ( 91%) used,   636.98 KB (  7%) free+waste,    93.69 KB (  1%) overhead. 
       Both:     61.12 MB capacity,    59.34 MB ( 97%) used,     1.49 MB (  2%) free+waste,   293.13 KB ( <1%) overhead. 

Virtual space:
  Non-class space:       54.00 MB reserved,      52.83 MB ( 98%) committed 
      Class space:      248.00 MB reserved,       8.45 MB (  3%) committed 
             Both:      302.00 MB reserved,      61.28 MB ( 20%) committed 

Chunk freelists:
   Non-Class:  7.25 KB
       Class:  0 bytes
        Both:  7.25 KB

CodeHeap 'non-profiled nmethods': size=120000Kb used=5775Kb max_used=5775Kb free=114224Kb
 bounds [0x000001c6aed30000, 0x000001c6af2e0000, 0x000001c6b6260000]
CodeHeap 'profiled nmethods': size=120000Kb used=16999Kb max_used=16999Kb free=103000Kb
 bounds [0x000001c6a7800000, 0x000001c6a88a0000, 0x000001c6aed30000]
CodeHeap 'non-nmethods': size=5760Kb used=2312Kb max_used=2395Kb free=3447Kb
 bounds [0x000001c6a7260000, 0x000001c6a74d0000, 0x000001c6a7800000]
 total_blobs=8840 nmethods=8034 adapters=725
 compilation: enabled
              stopped_count=0, restarted_count=0
 full_count=0

Compilation events (10 events):
Event: 13.444 Thread 0x000001c6bacbf000 8091       3       sun.nio.ch.IOUtil::write (11 bytes)
Event: 13.445 Thread 0x000001c6bacbf000 nmethod 8091 0x000001c6a8895e90 code [0x000001c6a8896040, 0x000001c6a8896188]
Event: 13.445 Thread 0x000001c6bacbf000 8092   !   3       sun.nio.ch.IOUtil::write (174 bytes)
Event: 13.445 Thread 0x000001c6bacbf000 nmethod 8092 0x000001c6a8896290 code [0x000001c6a8896500, 0x000001c6a8896d88]
Event: 13.445 Thread 0x000001c6bacbf000 8095   !   3       java.io.PrintStream::write (83 bytes)
Event: 13.446 Thread 0x000001c6bacbf000 nmethod 8095 0x000001c6a8897110 code [0x000001c6a88973a0, 0x000001c6a8898078]
Event: 13.446 Thread 0x000001c6bacbf000 8093       3       org.gradle.internal.logging.console.BuildLogLevelFilterRenderer::onOutput (53 bytes)
Event: 13.447 Thread 0x000001c6bacbf000 nmethod 8093 0x000001c6a8898710 code [0x000001c6a8898920, 0x000001c6a8898fd8]
Event: 13.447 Thread 0x000001c6bacbf000 8094       3       org.gradle.internal.logging.sink.ProgressLogEventGenerator::onOutput (72 bytes)
Event: 13.447 Thread 0x000001c6bacbf000 nmethod 8094 0x000001c6a8899190 code [0x000001c6a88993c0, 0x000001c6a8899df8]

GC Heap History (10 events):
Event: 7.005 GC heap before
{Heap before GC invocations=6 (full 0):
 garbage-first heap   total 262144K, used 133688K [0x00000000e0000000, 0x0000000100000000)
  region size 1024K, 113 young (115712K), 6 survivors (6144K)
 Metaspace       used 44459K, capacity 45531K, committed 45596K, reserved 294912K
  class space    used 5654K, capacity 6042K, committed 6092K, reserved 253952K
}
Event: 7.019 GC heap after
{Heap after GC invocations=7 (full 0):
 garbage-first heap   total 262144K, used 29746K [0x00000000e0000000, 0x0000000100000000)
  region size 1024K, 13 young (13312K), 13 survivors (13312K)
 Metaspace       used 44459K, capacity 45531K, committed 45596K, reserved 294912K
  class space    used 5654K, capacity 6042K, committed 6092K, reserved 253952K
}
Event: 8.844 GC heap before
{Heap before GC invocations=7 (full 0):
 garbage-first heap   total 262144K, used 162866K [0x00000000e0000000, 0x0000000100000000)
  region size 1024K, 142 young (145408K), 13 survivors (13312K)
 Metaspace       used 54510K, capacity 56080K, committed 56220K, reserved 303104K
  class space    used 7093K, capacity 7689K, committed 7756K, reserved 253952K
}
Event: 8.859 GC heap after
{Heap after GC invocations=8 (full 0):
 garbage-first heap   total 262144K, used 36740K [0x00000000e0000000, 0x0000000100000000)
  region size 1024K, 15 young (15360K), 15 survivors (15360K)
 Metaspace       used 54510K, capacity 56080K, committed 56220K, reserved 303104K
  class space    used 7093K, capacity 7689K, committed 7756K, reserved 253952K
}
Event: 10.293 GC heap before
{Heap before GC invocations=8 (full 0):
 garbage-first heap   total 262144K, used 126852K [0x00000000e0000000, 0x0000000100000000)
  region size 1024K, 104 young (106496K), 15 survivors (15360K)
 Metaspace       used 58536K, capacity 60272K, committed 60316K, reserved 307200K
  class space    used 7593K, capacity 8259K, committed 8268K, reserved 253952K
}
Event: 10.311 GC heap after
{Heap after GC invocations=9 (full 0):
 garbage-first heap   total 262144K, used 44278K [0x00000000e0000000, 0x0000000100000000)
  region size 1024K, 16 young (16384K), 16 survivors (16384K)
 Metaspace       used 58536K, capacity 60272K, committed 60316K, reserved 307200K
  class space    used 7593K, capacity 8259K, committed 8268K, reserved 253952K
}
Event: 11.707 GC heap before
{Heap before GC invocations=10 (full 0):
 garbage-first heap   total 262144K, used 184566K [0x00000000e0000000, 0x0000000100000000)
  region size 1024K, 153 young (156672K), 16 survivors (16384K)
 Metaspace       used 60176K, capacity 62076K, committed 62364K, reserved 309248K
  class space    used 7726K, capacity 8439K, committed 8524K, reserved 253952K
}
Event: 11.721 GC heap after
{Heap after GC invocations=11 (full 0):
 garbage-first heap   total 262144K, used 49703K [0x00000000e0000000, 0x0000000100000000)
  region size 1024K, 12 young (12288K), 12 survivors (12288K)
 Metaspace       used 60176K, capacity 62076K, committed 62364K, reserved 309248K
  class space    used 7726K, capacity 8439K, committed 8524K, reserved 253952K
}
Event: 11.957 GC heap before
{Heap before GC invocations=11 (full 0):
 garbage-first heap   total 262144K, used 196135K [0x00000000e0000000, 0x0000000100000000)
  region size 1024K, 153 young (156672K), 12 survivors (12288K)
 Metaspace       used 60428K, capacity 62313K, committed 62364K, reserved 309248K
  class space    used 7768K, capacity 8494K, committed 8524K, reserved 253952K
}
Event: 11.969 GC heap after
{Heap after GC invocations=12 (full 0):
 garbage-first heap   total 262144K, used 50012K [0x00000000e0000000, 0x0000000100000000)
  region size 1024K, 5 young (5120K), 5 survivors (5120K)
 Metaspace       used 60428K, capacity 62313K, committed 62364K, reserved 309248K
  class space    used 7768K, capacity 8494K, committed 8524K, reserved 253952K
}

Deoptimization events (10 events):
Event: 11.592 Thread 0x000001c6bc70a800 Uncommon trap: reason=unstable_if action=reinterpret pc=0x000001c6af23b798 method=org.gradle.internal.snapshot.PathUtil.equalChars(CCLorg/gradle/internal/snapshot/CaseSensitivity;)Z @ 40 c2
Event: 11.894 Thread 0x000001c6bc70a800 Uncommon trap: reason=unstable_if action=reinterpret pc=0x000001c6aefe70f8 method=sun.net.www.ParseUtil.encodePath(Ljava/lang/String;Z)Ljava/lang/String; @ 1 c2
Event: 11.914 Thread 0x000001c6bc70a800 Uncommon trap: reason=class_check action=maybe_recompile pc=0x000001c6af266430 method=groovy.lang.MetaClassImpl.getMetaProperty(Ljava/lang/String;Z)Lgroovy/lang/MetaProperty; @ 41 c2
Event: 11.926 Thread 0x000001c6bc70a800 Uncommon trap: reason=class_check action=maybe_recompile pc=0x000001c6af266430 method=groovy.lang.MetaClassImpl.getMetaProperty(Ljava/lang/String;Z)Lgroovy/lang/MetaProperty; @ 41 c2
Event: 12.696 Thread 0x000001c6baf7a800 Uncommon trap: reason=unstable_if action=reinterpret pc=0x000001c6aed6aab4 method=java.lang.AbstractStringBuilder.append(Ljava/lang/String;)Ljava/lang/AbstractStringBuilder; @ 1 c2
Event: 12.696 Thread 0x000001c6baf7a800 Uncommon trap: reason=unstable_if action=reinterpret pc=0x000001c6aed8ae0c method=java.lang.AbstractStringBuilder.append(Ljava/lang/String;)Ljava/lang/AbstractStringBuilder; @ 1 c2
Event: 13.433 Thread 0x000001c6c06fe800 Uncommon trap: reason=unstable_if action=reinterpret pc=0x000001c6af2cdb7c method=org.gradle.internal.logging.text.AbstractLineChoppingStyledTextOutput$2.execute(Lorg/gradle/internal/logging/text/AbstractLineChoppingStyledTextOutput$StateContext;)V @ 34 c
Event: 13.433 Thread 0x000001c6c06f8000 Uncommon trap: reason=unstable_if action=reinterpret pc=0x000001c6af2cff18 method=org.gradle.internal.logging.text.AbstractLineChoppingStyledTextOutput$2.execute(Lorg/gradle/internal/logging/text/AbstractLineChoppingStyledTextOutput$StateContext;)V @ 34 c
Event: 13.433 Thread 0x000001c6c06fe800 Uncommon trap: reason=unstable_if action=reinterpret pc=0x000001c6af2d129c method=org.gradle.internal.logging.text.AbstractLineChoppingStyledTextOutput$2.execute(Lorg/gradle/internal/logging/text/AbstractLineChoppingStyledTextOutput$StateContext;)V @ 34 c
Event: 13.433 Thread 0x000001c6c06f8000 Uncommon trap: reason=unstable_if action=reinterpret pc=0x000001c6af2d231c method=org.gradle.internal.logging.text.AbstractLineChoppingStyledTextOutput$2.execute(Lorg/gradle/internal/logging/text/AbstractLineChoppingStyledTextOutput$StateContext;)V @ 34 c

Classes redefined (0 events):
No events

Internal exceptions (10 events):
Event: 11.942 Thread 0x000001c6bc70a800 Exception <a 'java/io/FileNotFoundException'{0x00000000e890c050}> (0x00000000e890c050) thrown at [./open/src/hotspot/share/prims/jni.cpp, line 611]
Event: 12.020 Thread 0x000001c6bc70a800 Exception <a 'java/io/FileNotFoundException'{0x00000000eebb7f70}> (0x00000000eebb7f70) thrown at [./open/src/hotspot/share/prims/jni.cpp, line 611]
Event: 12.021 Thread 0x000001c6bc70a800 Exception <a 'java/io/FileNotFoundException'{0x00000000eebba9c8}> (0x00000000eebba9c8) thrown at [./open/src/hotspot/share/prims/jni.cpp, line 611]
Event: 12.072 Thread 0x000001c6c06fe000 Exception <a 'java/lang/NoSuchMethodError'{0x00000000ebf959b0}: java.lang.invoke.DirectMethodHandle$Holder.invokeStatic(Ljava/lang/Object;J)V> (0x00000000ebf959b0) thrown at [./open/src/hotspot/share/interpreter/linkResolver.cpp, line 772]
Event: 12.072 Thread 0x000001c6c06fe000 Exception <a 'java/lang/NoSuchMethodError'{0x00000000ebf9afd0}: java.lang.invoke.DirectMethodHandle$Holder.invokeStatic(Ljava/lang/Object;J)Ljava/lang/Object;> (0x00000000ebf9afd0) thrown at [./open/src/hotspot/share/interpreter/linkResolver.cpp, line 772
Event: 12.076 Thread 0x000001c6c06fe000 Exception <a 'java/lang/NoSuchMethodError'{0x00000000ebfa9088}: java.lang.invoke.DirectMethodHandle$Holder.invokeStaticInit(Ljava/lang/Object;Ljava/lang/Object;JLjava/lang/Object;)Ljava/lang/Object;> (0x00000000ebfa9088) thrown at [./open/src/hotspot/shar
Event: 12.076 Thread 0x000001c6c06fe000 Exception <a 'java/lang/NoSuchMethodError'{0x00000000ebfaef70}: java.lang.invoke.DirectMethodHandle$Holder.invokeStatic(Ljava/lang/Object;Ljava/lang/Object;J)Ljava/lang/Object;> (0x00000000ebfaef70) thrown at [./open/src/hotspot/share/interpreter/linkReso
Event: 12.077 Thread 0x000001c6c06fe000 Exception <a 'java/lang/NoSuchMethodError'{0x00000000ebfb5680}: java.lang.invoke.Invokers$Holder.linkToTargetMethod(Ljava/lang/Object;JLjava/lang/Object;)Ljava/lang/Object;> (0x00000000ebfb5680) thrown at [./open/src/hotspot/share/interpreter/linkResolver
Event: 12.696 Thread 0x000001c6baf7a800 Implicit null exception at 0x000001c6aed6a3f7 to 0x000001c6aed6aa98
Event: 12.696 Thread 0x000001c6baf7a800 Implicit null exception at 0x000001c6aed8a777 to 0x000001c6aed8adf0

Events (10 events):
Event: 13.433 Thread 0x000001c6c06f8000 DEOPT PACKING pc=0x000001c6af2cff18 sp=0x00000013fbafdcc0
Event: 13.433 Thread 0x000001c6c06f8000 DEOPT UNPACKING pc=0x000001c6a729b12f sp=0x00000013fbafdb88 mode 2
Event: 13.433 Thread 0x000001c6c06fe800 Uncommon trap: trap_request=0xffffff4d fr.pc=0x000001c6af2d129c relative=0x000000000000061c
Event: 13.433 Thread 0x000001c6c06fe800 DEOPT PACKING pc=0x000001c6af2d129c sp=0x00000013fbbfdf30
Event: 13.433 Thread 0x000001c6c06fe800 DEOPT UNPACKING pc=0x000001c6a729b12f sp=0x00000013fbbfde50 mode 2
Event: 13.433 Thread 0x000001c6c06f8000 Uncommon trap: trap_request=0xffffff4d fr.pc=0x000001c6af2d231c relative=0x000000000000041c
Event: 13.433 Thread 0x000001c6c06f8000 DEOPT PACKING pc=0x000001c6af2d231c sp=0x00000013fbafdbc0
Event: 13.433 Thread 0x000001c6c06f8000 DEOPT UNPACKING pc=0x000001c6a729b12f sp=0x00000013fbafdb90 mode 2
Event: 13.435 Thread 0x000001c6c0abb000 Thread added: 0x000001c6c0abb000
Event: 13.435 Thread 0x000001c6bb552000 Thread added: 0x000001c6bb552000


Dynamic libraries:
0x00007ff71f100000 - 0x00007ff71f10f000 	C:\Program Files\Java\jdk-11.0.12\bin\java.exe
0x00007fffa8310000 - 0x00007fffa8505000 	C:\Windows\SYSTEM32\ntdll.dll
0x00007fffa8020000 - 0x00007fffa80de000 	C:\Windows\System32\KERNEL32.DLL
0x00007fffa5fd0000 - 0x00007fffa6298000 	C:\Windows\System32\KERNELBASE.dll
0x00007fffa5d40000 - 0x00007fffa5e40000 	C:\Windows\System32\ucrtbase.dll
0x00007fff84010000 - 0x00007fff84025000 	C:\Program Files\Java\jdk-11.0.12\bin\VCRUNTIME140.dll
0x00007fff7d450000 - 0x00007fff7d468000 	C:\Program Files\Java\jdk-11.0.12\bin\jli.dll
0x00007fffa7f60000 - 0x00007fffa800e000 	C:\Windows\System32\ADVAPI32.dll
0x00007fffa6520000 - 0x00007fffa65be000 	C:\Windows\System32\msvcrt.dll
0x00007fffa70a0000 - 0x00007fffa713c000 	C:\Windows\System32\sechost.dll
0x00007fffa71a0000 - 0x00007fffa72c5000 	C:\Windows\System32\RPCRT4.dll
0x00007fffa7c00000 - 0x00007fffa7da0000 	C:\Windows\System32\USER32.dll
0x00007fffa6340000 - 0x00007fffa6362000 	C:\Windows\System32\win32u.dll
0x00007fff8ef50000 - 0x00007fff8f1ea000 	C:\Windows\WinSxS\amd64_microsoft.windows.common-controls_6595b64144ccf1df_6.0.19041.1110_none_60b5254171f9507e\COMCTL32.dll
0x00007fffa6ea0000 - 0x00007fffa6ecb000 	C:\Windows\System32\GDI32.dll
0x00007fffa5c30000 - 0x00007fffa5d3b000 	C:\Windows\System32\gdi32full.dll
0x00007fffa62a0000 - 0x00007fffa633d000 	C:\Windows\System32\msvcp_win.dll
0x00007fff9adf0000 - 0x00007fff9adfa000 	C:\Windows\SYSTEM32\VERSION.dll
0x00007fffa7e80000 - 0x00007fffa7eb0000 	C:\Windows\System32\IMM32.DLL
0x00007fff6b900000 - 0x00007fff6b99b000 	C:\Program Files\Java\jdk-11.0.12\bin\msvcp140.dll
0x00007fff31b20000 - 0x00007fff3261f000 	C:\Program Files\Java\jdk-11.0.12\bin\server\jvm.dll
0x00007fffa8010000 - 0x00007fffa8018000 	C:\Windows\System32\PSAPI.DLL
0x00007fff8ec50000 - 0x00007fff8ec59000 	C:\Windows\SYSTEM32\WSOCK32.dll
0x00007fff9ab00000 - 0x00007fff9ab27000 	C:\Windows\SYSTEM32\WINMM.dll
0x00007fffa7340000 - 0x00007fffa73ab000 	C:\Windows\System32\WS2_32.dll
0x00007fffa3960000 - 0x00007fffa3972000 	C:\Windows\SYSTEM32\kernel.appcore.dll
0x00007fff931d0000 - 0x00007fff931e0000 	C:\Program Files\Java\jdk-11.0.12\bin\verify.dll
0x00007fff9dd50000 - 0x00007fff9df34000 	C:\Windows\SYSTEM32\DBGHELP.DLL
0x00007fff8b9f0000 - 0x00007fff8ba1c000 	C:\Windows\SYSTEM32\dbgcore.DLL
0x00007fffa5a30000 - 0x00007fffa5ab2000 	C:\Windows\System32\bcryptPrimitives.dll
0x00007fff7cca0000 - 0x00007fff7ccc8000 	C:\Program Files\Java\jdk-11.0.12\bin\java.dll
0x00007fff93180000 - 0x00007fff9318a000 	C:\Program Files\Java\jdk-11.0.12\bin\jimage.dll
0x00007fff7d5d0000 - 0x00007fff7d608000 	C:\Program Files\Java\jdk-11.0.12\bin\jdwp.dll
0x00007fff7cc80000 - 0x00007fff7cc96000 	C:\Program Files\Java\jdk-11.0.12\bin\zip.dll
0x00007fffa65c0000 - 0x00007fffa6d04000 	C:\Windows\System32\SHELL32.dll
0x00007fffa3b60000 - 0x00007fffa42f4000 	C:\Windows\SYSTEM32\windows.storage.dll
0x00007fffa73b0000 - 0x00007fffa7704000 	C:\Windows\System32\combase.dll
0x00007fffa53c0000 - 0x00007fffa53ec000 	C:\Windows\SYSTEM32\Wldp.dll
0x00007fffa7eb0000 - 0x00007fffa7f5d000 	C:\Windows\System32\SHCORE.dll
0x00007fffa72e0000 - 0x00007fffa7335000 	C:\Windows\System32\shlwapi.dll
0x00007fffa5970000 - 0x00007fffa598f000 	C:\Windows\SYSTEM32\profapi.dll
0x00007fff8fb80000 - 0x00007fff8fb8a000 	C:\Program Files\Java\jdk-11.0.12\bin\dt_socket.dll
0x00007fffa5120000 - 0x00007fffa518a000 	C:\Windows\system32\mswsock.dll
0x00007fff7c780000 - 0x00007fff7c799000 	C:\Program Files\Java\jdk-11.0.12\bin\net.dll
0x00007fff9c200000 - 0x00007fff9c309000 	C:\Windows\SYSTEM32\WINHTTP.dll
0x00007fff7c4b0000 - 0x00007fff7c4c2000 	C:\Program Files\Java\jdk-11.0.12\bin\nio.dll
0x00007fff7acf0000 - 0x00007fff7ad17000 	C:\Users\Guille\.gradle\native\e1d6ef7f7dcc3fd88c89a11ec53ec762bb8ba0a96d01ffa2cd45eb1d1d8dd5c5\windows-amd64\native-platform.dll
0x00007fff6b520000 - 0x00007fff6b664000 	C:\Users\Guille\.gradle\native\5664cfc778a61ccfe75a443a1ab52a65af34e5dc3c78e0209fed803814484fcb\windows-amd64\native-platform-file-events.dll
0x00007fff921b0000 - 0x00007fff921b9000 	C:\Program Files\Java\jdk-11.0.12\bin\management.dll
0x00007fff91b80000 - 0x00007fff91b8b000 	C:\Program Files\Java\jdk-11.0.12\bin\management_ext.dll
0x00007fffa5320000 - 0x00007fffa5338000 	C:\Windows\SYSTEM32\CRYPTSP.dll
0x00007fffa4aa0000 - 0x00007fffa4ad4000 	C:\Windows\system32\rsaenh.dll
0x00007fffa5fa0000 - 0x00007fffa5fc7000 	C:\Windows\System32\bcrypt.dll
0x00007fffa5930000 - 0x00007fffa595e000 	C:\Windows\SYSTEM32\USERENV.dll
0x00007fffa5310000 - 0x00007fffa531c000 	C:\Windows\SYSTEM32\CRYPTBASE.dll
0x00007fffa4e10000 - 0x00007fffa4e4b000 	C:\Windows\SYSTEM32\IPHLPAPI.DLL
0x00007fffa7da0000 - 0x00007fffa7da8000 	C:\Windows\System32\NSI.dll
0x00007fff9dcd0000 - 0x00007fff9dce7000 	C:\Windows\SYSTEM32\dhcpcsvc6.DLL
0x00007fff9dcb0000 - 0x00007fff9dccd000 	C:\Windows\SYSTEM32\dhcpcsvc.DLL
0x00007fffa4e50000 - 0x00007fffa4f1a000 	C:\Windows\SYSTEM32\DNSAPI.dll

dbghelp: loaded successfully - version: 4.0.5 - missing functions: none
symbol engine: initialized successfully - sym options: 0x614 - pdb path: .;C:\Program Files\Java\jdk-11.0.12\bin;C:\Windows\SYSTEM32;C:\Windows\WinSxS\amd64_microsoft.windows.common-controls_6595b64144ccf1df_6.0.19041.1110_none_60b5254171f9507e;C:\Program Files\Java\jdk-11.0.12\bin\server;C:\Users\Guille\.gradle\native\e1d6ef7f7dcc3fd88c89a11ec53ec762bb8ba0a96d01ffa2cd45eb1d1d8dd5c5\windows-amd64;C:\Users\Guille\.gradle\native\5664cfc778a61ccfe75a443a1ab52a65af34e5dc3c78e0209fed803814484fcb\windows-amd64

VM Arguments:
jvm_args: -XX:MaxMetaspaceSize=256m -XX:+HeapDumpOnOutOfMemoryError -agentlib:jdwp=transport=dt_socket,server=n,suspend=y,address=127.0.0.1:57840 --add-opens=java.base/java.util=ALL-UNNAMED --add-opens=java.base/java.lang=ALL-UNNAMED --add-opens=java.base/java.lang.invoke=ALL-UNNAMED --add-opens=java.base/java.util=ALL-UNNAMED --add-opens=java.prefs/java.util.prefs=ALL-UNNAMED --add-opens=java.prefs/java.util.prefs=ALL-UNNAMED --add-opens=java.base/java.nio.charset=ALL-UNNAMED --add-opens=java.base/java.net=ALL-UNNAMED --add-opens=java.base/java.util.concurrent.atomic=ALL-UNNAMED -Xms256m -Xmx512m -Dfile.encoding=windows-1252 -Duser.country=AR -Duser.language=es -Duser.variant 
java_command: org.gradle.launcher.daemon.bootstrap.GradleDaemon 7.3.2
java_class_path (initial): C:\Users\Guille\.gradle\wrapper\dists\gradle-7.3.2-bin\4k4cn06q0rruwh9dpndf9gmi8\gradle-7.3.2\lib\gradle-launcher-7.3.2.jar
Launcher Type: SUN_STANDARD

[Global flags]
     intx CICompilerCount                          = 4                                         {product} {ergonomic}
   size_t CompressedClassSpaceSize                 = 260046848                                 {product} {ergonomic}
     uint ConcGCThreads                            = 2                                         {product} {ergonomic}
     uint G1ConcRefinementThreads                  = 8                                         {product} {ergonomic}
   size_t G1HeapRegionSize                         = 1048576                                   {product} {ergonomic}
    uintx GCDrainStackTargetSize                   = 64                                        {product} {ergonomic}
     bool HeapDumpOnOutOfMemoryError               = true                                   {manageable} {command line}
   size_t InitialHeapSize                          = 268435456                                 {product} {command line}
   size_t MarkStackSize                            = 4194304                                   {product} {ergonomic}
   size_t MaxHeapSize                              = 536870912                                 {product} {command line}
   size_t MaxMetaspaceSize                         = 268435456                                 {product} {command line}
   size_t MaxNewSize                               = 321912832                                 {product} {ergonomic}
   size_t MinHeapDeltaBytes                        = 1048576                                   {product} {ergonomic}
    uintx NonNMethodCodeHeapSize                   = 5836300                                {pd product} {ergonomic}
    uintx NonProfiledCodeHeapSize                  = 122910970                              {pd product} {ergonomic}
    uintx ProfiledCodeHeapSize                     = 122910970                              {pd product} {ergonomic}
    uintx ReservedCodeCacheSize                    = 251658240                              {pd product} {ergonomic}
     bool SegmentedCodeCache                       = true                                      {product} {ergonomic}
     bool UseCompressedClassPointers               = true                                 {lp64_product} {ergonomic}
     bool UseCompressedOops                        = true                                 {lp64_product} {ergonomic}
     bool UseG1GC                                  = true                                      {product} {ergonomic}
     bool UseLargePagesIndividualAllocation        = false                                  {pd product} {ergonomic}

Logging:
Log output configuration:
 #0: stdout all=warning uptime,level,tags
 #1: stderr all=off uptime,level,tags

Environment Variables:
JAVA_HOME=C:\Program Files\Eclipse Adoptium\jdk-11.0.14.101-hotspot\
PATH=C:\Program Files\Eclipse Adoptium\jdk-11.0.14.101-hotspot\bin;C:\ProgramData\Oracle\Java\javapath;C:\Program Files\Common Files\Oracle\Java\javapath;C:\Python310\Scripts\;C:\Python310\;C:\Python39\Scripts\;C:\Python39\;C:\PROGRA~2\Borland\CBUILD~1\Bin;C:\PROGRA~2\Borland\CBUILD~1\Projects\Bpl;C:\Program Files (x86)\CollabNet;C:\Program Files (x86)\Embarcadero\Studio\15.0\bin;C:\Users\Public\Documents\Embarcadero\Studio\15.0\Bpl;C:\Program Files (x86)\Embarcadero\Studio\15.0\bin64;C:\Users\Public\Documents\Embarcadero\Studio\15.0\Bpl\Win64;C:\Windows\system32;C:\Windows;C:\Windows\System32\Wbem;C:\Windows\System32\WindowsPowerShell\v1.0\;C:\Windows\System32\OpenSSH\;C:\ProgramData\chocolatey\bin;C:\Program Files\Git\cmd;C:\Program Files\nodejs\;C:\Users\Guille\AppData\Local\Microsoft\WindowsApps;C:\Users\Guille\AppData\Local\Programs\Microsoft VS Code\bin;C:\Program Files\JetBrains\IntelliJ IDEA Community Edition 2021.3.1\bin;;C:\jdk-11.0.12;C:\gradle-6.8\bin;C:\Users\Guille\AppData\Roaming\npm;C:\Program Files\heroku\bin
USERNAME=Guille
OS=Windows_NT
PROCESSOR_IDENTIFIER=AMD64 Family 23 Model 17 Stepping 0, AuthenticAMD



---------------  S Y S T E M  ---------------

OS: Windows 10 , 64 bit Build 19041 (10.0.19041.1566)

CPU:total 8 (initial active 8) (8 cores per cpu, 2 threads per core) family 23 model 17 stepping 0 microcode 0x0, cmov, cx8, fxsr, mmx, sse, sse2, sse3, ssse3, sse4.1, sse4.2, popcnt, avx, avx2, aes, clmul, mmxext, 3dnowpref, lzcnt, sse4a, ht, tsc, tscinvbit, tscinv, bmi1, bmi2, adx, s

Memory: 4k page, system-wide physical 14284M (1724M free)
TotalPageFile size 14284M (AvailPageFile size 317M)
current process WorkingSet (physical memory assigned to process): 430M, peak: 451M
current process commit charge ("private bytes"): 521M, peak: 542M

vm_info: Java HotSpot(TM) 64-Bit Server VM (11.0.12+8-LTS-237) for windows-amd64 JRE (11.0.12+8-LTS-237), built on Jun  8 2021 11:25:59 by "mach5one" with MS VC++ 15.9 (VS2017)

END.
