#
# There is insufficient memory for the Java Runtime Environment to continue.
# Native memory allocation (malloc) failed to allocate 2256496 bytes for Chunk::new
# Possible reasons:
#   The system is out of physical RAM or swap space
#   The process is running with CompressedOops enabled, and the Java Heap may be blocking the growth of the native heap
# Possible solutions:
#   Reduce memory load on the system
#   Increase physical memory or swap space
#   Check if swap backing store is full
#   Decrease Java heap size (-Xmx/-Xms)
#   Decrease number of Java threads
#   Decrease Java thread stack sizes (-Xss)
#   Set larger code cache with -XX:ReservedCodeCacheSize=
#   JVM is running with Unscaled Compressed Oops mode in which the Java heap is
#     placed in the first 4GB address space. The Java Heap base address is the
#     maximum limit for the native heap growth. Please use -XX:HeapBaseMinAddress
#     to set the Java Heap base and to place the Java Heap above 4GB virtual address.
# This output file may be truncated or incomplete.
#
#  Out of Memory Error (./open/src/hotspot/share/memory/arena.cpp:197), pid=5644, tid=1820
#
# JRE version: Java(TM) SE Runtime Environment 18.9 (11.0.12+8) (build 11.0.12+8-LTS-237)
# Java VM: Java HotSpot(TM) 64-Bit Server VM 18.9 (11.0.12+8-LTS-237, mixed mode, tiered, compressed oops, g1 gc, windows-amd64)
# No core dump will be written. Minidumps are not enabled by default on client versions of Windows
#

---------------  S U M M A R Y ------------

Command Line: -XX:MaxMetaspaceSize=256m -XX:+HeapDumpOnOutOfMemoryError -agentlib:jdwp=transport=dt_socket,server=n,suspend=y,address=127.0.0.1:56048 --add-opens=java.base/java.util=ALL-UNNAMED --add-opens=java.base/java.lang=ALL-UNNAMED --add-opens=java.base/java.lang.invoke=ALL-UNNAMED --add-opens=java.base/java.util=ALL-UNNAMED --add-opens=java.prefs/java.util.prefs=ALL-UNNAMED --add-opens=java.prefs/java.util.prefs=ALL-UNNAMED --add-opens=java.base/java.nio.charset=ALL-UNNAMED --add-opens=java.base/java.net=ALL-UNNAMED --add-opens=java.base/java.util.concurrent.atomic=ALL-UNNAMED -Xms256m -Xmx512m -Dfile.encoding=windows-1252 -Duser.country=AR -Duser.language=es -Duser.variant org.gradle.launcher.daemon.bootstrap.GradleDaemon 7.3.2

Host: AMD Ryzen 5 2400G with Radeon Vega Graphics    , 8 cores, 13G,  Windows 10 , 64 bit Build 19041 (10.0.19041.1503)
Time: Mon Mar  7 00:43:04 2022 Hora estándar de Argentina elapsed time: 11.394125 seconds (0d 0h 0m 11s)

---------------  T H R E A D  ---------------

Current thread (0x0000029a376fe800):  JavaThread "C2 CompilerThread0" daemon [_thread_in_native, id=1820, stack(0x000000fcc3000000,0x000000fcc3100000)]


Current CompileTask:
C2:  11394 7865       4       groovy.lang.MetaClassImpl::inheritInterfaceNewMetaMethods (195 bytes)

Stack: [0x000000fcc3000000,0x000000fcc3100000]
Native frames: (J=compiled Java code, j=interpreted, Vv=VM code, C=native code)
V  [jvm.dll+0x617d9a]
V  [jvm.dll+0x74eeef]
V  [jvm.dll+0x750599]
V  [jvm.dll+0x750c23]
V  [jvm.dll+0x2438d8]
V  [jvm.dll+0xba6dc]
V  [jvm.dll+0xbac9c]
V  [jvm.dll+0x3469b7]
V  [jvm.dll+0x194071]
V  [jvm.dll+0x1fd212]
V  [jvm.dll+0x1fc2ed]
V  [jvm.dll+0x17f18c]
V  [jvm.dll+0x20b87c]
V  [jvm.dll+0x20997b]
V  [jvm.dll+0x716359]
V  [jvm.dll+0x70f064]
V  [jvm.dll+0x616f66]
C  [ucrtbase.dll+0x21bb2]
C  [KERNEL32.DLL+0x17034]
C  [ntdll.dll+0x52651]


---------------  P R O C E S S  ---------------

Threads class SMR info:
_java_thread_list=0x0000029a3bf846b0, length=138, elements={
0x0000029a1b81a800, 0x0000029a36d61800, 0x0000029a36d6a000, 0x0000029a36d7b800,
0x0000029a36d7d800, 0x0000029a36d7f000, 0x0000029a376fe800, 0x0000029a37709000,
0x0000029a37713800, 0x0000029a37870800, 0x0000029a378f9000, 0x0000029a378e1000,
0x0000029a378fa000, 0x0000029a38666800, 0x0000029a3981f000, 0x0000029a39b0e000,
0x0000029a3977b800, 0x0000029a3a0a2800, 0x0000029a39504000, 0x0000029a38f9f000,
0x0000029a38fa0000, 0x0000029a3994f000, 0x0000029a39a69000, 0x0000029a37706800,
0x0000029a37703800, 0x0000029a37708000, 0x0000029a37707800, 0x0000029a3770a000,
0x0000029a37705800, 0x0000029a37705000, 0x0000029a3bb17000, 0x0000029a3bb19000,
0x0000029a3bb15000, 0x0000029a3bb18800, 0x0000029a3bb17800, 0x0000029a3bb1a000,
0x0000029a3bb1f000, 0x0000029a3bb21800, 0x0000029a3bb1d800, 0x0000029a3bb1b800,
0x0000029a3bb23000, 0x0000029a3bb1f800, 0x0000029a3bb20800, 0x0000029a3bb24000,
0x0000029a3bb22000, 0x0000029a37704000, 0x0000029a3dc25000, 0x0000029a3dc28000,
0x0000029a3dc24000, 0x0000029a3dc29000, 0x0000029a3dc23800, 0x0000029a3dc2b800,
0x0000029a3dc27800, 0x0000029a3dc2a800, 0x0000029a3dc2a000, 0x0000029a3dc25800,
0x0000029a3dc2c000, 0x0000029a3dc26800, 0x0000029a3dc32000, 0x0000029a3dc2e000,
0x0000029a3dc2e800, 0x0000029a3dc2f800, 0x0000029a3dc2d000, 0x0000029a3dc30800,
0x0000029a3dc31000, 0x0000029a3eb86000, 0x0000029a3eb86800, 0x0000029a3eb8a800,
0x0000029a3eb85000, 0x0000029a3eb8b800, 0x0000029a3eb8c800, 0x0000029a3eb8d000,
0x0000029a3eb87800, 0x0000029a3eb88000, 0x0000029a3eb89000, 0x0000029a3eb8a000,
0x0000029a3eb8f800, 0x0000029a3eb91000, 0x0000029a3eb8e000, 0x0000029a3eb8e800,
0x0000029a3eb90800, 0x0000029a3eb92000, 0x0000029a3eb93000, 0x0000029a3eb93800,
0x0000029a3fb44000, 0x0000029a3fb46800, 0x0000029a3fb45800, 0x0000029a3fb47000,
0x0000029a3fb48000, 0x0000029a3fb49000, 0x0000029a3fb4a800, 0x0000029a3fb49800,
0x0000029a3fb44800, 0x0000029a3fdf5000, 0x0000029a3fdf7800, 0x0000029a3fdfa000,
0x0000029a3fdf6800, 0x0000029a3fdf4000, 0x0000029a3fdf8000, 0x0000029a3fdfb800,
0x0000029a3fdf9000, 0x0000029a3fdfa800, 0x0000029a3fdf5800, 0x0000029a3fe01000,
0x0000029a3fdff800, 0x0000029a3fdfc000, 0x0000029a3fe02000, 0x0000029a3fdfe800,
0x0000029a3fe00800, 0x0000029a3fdfe000, 0x0000029a3fe03000, 0x0000029a3fdfd000,
0x0000029a42130000, 0x0000029a42135000, 0x0000029a42136800, 0x0000029a42132800,
0x0000029a42133800, 0x0000029a42134000, 0x0000029a42131000, 0x0000029a42132000,
0x0000029a42138800, 0x0000029a42139000, 0x0000029a4213a000, 0x0000029a4213b000,
0x0000029a42136000, 0x0000029a4213b800, 0x0000029a4213c800, 0x0000029a4213d000,
0x0000029a42137800, 0x0000029a4213e000, 0x0000029a4213f000, 0x0000029a3f1be800,
0x0000029a3f1c3000, 0x0000029a3f1bd000, 0x0000029a3f1bf800, 0x0000029a3f1c0800,
0x0000029a3f1c1000, 0x0000029a3f1c2000
}

Java Threads: ( => current thread )
  0x0000029a1b81a800 JavaThread "main" [_thread_blocked, id=10160, stack(0x000000fcc2400000,0x000000fcc2500000)]
  0x0000029a36d61800 JavaThread "Reference Handler" daemon [_thread_blocked, id=9388, stack(0x000000fcc2b00000,0x000000fcc2c00000)]
  0x0000029a36d6a000 JavaThread "Finalizer" daemon [_thread_blocked, id=4384, stack(0x000000fcc2c00000,0x000000fcc2d00000)]
  0x0000029a36d7b800 JavaThread "Signal Dispatcher" daemon [_thread_blocked, id=14928, stack(0x000000fcc2d00000,0x000000fcc2e00000)]
  0x0000029a36d7d800 JavaThread "Attach Listener" daemon [_thread_blocked, id=15320, stack(0x000000fcc2e00000,0x000000fcc2f00000)]
  0x0000029a36d7f000 JavaThread "Service Thread" daemon [_thread_blocked, id=13908, stack(0x000000fcc2f00000,0x000000fcc3000000)]
=>0x0000029a376fe800 JavaThread "C2 CompilerThread0" daemon [_thread_in_native, id=1820, stack(0x000000fcc3000000,0x000000fcc3100000)]
  0x0000029a37709000 JavaThread "C1 CompilerThread0" daemon [_thread_blocked, id=16052, stack(0x000000fcc3100000,0x000000fcc3200000)]
  0x0000029a37713800 JavaThread "Sweeper thread" daemon [_thread_blocked, id=6980, stack(0x000000fcc3200000,0x000000fcc3300000)]
  0x0000029a37870800 JavaThread "Common-Cleaner" daemon [_thread_blocked, id=12528, stack(0x000000fcc3300000,0x000000fcc3400000)]
  0x0000029a378f9000 JavaThread "JDWP Transport Listener: dt_socket" daemon [_thread_blocked, id=11484, stack(0x000000fcc3400000,0x000000fcc3500000)]
  0x0000029a378e1000 JavaThread "JDWP Event Helper Thread" daemon [_thread_blocked, id=11796, stack(0x000000fcc3500000,0x000000fcc3600000)]
  0x0000029a378fa000 JavaThread "JDWP Command Reader" daemon [_thread_in_native, id=13128, stack(0x000000fcc3600000,0x000000fcc3700000)]
  0x0000029a38666800 JavaThread "Daemon health stats" [_thread_blocked, id=12896, stack(0x000000fcc3f00000,0x000000fcc4000000)]
  0x0000029a3981f000 JavaThread "Incoming local TCP Connector on port 56054" [_thread_in_native, id=5572, stack(0x000000fcc3800000,0x000000fcc3900000)]
  0x0000029a39b0e000 JavaThread "Daemon periodic checks" [_thread_blocked, id=15180, stack(0x000000fcc3900000,0x000000fcc3a00000)]
  0x0000029a3977b800 JavaThread "Daemon" [_thread_blocked, id=4948, stack(0x000000fcc4000000,0x000000fcc4100000)]
  0x0000029a3a0a2800 JavaThread "Handler for socket connection from /127.0.0.1:56054 to /127.0.0.1:56055" [_thread_in_native, id=3108, stack(0x000000fcc4100000,0x000000fcc4200000)]
  0x0000029a39504000 JavaThread "Cancel handler" [_thread_blocked, id=12576, stack(0x000000fcc4200000,0x000000fcc4300000)]
  0x0000029a38f9f000 JavaThread "Daemon worker" [_thread_blocked, id=12968, stack(0x000000fcc4300000,0x000000fcc4400000)]
  0x0000029a38fa0000 JavaThread "Asynchronous log dispatcher for DefaultDaemonConnection: socket connection from /127.0.0.1:56054 to /127.0.0.1:56055" [_thread_blocked, id=10356, stack(0x000000fcc4400000,0x000000fcc4500000)]
  0x0000029a3994f000 JavaThread "Stdin handler" [_thread_blocked, id=6248, stack(0x000000fcc4500000,0x000000fcc4600000)]
  0x0000029a39a69000 JavaThread "Daemon client event forwarder" [_thread_blocked, id=2084, stack(0x000000fcc4600000,0x000000fcc4700000)]
  0x0000029a37706800 JavaThread "Cache worker for journal cache (C:\Users\Guille\.gradle\caches\journal-1)" [_thread_blocked, id=15792, stack(0x000000fcc4700000,0x000000fcc4800000)]
  0x0000029a37703800 JavaThread "File lock request listener" [_thread_in_native, id=9104, stack(0x000000fcc4800000,0x000000fcc4900000)]
  0x0000029a37708000 JavaThread "Cache worker for file hash cache (C:\Users\Guille\.gradle\caches\7.3.2\fileHashes)" [_thread_blocked, id=3268, stack(0x000000fcc4900000,0x000000fcc4a00000)]
  0x0000029a37707800 JavaThread "C2 CompilerThread1" daemon [_thread_in_native, id=9308, stack(0x000000fcc4d00000,0x000000fcc4e00000)]
  0x0000029a3770a000 JavaThread "Cache worker for file hash cache (D:\MindHub\FS025\PROYECTOS\Java\homebanking\.gradle\7.3.2\fileHashes)" [_thread_blocked, id=8992, stack(0x000000fcc4e00000,0x000000fcc4f00000)]
  0x0000029a37705800 JavaThread "File watcher server" daemon [_thread_in_native, id=15016, stack(0x000000fcc4f00000,0x000000fcc5000000)]
  0x0000029a37705000 JavaThread "File watcher consumer" daemon [_thread_blocked, id=10640, stack(0x000000fcc5000000,0x000000fcc5100000)]
  0x0000029a3bb17000 JavaThread "Cache worker for checksums cache (D:\MindHub\FS025\PROYECTOS\Java\homebanking\.gradle\7.3.2\checksums)" [_thread_blocked, id=12124, stack(0x000000fcc5200000,0x000000fcc5300000)]
  0x0000029a3bb19000 JavaThread "Cache worker for cache directory md-supplier (C:\Users\Guille\.gradle\caches\7.3.2\md-supplier)" [_thread_blocked, id=9796, stack(0x000000fcc5300000,0x000000fcc5400000)]
  0x0000029a3bb15000 JavaThread "Cache worker for cache directory md-rule (C:\Users\Guille\.gradle\caches\7.3.2\md-rule)" [_thread_blocked, id=14900, stack(0x000000fcc5400000,0x000000fcc5500000)]
  0x0000029a3bb18800 JavaThread "Cache worker for execution history cache (C:\Users\Guille\.gradle\caches\7.3.2\executionHistory)" [_thread_blocked, id=14876, stack(0x000000fcc5500000,0x000000fcc5600000)]
  0x0000029a3bb17800 JavaThread "jar transforms" [_thread_blocked, id=8640, stack(0x000000fcc5600000,0x000000fcc5700000)]
  0x0000029a3bb1a000 JavaThread "jar transforms Thread 2" [_thread_blocked, id=2956, stack(0x000000fcc5700000,0x000000fcc5800000)]
  0x0000029a3bb1f000 JavaThread "Cache worker for file content cache (C:\Users\Guille\.gradle\caches\7.3.2\fileContent)" [_thread_blocked, id=8624, stack(0x000000fcc5800000,0x000000fcc5900000)]
  0x0000029a3bb21800 JavaThread "jar transforms Thread 3" [_thread_blocked, id=14584, stack(0x000000fcc5900000,0x000000fcc5a00000)]
  0x0000029a3bb1d800 JavaThread "jar transforms Thread 4" [_thread_blocked, id=9408, stack(0x000000fcc5a00000,0x000000fcc5b00000)]
  0x0000029a3bb1b800 JavaThread "jar transforms Thread 5" [_thread_blocked, id=1852, stack(0x000000fcc5b00000,0x000000fcc5c00000)]
  0x0000029a3bb23000 JavaThread "jar transforms Thread 6" [_thread_blocked, id=11728, stack(0x000000fcc5c00000,0x000000fcc5d00000)]
  0x0000029a3bb1f800 JavaThread "jar transforms Thread 7" [_thread_blocked, id=3092, stack(0x000000fcc5d00000,0x000000fcc5e00000)]
  0x0000029a3bb20800 JavaThread "Cache worker for dependencies-accessors (D:\MindHub\FS025\PROYECTOS\Java\homebanking\.gradle\7.3.2\dependencies-accessors)" [_thread_blocked, id=15088, stack(0x000000fcc5e00000,0x000000fcc5f00000)]
  0x0000029a3bb24000 JavaThread "jar transforms Thread 8" [_thread_blocked, id=11584, stack(0x000000fcc5f00000,0x000000fcc6000000)]
  0x0000029a3bb22000 JavaThread "Cache worker for Build Output Cleanup Cache (D:\MindHub\FS025\PROYECTOS\Java\homebanking\.gradle\buildOutputCleanup)" [_thread_blocked, id=10164, stack(0x000000fcc5100000,0x000000fcc5200000)]
  0x0000029a37704000 JavaThread "Unconstrained build operations" [_thread_blocked, id=16152, stack(0x000000fcc6000000,0x000000fcc6100000)]
  0x0000029a3dc25000 JavaThread "Unconstrained build operations Thread 2" [_thread_blocked, id=5504, stack(0x000000fcc6100000,0x000000fcc6200000)]
  0x0000029a3dc28000 JavaThread "Unconstrained build operations Thread 3" [_thread_blocked, id=8840, stack(0x000000fcc6200000,0x000000fcc6300000)]
  0x0000029a3dc24000 JavaThread "Unconstrained build operations Thread 4" [_thread_blocked, id=12984, stack(0x000000fcc6300000,0x000000fcc6400000)]
  0x0000029a3dc29000 JavaThread "Unconstrained build operations Thread 5" [_thread_blocked, id=256, stack(0x000000fcc6400000,0x000000fcc6500000)]
  0x0000029a3dc23800 JavaThread "Unconstrained build operations Thread 6" [_thread_blocked, id=2360, stack(0x000000fcc6500000,0x000000fcc6600000)]
  0x0000029a3dc2b800 JavaThread "Unconstrained build operations Thread 7" [_thread_blocked, id=10300, stack(0x000000fcc6600000,0x000000fcc6700000)]
  0x0000029a3dc27800 JavaThread "Unconstrained build operations Thread 8" [_thread_blocked, id=13268, stack(0x000000fcc6700000,0x000000fcc6800000)]
  0x0000029a3dc2a800 JavaThread "Unconstrained build operations Thread 9" [_thread_blocked, id=7568, stack(0x000000fcc6800000,0x000000fcc6900000)]
  0x0000029a3dc2a000 JavaThread "Unconstrained build operations Thread 10" [_thread_blocked, id=3872, stack(0x000000fcc6900000,0x000000fcc6a00000)]
  0x0000029a3dc25800 JavaThread "Unconstrained build operations Thread 11" [_thread_blocked, id=5056, stack(0x000000fcc6a00000,0x000000fcc6b00000)]
  0x0000029a3dc2c000 JavaThread "Unconstrained build operations Thread 12" [_thread_blocked, id=15388, stack(0x000000fcc6b00000,0x000000fcc6c00000)]
  0x0000029a3dc26800 JavaThread "Unconstrained build operations Thread 13" [_thread_blocked, id=14352, stack(0x000000fcc6c00000,0x000000fcc6d00000)]
  0x0000029a3dc32000 JavaThread "Unconstrained build operations Thread 14" [_thread_blocked, id=10448, stack(0x000000fcc6d00000,0x000000fcc6e00000)]
  0x0000029a3dc2e000 JavaThread "Unconstrained build operations Thread 15" [_thread_blocked, id=11848, stack(0x000000fcc6e00000,0x000000fcc6f00000)]
  0x0000029a3dc2e800 JavaThread "Unconstrained build operations Thread 16" [_thread_blocked, id=10704, stack(0x000000fcc6f00000,0x000000fcc7000000)]
  0x0000029a3dc2f800 JavaThread "Unconstrained build operations Thread 17" [_thread_blocked, id=10828, stack(0x000000fcc7000000,0x000000fcc7100000)]
  0x0000029a3dc2d000 JavaThread "Unconstrained build operations Thread 18" [_thread_blocked, id=13884, stack(0x000000fcc7100000,0x000000fcc7200000)]
  0x0000029a3dc30800 JavaThread "Unconstrained build operations Thread 19" [_thread_blocked, id=2832, stack(0x000000fcc7200000,0x000000fcc7300000)]
  0x0000029a3dc31000 JavaThread "C2 CompilerThread2" daemon [_thread_blocked, id=7228, stack(0x000000fcc7300000,0x000000fcc7400000)]
  0x0000029a3eb86000 JavaThread "Memory manager" [_thread_blocked, id=14600, stack(0x000000fcc7400000,0x000000fcc7500000)]
  0x0000029a3eb86800 JavaThread "Execution worker for ':'" [_thread_blocked, id=13144, stack(0x000000fcc7500000,0x000000fcc7600000)]
  0x0000029a3eb8a800 JavaThread "Execution worker for ':' Thread 2" [_thread_blocked, id=3208, stack(0x000000fcc7600000,0x000000fcc7700000)]
  0x0000029a3eb85000 JavaThread "Execution worker for ':' Thread 3" [_thread_blocked, id=10796, stack(0x000000fcc7700000,0x000000fcc7800000)]
  0x0000029a3eb8b800 JavaThread "Execution worker for ':' Thread 4" [_thread_blocked, id=15744, stack(0x000000fcc7800000,0x000000fcc7900000)]
  0x0000029a3eb8c800 JavaThread "Execution worker for ':' Thread 5" [_thread_blocked, id=13072, stack(0x000000fcc7900000,0x000000fcc7a00000)]
  0x0000029a3eb8d000 JavaThread "Execution worker for ':' Thread 6" [_thread_blocked, id=7868, stack(0x000000fcc7a00000,0x000000fcc7b00000)]
  0x0000029a3eb87800 JavaThread "Execution worker for ':' Thread 7" [_thread_blocked, id=12920, stack(0x000000fcc7b00000,0x000000fcc7c00000)]
  0x0000029a3eb88000 JavaThread "Cache worker for execution history cache (D:\MindHub\FS025\PROYECTOS\Java\homebanking\.gradle\7.3.2\executionHistory)" [_thread_blocked, id=12728, stack(0x000000fcc7c00000,0x000000fcc7d00000)]
  0x0000029a3eb89000 JavaThread "Unconstrained build operations Thread 20" [_thread_blocked, id=14948, stack(0x000000fcc7d00000,0x000000fcc7e00000)]
  0x0000029a3eb8a000 JavaThread "Unconstrained build operations Thread 21" [_thread_blocked, id=6768, stack(0x000000fcc7e00000,0x000000fcc7f00000)]
  0x0000029a3eb8f800 JavaThread "Unconstrained build operations Thread 22" [_thread_blocked, id=6292, stack(0x000000fcc7f00000,0x000000fcc8000000)]
  0x0000029a3eb91000 JavaThread "Unconstrained build operations Thread 23" [_thread_blocked, id=15760, stack(0x000000fcc8000000,0x000000fcc8100000)]
  0x0000029a3eb8e000 JavaThread "Unconstrained build operations Thread 24" [_thread_blocked, id=12208, stack(0x000000fcc8100000,0x000000fcc8200000)]
  0x0000029a3eb8e800 JavaThread "Unconstrained build operations Thread 25" [_thread_blocked, id=14220, stack(0x000000fcc8200000,0x000000fcc8300000)]
  0x0000029a3eb90800 JavaThread "Unconstrained build operations Thread 26" [_thread_blocked, id=10636, stack(0x000000fcc8300000,0x000000fcc8400000)]
  0x0000029a3eb92000 JavaThread "Unconstrained build operations Thread 27" [_thread_blocked, id=14804, stack(0x000000fcc8400000,0x000000fcc8500000)]
  0x0000029a3eb93000 JavaThread "Unconstrained build operations Thread 28" [_thread_blocked, id=3080, stack(0x000000fcc8500000,0x000000fcc8600000)]
  0x0000029a3eb93800 JavaThread "Unconstrained build operations Thread 29" [_thread_blocked, id=5772, stack(0x000000fcc8600000,0x000000fcc8700000)]
  0x0000029a3fb44000 JavaThread "Unconstrained build operations Thread 30" [_thread_blocked, id=8380, stack(0x000000fcc8700000,0x000000fcc8800000)]
  0x0000029a3fb46800 JavaThread "Unconstrained build operations Thread 31" [_thread_blocked, id=12696, stack(0x000000fcc8800000,0x000000fcc8900000)]
  0x0000029a3fb45800 JavaThread "Unconstrained build operations Thread 32" [_thread_blocked, id=8300, stack(0x000000fcc8900000,0x000000fcc8a00000)]
  0x0000029a3fb47000 JavaThread "Unconstrained build operations Thread 33" [_thread_blocked, id=11116, stack(0x000000fcc8a00000,0x000000fcc8b00000)]
  0x0000029a3fb48000 JavaThread "Unconstrained build operations Thread 34" [_thread_blocked, id=7852, stack(0x000000fcc8b00000,0x000000fcc8c00000)]
  0x0000029a3fb49000 JavaThread "Unconstrained build operations Thread 35" [_thread_blocked, id=3552, stack(0x000000fcc8c00000,0x000000fcc8d00000)]
  0x0000029a3fb4a800 JavaThread "Unconstrained build operations Thread 36" [_thread_blocked, id=8628, stack(0x000000fcc8d00000,0x000000fcc8e00000)]
  0x0000029a3fb49800 JavaThread "Unconstrained build operations Thread 37" [_thread_blocked, id=7724, stack(0x000000fcc8e00000,0x000000fcc8f00000)]
  0x0000029a3fb44800 JavaThread "Unconstrained build operations Thread 38" [_thread_blocked, id=7648, stack(0x000000fcc8f00000,0x000000fcc9000000)]
  0x0000029a3fdf5000 JavaThread "Unconstrained build operations Thread 39" [_thread_blocked, id=3788, stack(0x000000fcc9000000,0x000000fcc9100000)]
  0x0000029a3fdf7800 JavaThread "Unconstrained build operations Thread 40" [_thread_blocked, id=15552, stack(0x000000fcc9100000,0x000000fcc9200000)]
  0x0000029a3fdfa000 JavaThread "Unconstrained build operations Thread 41" [_thread_blocked, id=6376, stack(0x000000fcc9200000,0x000000fcc9300000)]
  0x0000029a3fdf6800 JavaThread "Unconstrained build operations Thread 42" [_thread_blocked, id=14096, stack(0x000000fcc9300000,0x000000fcc9400000)]
  0x0000029a3fdf4000 JavaThread "Unconstrained build operations Thread 43" [_thread_blocked, id=13236, stack(0x000000fcc9400000,0x000000fcc9500000)]
  0x0000029a3fdf8000 JavaThread "Unconstrained build operations Thread 44" [_thread_blocked, id=9656, stack(0x000000fcc9500000,0x000000fcc9600000)]
  0x0000029a3fdfb800 JavaThread "Unconstrained build operations Thread 45" [_thread_blocked, id=9616, stack(0x000000fcc9600000,0x000000fcc9700000)]
  0x0000029a3fdf9000 JavaThread "Unconstrained build operations Thread 46" [_thread_blocked, id=14356, stack(0x000000fcc9700000,0x000000fcc9800000)]
  0x0000029a3fdfa800 JavaThread "Unconstrained build operations Thread 47" [_thread_blocked, id=13824, stack(0x000000fcc9800000,0x000000fcc9900000)]
  0x0000029a3fdf5800 JavaThread "Unconstrained build operations Thread 48" [_thread_blocked, id=1972, stack(0x000000fcc9900000,0x000000fcc9a00000)]
  0x0000029a3fe01000 JavaThread "Unconstrained build operations Thread 49" [_thread_blocked, id=15856, stack(0x000000fcc9a00000,0x000000fcc9b00000)]
  0x0000029a3fdff800 JavaThread "Unconstrained build operations Thread 50" [_thread_blocked, id=10416, stack(0x000000fcc9b00000,0x000000fcc9c00000)]
  0x0000029a3fdfc000 JavaThread "Unconstrained build operations Thread 51" [_thread_blocked, id=15884, stack(0x000000fcc9c00000,0x000000fcc9d00000)]
  0x0000029a3fe02000 JavaThread "Unconstrained build operations Thread 52" [_thread_blocked, id=6628, stack(0x000000fcc9d00000,0x000000fcc9e00000)]
  0x0000029a3fdfe800 JavaThread "Unconstrained build operations Thread 53" [_thread_blocked, id=9940, stack(0x000000fcc9e00000,0x000000fcc9f00000)]
  0x0000029a3fe00800 JavaThread "Unconstrained build operations Thread 54" [_thread_blocked, id=9368, stack(0x000000fcc9f00000,0x000000fcca000000)]
  0x0000029a3fdfe000 JavaThread "Unconstrained build operations Thread 55" [_thread_blocked, id=252, stack(0x000000fcca000000,0x000000fcca100000)]
  0x0000029a3fe03000 JavaThread "Unconstrained build operations Thread 56" [_thread_blocked, id=10624, stack(0x000000fcca100000,0x000000fcca200000)]
  0x0000029a3fdfd000 JavaThread "Unconstrained build operations Thread 57" [_thread_blocked, id=6448, stack(0x000000fcca200000,0x000000fcca300000)]
  0x0000029a42130000 JavaThread "Unconstrained build operations Thread 58" [_thread_blocked, id=14844, stack(0x000000fcca300000,0x000000fcca400000)]
  0x0000029a42135000 JavaThread "Unconstrained build operations Thread 59" [_thread_blocked, id=5768, stack(0x000000fcca400000,0x000000fcca500000)]
  0x0000029a42136800 JavaThread "Unconstrained build operations Thread 60" [_thread_blocked, id=7312, stack(0x000000fcca500000,0x000000fcca600000)]
  0x0000029a42132800 JavaThread "Unconstrained build operations Thread 61" [_thread_blocked, id=3296, stack(0x000000fcca600000,0x000000fcca700000)]
  0x0000029a42133800 JavaThread "Unconstrained build operations Thread 62" [_thread_blocked, id=10724, stack(0x000000fcca700000,0x000000fcca800000)]
  0x0000029a42134000 JavaThread "Unconstrained build operations Thread 63" [_thread_blocked, id=15700, stack(0x000000fcca800000,0x000000fcca900000)]
  0x0000029a42131000 JavaThread "Unconstrained build operations Thread 64" [_thread_blocked, id=14740, stack(0x000000fcca900000,0x000000fccaa00000)]
  0x0000029a42132000 JavaThread "Unconstrained build operations Thread 65" [_thread_blocked, id=4376, stack(0x000000fccaa00000,0x000000fccab00000)]
  0x0000029a42138800 JavaThread "Unconstrained build operations Thread 66" [_thread_blocked, id=15276, stack(0x000000fccab00000,0x000000fccac00000)]
  0x0000029a42139000 JavaThread "Unconstrained build operations Thread 67" [_thread_blocked, id=12116, stack(0x000000fccac00000,0x000000fccad00000)]
  0x0000029a4213a000 JavaThread "Unconstrained build operations Thread 68" [_thread_blocked, id=4984, stack(0x000000fccad00000,0x000000fccae00000)]
  0x0000029a4213b000 JavaThread "Unconstrained build operations Thread 69" [_thread_blocked, id=16156, stack(0x000000fccae00000,0x000000fccaf00000)]
  0x0000029a42136000 JavaThread "Unconstrained build operations Thread 70" [_thread_blocked, id=1848, stack(0x000000fccaf00000,0x000000fccb000000)]
  0x0000029a4213b800 JavaThread "Unconstrained build operations Thread 71" [_thread_blocked, id=14796, stack(0x000000fccb000000,0x000000fccb100000)]
  0x0000029a4213c800 JavaThread "Unconstrained build operations Thread 72" [_thread_blocked, id=14920, stack(0x000000fccb100000,0x000000fccb200000)]
  0x0000029a4213d000 JavaThread "Unconstrained build operations Thread 73" [_thread_blocked, id=12192, stack(0x000000fccb200000,0x000000fccb300000)]
  0x0000029a42137800 JavaThread "Unconstrained build operations Thread 74" [_thread_blocked, id=15988, stack(0x000000fccb300000,0x000000fccb400000)]
  0x0000029a4213e000 JavaThread "Unconstrained build operations Thread 75" [_thread_blocked, id=15252, stack(0x000000fccb400000,0x000000fccb500000)]
  0x0000029a4213f000 JavaThread "Unconstrained build operations Thread 76" [_thread_blocked, id=16008, stack(0x000000fccb500000,0x000000fccb600000)]
  0x0000029a3f1be800 JavaThread "Unconstrained build operations Thread 77" [_thread_blocked, id=11660, stack(0x000000fccb600000,0x000000fccb700000)]
  0x0000029a3f1c3000 JavaThread "Unconstrained build operations Thread 78" [_thread_blocked, id=13332, stack(0x000000fccb700000,0x000000fccb800000)]
  0x0000029a3f1bd000 JavaThread "Unconstrained build operations Thread 79" [_thread_blocked, id=10992, stack(0x000000fccb800000,0x000000fccb900000)]
  0x0000029a3f1bf800 JavaThread "Unconstrained build operations Thread 80" [_thread_blocked, id=7480, stack(0x000000fccb900000,0x000000fccba00000)]
  0x0000029a3f1c0800 JavaThread "Exec process" [_thread_in_native, id=1388, stack(0x000000fccba00000,0x000000fccbb00000)]
  0x0000029a3f1c1000 JavaThread "Exec process Thread 2" [_thread_in_native, id=12008, stack(0x000000fccbb00000,0x000000fccbc00000)]
  0x0000029a3f1c2000 JavaThread "Exec process Thread 3" [_thread_in_native, id=8272, stack(0x000000fccbc00000,0x000000fccbd00000)]

Other Threads:
  0x0000029a36d3c800 VMThread "VM Thread" [stack: 0x000000fcc2a00000,0x000000fcc2b00000] [id=16036]
  0x0000029a37922000 WatcherThread [stack: 0x000000fcc3700000,0x000000fcc3800000] [id=16180]
  0x0000029a1b82f000 GCTaskThread "GC Thread#0" [stack: 0x000000fcc2500000,0x000000fcc2600000] [id=10532]
  0x0000029a38d1f000 GCTaskThread "GC Thread#1" [stack: 0x000000fcc3a00000,0x000000fcc3b00000] [id=11784]
  0x0000029a38d20000 GCTaskThread "GC Thread#2" [stack: 0x000000fcc3b00000,0x000000fcc3c00000] [id=13052]
  0x0000029a383ce000 GCTaskThread "GC Thread#3" [stack: 0x000000fcc3c00000,0x000000fcc3d00000] [id=14616]
  0x0000029a3835e800 GCTaskThread "GC Thread#4" [stack: 0x000000fcc3d00000,0x000000fcc3e00000] [id=14108]
  0x0000029a38361000 GCTaskThread "GC Thread#5" [stack: 0x000000fcc3e00000,0x000000fcc3f00000] [id=9264]
  0x0000029a39c34800 GCTaskThread "GC Thread#6" [stack: 0x000000fcc4a00000,0x000000fcc4b00000] [id=10352]
  0x0000029a39c35000 GCTaskThread "GC Thread#7" [stack: 0x000000fcc4b00000,0x000000fcc4c00000] [id=7964]
  0x0000029a1b842000 ConcurrentGCThread "G1 Main Marker" [stack: 0x000000fcc2600000,0x000000fcc2700000] [id=16032]
  0x0000029a1b843000 ConcurrentGCThread "G1 Conc#0" [stack: 0x000000fcc2700000,0x000000fcc2800000] [id=14424]
  0x0000029a39153800 ConcurrentGCThread "G1 Conc#1" [stack: 0x000000fcc4c00000,0x000000fcc4d00000] [id=14368]
  0x0000029a1b8fe800 ConcurrentGCThread "G1 Refine#0" [stack: 0x000000fcc2800000,0x000000fcc2900000] [id=4372]
  0x0000029a36bd2800 ConcurrentGCThread "G1 Young RemSet Sampling" [stack: 0x000000fcc2900000,0x000000fcc2a00000] [id=10508]

Threads with active compile tasks:
C2 CompilerThread0  11424 7865       4       groovy.lang.MetaClassImpl::inheritInterfaceNewMetaMethods (195 bytes)
C2 CompilerThread1  11424 7873       4       java.lang.Class::privateGetPublicMethods (224 bytes)

VM state:not at safepoint (normal execution)

VM Mutex/Monitor currently owned by a thread: None

Heap address: 0x00000000e0000000, size: 512 MB, Compressed Oops mode: 32-bit
Narrow klass base: 0x0000000000000000, Narrow klass shift: 3
Compressed class space size: 260046848 Address: 0x0000000100000000

Heap:
 garbage-first heap   total 262144K, used 48659K [0x00000000e0000000, 0x0000000100000000)
  region size 1024K, 12 young (12288K), 10 survivors (10240K)
 Metaspace       used 60267K, capacity 62206K, committed 62492K, reserved 309248K
  class space    used 7778K, capacity 8525K, committed 8652K, reserved 253952K
Heap Regions: E=young(eden), S=young(survivor), O=old, HS=humongous(starts), HC=humongous(continues), CS=collection set, F=free, A=archive, TAMS=top-at-mark-start (previous, next)
|   0|0x00000000e0000000, 0x00000000e0100000, 0x00000000e0100000|100%| O|  |TAMS 0x00000000e0100000, 0x00000000e0000000| Untracked 
|   1|0x00000000e0100000, 0x00000000e0200000, 0x00000000e0200000|100%| O|  |TAMS 0x00000000e0200000, 0x00000000e0100000| Untracked 
|   2|0x00000000e0200000, 0x00000000e0300000, 0x00000000e0300000|100%| O|  |TAMS 0x00000000e0300000, 0x00000000e0200000| Untracked 
|   3|0x00000000e0300000, 0x00000000e0400000, 0x00000000e0400000|100%|HS|  |TAMS 0x00000000e0400000, 0x00000000e0300000| Complete 
|   4|0x00000000e0400000, 0x00000000e0500000, 0x00000000e0500000|100%|HC|  |TAMS 0x00000000e0500000, 0x00000000e0400000| Complete 
|   5|0x00000000e0500000, 0x00000000e0600000, 0x00000000e0600000|100%|HC|  |TAMS 0x00000000e0600000, 0x00000000e0500000| Complete 
|   6|0x00000000e0600000, 0x00000000e0700000, 0x00000000e0700000|100%| O|  |TAMS 0x00000000e0700000, 0x00000000e0600000| Untracked 
|   7|0x00000000e0700000, 0x00000000e0800000, 0x00000000e0800000|100%| O|  |TAMS 0x00000000e0800000, 0x00000000e0700000| Untracked 
|   8|0x00000000e0800000, 0x00000000e0900000, 0x00000000e0900000|100%| O|  |TAMS 0x00000000e0900000, 0x00000000e0800000| Untracked 
|   9|0x00000000e0900000, 0x00000000e0a00000, 0x00000000e0a00000|100%| O|  |TAMS 0x00000000e0a00000, 0x00000000e0900000| Untracked 
|  10|0x00000000e0a00000, 0x00000000e0b00000, 0x00000000e0b00000|100%| O|  |TAMS 0x00000000e0b00000, 0x00000000e0a00000| Untracked 
|  11|0x00000000e0b00000, 0x00000000e0c00000, 0x00000000e0c00000|100%| O|  |TAMS 0x00000000e0c00000, 0x00000000e0b00000| Untracked 
|  12|0x00000000e0c00000, 0x00000000e0d00000, 0x00000000e0d00000|100%| O|  |TAMS 0x00000000e0d00000, 0x00000000e0c00000| Untracked 
|  13|0x00000000e0d00000, 0x00000000e0e00000, 0x00000000e0e00000|100%| O|  |TAMS 0x00000000e0e00000, 0x00000000e0d00000| Untracked 
|  14|0x00000000e0e00000, 0x00000000e0f00000, 0x00000000e0f00000|100%| O|  |TAMS 0x00000000e0f00000, 0x00000000e0e00000| Untracked 
|  15|0x00000000e0f00000, 0x00000000e1000000, 0x00000000e1000000|100%| O|  |TAMS 0x00000000e1000000, 0x00000000e0f00000| Untracked 
|  16|0x00000000e1000000, 0x00000000e1100000, 0x00000000e1100000|100%| O|  |TAMS 0x00000000e104d800, 0x00000000e1000000| Untracked 
|  17|0x00000000e1100000, 0x00000000e1200000, 0x00000000e1200000|100%| O|  |TAMS 0x00000000e1100000, 0x00000000e1100000| Untracked 
|  18|0x00000000e1200000, 0x00000000e1300000, 0x00000000e1300000|100%| O|  |TAMS 0x00000000e1200000, 0x00000000e1200000| Untracked 
|  19|0x00000000e1300000, 0x00000000e1400000, 0x00000000e1400000|100%| O|  |TAMS 0x00000000e1300000, 0x00000000e1300000| Untracked 
|  20|0x00000000e1400000, 0x00000000e1500000, 0x00000000e1500000|100%| O|  |TAMS 0x00000000e1400000, 0x00000000e1400000| Untracked 
|  21|0x00000000e1500000, 0x00000000e1600000, 0x00000000e1600000|100%| O|  |TAMS 0x00000000e1500000, 0x00000000e1500000| Untracked 
|  22|0x00000000e1600000, 0x00000000e1700000, 0x00000000e1700000|100%| O|  |TAMS 0x00000000e1600000, 0x00000000e1600000| Untracked 
|  23|0x00000000e1700000, 0x00000000e1800000, 0x00000000e1800000|100%| O|  |TAMS 0x00000000e1700000, 0x00000000e1700000| Untracked 
|  24|0x00000000e1800000, 0x00000000e1900000, 0x00000000e1900000|100%| O|  |TAMS 0x00000000e1800000, 0x00000000e1800000| Untracked 
|  25|0x00000000e1900000, 0x00000000e1a00000, 0x00000000e1a00000|100%| O|  |TAMS 0x00000000e1900000, 0x00000000e1900000| Untracked 
|  26|0x00000000e1a00000, 0x00000000e1b00000, 0x00000000e1b00000|100%| O|  |TAMS 0x00000000e1a00000, 0x00000000e1a00000| Untracked 
|  27|0x00000000e1b00000, 0x00000000e1c00000, 0x00000000e1c00000|100%| O|  |TAMS 0x00000000e1b00000, 0x00000000e1b00000| Untracked 
|  28|0x00000000e1c00000, 0x00000000e1c00000, 0x00000000e1d00000|  0%| F|  |TAMS 0x00000000e1c00000, 0x00000000e1c00000| Untracked 
|  29|0x00000000e1d00000, 0x00000000e1d00000, 0x00000000e1e00000|  0%| F|  |TAMS 0x00000000e1d00000, 0x00000000e1d00000| Untracked 
|  30|0x00000000e1e00000, 0x00000000e1f00000, 0x00000000e1f00000|100%| O|  |TAMS 0x00000000e1e00000, 0x00000000e1e00000| Untracked 
|  31|0x00000000e1f00000, 0x00000000e2000000, 0x00000000e2000000|100%| O|  |TAMS 0x00000000e1f00000, 0x00000000e1f00000| Untracked 
|  32|0x00000000e2000000, 0x00000000e2100000, 0x00000000e2100000|100%| O|  |TAMS 0x00000000e2000000, 0x00000000e2000000| Untracked 
|  33|0x00000000e2100000, 0x00000000e2200000, 0x00000000e2200000|100%| O|  |TAMS 0x00000000e2100000, 0x00000000e2100000| Untracked 
|  34|0x00000000e2200000, 0x00000000e2300000, 0x00000000e2300000|100%| O|  |TAMS 0x00000000e2200000, 0x00000000e2200000| Untracked 
|  35|0x00000000e2300000, 0x00000000e2400000, 0x00000000e2400000|100%| O|  |TAMS 0x00000000e2300000, 0x00000000e2300000| Untracked 
|  36|0x00000000e2400000, 0x00000000e2500000, 0x00000000e2500000|100%| O|  |TAMS 0x00000000e2400000, 0x00000000e2400000| Untracked 
|  37|0x00000000e2500000, 0x00000000e2600000, 0x00000000e2600000|100%| O|  |TAMS 0x00000000e2500000, 0x00000000e2500000| Untracked 
|  38|0x00000000e2600000, 0x00000000e2700000, 0x00000000e2700000|100%| O|  |TAMS 0x00000000e2600000, 0x00000000e2600000| Untracked 
|  39|0x00000000e2700000, 0x00000000e2700000, 0x00000000e2800000|  0%| F|  |TAMS 0x00000000e2700000, 0x00000000e2700000| Untracked 
|  40|0x00000000e2800000, 0x00000000e2800000, 0x00000000e2900000|  0%| F|  |TAMS 0x00000000e2800000, 0x00000000e2800000| Untracked 
|  41|0x00000000e2900000, 0x00000000e2900000, 0x00000000e2a00000|  0%| F|  |TAMS 0x00000000e2900000, 0x00000000e2900000| Untracked 
|  42|0x00000000e2a00000, 0x00000000e2a00000, 0x00000000e2b00000|  0%| F|  |TAMS 0x00000000e2a00000, 0x00000000e2a00000| Untracked 
|  43|0x00000000e2b00000, 0x00000000e2b00000, 0x00000000e2c00000|  0%| F|  |TAMS 0x00000000e2b00000, 0x00000000e2b00000| Untracked 
|  44|0x00000000e2c00000, 0x00000000e2c00000, 0x00000000e2d00000|  0%| F|  |TAMS 0x00000000e2c00000, 0x00000000e2c00000| Untracked 
|  45|0x00000000e2d00000, 0x00000000e2d00000, 0x00000000e2e00000|  0%| F|  |TAMS 0x00000000e2d00000, 0x00000000e2d00000| Untracked 
|  46|0x00000000e2e00000, 0x00000000e2e00000, 0x00000000e2f00000|  0%| F|  |TAMS 0x00000000e2e00000, 0x00000000e2e00000| Untracked 
|  47|0x00000000e2f00000, 0x00000000e2f00000, 0x00000000e3000000|  0%| F|  |TAMS 0x00000000e2f00000, 0x00000000e2f00000| Untracked 
|  48|0x00000000e3000000, 0x00000000e3000000, 0x00000000e3100000|  0%| F|  |TAMS 0x00000000e3000000, 0x00000000e3000000| Untracked 
|  49|0x00000000e3100000, 0x00000000e3100000, 0x00000000e3200000|  0%| F|  |TAMS 0x00000000e3100000, 0x00000000e3100000| Untracked 
|  50|0x00000000e3200000, 0x00000000e3200000, 0x00000000e3300000|  0%| F|  |TAMS 0x00000000e3200000, 0x00000000e3200000| Untracked 
|  51|0x00000000e3300000, 0x00000000e3300000, 0x00000000e3400000|  0%| F|  |TAMS 0x00000000e3300000, 0x00000000e3300000| Untracked 
|  52|0x00000000e3400000, 0x00000000e3400000, 0x00000000e3500000|  0%| F|  |TAMS 0x00000000e3400000, 0x00000000e3400000| Untracked 
|  53|0x00000000e3500000, 0x00000000e3500000, 0x00000000e3600000|  0%| F|  |TAMS 0x00000000e3500000, 0x00000000e3500000| Untracked 
|  54|0x00000000e3600000, 0x00000000e3600000, 0x00000000e3700000|  0%| F|  |TAMS 0x00000000e3600000, 0x00000000e3600000| Untracked 
|  55|0x00000000e3700000, 0x00000000e3700000, 0x00000000e3800000|  0%| F|  |TAMS 0x00000000e3700000, 0x00000000e3700000| Untracked 
|  56|0x00000000e3800000, 0x00000000e3800000, 0x00000000e3900000|  0%| F|  |TAMS 0x00000000e3800000, 0x00000000e3800000| Untracked 
|  57|0x00000000e3900000, 0x00000000e3900000, 0x00000000e3a00000|  0%| F|  |TAMS 0x00000000e3900000, 0x00000000e3900000| Untracked 
|  58|0x00000000e3a00000, 0x00000000e3a00000, 0x00000000e3b00000|  0%| F|  |TAMS 0x00000000e3a00000, 0x00000000e3a00000| Untracked 
|  59|0x00000000e3b00000, 0x00000000e3b00000, 0x00000000e3c00000|  0%| F|  |TAMS 0x00000000e3b00000, 0x00000000e3b00000| Untracked 
|  60|0x00000000e3c00000, 0x00000000e3c00000, 0x00000000e3d00000|  0%| F|  |TAMS 0x00000000e3c00000, 0x00000000e3c00000| Untracked 
|  61|0x00000000e3d00000, 0x00000000e3d00000, 0x00000000e3e00000|  0%| F|  |TAMS 0x00000000e3d00000, 0x00000000e3d00000| Untracked 
|  62|0x00000000e3e00000, 0x00000000e3e00000, 0x00000000e3f00000|  0%| F|  |TAMS 0x00000000e3e00000, 0x00000000e3e00000| Untracked 
|  63|0x00000000e3f00000, 0x00000000e3f00000, 0x00000000e4000000|  0%| F|  |TAMS 0x00000000e3f00000, 0x00000000e3f00000| Untracked 
|  64|0x00000000e4000000, 0x00000000e4000000, 0x00000000e4100000|  0%| F|  |TAMS 0x00000000e4000000, 0x00000000e4000000| Untracked 
|  65|0x00000000e4100000, 0x00000000e4100000, 0x00000000e4200000|  0%| F|  |TAMS 0x00000000e4100000, 0x00000000e4100000| Untracked 
|  66|0x00000000e4200000, 0x00000000e4200000, 0x00000000e4300000|  0%| F|  |TAMS 0x00000000e4200000, 0x00000000e4200000| Untracked 
|  67|0x00000000e4300000, 0x00000000e4300000, 0x00000000e4400000|  0%| F|  |TAMS 0x00000000e4300000, 0x00000000e4300000| Untracked 
|  68|0x00000000e4400000, 0x00000000e4400000, 0x00000000e4500000|  0%| F|  |TAMS 0x00000000e4400000, 0x00000000e4400000| Untracked 
|  69|0x00000000e4500000, 0x00000000e4500000, 0x00000000e4600000|  0%| F|  |TAMS 0x00000000e4500000, 0x00000000e4500000| Untracked 
|  70|0x00000000e4600000, 0x00000000e4600000, 0x00000000e4700000|  0%| F|  |TAMS 0x00000000e4600000, 0x00000000e4600000| Untracked 
|  71|0x00000000e4700000, 0x00000000e4700000, 0x00000000e4800000|  0%| F|  |TAMS 0x00000000e4700000, 0x00000000e4700000| Untracked 
|  72|0x00000000e4800000, 0x00000000e4800000, 0x00000000e4900000|  0%| F|  |TAMS 0x00000000e4800000, 0x00000000e4800000| Untracked 
|  73|0x00000000e4900000, 0x00000000e4900000, 0x00000000e4a00000|  0%| F|  |TAMS 0x00000000e4900000, 0x00000000e4900000| Untracked 
|  74|0x00000000e4a00000, 0x00000000e4a00000, 0x00000000e4b00000|  0%| F|  |TAMS 0x00000000e4a00000, 0x00000000e4a00000| Untracked 
|  75|0x00000000e4b00000, 0x00000000e4b00000, 0x00000000e4c00000|  0%| F|  |TAMS 0x00000000e4b00000, 0x00000000e4b00000| Untracked 
|  76|0x00000000e4c00000, 0x00000000e4c00000, 0x00000000e4d00000|  0%| F|  |TAMS 0x00000000e4c00000, 0x00000000e4c00000| Untracked 
|  77|0x00000000e4d00000, 0x00000000e4d00000, 0x00000000e4e00000|  0%| F|  |TAMS 0x00000000e4d00000, 0x00000000e4d00000| Untracked 
|  78|0x00000000e4e00000, 0x00000000e4e00000, 0x00000000e4f00000|  0%| F|  |TAMS 0x00000000e4e00000, 0x00000000e4e00000| Untracked 
|  79|0x00000000e4f00000, 0x00000000e4f00000, 0x00000000e5000000|  0%| F|  |TAMS 0x00000000e4f00000, 0x00000000e4f00000| Untracked 
|  80|0x00000000e5000000, 0x00000000e5000000, 0x00000000e5100000|  0%| F|  |TAMS 0x00000000e5000000, 0x00000000e5000000| Untracked 
|  81|0x00000000e5100000, 0x00000000e5100000, 0x00000000e5200000|  0%| F|  |TAMS 0x00000000e5100000, 0x00000000e5100000| Untracked 
|  82|0x00000000e5200000, 0x00000000e5200000, 0x00000000e5300000|  0%| F|  |TAMS 0x00000000e5200000, 0x00000000e5200000| Untracked 
|  83|0x00000000e5300000, 0x00000000e5300000, 0x00000000e5400000|  0%| F|  |TAMS 0x00000000e5300000, 0x00000000e5300000| Untracked 
|  84|0x00000000e5400000, 0x00000000e5400000, 0x00000000e5500000|  0%| F|  |TAMS 0x00000000e5400000, 0x00000000e5400000| Untracked 
|  85|0x00000000e5500000, 0x00000000e5500000, 0x00000000e5600000|  0%| F|  |TAMS 0x00000000e5500000, 0x00000000e5500000| Untracked 
|  86|0x00000000e5600000, 0x00000000e5600000, 0x00000000e5700000|  0%| F|  |TAMS 0x00000000e5600000, 0x00000000e5600000| Untracked 
|  87|0x00000000e5700000, 0x00000000e5700000, 0x00000000e5800000|  0%| F|  |TAMS 0x00000000e5700000, 0x00000000e5700000| Untracked 
|  88|0x00000000e5800000, 0x00000000e5800000, 0x00000000e5900000|  0%| F|  |TAMS 0x00000000e5800000, 0x00000000e5800000| Untracked 
|  89|0x00000000e5900000, 0x00000000e5900000, 0x00000000e5a00000|  0%| F|  |TAMS 0x00000000e5900000, 0x00000000e5900000| Untracked 
|  90|0x00000000e5a00000, 0x00000000e5a00000, 0x00000000e5b00000|  0%| F|  |TAMS 0x00000000e5a00000, 0x00000000e5a00000| Untracked 
|  91|0x00000000e5b00000, 0x00000000e5b00000, 0x00000000e5c00000|  0%| F|  |TAMS 0x00000000e5b00000, 0x00000000e5b00000| Untracked 
|  92|0x00000000e5c00000, 0x00000000e5c00000, 0x00000000e5d00000|  0%| F|  |TAMS 0x00000000e5c00000, 0x00000000e5c00000| Untracked 
|  93|0x00000000e5d00000, 0x00000000e5d84f90, 0x00000000e5e00000| 51%| S|CS|TAMS 0x00000000e5d00000, 0x00000000e5d00000| Complete 
|  94|0x00000000e5e00000, 0x00000000e5e00000, 0x00000000e5f00000|  0%| F|  |TAMS 0x00000000e5e00000, 0x00000000e5e00000| Untracked 
|  95|0x00000000e5f00000, 0x00000000e5f00000, 0x00000000e6000000|  0%| F|  |TAMS 0x00000000e5f00000, 0x00000000e5f00000| Untracked 
|  96|0x00000000e6000000, 0x00000000e6000000, 0x00000000e6100000|  0%| F|  |TAMS 0x00000000e6000000, 0x00000000e6000000| Untracked 
|  97|0x00000000e6100000, 0x00000000e6100000, 0x00000000e6200000|  0%| F|  |TAMS 0x00000000e6100000, 0x00000000e6100000| Untracked 
|  98|0x00000000e6200000, 0x00000000e6200000, 0x00000000e6300000|  0%| F|  |TAMS 0x00000000e6200000, 0x00000000e6200000| Untracked 
|  99|0x00000000e6300000, 0x00000000e6300000, 0x00000000e6400000|  0%| F|  |TAMS 0x00000000e6300000, 0x00000000e6300000| Untracked 
| 100|0x00000000e6400000, 0x00000000e6400000, 0x00000000e6500000|  0%| F|  |TAMS 0x00000000e6400000, 0x00000000e6400000| Untracked 
| 101|0x00000000e6500000, 0x00000000e6500000, 0x00000000e6600000|  0%| F|  |TAMS 0x00000000e6500000, 0x00000000e6500000| Untracked 
| 102|0x00000000e6600000, 0x00000000e6600000, 0x00000000e6700000|  0%| F|  |TAMS 0x00000000e6600000, 0x00000000e6600000| Untracked 
| 103|0x00000000e6700000, 0x00000000e6800000, 0x00000000e6800000|100%| S|CS|TAMS 0x00000000e6700000, 0x00000000e6700000| Complete 
| 104|0x00000000e6800000, 0x00000000e6900000, 0x00000000e6900000|100%| S|CS|TAMS 0x00000000e6800000, 0x00000000e6800000| Complete 
| 105|0x00000000e6900000, 0x00000000e6a00000, 0x00000000e6a00000|100%| S|CS|TAMS 0x00000000e6900000, 0x00000000e6900000| Complete 
| 106|0x00000000e6a00000, 0x00000000e6b00000, 0x00000000e6b00000|100%| S|CS|TAMS 0x00000000e6a00000, 0x00000000e6a00000| Complete 
| 107|0x00000000e6b00000, 0x00000000e6c00000, 0x00000000e6c00000|100%| S|CS|TAMS 0x00000000e6b00000, 0x00000000e6b00000| Complete 
| 108|0x00000000e6c00000, 0x00000000e6d00000, 0x00000000e6d00000|100%| S|CS|TAMS 0x00000000e6c00000, 0x00000000e6c00000| Complete 
| 109|0x00000000e6d00000, 0x00000000e6e00000, 0x00000000e6e00000|100%| S|CS|TAMS 0x00000000e6d00000, 0x00000000e6d00000| Complete 
| 110|0x00000000e6e00000, 0x00000000e6f00000, 0x00000000e6f00000|100%| S|CS|TAMS 0x00000000e6e00000, 0x00000000e6e00000| Complete 
| 111|0x00000000e6f00000, 0x00000000e7000000, 0x00000000e7000000|100%| S|CS|TAMS 0x00000000e6f00000, 0x00000000e6f00000| Complete 
| 112|0x00000000e7000000, 0x00000000e7000000, 0x00000000e7100000|  0%| F|  |TAMS 0x00000000e7000000, 0x00000000e7000000| Untracked 
| 113|0x00000000e7100000, 0x00000000e7100000, 0x00000000e7200000|  0%| F|  |TAMS 0x00000000e7100000, 0x00000000e7100000| Untracked 
| 114|0x00000000e7200000, 0x00000000e7200000, 0x00000000e7300000|  0%| F|  |TAMS 0x00000000e7200000, 0x00000000e7200000| Untracked 
| 115|0x00000000e7300000, 0x00000000e7300000, 0x00000000e7400000|  0%| F|  |TAMS 0x00000000e7300000, 0x00000000e7300000| Untracked 
| 116|0x00000000e7400000, 0x00000000e7400000, 0x00000000e7500000|  0%| F|  |TAMS 0x00000000e7400000, 0x00000000e7400000| Untracked 
| 117|0x00000000e7500000, 0x00000000e7500000, 0x00000000e7600000|  0%| F|  |TAMS 0x00000000e7500000, 0x00000000e7500000| Untracked 
| 118|0x00000000e7600000, 0x00000000e7600000, 0x00000000e7700000|  0%| F|  |TAMS 0x00000000e7600000, 0x00000000e7600000| Untracked 
| 119|0x00000000e7700000, 0x00000000e7700000, 0x00000000e7800000|  0%| F|  |TAMS 0x00000000e7700000, 0x00000000e7700000| Untracked 
| 120|0x00000000e7800000, 0x00000000e7800000, 0x00000000e7900000|  0%| F|  |TAMS 0x00000000e7800000, 0x00000000e7800000| Untracked 
| 121|0x00000000e7900000, 0x00000000e7900000, 0x00000000e7a00000|  0%| F|  |TAMS 0x00000000e7900000, 0x00000000e7900000| Untracked 
| 122|0x00000000e7a00000, 0x00000000e7a00000, 0x00000000e7b00000|  0%| F|  |TAMS 0x00000000e7a00000, 0x00000000e7a00000| Untracked 
| 123|0x00000000e7b00000, 0x00000000e7b00000, 0x00000000e7c00000|  0%| F|  |TAMS 0x00000000e7b00000, 0x00000000e7b00000| Untracked 
| 124|0x00000000e7c00000, 0x00000000e7c00000, 0x00000000e7d00000|  0%| F|  |TAMS 0x00000000e7c00000, 0x00000000e7c00000| Untracked 
| 125|0x00000000e7d00000, 0x00000000e7d00000, 0x00000000e7e00000|  0%| F|  |TAMS 0x00000000e7d00000, 0x00000000e7d00000| Untracked 
| 126|0x00000000e7e00000, 0x00000000e7e00000, 0x00000000e7f00000|  0%| F|  |TAMS 0x00000000e7e00000, 0x00000000e7e00000| Untracked 
| 127|0x00000000e7f00000, 0x00000000e7f00000, 0x00000000e8000000|  0%| F|  |TAMS 0x00000000e7f00000, 0x00000000e7f00000| Untracked 
| 128|0x00000000e8000000, 0x00000000e8000000, 0x00000000e8100000|  0%| F|  |TAMS 0x00000000e8000000, 0x00000000e8000000| Untracked 
| 129|0x00000000e8100000, 0x00000000e8100000, 0x00000000e8200000|  0%| F|  |TAMS 0x00000000e8100000, 0x00000000e8100000| Untracked 
| 130|0x00000000e8200000, 0x00000000e8200000, 0x00000000e8300000|  0%| F|  |TAMS 0x00000000e8200000, 0x00000000e8200000| Untracked 
| 131|0x00000000e8300000, 0x00000000e8300000, 0x00000000e8400000|  0%| F|  |TAMS 0x00000000e8300000, 0x00000000e8300000| Untracked 
| 132|0x00000000e8400000, 0x00000000e8400000, 0x00000000e8500000|  0%| F|  |TAMS 0x00000000e8400000, 0x00000000e8400000| Untracked 
| 133|0x00000000e8500000, 0x00000000e8500000, 0x00000000e8600000|  0%| F|  |TAMS 0x00000000e8500000, 0x00000000e8500000| Untracked 
| 134|0x00000000e8600000, 0x00000000e8600000, 0x00000000e8700000|  0%| F|  |TAMS 0x00000000e8600000, 0x00000000e8600000| Untracked 
| 135|0x00000000e8700000, 0x00000000e8700000, 0x00000000e8800000|  0%| F|  |TAMS 0x00000000e8700000, 0x00000000e8700000| Untracked 
| 136|0x00000000e8800000, 0x00000000e8800000, 0x00000000e8900000|  0%| F|  |TAMS 0x00000000e8800000, 0x00000000e8800000| Untracked 
| 137|0x00000000e8900000, 0x00000000e8900000, 0x00000000e8a00000|  0%| F|  |TAMS 0x00000000e8900000, 0x00000000e8900000| Untracked 
| 138|0x00000000e8a00000, 0x00000000e8a00000, 0x00000000e8b00000|  0%| F|  |TAMS 0x00000000e8a00000, 0x00000000e8a00000| Untracked 
| 139|0x00000000e8b00000, 0x00000000e8b00000, 0x00000000e8c00000|  0%| F|  |TAMS 0x00000000e8b00000, 0x00000000e8b00000| Untracked 
| 140|0x00000000e8c00000, 0x00000000e8c00000, 0x00000000e8d00000|  0%| F|  |TAMS 0x00000000e8c00000, 0x00000000e8c00000| Untracked 
| 141|0x00000000e8d00000, 0x00000000e8d00000, 0x00000000e8e00000|  0%| F|  |TAMS 0x00000000e8d00000, 0x00000000e8d00000| Untracked 
| 142|0x00000000e8e00000, 0x00000000e8e00000, 0x00000000e8f00000|  0%| F|  |TAMS 0x00000000e8e00000, 0x00000000e8e00000| Untracked 
| 143|0x00000000e8f00000, 0x00000000e8f00000, 0x00000000e9000000|  0%| F|  |TAMS 0x00000000e8f00000, 0x00000000e8f00000| Untracked 
| 144|0x00000000e9000000, 0x00000000e9000000, 0x00000000e9100000|  0%| F|  |TAMS 0x00000000e9000000, 0x00000000e9000000| Untracked 
| 145|0x00000000e9100000, 0x00000000e9100000, 0x00000000e9200000|  0%| F|  |TAMS 0x00000000e9100000, 0x00000000e9100000| Untracked 
| 146|0x00000000e9200000, 0x00000000e9200000, 0x00000000e9300000|  0%| F|  |TAMS 0x00000000e9200000, 0x00000000e9200000| Untracked 
| 147|0x00000000e9300000, 0x00000000e9300000, 0x00000000e9400000|  0%| F|  |TAMS 0x00000000e9300000, 0x00000000e9300000| Untracked 
| 148|0x00000000e9400000, 0x00000000e9400000, 0x00000000e9500000|  0%| F|  |TAMS 0x00000000e9400000, 0x00000000e9400000| Untracked 
| 149|0x00000000e9500000, 0x00000000e9500000, 0x00000000e9600000|  0%| F|  |TAMS 0x00000000e9500000, 0x00000000e9500000| Untracked 
| 150|0x00000000e9600000, 0x00000000e9600000, 0x00000000e9700000|  0%| F|  |TAMS 0x00000000e9600000, 0x00000000e9600000| Untracked 
| 151|0x00000000e9700000, 0x00000000e9700000, 0x00000000e9800000|  0%| F|  |TAMS 0x00000000e9700000, 0x00000000e9700000| Untracked 
| 152|0x00000000e9800000, 0x00000000e9800000, 0x00000000e9900000|  0%| F|  |TAMS 0x00000000e9800000, 0x00000000e9800000| Untracked 
| 153|0x00000000e9900000, 0x00000000e9900000, 0x00000000e9a00000|  0%| F|  |TAMS 0x00000000e9900000, 0x00000000e9900000| Untracked 
| 154|0x00000000e9a00000, 0x00000000e9a00000, 0x00000000e9b00000|  0%| F|  |TAMS 0x00000000e9a00000, 0x00000000e9a00000| Untracked 
| 155|0x00000000e9b00000, 0x00000000e9b00000, 0x00000000e9c00000|  0%| F|  |TAMS 0x00000000e9b00000, 0x00000000e9b00000| Untracked 
| 156|0x00000000e9c00000, 0x00000000e9c00000, 0x00000000e9d00000|  0%| F|  |TAMS 0x00000000e9c00000, 0x00000000e9c00000| Untracked 
| 157|0x00000000e9d00000, 0x00000000e9d00000, 0x00000000e9e00000|  0%| F|  |TAMS 0x00000000e9d00000, 0x00000000e9d00000| Untracked 
| 158|0x00000000e9e00000, 0x00000000e9e00000, 0x00000000e9f00000|  0%| F|  |TAMS 0x00000000e9e00000, 0x00000000e9e00000| Untracked 
| 159|0x00000000e9f00000, 0x00000000e9f00000, 0x00000000ea000000|  0%| F|  |TAMS 0x00000000e9f00000, 0x00000000e9f00000| Untracked 
| 160|0x00000000ea000000, 0x00000000ea000000, 0x00000000ea100000|  0%| F|  |TAMS 0x00000000ea000000, 0x00000000ea000000| Untracked 
| 161|0x00000000ea100000, 0x00000000ea100000, 0x00000000ea200000|  0%| F|  |TAMS 0x00000000ea100000, 0x00000000ea100000| Untracked 
| 162|0x00000000ea200000, 0x00000000ea200000, 0x00000000ea300000|  0%| F|  |TAMS 0x00000000ea200000, 0x00000000ea200000| Untracked 
| 163|0x00000000ea300000, 0x00000000ea300000, 0x00000000ea400000|  0%| F|  |TAMS 0x00000000ea300000, 0x00000000ea300000| Untracked 
| 164|0x00000000ea400000, 0x00000000ea400000, 0x00000000ea500000|  0%| F|  |TAMS 0x00000000ea400000, 0x00000000ea400000| Untracked 
| 165|0x00000000ea500000, 0x00000000ea500000, 0x00000000ea600000|  0%| F|  |TAMS 0x00000000ea500000, 0x00000000ea500000| Untracked 
| 166|0x00000000ea600000, 0x00000000ea600000, 0x00000000ea700000|  0%| F|  |TAMS 0x00000000ea600000, 0x00000000ea600000| Untracked 
| 167|0x00000000ea700000, 0x00000000ea700000, 0x00000000ea800000|  0%| F|  |TAMS 0x00000000ea700000, 0x00000000ea700000| Untracked 
| 168|0x00000000ea800000, 0x00000000ea800000, 0x00000000ea900000|  0%| F|  |TAMS 0x00000000ea800000, 0x00000000ea800000| Untracked 
| 169|0x00000000ea900000, 0x00000000ea900000, 0x00000000eaa00000|  0%| F|  |TAMS 0x00000000ea900000, 0x00000000ea900000| Untracked 
| 170|0x00000000eaa00000, 0x00000000eaa00000, 0x00000000eab00000|  0%| F|  |TAMS 0x00000000eaa00000, 0x00000000eaa00000| Untracked 
| 171|0x00000000eab00000, 0x00000000eab00000, 0x00000000eac00000|  0%| F|  |TAMS 0x00000000eab00000, 0x00000000eab00000| Untracked 
| 172|0x00000000eac00000, 0x00000000eac00000, 0x00000000ead00000|  0%| F|  |TAMS 0x00000000eac00000, 0x00000000eac00000| Untracked 
| 173|0x00000000ead00000, 0x00000000ead00000, 0x00000000eae00000|  0%| F|  |TAMS 0x00000000ead00000, 0x00000000ead00000| Untracked 
| 174|0x00000000eae00000, 0x00000000eae00000, 0x00000000eaf00000|  0%| F|  |TAMS 0x00000000eae00000, 0x00000000eae00000| Untracked 
| 175|0x00000000eaf00000, 0x00000000eaf00000, 0x00000000eb000000|  0%| F|  |TAMS 0x00000000eaf00000, 0x00000000eaf00000| Untracked 
| 176|0x00000000eb000000, 0x00000000eb000000, 0x00000000eb100000|  0%| F|  |TAMS 0x00000000eb000000, 0x00000000eb000000| Untracked 
| 177|0x00000000eb100000, 0x00000000eb100000, 0x00000000eb200000|  0%| F|  |TAMS 0x00000000eb100000, 0x00000000eb100000| Untracked 
| 178|0x00000000eb200000, 0x00000000eb200000, 0x00000000eb300000|  0%| F|  |TAMS 0x00000000eb200000, 0x00000000eb200000| Untracked 
| 179|0x00000000eb300000, 0x00000000eb300000, 0x00000000eb400000|  0%| F|  |TAMS 0x00000000eb300000, 0x00000000eb300000| Untracked 
| 180|0x00000000eb400000, 0x00000000eb400000, 0x00000000eb500000|  0%| F|  |TAMS 0x00000000eb400000, 0x00000000eb400000| Untracked 
| 181|0x00000000eb500000, 0x00000000eb500000, 0x00000000eb600000|  0%| F|  |TAMS 0x00000000eb500000, 0x00000000eb500000| Untracked 
| 182|0x00000000eb600000, 0x00000000eb600000, 0x00000000eb700000|  0%| F|  |TAMS 0x00000000eb600000, 0x00000000eb600000| Untracked 
| 183|0x00000000eb700000, 0x00000000eb700000, 0x00000000eb800000|  0%| F|  |TAMS 0x00000000eb700000, 0x00000000eb700000| Untracked 
| 184|0x00000000eb800000, 0x00000000eb800000, 0x00000000eb900000|  0%| F|  |TAMS 0x00000000eb800000, 0x00000000eb800000| Untracked 
| 185|0x00000000eb900000, 0x00000000eb900000, 0x00000000eba00000|  0%| F|  |TAMS 0x00000000eb900000, 0x00000000eb900000| Untracked 
| 186|0x00000000eba00000, 0x00000000eba00000, 0x00000000ebb00000|  0%| F|  |TAMS 0x00000000eba00000, 0x00000000eba00000| Untracked 
| 187|0x00000000ebb00000, 0x00000000ebb00000, 0x00000000ebc00000|  0%| F|  |TAMS 0x00000000ebb00000, 0x00000000ebb00000| Untracked 
| 188|0x00000000ebc00000, 0x00000000ebc00000, 0x00000000ebd00000|  0%| F|  |TAMS 0x00000000ebc00000, 0x00000000ebc00000| Untracked 
| 189|0x00000000ebd00000, 0x00000000ebd00000, 0x00000000ebe00000|  0%| F|  |TAMS 0x00000000ebd00000, 0x00000000ebd00000| Untracked 
| 190|0x00000000ebe00000, 0x00000000ebe00000, 0x00000000ebf00000|  0%| F|  |TAMS 0x00000000ebe00000, 0x00000000ebe00000| Untracked 
| 191|0x00000000ebf00000, 0x00000000ebf00000, 0x00000000ec000000|  0%| F|  |TAMS 0x00000000ebf00000, 0x00000000ebf00000| Untracked 
| 192|0x00000000ec000000, 0x00000000ec000000, 0x00000000ec100000|  0%| F|  |TAMS 0x00000000ec000000, 0x00000000ec000000| Untracked 
| 193|0x00000000ec100000, 0x00000000ec100000, 0x00000000ec200000|  0%| F|  |TAMS 0x00000000ec100000, 0x00000000ec100000| Untracked 
| 194|0x00000000ec200000, 0x00000000ec200000, 0x00000000ec300000|  0%| F|  |TAMS 0x00000000ec200000, 0x00000000ec200000| Untracked 
| 195|0x00000000ec300000, 0x00000000ec300000, 0x00000000ec400000|  0%| F|  |TAMS 0x00000000ec300000, 0x00000000ec300000| Untracked 
| 196|0x00000000ec400000, 0x00000000ec400000, 0x00000000ec500000|  0%| F|  |TAMS 0x00000000ec400000, 0x00000000ec400000| Untracked 
| 197|0x00000000ec500000, 0x00000000ec500000, 0x00000000ec600000|  0%| F|  |TAMS 0x00000000ec500000, 0x00000000ec500000| Untracked 
| 198|0x00000000ec600000, 0x00000000ec600000, 0x00000000ec700000|  0%| F|  |TAMS 0x00000000ec600000, 0x00000000ec600000| Untracked 
| 199|0x00000000ec700000, 0x00000000ec700000, 0x00000000ec800000|  0%| F|  |TAMS 0x00000000ec700000, 0x00000000ec700000| Untracked 
| 200|0x00000000ec800000, 0x00000000ec800000, 0x00000000ec900000|  0%| F|  |TAMS 0x00000000ec800000, 0x00000000ec800000| Untracked 
| 201|0x00000000ec900000, 0x00000000ec900000, 0x00000000eca00000|  0%| F|  |TAMS 0x00000000ec900000, 0x00000000ec900000| Untracked 
| 202|0x00000000eca00000, 0x00000000eca00000, 0x00000000ecb00000|  0%| F|  |TAMS 0x00000000eca00000, 0x00000000eca00000| Untracked 
| 203|0x00000000ecb00000, 0x00000000ecb00000, 0x00000000ecc00000|  0%| F|  |TAMS 0x00000000ecb00000, 0x00000000ecb00000| Untracked 
| 204|0x00000000ecc00000, 0x00000000ecc00000, 0x00000000ecd00000|  0%| F|  |TAMS 0x00000000ecc00000, 0x00000000ecc00000| Untracked 
| 205|0x00000000ecd00000, 0x00000000ecd00000, 0x00000000ece00000|  0%| F|  |TAMS 0x00000000ecd00000, 0x00000000ecd00000| Untracked 
| 206|0x00000000ece00000, 0x00000000ece00000, 0x00000000ecf00000|  0%| F|  |TAMS 0x00000000ece00000, 0x00000000ece00000| Untracked 
| 207|0x00000000ecf00000, 0x00000000ecf00000, 0x00000000ed000000|  0%| F|  |TAMS 0x00000000ecf00000, 0x00000000ecf00000| Untracked 
| 208|0x00000000ed000000, 0x00000000ed000000, 0x00000000ed100000|  0%| F|  |TAMS 0x00000000ed000000, 0x00000000ed000000| Untracked 
| 209|0x00000000ed100000, 0x00000000ed100000, 0x00000000ed200000|  0%| F|  |TAMS 0x00000000ed100000, 0x00000000ed100000| Untracked 
| 210|0x00000000ed200000, 0x00000000ed200000, 0x00000000ed300000|  0%| F|  |TAMS 0x00000000ed200000, 0x00000000ed200000| Untracked 
| 211|0x00000000ed300000, 0x00000000ed300000, 0x00000000ed400000|  0%| F|  |TAMS 0x00000000ed300000, 0x00000000ed300000| Untracked 
| 212|0x00000000ed400000, 0x00000000ed400000, 0x00000000ed500000|  0%| F|  |TAMS 0x00000000ed400000, 0x00000000ed400000| Untracked 
| 213|0x00000000ed500000, 0x00000000ed500000, 0x00000000ed600000|  0%| F|  |TAMS 0x00000000ed500000, 0x00000000ed500000| Untracked 
| 214|0x00000000ed600000, 0x00000000ed600000, 0x00000000ed700000|  0%| F|  |TAMS 0x00000000ed600000, 0x00000000ed600000| Untracked 
| 215|0x00000000ed700000, 0x00000000ed700000, 0x00000000ed800000|  0%| F|  |TAMS 0x00000000ed700000, 0x00000000ed700000| Untracked 
| 216|0x00000000ed800000, 0x00000000ed800000, 0x00000000ed900000|  0%| F|  |TAMS 0x00000000ed800000, 0x00000000ed800000| Untracked 
| 217|0x00000000ed900000, 0x00000000ed900000, 0x00000000eda00000|  0%| F|  |TAMS 0x00000000ed900000, 0x00000000ed900000| Untracked 
| 218|0x00000000eda00000, 0x00000000eda00000, 0x00000000edb00000|  0%| F|  |TAMS 0x00000000eda00000, 0x00000000eda00000| Untracked 
| 219|0x00000000edb00000, 0x00000000edb00000, 0x00000000edc00000|  0%| F|  |TAMS 0x00000000edb00000, 0x00000000edb00000| Untracked 
| 220|0x00000000edc00000, 0x00000000edc00000, 0x00000000edd00000|  0%| F|  |TAMS 0x00000000edc00000, 0x00000000edc00000| Untracked 
| 221|0x00000000edd00000, 0x00000000edd00000, 0x00000000ede00000|  0%| F|  |TAMS 0x00000000edd00000, 0x00000000edd00000| Untracked 
| 222|0x00000000ede00000, 0x00000000ede00000, 0x00000000edf00000|  0%| F|  |TAMS 0x00000000ede00000, 0x00000000ede00000| Untracked 
| 223|0x00000000edf00000, 0x00000000edf00000, 0x00000000ee000000|  0%| F|  |TAMS 0x00000000edf00000, 0x00000000edf00000| Untracked 
| 224|0x00000000ee000000, 0x00000000ee000000, 0x00000000ee100000|  0%| F|  |TAMS 0x00000000ee000000, 0x00000000ee000000| Untracked 
| 225|0x00000000ee100000, 0x00000000ee100000, 0x00000000ee200000|  0%| F|  |TAMS 0x00000000ee100000, 0x00000000ee100000| Untracked 
| 226|0x00000000ee200000, 0x00000000ee200000, 0x00000000ee300000|  0%| F|  |TAMS 0x00000000ee200000, 0x00000000ee200000| Untracked 
| 227|0x00000000ee300000, 0x00000000ee300000, 0x00000000ee400000|  0%| F|  |TAMS 0x00000000ee300000, 0x00000000ee300000| Untracked 
| 228|0x00000000ee400000, 0x00000000ee400000, 0x00000000ee500000|  0%| F|  |TAMS 0x00000000ee400000, 0x00000000ee400000| Untracked 
| 229|0x00000000ee500000, 0x00000000ee500000, 0x00000000ee600000|  0%| F|  |TAMS 0x00000000ee500000, 0x00000000ee500000| Untracked 
| 230|0x00000000ee600000, 0x00000000ee600000, 0x00000000ee700000|  0%| F|  |TAMS 0x00000000ee600000, 0x00000000ee600000| Untracked 
| 231|0x00000000ee700000, 0x00000000ee700000, 0x00000000ee800000|  0%| F|  |TAMS 0x00000000ee700000, 0x00000000ee700000| Untracked 
| 232|0x00000000ee800000, 0x00000000ee800000, 0x00000000ee900000|  0%| F|  |TAMS 0x00000000ee800000, 0x00000000ee800000| Untracked 
| 233|0x00000000ee900000, 0x00000000ee900000, 0x00000000eea00000|  0%| F|  |TAMS 0x00000000ee900000, 0x00000000ee900000| Untracked 
| 234|0x00000000eea00000, 0x00000000eea00000, 0x00000000eeb00000|  0%| F|  |TAMS 0x00000000eea00000, 0x00000000eea00000| Untracked 
| 235|0x00000000eeb00000, 0x00000000eeb00000, 0x00000000eec00000|  0%| F|  |TAMS 0x00000000eeb00000, 0x00000000eeb00000| Untracked 
| 236|0x00000000eec00000, 0x00000000eec00000, 0x00000000eed00000|  0%| F|  |TAMS 0x00000000eec00000, 0x00000000eec00000| Untracked 
| 237|0x00000000eed00000, 0x00000000eed00000, 0x00000000eee00000|  0%| F|  |TAMS 0x00000000eed00000, 0x00000000eed00000| Untracked 
| 238|0x00000000eee00000, 0x00000000eee00000, 0x00000000eef00000|  0%| F|  |TAMS 0x00000000eee00000, 0x00000000eee00000| Untracked 
| 239|0x00000000eef00000, 0x00000000eef00000, 0x00000000ef000000|  0%| F|  |TAMS 0x00000000eef00000, 0x00000000eef00000| Untracked 
| 240|0x00000000ef000000, 0x00000000ef000000, 0x00000000ef100000|  0%| F|  |TAMS 0x00000000ef000000, 0x00000000ef000000| Untracked 
| 241|0x00000000ef100000, 0x00000000ef100000, 0x00000000ef200000|  0%| F|  |TAMS 0x00000000ef100000, 0x00000000ef100000| Untracked 
| 242|0x00000000ef200000, 0x00000000ef200000, 0x00000000ef300000|  0%| F|  |TAMS 0x00000000ef200000, 0x00000000ef200000| Untracked 
| 243|0x00000000ef300000, 0x00000000ef300000, 0x00000000ef400000|  0%| F|  |TAMS 0x00000000ef300000, 0x00000000ef300000| Untracked 
| 244|0x00000000ef400000, 0x00000000ef400000, 0x00000000ef500000|  0%| F|  |TAMS 0x00000000ef400000, 0x00000000ef400000| Untracked 
| 245|0x00000000ef500000, 0x00000000ef500000, 0x00000000ef600000|  0%| F|  |TAMS 0x00000000ef500000, 0x00000000ef500000| Untracked 
| 246|0x00000000ef600000, 0x00000000ef600000, 0x00000000ef700000|  0%| F|  |TAMS 0x00000000ef600000, 0x00000000ef600000| Untracked 
| 247|0x00000000ef700000, 0x00000000ef700000, 0x00000000ef800000|  0%| F|  |TAMS 0x00000000ef700000, 0x00000000ef700000| Untracked 
| 248|0x00000000ef800000, 0x00000000ef800000, 0x00000000ef900000|  0%| F|  |TAMS 0x00000000ef800000, 0x00000000ef800000| Untracked 
| 249|0x00000000ef900000, 0x00000000ef900000, 0x00000000efa00000|  0%| F|  |TAMS 0x00000000ef900000, 0x00000000ef900000| Untracked 
| 250|0x00000000efa00000, 0x00000000efa00000, 0x00000000efb00000|  0%| F|  |TAMS 0x00000000efa00000, 0x00000000efa00000| Untracked 
| 251|0x00000000efb00000, 0x00000000efb00000, 0x00000000efc00000|  0%| F|  |TAMS 0x00000000efb00000, 0x00000000efb00000| Untracked 
| 252|0x00000000efc00000, 0x00000000efc00000, 0x00000000efd00000|  0%| F|  |TAMS 0x00000000efc00000, 0x00000000efc00000| Untracked 
| 253|0x00000000efd00000, 0x00000000efd00000, 0x00000000efe00000|  0%| F|  |TAMS 0x00000000efd00000, 0x00000000efd00000| Untracked 
| 254|0x00000000efe00000, 0x00000000eff00000, 0x00000000eff00000|100%| E|  |TAMS 0x00000000efe00000, 0x00000000efe00000| Complete 
| 255|0x00000000eff00000, 0x00000000f0000000, 0x00000000f0000000|100%| E|CS|TAMS 0x00000000eff00000, 0x00000000eff00000| Complete 

Card table byte_map: [0x0000029a33110000,0x0000029a33210000] _byte_map_base: 0x0000029a32a10000

Marking Bits (Prev, Next): (CMBitMap*) 0x0000029a1b83f120, (CMBitMap*) 0x0000029a1b83f0e8
 Prev Bits: [0x0000029a33b10000, 0x0000029a34310000)
 Next Bits: [0x0000029a33310000, 0x0000029a33b10000)

Polling page: 0x0000029a197d0000

Metaspace:

Usage:
  Non-class:     52.42 MB capacity,    51.26 MB ( 98%) used,   990.77 KB (  2%) free+waste,   200.94 KB ( <1%) overhead. 
      Class:      8.33 MB capacity,     7.60 MB ( 91%) used,   652.20 KB (  8%) free+waste,    94.44 KB (  1%) overhead. 
       Both:     60.75 MB capacity,    58.86 MB ( 97%) used,     1.60 MB (  3%) free+waste,   295.38 KB ( <1%) overhead. 

Virtual space:
  Non-class space:       54.00 MB reserved,      52.58 MB ( 97%) committed 
      Class space:      248.00 MB reserved,       8.45 MB (  3%) committed 
             Both:      302.00 MB reserved,      61.03 MB ( 20%) committed 

Chunk freelists:
   Non-Class:  3.88 KB
       Class:  0 bytes
        Both:  3.88 KB

CodeHeap 'non-profiled nmethods': size=120000Kb used=5560Kb max_used=5560Kb free=114439Kb
 bounds [0x0000029a2b7b0000, 0x0000029a2bd20000, 0x0000029a32ce0000]
CodeHeap 'profiled nmethods': size=120000Kb used=16664Kb max_used=16664Kb free=103335Kb
 bounds [0x0000029a24280000, 0x0000029a252d0000, 0x0000029a2b7b0000]
CodeHeap 'non-nmethods': size=5760Kb used=2312Kb max_used=2416Kb free=3447Kb
 bounds [0x0000029a23ce0000, 0x0000029a23f50000, 0x0000029a24280000]
 total_blobs=8670 nmethods=7868 adapters=719
 compilation: enabled
              stopped_count=0, restarted_count=0
 full_count=0

Compilation events (10 events):
Event: 11.212 Thread 0x0000029a37709000 nmethod 7900 0x0000029a252c4510 code [0x0000029a252c46c0, 0x0000029a252c4888]
Event: 11.212 Thread 0x0000029a37709000 7903       3       java.lang.ProcessEnvironment$CheckedEntry::getKey (13 bytes)
Event: 11.212 Thread 0x0000029a37709000 nmethod 7903 0x0000029a252c4990 code [0x0000029a252c4b40, 0x0000029a252c4de8]
Event: 11.212 Thread 0x0000029a37709000 7902       3       java.lang.ProcessEnvironment$CheckedEntry::getKey (5 bytes)
Event: 11.212 Thread 0x0000029a37709000 nmethod 7902 0x0000029a252c4f10 code [0x0000029a252c50c0, 0x0000029a252c53c8]
Event: 11.212 Thread 0x0000029a37709000 7901       3       java.lang.ProcessEnvironment$CheckedEntrySet$1::next (5 bytes)
Event: 11.212 Thread 0x0000029a37709000 nmethod 7901 0x0000029a252c5510 code [0x0000029a252c56e0, 0x0000029a252c5b88]
Event: 11.215 Thread 0x0000029a3dc31000 nmethod 7899 0x0000029a2bd1cd90 code [0x0000029a2bd1cf20, 0x0000029a2bd1d168]
Event: 11.222 Thread 0x0000029a37709000 7910       3       java.lang.invoke.MemberName$Factory::resolveOrNull (28 bytes)
Event: 11.223 Thread 0x0000029a37709000 nmethod 7910 0x0000029a252c5d10 code [0x0000029a252c5ec0, 0x0000029a252c6188]

GC Heap History (10 events):
Event: 6.248 GC heap before
{Heap before GC invocations=6 (full 0):
 garbage-first heap   total 262144K, used 131679K [0x00000000e0000000, 0x0000000100000000)
  region size 1024K, 111 young (113664K), 6 survivors (6144K)
 Metaspace       used 45002K, capacity 46127K, committed 46236K, reserved 294912K
  class space    used 5805K, capacity 6178K, committed 6220K, reserved 253952K
}
Event: 6.261 GC heap after
{Heap after GC invocations=7 (full 0):
 garbage-first heap   total 262144K, used 30115K [0x00000000e0000000, 0x0000000100000000)
  region size 1024K, 14 young (14336K), 14 survivors (14336K)
 Metaspace       used 45002K, capacity 46127K, committed 46236K, reserved 294912K
  class space    used 5805K, capacity 6178K, committed 6220K, reserved 253952K
}
Event: 8.220 GC heap before
{Heap before GC invocations=8 (full 0):
 garbage-first heap   total 262144K, used 173475K [0x00000000e0000000, 0x0000000100000000)
  region size 1024K, 153 young (156672K), 14 survivors (14336K)
 Metaspace       used 54735K, capacity 56396K, committed 56604K, reserved 303104K
  class space    used 7183K, capacity 7836K, committed 7884K, reserved 253952K
}
Event: 8.236 GC heap after
{Heap after GC invocations=9 (full 0):
 garbage-first heap   total 262144K, used 38512K [0x00000000e0000000, 0x0000000100000000)
  region size 1024K, 17 young (17408K), 17 survivors (17408K)
 Metaspace       used 54735K, capacity 56396K, committed 56604K, reserved 303104K
  class space    used 7183K, capacity 7836K, committed 7884K, reserved 253952K
}
Event: 10.238 GC heap before
{Heap before GC invocations=9 (full 0):
 garbage-first heap   total 262144K, used 176752K [0x00000000e0000000, 0x0000000100000000)
  region size 1024K, 153 young (156672K), 17 survivors (17408K)
 Metaspace       used 58735K, capacity 60656K, committed 60956K, reserved 307200K
  class space    used 7584K, capacity 8318K, committed 8396K, reserved 253952K
}
Event: 10.263 GC heap after
{Heap after GC invocations=10 (full 0):
 garbage-first heap   total 262144K, used 46383K [0x00000000e0000000, 0x0000000100000000)
  region size 1024K, 18 young (18432K), 18 survivors (18432K)
 Metaspace       used 58735K, capacity 60656K, committed 60956K, reserved 307200K
  class space    used 7584K, capacity 8318K, committed 8396K, reserved 253952K
}
Event: 10.848 GC heap before
{Heap before GC invocations=10 (full 0):
 garbage-first heap   total 262144K, used 185647K [0x00000000e0000000, 0x0000000100000000)
  region size 1024K, 153 young (156672K), 18 survivors (18432K)
 Metaspace       used 59756K, capacity 61732K, committed 61852K, reserved 309248K
  class space    used 7698K, capacity 8452K, committed 8524K, reserved 253952K
}
Event: 10.864 GC heap after
{Heap after GC invocations=11 (full 0):
 garbage-first heap   total 262144K, used 49152K [0x00000000e0000000, 0x0000000100000000)
  region size 1024K, 10 young (10240K), 10 survivors (10240K)
 Metaspace       used 59756K, capacity 61732K, committed 61852K, reserved 309248K
  class space    used 7698K, capacity 8452K, committed 8524K, reserved 253952K
}
Event: 11.181 GC heap before
{Heap before GC invocations=11 (full 0):
 garbage-first heap   total 262144K, used 197632K [0x00000000e0000000, 0x0000000100000000)
  region size 1024K, 153 young (156672K), 10 survivors (10240K)
 Metaspace       used 60131K, capacity 62045K, committed 62108K, reserved 309248K
  class space    used 7758K, capacity 8511K, committed 8524K, reserved 253952K
}
Event: 11.190 GC heap after
{Heap after GC invocations=12 (full 0):
 garbage-first heap   total 262144K, used 47635K [0x00000000e0000000, 0x0000000100000000)
  region size 1024K, 10 young (10240K), 10 survivors (10240K)
 Metaspace       used 60131K, capacity 62045K, committed 62108K, reserved 309248K
  class space    used 7758K, capacity 8511K, committed 8524K, reserved 253952K
}

Deoptimization events (10 events):
Event: 10.566 Thread 0x0000029a3eb8b800 Uncommon trap: reason=class_check action=maybe_recompile pc=0x0000029a2b8d85f0 method=java.util.Collections$SetFromMap.remove(Ljava/lang/Object;)Z @ 5 c2
Event: 10.583 Thread 0x0000029a3eb8b800 Uncommon trap: reason=unstable_if action=reinterpret pc=0x0000029a2b8190a8 method=java.lang.StringLatin1.compareToCI([B[B)I @ 68 c2
Event: 10.583 Thread 0x0000029a3eb8b800 Uncommon trap: reason=unstable_if action=reinterpret pc=0x0000029a2b816e84 method=java.lang.StringLatin1.compareToCI([B[B)I @ 68 c2
Event: 10.590 Thread 0x0000029a3eb8b800 Uncommon trap: reason=predicate action=maybe_recompile pc=0x0000029a2bcc4748 method=java.util.AbstractCollection.toArray([Ljava/lang/Object;)[Ljava/lang/Object; @ 43 c2
Event: 10.628 Thread 0x0000029a3eb8b800 Uncommon trap: reason=class_check action=maybe_recompile pc=0x0000029a2b8d85f0 method=java.util.Collections$SetFromMap.remove(Ljava/lang/Object;)Z @ 5 c2
Event: 10.632 Thread 0x0000029a3eb8b800 Uncommon trap: reason=class_check action=maybe_recompile pc=0x0000029a2b8d85f0 method=java.util.Collections$SetFromMap.remove(Ljava/lang/Object;)Z @ 5 c2
Event: 10.632 Thread 0x0000029a3eb8b800 Uncommon trap: reason=class_check action=maybe_recompile pc=0x0000029a2b8d85f0 method=java.util.Collections$SetFromMap.remove(Ljava/lang/Object;)Z @ 5 c2
Event: 10.636 Thread 0x0000029a3eb8b800 Uncommon trap: reason=unstable_if action=reinterpret pc=0x0000029a2bcbb114 method=org.gradle.internal.snapshot.PathUtil.equalChars(CCLorg/gradle/internal/snapshot/CaseSensitivity;)Z @ 40 c2
Event: 10.991 Thread 0x0000029a3eb8b800 Uncommon trap: reason=unstable_if action=reinterpret pc=0x0000029a2bcf7d3c method=org.gradle.internal.snapshot.VfsRelativePath.compareToFirstSegment(Ljava/lang/String;Lorg/gradle/internal/snapshot/CaseSensitivity;)I @ 134 c2
Event: 11.018 Thread 0x0000029a3eb8b800 Uncommon trap: reason=unstable_if action=reinterpret pc=0x0000029a2b9d65f8 method=sun.net.www.ParseUtil.encodePath(Ljava/lang/String;Z)Ljava/lang/String; @ 1 c2

Classes redefined (0 events):
No events

Internal exceptions (10 events):
Event: 11.046 Thread 0x0000029a3eb8b800 Exception <a 'java/lang/ClassNotFoundException'{0x00000000ec741928}: org/gradle/api/internal/file/collections/DefaultConfigurableFileCollectionCustomizer> (0x00000000ec741928) thrown at [./open/src/hotspot/share/classfile/systemDictionary.cpp, line 228]
Event: 11.049 Thread 0x0000029a3eb8b800 Exception <a 'java/io/FileNotFoundException'{0x00000000ec761f30}> (0x00000000ec761f30) thrown at [./open/src/hotspot/share/prims/jni.cpp, line 611]
Event: 11.050 Thread 0x0000029a3eb8b800 Exception <a 'java/io/FileNotFoundException'{0x00000000ec764190}> (0x00000000ec764190) thrown at [./open/src/hotspot/share/prims/jni.cpp, line 611]
Event: 11.127 Thread 0x0000029a3eb8b800 Exception <a 'java/io/FileNotFoundException'{0x00000000e9b6d288}> (0x00000000e9b6d288) thrown at [./open/src/hotspot/share/prims/jni.cpp, line 611]
Event: 11.128 Thread 0x0000029a3eb8b800 Exception <a 'java/io/FileNotFoundException'{0x00000000e9b6f4e8}> (0x00000000e9b6f4e8) thrown at [./open/src/hotspot/share/prims/jni.cpp, line 611]
Event: 11.217 Thread 0x0000029a3f1c0800 Exception <a 'java/lang/NoSuchMethodError'{0x00000000efe95068}: java.lang.invoke.DirectMethodHandle$Holder.invokeStatic(Ljava/lang/Object;J)V> (0x00000000efe95068) thrown at [./open/src/hotspot/share/interpreter/linkResolver.cpp, line 772]
Event: 11.218 Thread 0x0000029a3f1c0800 Exception <a 'java/lang/NoSuchMethodError'{0x00000000efe9a278}: java.lang.invoke.DirectMethodHandle$Holder.invokeStatic(Ljava/lang/Object;J)Ljava/lang/Object;> (0x00000000efe9a278) thrown at [./open/src/hotspot/share/interpreter/linkResolver.cpp, line 772
Event: 11.221 Thread 0x0000029a3f1c0800 Exception <a 'java/lang/NoSuchMethodError'{0x00000000efea8580}: java.lang.invoke.DirectMethodHandle$Holder.invokeStaticInit(Ljava/lang/Object;Ljava/lang/Object;JLjava/lang/Object;)Ljava/lang/Object;> (0x00000000efea8580) thrown at [./open/src/hotspot/shar
Event: 11.222 Thread 0x0000029a3f1c0800 Exception <a 'java/lang/NoSuchMethodError'{0x00000000efeae468}: java.lang.invoke.DirectMethodHandle$Holder.invokeStatic(Ljava/lang/Object;Ljava/lang/Object;J)Ljava/lang/Object;> (0x00000000efeae468) thrown at [./open/src/hotspot/share/interpreter/linkReso
Event: 11.223 Thread 0x0000029a3f1c0800 Exception <a 'java/lang/NoSuchMethodError'{0x00000000efeb4738}: java.lang.invoke.Invokers$Holder.linkToTargetMethod(Ljava/lang/Object;JLjava/lang/Object;)Ljava/lang/Object;> (0x00000000efeb4738) thrown at [./open/src/hotspot/share/interpreter/linkResolver

Events (10 events):
Event: 11.224 loading class org/gradle/process/internal/streams/ExecOutputHandleRunner
Event: 11.224 loading class org/gradle/process/internal/streams/ExecOutputHandleRunner done
Event: 11.224 Thread 0x0000029a3f1c0800 DEOPT PACKING pc=0x0000029a24387141 sp=0x000000fccbafddb0
Event: 11.224 Thread 0x0000029a3f1c0800 DEOPT UNPACKING pc=0x0000029a23d1b8de sp=0x000000fccbafd258 mode 1
Event: 11.224 Thread 0x0000029a3f1c0800 DEOPT PACKING pc=0x0000029a24d2884c sp=0x000000fccbafde10
Event: 11.224 Thread 0x0000029a3f1c0800 DEOPT UNPACKING pc=0x0000029a23d1b8de sp=0x000000fccbafd3a8 mode 1
Event: 11.224 Thread 0x0000029a3f1c0800 DEOPT PACKING pc=0x0000029a24d2884c sp=0x000000fccbafdfa0
Event: 11.224 Thread 0x0000029a3f1c0800 DEOPT UNPACKING pc=0x0000029a23d1b8de sp=0x000000fccbafd538 mode 1
Event: 11.227 Thread 0x0000029a3f1c1000 Thread added: 0x0000029a3f1c1000
Event: 11.227 Thread 0x0000029a3f1c2000 Thread added: 0x0000029a3f1c2000


Dynamic libraries:
0x00007ff705620000 - 0x00007ff70562f000 	C:\Program Files\Java\jdk-11.0.12\bin\java.exe
0x00007ffc85310000 - 0x00007ffc85505000 	C:\Windows\SYSTEM32\ntdll.dll
0x00007ffc83ac0000 - 0x00007ffc83b7e000 	C:\Windows\System32\KERNEL32.DLL
0x00007ffc82d90000 - 0x00007ffc83058000 	C:\Windows\System32\KERNELBASE.dll
0x00007ffc83260000 - 0x00007ffc83360000 	C:\Windows\System32\ucrtbase.dll
0x00007ffc5fa70000 - 0x00007ffc5fa85000 	C:\Program Files\Java\jdk-11.0.12\bin\VCRUNTIME140.dll
0x00007ffc58820000 - 0x00007ffc58838000 	C:\Program Files\Java\jdk-11.0.12\bin\jli.dll
0x00007ffc84e90000 - 0x00007ffc84f3e000 	C:\Windows\System32\ADVAPI32.dll
0x00007ffc84650000 - 0x00007ffc846ee000 	C:\Windows\System32\msvcrt.dll
0x00007ffc83f50000 - 0x00007ffc83fec000 	C:\Windows\System32\sechost.dll
0x00007ffc84100000 - 0x00007ffc84225000 	C:\Windows\System32\RPCRT4.dll
0x00007ffc84280000 - 0x00007ffc84420000 	C:\Windows\System32\USER32.dll
0x00007ffc6b620000 - 0x00007ffc6b8ba000 	C:\Windows\WinSxS\amd64_microsoft.windows.common-controls_6595b64144ccf1df_6.0.19041.1110_none_60b5254171f9507e\COMCTL32.dll
0x00007ffc82b80000 - 0x00007ffc82ba2000 	C:\Windows\System32\win32u.dll
0x00007ffc83ff0000 - 0x00007ffc8401b000 	C:\Windows\System32\GDI32.dll
0x00007ffc82a70000 - 0x00007ffc82b7d000 	C:\Windows\System32\gdi32full.dll
0x00007ffc82bb0000 - 0x00007ffc82c4d000 	C:\Windows\System32\msvcp_win.dll
0x00007ffc79b30000 - 0x00007ffc79b3a000 	C:\Windows\SYSTEM32\VERSION.dll
0x00007ffc84250000 - 0x00007ffc84280000 	C:\Windows\System32\IMM32.DLL
0x00007ffc25d50000 - 0x00007ffc25deb000 	C:\Program Files\Java\jdk-11.0.12\bin\msvcp140.dll
0x00007ffc12c50000 - 0x00007ffc1374f000 	C:\Program Files\Java\jdk-11.0.12\bin\server\jvm.dll
0x00007ffc83360000 - 0x00007ffc83368000 	C:\Windows\System32\PSAPI.DLL
0x00007ffc6e460000 - 0x00007ffc6e469000 	C:\Windows\SYSTEM32\WSOCK32.dll
0x00007ffc77760000 - 0x00007ffc77787000 	C:\Windows\SYSTEM32\WINMM.dll
0x00007ffc84820000 - 0x00007ffc8488b000 	C:\Windows\System32\WS2_32.dll
0x00007ffc80930000 - 0x00007ffc80942000 	C:\Windows\SYSTEM32\kernel.appcore.dll
0x00007ffc704f0000 - 0x00007ffc70500000 	C:\Program Files\Java\jdk-11.0.12\bin\verify.dll
0x00007ffc7aaa0000 - 0x00007ffc7ac84000 	C:\Windows\SYSTEM32\DBGHELP.DLL
0x00007ffc694f0000 - 0x00007ffc6951c000 	C:\Windows\SYSTEM32\dbgcore.DLL
0x00007ffc82c50000 - 0x00007ffc82cd2000 	C:\Windows\System32\bcryptPrimitives.dll
0x00007ffc57ba0000 - 0x00007ffc57bc8000 	C:\Program Files\Java\jdk-11.0.12\bin\java.dll
0x00007ffc6b8c0000 - 0x00007ffc6b8ca000 	C:\Program Files\Java\jdk-11.0.12\bin\jimage.dll
0x00007ffc6d310000 - 0x00007ffc6d348000 	C:\Program Files\Java\jdk-11.0.12\bin\jdwp.dll
0x00007ffc58290000 - 0x00007ffc582a6000 	C:\Program Files\Java\jdk-11.0.12\bin\zip.dll
0x00007ffc83370000 - 0x00007ffc83ab4000 	C:\Windows\System32\SHELL32.dll
0x00007ffc80b30000 - 0x00007ffc812c4000 	C:\Windows\SYSTEM32\windows.storage.dll
0x00007ffc83b80000 - 0x00007ffc83ed5000 	C:\Windows\System32\combase.dll
0x00007ffc823a0000 - 0x00007ffc823ce000 	C:\Windows\SYSTEM32\Wldp.dll
0x00007ffc85130000 - 0x00007ffc851dd000 	C:\Windows\System32\SHCORE.dll
0x00007ffc84f40000 - 0x00007ffc84f95000 	C:\Windows\System32\shlwapi.dll
0x00007ffc82960000 - 0x00007ffc8297f000 	C:\Windows\SYSTEM32\profapi.dll
0x00007ffc7d860000 - 0x00007ffc7d86a000 	C:\Program Files\Java\jdk-11.0.12\bin\dt_socket.dll
0x00007ffc82100000 - 0x00007ffc8216a000 	C:\Windows\system32\mswsock.dll
0x00007ffc58250000 - 0x00007ffc58269000 	C:\Program Files\Java\jdk-11.0.12\bin\net.dll
0x00007ffc734a0000 - 0x00007ffc735ac000 	C:\Windows\SYSTEM32\WINHTTP.dll
0x00007ffc57ec0000 - 0x00007ffc57ed2000 	C:\Program Files\Java\jdk-11.0.12\bin\nio.dll
0x00007ffc70500000 - 0x00007ffc70527000 	C:\Users\Guille\.gradle\native\e1d6ef7f7dcc3fd88c89a11ec53ec762bb8ba0a96d01ffa2cd45eb1d1d8dd5c5\windows-amd64\native-platform.dll
0x00007ffc25580000 - 0x00007ffc256c4000 	C:\Users\Guille\.gradle\native\5664cfc778a61ccfe75a443a1ab52a65af34e5dc3c78e0209fed803814484fcb\windows-amd64\native-platform-file-events.dll
0x00007ffc65280000 - 0x00007ffc65289000 	C:\Program Files\Java\jdk-11.0.12\bin\management.dll
0x00007ffc62cf0000 - 0x00007ffc62cfb000 	C:\Program Files\Java\jdk-11.0.12\bin\management_ext.dll
0x00007ffc82300000 - 0x00007ffc82318000 	C:\Windows\SYSTEM32\CRYPTSP.dll
0x00007ffc81a80000 - 0x00007ffc81ab4000 	C:\Windows\system32\rsaenh.dll
0x00007ffc83060000 - 0x00007ffc83087000 	C:\Windows\System32\bcrypt.dll
0x00007ffc82920000 - 0x00007ffc8294e000 	C:\Windows\SYSTEM32\USERENV.dll
0x00007ffc822f0000 - 0x00007ffc822fc000 	C:\Windows\SYSTEM32\CRYPTBASE.dll
0x00007ffc81df0000 - 0x00007ffc81e2b000 	C:\Windows\SYSTEM32\IPHLPAPI.DLL
0x00007ffc83f40000 - 0x00007ffc83f48000 	C:\Windows\System32\NSI.dll
0x00007ffc7a110000 - 0x00007ffc7a127000 	C:\Windows\SYSTEM32\dhcpcsvc6.DLL
0x00007ffc7a010000 - 0x00007ffc7a02d000 	C:\Windows\SYSTEM32\dhcpcsvc.DLL
0x00007ffc81e30000 - 0x00007ffc81efb000 	C:\Windows\SYSTEM32\DNSAPI.dll

dbghelp: loaded successfully - version: 4.0.5 - missing functions: none
symbol engine: initialized successfully - sym options: 0x614 - pdb path: .;C:\Program Files\Java\jdk-11.0.12\bin;C:\Windows\SYSTEM32;C:\Windows\WinSxS\amd64_microsoft.windows.common-controls_6595b64144ccf1df_6.0.19041.1110_none_60b5254171f9507e;C:\Program Files\Java\jdk-11.0.12\bin\server;C:\Users\Guille\.gradle\native\e1d6ef7f7dcc3fd88c89a11ec53ec762bb8ba0a96d01ffa2cd45eb1d1d8dd5c5\windows-amd64;C:\Users\Guille\.gradle\native\5664cfc778a61ccfe75a443a1ab52a65af34e5dc3c78e0209fed803814484fcb\windows-amd64

VM Arguments:
jvm_args: -XX:MaxMetaspaceSize=256m -XX:+HeapDumpOnOutOfMemoryError -agentlib:jdwp=transport=dt_socket,server=n,suspend=y,address=127.0.0.1:56048 --add-opens=java.base/java.util=ALL-UNNAMED --add-opens=java.base/java.lang=ALL-UNNAMED --add-opens=java.base/java.lang.invoke=ALL-UNNAMED --add-opens=java.base/java.util=ALL-UNNAMED --add-opens=java.prefs/java.util.prefs=ALL-UNNAMED --add-opens=java.prefs/java.util.prefs=ALL-UNNAMED --add-opens=java.base/java.nio.charset=ALL-UNNAMED --add-opens=java.base/java.net=ALL-UNNAMED --add-opens=java.base/java.util.concurrent.atomic=ALL-UNNAMED -Xms256m -Xmx512m -Dfile.encoding=windows-1252 -Duser.country=AR -Duser.language=es -Duser.variant 
java_command: org.gradle.launcher.daemon.bootstrap.GradleDaemon 7.3.2
java_class_path (initial): C:\Users\Guille\.gradle\wrapper\dists\gradle-7.3.2-bin\4k4cn06q0rruwh9dpndf9gmi8\gradle-7.3.2\lib\gradle-launcher-7.3.2.jar
Launcher Type: SUN_STANDARD

[Global flags]
     intx CICompilerCount                          = 4                                         {product} {ergonomic}
   size_t CompressedClassSpaceSize                 = 260046848                                 {product} {ergonomic}
     uint ConcGCThreads                            = 2                                         {product} {ergonomic}
     uint G1ConcRefinementThreads                  = 8                                         {product} {ergonomic}
   size_t G1HeapRegionSize                         = 1048576                                   {product} {ergonomic}
    uintx GCDrainStackTargetSize                   = 64                                        {product} {ergonomic}
     bool HeapDumpOnOutOfMemoryError               = true                                   {manageable} {command line}
   size_t InitialHeapSize                          = 268435456                                 {product} {command line}
   size_t MarkStackSize                            = 4194304                                   {product} {ergonomic}
   size_t MaxHeapSize                              = 536870912                                 {product} {command line}
   size_t MaxMetaspaceSize                         = 268435456                                 {product} {command line}
   size_t MaxNewSize                               = 321912832                                 {product} {ergonomic}
   size_t MinHeapDeltaBytes                        = 1048576                                   {product} {ergonomic}
    uintx NonNMethodCodeHeapSize                   = 5836300                                {pd product} {ergonomic}
    uintx NonProfiledCodeHeapSize                  = 122910970                              {pd product} {ergonomic}
    uintx ProfiledCodeHeapSize                     = 122910970                              {pd product} {ergonomic}
    uintx ReservedCodeCacheSize                    = 251658240                              {pd product} {ergonomic}
     bool SegmentedCodeCache                       = true                                      {product} {ergonomic}
     bool UseCompressedClassPointers               = true                                 {lp64_product} {ergonomic}
     bool UseCompressedOops                        = true                                 {lp64_product} {ergonomic}
     bool UseG1GC                                  = true                                      {product} {ergonomic}
     bool UseLargePagesIndividualAllocation        = false                                  {pd product} {ergonomic}

Logging:
Log output configuration:
 #0: stdout all=warning uptime,level,tags
 #1: stderr all=off uptime,level,tags

Environment Variables:
PATH=C:\ProgramData\Oracle\Java\javapath;C:\Program Files\Common Files\Oracle\Java\javapath;C:\Python310\Scripts\;C:\Python310\;C:\Python39\Scripts\;C:\Python39\;C:\PROGRA~2\Borland\CBUILD~1\Bin;C:\PROGRA~2\Borland\CBUILD~1\Projects\Bpl;C:\Program Files (x86)\CollabNet;C:\Program Files (x86)\Embarcadero\Studio\15.0\bin;C:\Users\Public\Documents\Embarcadero\Studio\15.0\Bpl;C:\Program Files (x86)\Embarcadero\Studio\15.0\bin64;C:\Users\Public\Documents\Embarcadero\Studio\15.0\Bpl\Win64;C:\Windows\system32;C:\Windows;C:\Windows\System32\Wbem;C:\Windows\System32\WindowsPowerShell\v1.0\;C:\Windows\System32\OpenSSH\;C:\ProgramData\chocolatey\bin;C:\Program Files\Git\cmd;C:\Program Files\nodejs\;C:\Users\Guille\AppData\Local\Microsoft\WindowsApps;C:\Users\Guille\AppData\Local\Programs\Microsoft VS Code\bin;C:\Program Files\JetBrains\IntelliJ IDEA Community Edition 2021.3.1\bin;;C:\jdk-11.0.12;C:\gradle-6.8\bin;C:\Users\Guille\AppData\Roaming\npm;C:\Program Files\heroku\bin
USERNAME=Guille
OS=Windows_NT
PROCESSOR_IDENTIFIER=AMD64 Family 23 Model 17 Stepping 0, AuthenticAMD



---------------  S Y S T E M  ---------------

OS: Windows 10 , 64 bit Build 19041 (10.0.19041.1503)

CPU:total 8 (initial active 8) (8 cores per cpu, 2 threads per core) family 23 model 17 stepping 0 microcode 0x0, cmov, cx8, fxsr, mmx, sse, sse2, sse3, ssse3, sse4.1, sse4.2, popcnt, avx, avx2, aes, clmul, mmxext, 3dnowpref, lzcnt, sse4a, ht, tsc, tscinvbit, tscinv, bmi1, bmi2, adx, s

Memory: 4k page, system-wide physical 14284M (1918M free)
TotalPageFile size 14284M (AvailPageFile size 8M)
current process WorkingSet (physical memory assigned to process): 450M, peak: 457M
current process commit charge ("private bytes"): 544M, peak: 549M

vm_info: Java HotSpot(TM) 64-Bit Server VM (11.0.12+8-LTS-237) for windows-amd64 JRE (11.0.12+8-LTS-237), built on Jun  8 2021 11:25:59 by "mach5one" with MS VC++ 15.9 (VS2017)

END.
