#
# There is insufficient memory for the Java Runtime Environment to continue.
# Native memory allocation (malloc) failed to allocate 1048576 bytes for AllocateHeap
# Possible reasons:
#   The system is out of physical RAM or swap space
#   The process is running with CompressedOops enabled, and the Java Heap may be blocking the growth of the native heap
# Possible solutions:
#   Reduce memory load on the system
#   Increase physical memory or swap space
#   Check if swap backing store is full
#   Decrease Java heap size (-Xmx/-Xms)
#   Decrease number of Java threads
#   Decrease Java thread stack sizes (-Xss)
#   Set larger code cache with -XX:ReservedCodeCacheSize=
#   JVM is running with Zero Based Compressed Oops mode in which the Java heap is
#     placed in the first 32GB address space. The Java Heap base address is the
#     maximum limit for the native heap growth. Please use -XX:HeapBaseMinAddress
#     to set the Java Heap base and to place the Java Heap above 32GB virtual address.
# This output file may be truncated or incomplete.
#
#  Out of Memory Error (./open/src/hotspot/share/memory/allocation.cpp:46), pid=6180, tid=14552
#
# JRE version: Java(TM) SE Runtime Environment 18.9 (11.0.12+8) (build 11.0.12+8-LTS-237)
# Java VM: Java HotSpot(TM) 64-Bit Server VM 18.9 (11.0.12+8-LTS-237, mixed mode, tiered, compressed oops, g1 gc, windows-amd64)
# No core dump will be written. Minidumps are not enabled by default on client versions of Windows
#

---------------  S U M M A R Y ------------

Command Line: -agentlib:jdwp=transport=dt_socket,server=n,suspend=y,address=127.0.0.1:57857 -Xverify:none -XX:TieredStopAtLevel=1 -Dfile.encoding=windows-1252 -Duser.country=AR -Duser.language=es -Duser.variant com.mindhub.homebanking.HomebankingApplication

Host: AMD Ryzen 5 2400G with Radeon Vega Graphics    , 8 cores, 13G,  Windows 10 , 64 bit Build 19041 (10.0.19041.1566)
Time: Fri Apr  1 21:08:44 2022 Hora estándar de Argentina elapsed time: 1.330386 seconds (0d 0h 0m 1s)

---------------  T H R E A D  ---------------

Current thread (0x00000281d37b4800):  VMThread "VM Thread" [stack: 0x0000009fcf900000,0x0000009fcfa00000] [id=14552]

Stack: [0x0000009fcf900000,0x0000009fcfa00000]
[error occurred during error reporting (printing stack bounds), id 0xc0000005, EXCEPTION_ACCESS_VIOLATION (0xc0000005) at pc=0x00000281b84d0f2d]

Native frames: (J=compiled Java code, j=interpreted, Vv=VM code, C=native code)
V  [jvm.dll+0x617d9a]
V  [jvm.dll+0x74eeef]
V  [jvm.dll+0x750599]
V  [jvm.dll+0x750b85]
V  [jvm.dll+0x750b3b]
V  [jvm.dll+0x6175d3]
V  [jvm.dll+0x617998]
C  [ntdll.dll+0xa20cf]
C  [ntdll.dll+0x51454]
C  [ntdll.dll+0xa0bfe]
C  0x00000281b84d0f2d

VM_Operation (0x0000009fcf3fc8a0): CollectForMetadataAllocation, mode: safepoint, requested by thread 0x00000281ae85a800


---------------  P R O C E S S  ---------------

Threads class SMR info:
_java_thread_list=0x00000281d4f45570, length=12, elements={
0x00000281ae85a800, 0x00000281d37b7800, 0x00000281d37c2800, 0x00000281d3813800,
0x00000281d3815800, 0x00000281d3817800, 0x00000281d3827800, 0x00000281d382c800,
0x00000281d3968800, 0x00000281d397f800, 0x00000281d3985000, 0x00000281d3996000
}

Java Threads: ( => current thread )
  0x00000281ae85a800 JavaThread "main" [_thread_blocked, id=5020, stack(0x0000009fcf300000,0x0000009fcf400000)]
  0x00000281d37b7800 JavaThread "Reference Handler" daemon [_thread_blocked, id=9812, stack(0x0000009fcfa00000,0x0000009fcfb00000)]
  0x00000281d37c2800 JavaThread "Finalizer" daemon [_thread_blocked, id=9060, stack(0x0000009fcfb00000,0x0000009fcfc00000)]
  0x00000281d3813800 JavaThread "Signal Dispatcher" daemon [_thread_blocked, id=2108, stack(0x0000009fcfc00000,0x0000009fcfd00000)]
  0x00000281d3815800 JavaThread "Attach Listener" daemon [_thread_blocked, id=9644, stack(0x0000009fcfd00000,0x0000009fcfe00000)]
  0x00000281d3817800 JavaThread "Service Thread" daemon [_thread_blocked, id=1540, stack(0x0000009fcfe00000,0x0000009fcff00000)]
  0x00000281d3827800 JavaThread "C1 CompilerThread0" daemon [_thread_blocked, id=3340, stack(0x0000009fcff00000,0x0000009fd0000000)]
  0x00000281d382c800 JavaThread "Sweeper thread" daemon [_thread_blocked, id=8672, stack(0x0000009fd0000000,0x0000009fd0100000)]
  0x00000281d3968800 JavaThread "JDWP Transport Listener: dt_socket" daemon [_thread_blocked, id=5808, stack(0x0000009fd0100000,0x0000009fd0200000)]
  0x00000281d397f800 JavaThread "JDWP Event Helper Thread" daemon [_thread_blocked, id=11280, stack(0x0000009fd0200000,0x0000009fd0300000)]
  0x00000281d3985000 JavaThread "JDWP Command Reader" daemon [_thread_in_native, id=14316, stack(0x0000009fd0300000,0x0000009fd0400000)]
  0x00000281d3996000 JavaThread "Common-Cleaner" daemon [_thread_blocked, id=7692, stack(0x0000009fd0500000,0x0000009fd0600000)]

Other Threads:
=>0x00000281d37b4800 VMThread "VM Thread" [stack: 0x0000009fcf900000,0x0000009fcfa00000] [id=14552]
  0x00000281d3992000 WatcherThread [stack: 0x0000009fd0400000,0x0000009fd0500000] [id=16300]
  0x00000281ae86e000 GCTaskThread "GC Thread#0" [stack: 0x0000009fcf400000,0x0000009fcf500000] [id=5944]
  0x00000281d436a000 GCTaskThread "GC Thread#1" [stack: 0x0000009fd0600000,0x0000009fd0700000] [id=12540]
  0x00000281d43ae000 GCTaskThread "GC Thread#2" [stack: 0x0000009fd0700000,0x0000009fd0800000] [id=948]
  0x00000281d43b3000 GCTaskThread "GC Thread#3" [stack: 0x0000009fd0800000,0x0000009fd0900000] [id=7976]
  0x00000281d43b3800 GCTaskThread "GC Thread#4" [stack: 0x0000009fd0900000,0x0000009fd0a00000] [id=7064]
  0x00000281ae8c1800 ConcurrentGCThread "G1 Main Marker" [stack: 0x0000009fcf500000,0x0000009fcf600000] [id=4932]
  0x00000281ae8c5000 ConcurrentGCThread "G1 Conc#0" [stack: 0x0000009fcf600000,0x0000009fcf700000] [id=4168]
  0x00000281d4f10000 ConcurrentGCThread "G1 Conc#1" [stack: 0x0000009fd0a00000,0x0000009fd0b00000] [id=3300]
  0x00000281d2df6000 ConcurrentGCThread "G1 Refine#0" [stack: 0x0000009fcf700000,0x0000009fcf800000] [id=14192]
  0x00000281d2df8800 ConcurrentGCThread "G1 Young RemSet Sampling" [stack: 0x0000009fcf800000,0x0000009fcf900000] [id=3116]

Threads with active compile tasks:

VM state:at safepoint (normal execution)

VM Mutex/Monitor currently owned by a thread:  ([mutex/lock_event])
[0x00000281ae859f30] Threads_lock - owner thread: 0x00000281d37b4800
[0x00000281ae858dc0] Heap_lock - owner thread: 0x00000281ae85a800

Heap address: 0x0000000720c00000, size: 3572 MB, Compressed Oops mode: Zero based, Oop shift amount: 3
Narrow klass base: 0x0000000800000000, Narrow klass shift: 0
Compressed class space size: 1073741824 Address: 0x0000000800000000

Heap:
 garbage-first heap   total 229376K, used 9240K [0x0000000720c00000, 0x0000000800000000)
  region size 1024K, 3 young (3072K), 3 survivors (3072K)
 Metaspace       used 20697K, capacity 21257K, committed 21376K, reserved 1081344K
  class space    used 2360K, capacity 2594K, committed 2688K, reserved 1048576K
Heap Regions: E=young(eden), S=young(survivor), O=old, HS=humongous(starts), HC=humongous(continues), CS=collection set, F=free, A=archive, TAMS=top-at-mark-start (previous, next)
|   0|0x0000000720c00000, 0x0000000720d00000, 0x0000000720d00000|100%|HS|  |TAMS 0x0000000720d00000, 0x0000000720d00000| Complete 
|   1|0x0000000720d00000, 0x0000000720e00000, 0x0000000720e00000|100%| O|  |TAMS 0x0000000720e00000, 0x0000000720e00000| Untracked 
|   2|0x0000000720e00000, 0x0000000720f00000, 0x0000000720f00000|100%| O|  |TAMS 0x0000000720f00000, 0x0000000720f00000| Untracked 
|   3|0x0000000720f00000, 0x0000000721000000, 0x0000000721000000|100%| O|  |TAMS 0x0000000720fd9600, 0x0000000721000000| Untracked 
|   4|0x0000000721000000, 0x0000000721100000, 0x0000000721100000|100%| O|  |TAMS 0x0000000721000000, 0x0000000721100000| Untracked 
|   5|0x0000000721100000, 0x0000000721200000, 0x0000000721200000|100%| O|  |TAMS 0x0000000721100000, 0x0000000721200000| Untracked 
|   6|0x0000000721200000, 0x00000007212a7400, 0x0000000721300000| 65%| O|  |TAMS 0x0000000721200000, 0x00000007212a7400| Untracked 
|   7|0x0000000721300000, 0x0000000721300000, 0x0000000721400000|  0%| F|  |TAMS 0x0000000721300000, 0x0000000721300000| Untracked 
|   8|0x0000000721400000, 0x0000000721400000, 0x0000000721500000|  0%| F|  |TAMS 0x0000000721400000, 0x0000000721400000| Untracked 
|   9|0x0000000721500000, 0x0000000721500000, 0x0000000721600000|  0%| F|  |TAMS 0x0000000721500000, 0x0000000721500000| Untracked 
|  10|0x0000000721600000, 0x0000000721600000, 0x0000000721700000|  0%| F|  |TAMS 0x0000000721600000, 0x0000000721600000| Untracked 
|  11|0x0000000721700000, 0x0000000721700000, 0x0000000721800000|  0%| F|  |TAMS 0x0000000721700000, 0x0000000721700000| Untracked 
|  12|0x0000000721800000, 0x0000000721800000, 0x0000000721900000|  0%| F|  |TAMS 0x0000000721800000, 0x0000000721800000| Untracked 
|  13|0x0000000721900000, 0x0000000721900000, 0x0000000721a00000|  0%| F|  |TAMS 0x0000000721900000, 0x0000000721900000| Untracked 
|  14|0x0000000721a00000, 0x0000000721a00000, 0x0000000721b00000|  0%| F|  |TAMS 0x0000000721a00000, 0x0000000721a00000| Untracked 
|  15|0x0000000721b00000, 0x0000000721b00000, 0x0000000721c00000|  0%| F|  |TAMS 0x0000000721b00000, 0x0000000721b00000| Untracked 
|  16|0x0000000721c00000, 0x0000000721c00000, 0x0000000721d00000|  0%| F|  |TAMS 0x0000000721c00000, 0x0000000721c00000| Untracked 
|  17|0x0000000721d00000, 0x0000000721d00000, 0x0000000721e00000|  0%| F|  |TAMS 0x0000000721d00000, 0x0000000721d00000| Untracked 
|  18|0x0000000721e00000, 0x0000000721e00000, 0x0000000721f00000|  0%| F|  |TAMS 0x0000000721e00000, 0x0000000721e00000| Untracked 
|  19|0x0000000721f00000, 0x0000000721f00000, 0x0000000722000000|  0%| F|  |TAMS 0x0000000721f00000, 0x0000000721f00000| Untracked 
|  20|0x0000000722000000, 0x0000000722000000, 0x0000000722100000|  0%| F|  |TAMS 0x0000000722000000, 0x0000000722000000| Untracked 
|  21|0x0000000722100000, 0x0000000722100000, 0x0000000722200000|  0%| F|  |TAMS 0x0000000722100000, 0x0000000722100000| Untracked 
|  22|0x0000000722200000, 0x0000000722200000, 0x0000000722300000|  0%| F|  |TAMS 0x0000000722200000, 0x0000000722200000| Untracked 
|  23|0x0000000722300000, 0x0000000722300000, 0x0000000722400000|  0%| F|  |TAMS 0x0000000722300000, 0x0000000722300000| Untracked 
|  24|0x0000000722400000, 0x0000000722400000, 0x0000000722500000|  0%| F|  |TAMS 0x0000000722400000, 0x0000000722400000| Untracked 
|  25|0x0000000722500000, 0x0000000722500000, 0x0000000722600000|  0%| F|  |TAMS 0x0000000722500000, 0x0000000722500000| Untracked 
|  26|0x0000000722600000, 0x0000000722600000, 0x0000000722700000|  0%| F|  |TAMS 0x0000000722600000, 0x0000000722600000| Untracked 
|  27|0x0000000722700000, 0x0000000722700000, 0x0000000722800000|  0%| F|  |TAMS 0x0000000722700000, 0x0000000722700000| Untracked 
|  28|0x0000000722800000, 0x0000000722800000, 0x0000000722900000|  0%| F|  |TAMS 0x0000000722800000, 0x0000000722800000| Untracked 
|  29|0x0000000722900000, 0x0000000722900000, 0x0000000722a00000|  0%| F|  |TAMS 0x0000000722900000, 0x0000000722900000| Untracked 
|  30|0x0000000722a00000, 0x0000000722a00000, 0x0000000722b00000|  0%| F|  |TAMS 0x0000000722a00000, 0x0000000722a00000| Untracked 
|  31|0x0000000722b00000, 0x0000000722b00000, 0x0000000722c00000|  0%| F|  |TAMS 0x0000000722b00000, 0x0000000722b00000| Untracked 
|  32|0x0000000722c00000, 0x0000000722c00000, 0x0000000722d00000|  0%| F|  |TAMS 0x0000000722c00000, 0x0000000722c00000| Untracked 
|  33|0x0000000722d00000, 0x0000000722d00000, 0x0000000722e00000|  0%| F|  |TAMS 0x0000000722d00000, 0x0000000722d00000| Untracked 
|  34|0x0000000722e00000, 0x0000000722e00000, 0x0000000722f00000|  0%| F|  |TAMS 0x0000000722e00000, 0x0000000722e00000| Untracked 
|  35|0x0000000722f00000, 0x0000000722f00000, 0x0000000723000000|  0%| F|  |TAMS 0x0000000722f00000, 0x0000000722f00000| Untracked 
|  36|0x0000000723000000, 0x0000000723000000, 0x0000000723100000|  0%| F|  |TAMS 0x0000000723000000, 0x0000000723000000| Untracked 
|  37|0x0000000723100000, 0x0000000723100000, 0x0000000723200000|  0%| F|  |TAMS 0x0000000723100000, 0x0000000723100000| Untracked 
|  38|0x0000000723200000, 0x0000000723200000, 0x0000000723300000|  0%| F|  |TAMS 0x0000000723200000, 0x0000000723200000| Untracked 
|  39|0x0000000723300000, 0x0000000723300000, 0x0000000723400000|  0%| F|  |TAMS 0x0000000723300000, 0x0000000723300000| Untracked 
|  40|0x0000000723400000, 0x0000000723400000, 0x0000000723500000|  0%| F|  |TAMS 0x0000000723400000, 0x0000000723400000| Untracked 
|  41|0x0000000723500000, 0x0000000723500000, 0x0000000723600000|  0%| F|  |TAMS 0x0000000723500000, 0x0000000723500000| Untracked 
|  42|0x0000000723600000, 0x0000000723600000, 0x0000000723700000|  0%| F|  |TAMS 0x0000000723600000, 0x0000000723600000| Untracked 
|  43|0x0000000723700000, 0x0000000723700000, 0x0000000723800000|  0%| F|  |TAMS 0x0000000723700000, 0x0000000723700000| Untracked 
|  44|0x0000000723800000, 0x0000000723800000, 0x0000000723900000|  0%| F|  |TAMS 0x0000000723800000, 0x0000000723800000| Untracked 
|  45|0x0000000723900000, 0x0000000723900000, 0x0000000723a00000|  0%| F|  |TAMS 0x0000000723900000, 0x0000000723900000| Untracked 
|  46|0x0000000723a00000, 0x0000000723a00000, 0x0000000723b00000|  0%| F|  |TAMS 0x0000000723a00000, 0x0000000723a00000| Untracked 
|  47|0x0000000723b00000, 0x0000000723b00000, 0x0000000723c00000|  0%| F|  |TAMS 0x0000000723b00000, 0x0000000723b00000| Untracked 
|  48|0x0000000723c00000, 0x0000000723c00000, 0x0000000723d00000|  0%| F|  |TAMS 0x0000000723c00000, 0x0000000723c00000| Untracked 
|  49|0x0000000723d00000, 0x0000000723d00000, 0x0000000723e00000|  0%| F|  |TAMS 0x0000000723d00000, 0x0000000723d00000| Untracked 
|  50|0x0000000723e00000, 0x0000000723e00000, 0x0000000723f00000|  0%| F|  |TAMS 0x0000000723e00000, 0x0000000723e00000| Untracked 
|  51|0x0000000723f00000, 0x0000000723f00000, 0x0000000724000000|  0%| F|  |TAMS 0x0000000723f00000, 0x0000000723f00000| Untracked 
|  52|0x0000000724000000, 0x0000000724000000, 0x0000000724100000|  0%| F|  |TAMS 0x0000000724000000, 0x0000000724000000| Untracked 
|  53|0x0000000724100000, 0x0000000724100000, 0x0000000724200000|  0%| F|  |TAMS 0x0000000724100000, 0x0000000724100000| Untracked 
|  54|0x0000000724200000, 0x0000000724200000, 0x0000000724300000|  0%| F|  |TAMS 0x0000000724200000, 0x0000000724200000| Untracked 
|  55|0x0000000724300000, 0x0000000724300000, 0x0000000724400000|  0%| F|  |TAMS 0x0000000724300000, 0x0000000724300000| Untracked 
|  56|0x0000000724400000, 0x0000000724400000, 0x0000000724500000|  0%| F|  |TAMS 0x0000000724400000, 0x0000000724400000| Untracked 
|  57|0x0000000724500000, 0x0000000724500000, 0x0000000724600000|  0%| F|  |TAMS 0x0000000724500000, 0x0000000724500000| Untracked 
|  58|0x0000000724600000, 0x0000000724600000, 0x0000000724700000|  0%| F|  |TAMS 0x0000000724600000, 0x0000000724600000| Untracked 
|  59|0x0000000724700000, 0x0000000724700000, 0x0000000724800000|  0%| F|  |TAMS 0x0000000724700000, 0x0000000724700000| Untracked 
|  60|0x0000000724800000, 0x0000000724800000, 0x0000000724900000|  0%| F|  |TAMS 0x0000000724800000, 0x0000000724800000| Untracked 
|  61|0x0000000724900000, 0x0000000724900000, 0x0000000724a00000|  0%| F|  |TAMS 0x0000000724900000, 0x0000000724900000| Untracked 
|  62|0x0000000724a00000, 0x0000000724a00000, 0x0000000724b00000|  0%| F|  |TAMS 0x0000000724a00000, 0x0000000724a00000| Untracked 
|  63|0x0000000724b00000, 0x0000000724b00000, 0x0000000724c00000|  0%| F|  |TAMS 0x0000000724b00000, 0x0000000724b00000| Untracked 
|  64|0x0000000724c00000, 0x0000000724c00000, 0x0000000724d00000|  0%| F|  |TAMS 0x0000000724c00000, 0x0000000724c00000| Untracked 
|  65|0x0000000724d00000, 0x0000000724d00000, 0x0000000724e00000|  0%| F|  |TAMS 0x0000000724d00000, 0x0000000724d00000| Untracked 
|  66|0x0000000724e00000, 0x0000000724e00000, 0x0000000724f00000|  0%| F|  |TAMS 0x0000000724e00000, 0x0000000724e00000| Untracked 
|  67|0x0000000724f00000, 0x0000000724f00000, 0x0000000725000000|  0%| F|  |TAMS 0x0000000724f00000, 0x0000000724f00000| Untracked 
|  68|0x0000000725000000, 0x0000000725000000, 0x0000000725100000|  0%| F|  |TAMS 0x0000000725000000, 0x0000000725000000| Untracked 
|  69|0x0000000725100000, 0x0000000725100000, 0x0000000725200000|  0%| F|  |TAMS 0x0000000725100000, 0x0000000725100000| Untracked 
|  70|0x0000000725200000, 0x0000000725200000, 0x0000000725300000|  0%| F|  |TAMS 0x0000000725200000, 0x0000000725200000| Untracked 
|  71|0x0000000725300000, 0x0000000725300000, 0x0000000725400000|  0%| F|  |TAMS 0x0000000725300000, 0x0000000725300000| Untracked 
|  72|0x0000000725400000, 0x0000000725400000, 0x0000000725500000|  0%| F|  |TAMS 0x0000000725400000, 0x0000000725400000| Untracked 
|  73|0x0000000725500000, 0x0000000725500000, 0x0000000725600000|  0%| F|  |TAMS 0x0000000725500000, 0x0000000725500000| Untracked 
|  74|0x0000000725600000, 0x0000000725600000, 0x0000000725700000|  0%| F|  |TAMS 0x0000000725600000, 0x0000000725600000| Untracked 
|  75|0x0000000725700000, 0x0000000725700000, 0x0000000725800000|  0%| F|  |TAMS 0x0000000725700000, 0x0000000725700000| Untracked 
|  76|0x0000000725800000, 0x0000000725800000, 0x0000000725900000|  0%| F|  |TAMS 0x0000000725800000, 0x0000000725800000| Untracked 
|  77|0x0000000725900000, 0x0000000725900000, 0x0000000725a00000|  0%| F|  |TAMS 0x0000000725900000, 0x0000000725900000| Untracked 
|  78|0x0000000725a00000, 0x0000000725a00000, 0x0000000725b00000|  0%| F|  |TAMS 0x0000000725a00000, 0x0000000725a00000| Untracked 
|  79|0x0000000725b00000, 0x0000000725b00000, 0x0000000725c00000|  0%| F|  |TAMS 0x0000000725b00000, 0x0000000725b00000| Untracked 
|  80|0x0000000725c00000, 0x0000000725c00000, 0x0000000725d00000|  0%| F|  |TAMS 0x0000000725c00000, 0x0000000725c00000| Untracked 
|  81|0x0000000725d00000, 0x0000000725d00000, 0x0000000725e00000|  0%| F|  |TAMS 0x0000000725d00000, 0x0000000725d00000| Untracked 
|  82|0x0000000725e00000, 0x0000000725e00000, 0x0000000725f00000|  0%| F|  |TAMS 0x0000000725e00000, 0x0000000725e00000| Untracked 
|  83|0x0000000725f00000, 0x0000000725f00000, 0x0000000726000000|  0%| F|  |TAMS 0x0000000725f00000, 0x0000000725f00000| Untracked 
|  84|0x0000000726000000, 0x0000000726000000, 0x0000000726100000|  0%| F|  |TAMS 0x0000000726000000, 0x0000000726000000| Untracked 
|  85|0x0000000726100000, 0x0000000726100000, 0x0000000726200000|  0%| F|  |TAMS 0x0000000726100000, 0x0000000726100000| Untracked 
|  86|0x0000000726200000, 0x0000000726200000, 0x0000000726300000|  0%| F|  |TAMS 0x0000000726200000, 0x0000000726200000| Untracked 
|  87|0x0000000726300000, 0x0000000726300000, 0x0000000726400000|  0%| F|  |TAMS 0x0000000726300000, 0x0000000726300000| Untracked 
|  88|0x0000000726400000, 0x0000000726400000, 0x0000000726500000|  0%| F|  |TAMS 0x0000000726400000, 0x0000000726400000| Untracked 
|  89|0x0000000726500000, 0x0000000726500000, 0x0000000726600000|  0%| F|  |TAMS 0x0000000726500000, 0x0000000726500000| Untracked 
|  90|0x0000000726600000, 0x0000000726600000, 0x0000000726700000|  0%| F|  |TAMS 0x0000000726600000, 0x0000000726600000| Untracked 
|  91|0x0000000726700000, 0x0000000726700000, 0x0000000726800000|  0%| F|  |TAMS 0x0000000726700000, 0x0000000726700000| Untracked 
|  92|0x0000000726800000, 0x0000000726800000, 0x0000000726900000|  0%| F|  |TAMS 0x0000000726800000, 0x0000000726800000| Untracked 
|  93|0x0000000726900000, 0x0000000726900000, 0x0000000726a00000|  0%| F|  |TAMS 0x0000000726900000, 0x0000000726900000| Untracked 
|  94|0x0000000726a00000, 0x0000000726a00000, 0x0000000726b00000|  0%| F|  |TAMS 0x0000000726a00000, 0x0000000726a00000| Untracked 
|  95|0x0000000726b00000, 0x0000000726b00000, 0x0000000726c00000|  0%| F|  |TAMS 0x0000000726b00000, 0x0000000726b00000| Untracked 
|  96|0x0000000726c00000, 0x0000000726c00000, 0x0000000726d00000|  0%| F|  |TAMS 0x0000000726c00000, 0x0000000726c00000| Untracked 
|  97|0x0000000726d00000, 0x0000000726d00000, 0x0000000726e00000|  0%| F|  |TAMS 0x0000000726d00000, 0x0000000726d00000| Untracked 
|  98|0x0000000726e00000, 0x0000000726e00000, 0x0000000726f00000|  0%| F|  |TAMS 0x0000000726e00000, 0x0000000726e00000| Untracked 
|  99|0x0000000726f00000, 0x0000000726f00000, 0x0000000727000000|  0%| F|  |TAMS 0x0000000726f00000, 0x0000000726f00000| Untracked 
| 100|0x0000000727000000, 0x0000000727000000, 0x0000000727100000|  0%| F|  |TAMS 0x0000000727000000, 0x0000000727000000| Untracked 
| 101|0x0000000727100000, 0x0000000727100000, 0x0000000727200000|  0%| F|  |TAMS 0x0000000727100000, 0x0000000727100000| Untracked 
| 102|0x0000000727200000, 0x0000000727200000, 0x0000000727300000|  0%| F|  |TAMS 0x0000000727200000, 0x0000000727200000| Untracked 
| 103|0x0000000727300000, 0x0000000727300000, 0x0000000727400000|  0%| F|  |TAMS 0x0000000727300000, 0x0000000727300000| Untracked 
| 104|0x0000000727400000, 0x0000000727400000, 0x0000000727500000|  0%| F|  |TAMS 0x0000000727400000, 0x0000000727400000| Untracked 
| 105|0x0000000727500000, 0x0000000727500000, 0x0000000727600000|  0%| F|  |TAMS 0x0000000727500000, 0x0000000727500000| Untracked 
| 106|0x0000000727600000, 0x0000000727600000, 0x0000000727700000|  0%| F|  |TAMS 0x0000000727600000, 0x0000000727600000| Untracked 
| 107|0x0000000727700000, 0x0000000727700000, 0x0000000727800000|  0%| F|  |TAMS 0x0000000727700000, 0x0000000727700000| Untracked 
| 108|0x0000000727800000, 0x0000000727800000, 0x0000000727900000|  0%| F|  |TAMS 0x0000000727800000, 0x0000000727800000| Untracked 
| 109|0x0000000727900000, 0x0000000727900000, 0x0000000727a00000|  0%| F|  |TAMS 0x0000000727900000, 0x0000000727900000| Untracked 
| 110|0x0000000727a00000, 0x0000000727a00000, 0x0000000727b00000|  0%| F|  |TAMS 0x0000000727a00000, 0x0000000727a00000| Untracked 
| 111|0x0000000727b00000, 0x0000000727b00000, 0x0000000727c00000|  0%| F|  |TAMS 0x0000000727b00000, 0x0000000727b00000| Untracked 
| 112|0x0000000727c00000, 0x0000000727c00000, 0x0000000727d00000|  0%| F|  |TAMS 0x0000000727c00000, 0x0000000727c00000| Untracked 
| 113|0x0000000727d00000, 0x0000000727d00000, 0x0000000727e00000|  0%| F|  |TAMS 0x0000000727d00000, 0x0000000727d00000| Untracked 
| 114|0x0000000727e00000, 0x0000000727e00000, 0x0000000727f00000|  0%| F|  |TAMS 0x0000000727e00000, 0x0000000727e00000| Untracked 
| 115|0x0000000727f00000, 0x0000000727f00000, 0x0000000728000000|  0%| F|  |TAMS 0x0000000727f00000, 0x0000000727f00000| Untracked 
| 116|0x0000000728000000, 0x0000000728000000, 0x0000000728100000|  0%| F|  |TAMS 0x0000000728000000, 0x0000000728000000| Untracked 
| 117|0x0000000728100000, 0x0000000728100000, 0x0000000728200000|  0%| F|  |TAMS 0x0000000728100000, 0x0000000728100000| Untracked 
| 118|0x0000000728200000, 0x0000000728200000, 0x0000000728300000|  0%| F|  |TAMS 0x0000000728200000, 0x0000000728200000| Untracked 
| 119|0x0000000728300000, 0x0000000728300000, 0x0000000728400000|  0%| F|  |TAMS 0x0000000728300000, 0x0000000728300000| Untracked 
| 120|0x0000000728400000, 0x0000000728400000, 0x0000000728500000|  0%| F|  |TAMS 0x0000000728400000, 0x0000000728400000| Untracked 
| 121|0x0000000728500000, 0x0000000728500000, 0x0000000728600000|  0%| F|  |TAMS 0x0000000728500000, 0x0000000728500000| Untracked 
| 122|0x0000000728600000, 0x0000000728600000, 0x0000000728700000|  0%| F|  |TAMS 0x0000000728600000, 0x0000000728600000| Untracked 
| 123|0x0000000728700000, 0x0000000728700000, 0x0000000728800000|  0%| F|  |TAMS 0x0000000728700000, 0x0000000728700000| Untracked 
| 124|0x0000000728800000, 0x0000000728800000, 0x0000000728900000|  0%| F|  |TAMS 0x0000000728800000, 0x0000000728800000| Untracked 
| 125|0x0000000728900000, 0x0000000728900000, 0x0000000728a00000|  0%| F|  |TAMS 0x0000000728900000, 0x0000000728900000| Untracked 
| 126|0x0000000728a00000, 0x0000000728a00000, 0x0000000728b00000|  0%| F|  |TAMS 0x0000000728a00000, 0x0000000728a00000| Untracked 
| 127|0x0000000728b00000, 0x0000000728b00000, 0x0000000728c00000|  0%| F|  |TAMS 0x0000000728b00000, 0x0000000728b00000| Untracked 
| 128|0x0000000728c00000, 0x0000000728c00000, 0x0000000728d00000|  0%| F|  |TAMS 0x0000000728c00000, 0x0000000728c00000| Untracked 
| 129|0x0000000728d00000, 0x0000000728d00000, 0x0000000728e00000|  0%| F|  |TAMS 0x0000000728d00000, 0x0000000728d00000| Untracked 
| 130|0x0000000728e00000, 0x0000000728e00000, 0x0000000728f00000|  0%| F|  |TAMS 0x0000000728e00000, 0x0000000728e00000| Untracked 
| 131|0x0000000728f00000, 0x0000000728f00000, 0x0000000729000000|  0%| F|  |TAMS 0x0000000728f00000, 0x0000000728f00000| Untracked 
| 132|0x0000000729000000, 0x0000000729000000, 0x0000000729100000|  0%| F|  |TAMS 0x0000000729000000, 0x0000000729000000| Untracked 
| 133|0x0000000729100000, 0x0000000729100000, 0x0000000729200000|  0%| F|  |TAMS 0x0000000729100000, 0x0000000729100000| Untracked 
| 134|0x0000000729200000, 0x0000000729200000, 0x0000000729300000|  0%| F|  |TAMS 0x0000000729200000, 0x0000000729200000| Untracked 
| 135|0x0000000729300000, 0x0000000729300000, 0x0000000729400000|  0%| F|  |TAMS 0x0000000729300000, 0x0000000729300000| Untracked 
| 136|0x0000000729400000, 0x0000000729400000, 0x0000000729500000|  0%| F|  |TAMS 0x0000000729400000, 0x0000000729400000| Untracked 
| 137|0x0000000729500000, 0x0000000729500000, 0x0000000729600000|  0%| F|  |TAMS 0x0000000729500000, 0x0000000729500000| Untracked 
| 138|0x0000000729600000, 0x0000000729600000, 0x0000000729700000|  0%| F|  |TAMS 0x0000000729600000, 0x0000000729600000| Untracked 
| 139|0x0000000729700000, 0x0000000729700000, 0x0000000729800000|  0%| F|  |TAMS 0x0000000729700000, 0x0000000729700000| Untracked 
| 140|0x0000000729800000, 0x0000000729800000, 0x0000000729900000|  0%| F|  |TAMS 0x0000000729800000, 0x0000000729800000| Untracked 
| 141|0x0000000729900000, 0x0000000729900000, 0x0000000729a00000|  0%| F|  |TAMS 0x0000000729900000, 0x0000000729900000| Untracked 
| 142|0x0000000729a00000, 0x0000000729a00000, 0x0000000729b00000|  0%| F|  |TAMS 0x0000000729a00000, 0x0000000729a00000| Untracked 
| 143|0x0000000729b00000, 0x0000000729b00000, 0x0000000729c00000|  0%| F|  |TAMS 0x0000000729b00000, 0x0000000729b00000| Untracked 
| 144|0x0000000729c00000, 0x0000000729c00000, 0x0000000729d00000|  0%| F|  |TAMS 0x0000000729c00000, 0x0000000729c00000| Untracked 
| 145|0x0000000729d00000, 0x0000000729d00000, 0x0000000729e00000|  0%| F|  |TAMS 0x0000000729d00000, 0x0000000729d00000| Untracked 
| 146|0x0000000729e00000, 0x0000000729e00000, 0x0000000729f00000|  0%| F|  |TAMS 0x0000000729e00000, 0x0000000729e00000| Untracked 
| 147|0x0000000729f00000, 0x0000000729f00000, 0x000000072a000000|  0%| F|  |TAMS 0x0000000729f00000, 0x0000000729f00000| Untracked 
| 148|0x000000072a000000, 0x000000072a000000, 0x000000072a100000|  0%| F|  |TAMS 0x000000072a000000, 0x000000072a000000| Untracked 
| 149|0x000000072a100000, 0x000000072a100000, 0x000000072a200000|  0%| F|  |TAMS 0x000000072a100000, 0x000000072a100000| Untracked 
| 150|0x000000072a200000, 0x000000072a200000, 0x000000072a300000|  0%| F|  |TAMS 0x000000072a200000, 0x000000072a200000| Untracked 
| 151|0x000000072a300000, 0x000000072a300000, 0x000000072a400000|  0%| F|  |TAMS 0x000000072a300000, 0x000000072a300000| Untracked 
| 152|0x000000072a400000, 0x000000072a400000, 0x000000072a500000|  0%| F|  |TAMS 0x000000072a400000, 0x000000072a400000| Untracked 
| 153|0x000000072a500000, 0x000000072a500000, 0x000000072a600000|  0%| F|  |TAMS 0x000000072a500000, 0x000000072a500000| Untracked 
| 154|0x000000072a600000, 0x000000072a600000, 0x000000072a700000|  0%| F|  |TAMS 0x000000072a600000, 0x000000072a600000| Untracked 
| 155|0x000000072a700000, 0x000000072a700000, 0x000000072a800000|  0%| F|  |TAMS 0x000000072a700000, 0x000000072a700000| Untracked 
| 156|0x000000072a800000, 0x000000072a800000, 0x000000072a900000|  0%| F|  |TAMS 0x000000072a800000, 0x000000072a800000| Untracked 
| 157|0x000000072a900000, 0x000000072a900000, 0x000000072aa00000|  0%| F|  |TAMS 0x000000072a900000, 0x000000072a900000| Untracked 
| 158|0x000000072aa00000, 0x000000072aa00000, 0x000000072ab00000|  0%| F|  |TAMS 0x000000072aa00000, 0x000000072aa00000| Untracked 
| 159|0x000000072ab00000, 0x000000072ab00000, 0x000000072ac00000|  0%| F|  |TAMS 0x000000072ab00000, 0x000000072ab00000| Untracked 
| 160|0x000000072ac00000, 0x000000072ac00000, 0x000000072ad00000|  0%| F|  |TAMS 0x000000072ac00000, 0x000000072ac00000| Untracked 
| 161|0x000000072ad00000, 0x000000072ad00000, 0x000000072ae00000|  0%| F|  |TAMS 0x000000072ad00000, 0x000000072ad00000| Untracked 
| 162|0x000000072ae00000, 0x000000072ae00000, 0x000000072af00000|  0%| F|  |TAMS 0x000000072ae00000, 0x000000072ae00000| Untracked 
| 163|0x000000072af00000, 0x000000072af00000, 0x000000072b000000|  0%| F|  |TAMS 0x000000072af00000, 0x000000072af00000| Untracked 
| 164|0x000000072b000000, 0x000000072b000000, 0x000000072b100000|  0%| F|  |TAMS 0x000000072b000000, 0x000000072b000000| Untracked 
| 165|0x000000072b100000, 0x000000072b100000, 0x000000072b200000|  0%| F|  |TAMS 0x000000072b100000, 0x000000072b100000| Untracked 
| 166|0x000000072b200000, 0x000000072b200000, 0x000000072b300000|  0%| F|  |TAMS 0x000000072b200000, 0x000000072b200000| Untracked 
| 167|0x000000072b300000, 0x000000072b300000, 0x000000072b400000|  0%| F|  |TAMS 0x000000072b300000, 0x000000072b300000| Untracked 
| 168|0x000000072b400000, 0x000000072b400000, 0x000000072b500000|  0%| F|  |TAMS 0x000000072b400000, 0x000000072b400000| Untracked 
| 169|0x000000072b500000, 0x000000072b500000, 0x000000072b600000|  0%| F|  |TAMS 0x000000072b500000, 0x000000072b500000| Untracked 
| 170|0x000000072b600000, 0x000000072b600000, 0x000000072b700000|  0%| F|  |TAMS 0x000000072b600000, 0x000000072b600000| Untracked 
| 171|0x000000072b700000, 0x000000072b700000, 0x000000072b800000|  0%| F|  |TAMS 0x000000072b700000, 0x000000072b700000| Untracked 
| 172|0x000000072b800000, 0x000000072b800000, 0x000000072b900000|  0%| F|  |TAMS 0x000000072b800000, 0x000000072b800000| Untracked 
| 173|0x000000072b900000, 0x000000072b900000, 0x000000072ba00000|  0%| F|  |TAMS 0x000000072b900000, 0x000000072b900000| Untracked 
| 174|0x000000072ba00000, 0x000000072ba00000, 0x000000072bb00000|  0%| F|  |TAMS 0x000000072ba00000, 0x000000072ba00000| Untracked 
| 175|0x000000072bb00000, 0x000000072bb00000, 0x000000072bc00000|  0%| F|  |TAMS 0x000000072bb00000, 0x000000072bb00000| Untracked 
| 176|0x000000072bc00000, 0x000000072bc00000, 0x000000072bd00000|  0%| F|  |TAMS 0x000000072bc00000, 0x000000072bc00000| Untracked 
| 177|0x000000072bd00000, 0x000000072bd00000, 0x000000072be00000|  0%| F|  |TAMS 0x000000072bd00000, 0x000000072bd00000| Untracked 
| 178|0x000000072be00000, 0x000000072be00000, 0x000000072bf00000|  0%| F|  |TAMS 0x000000072be00000, 0x000000072be00000| Untracked 
| 179|0x000000072bf00000, 0x000000072bf00000, 0x000000072c000000|  0%| F|  |TAMS 0x000000072bf00000, 0x000000072bf00000| Untracked 
| 180|0x000000072c000000, 0x000000072c000000, 0x000000072c100000|  0%| F|  |TAMS 0x000000072c000000, 0x000000072c000000| Untracked 
| 181|0x000000072c100000, 0x000000072c100000, 0x000000072c200000|  0%| F|  |TAMS 0x000000072c100000, 0x000000072c100000| Untracked 
| 182|0x000000072c200000, 0x000000072c200000, 0x000000072c300000|  0%| F|  |TAMS 0x000000072c200000, 0x000000072c200000| Untracked 
| 183|0x000000072c300000, 0x000000072c300000, 0x000000072c400000|  0%| F|  |TAMS 0x000000072c300000, 0x000000072c300000| Untracked 
| 184|0x000000072c400000, 0x000000072c400000, 0x000000072c500000|  0%| F|  |TAMS 0x000000072c400000, 0x000000072c400000| Untracked 
| 185|0x000000072c500000, 0x000000072c500000, 0x000000072c600000|  0%| F|  |TAMS 0x000000072c500000, 0x000000072c500000| Untracked 
| 186|0x000000072c600000, 0x000000072c600000, 0x000000072c700000|  0%| F|  |TAMS 0x000000072c600000, 0x000000072c600000| Untracked 
| 187|0x000000072c700000, 0x000000072c700000, 0x000000072c800000|  0%| F|  |TAMS 0x000000072c700000, 0x000000072c700000| Untracked 
| 188|0x000000072c800000, 0x000000072c800000, 0x000000072c900000|  0%| F|  |TAMS 0x000000072c800000, 0x000000072c800000| Untracked 
| 189|0x000000072c900000, 0x000000072c900000, 0x000000072ca00000|  0%| F|  |TAMS 0x000000072c900000, 0x000000072c900000| Untracked 
| 190|0x000000072ca00000, 0x000000072ca00000, 0x000000072cb00000|  0%| F|  |TAMS 0x000000072ca00000, 0x000000072ca00000| Untracked 
| 191|0x000000072cb00000, 0x000000072cb00000, 0x000000072cc00000|  0%| F|  |TAMS 0x000000072cb00000, 0x000000072cb00000| Untracked 
| 192|0x000000072cc00000, 0x000000072cc00000, 0x000000072cd00000|  0%| F|  |TAMS 0x000000072cc00000, 0x000000072cc00000| Untracked 
| 193|0x000000072cd00000, 0x000000072cd00000, 0x000000072ce00000|  0%| F|  |TAMS 0x000000072cd00000, 0x000000072cd00000| Untracked 
| 194|0x000000072ce00000, 0x000000072ce00000, 0x000000072cf00000|  0%| F|  |TAMS 0x000000072ce00000, 0x000000072ce00000| Untracked 
| 195|0x000000072cf00000, 0x000000072cf00000, 0x000000072d000000|  0%| F|  |TAMS 0x000000072cf00000, 0x000000072cf00000| Untracked 
| 196|0x000000072d000000, 0x000000072d000000, 0x000000072d100000|  0%| F|  |TAMS 0x000000072d000000, 0x000000072d000000| Untracked 
| 197|0x000000072d100000, 0x000000072d100000, 0x000000072d200000|  0%| F|  |TAMS 0x000000072d100000, 0x000000072d100000| Untracked 
| 198|0x000000072d200000, 0x000000072d200000, 0x000000072d300000|  0%| F|  |TAMS 0x000000072d200000, 0x000000072d200000| Untracked 
| 199|0x000000072d300000, 0x000000072d300000, 0x000000072d400000|  0%| F|  |TAMS 0x000000072d300000, 0x000000072d300000| Untracked 
| 200|0x000000072d400000, 0x000000072d400000, 0x000000072d500000|  0%| F|  |TAMS 0x000000072d400000, 0x000000072d400000| Untracked 
| 201|0x000000072d500000, 0x000000072d500000, 0x000000072d600000|  0%| F|  |TAMS 0x000000072d500000, 0x000000072d500000| Untracked 
| 202|0x000000072d600000, 0x000000072d600000, 0x000000072d700000|  0%| F|  |TAMS 0x000000072d600000, 0x000000072d600000| Untracked 
| 203|0x000000072d700000, 0x000000072d700000, 0x000000072d800000|  0%| F|  |TAMS 0x000000072d700000, 0x000000072d700000| Untracked 
| 204|0x000000072d800000, 0x000000072d800000, 0x000000072d900000|  0%| F|  |TAMS 0x000000072d800000, 0x000000072d800000| Untracked 
| 205|0x000000072d900000, 0x000000072d900000, 0x000000072da00000|  0%| F|  |TAMS 0x000000072d900000, 0x000000072d900000| Untracked 
| 206|0x000000072da00000, 0x000000072da00000, 0x000000072db00000|  0%| F|  |TAMS 0x000000072da00000, 0x000000072da00000| Untracked 
| 207|0x000000072db00000, 0x000000072db00000, 0x000000072dc00000|  0%| F|  |TAMS 0x000000072db00000, 0x000000072db00000| Untracked 
| 208|0x000000072dc00000, 0x000000072dc00000, 0x000000072dd00000|  0%| F|  |TAMS 0x000000072dc00000, 0x000000072dc00000| Untracked 
| 209|0x000000072dd00000, 0x000000072dd00000, 0x000000072de00000|  0%| F|  |TAMS 0x000000072dd00000, 0x000000072dd00000| Untracked 
| 210|0x000000072de00000, 0x000000072de00000, 0x000000072df00000|  0%| F|  |TAMS 0x000000072de00000, 0x000000072de00000| Untracked 
| 211|0x000000072df00000, 0x000000072df00000, 0x000000072e000000|  0%| F|  |TAMS 0x000000072df00000, 0x000000072df00000| Untracked 
| 212|0x000000072e000000, 0x000000072e000000, 0x000000072e100000|  0%| F|  |TAMS 0x000000072e000000, 0x000000072e000000| Untracked 
| 213|0x000000072e100000, 0x000000072e100000, 0x000000072e200000|  0%| F|  |TAMS 0x000000072e100000, 0x000000072e100000| Untracked 
| 214|0x000000072e200000, 0x000000072e200000, 0x000000072e300000|  0%| F|  |TAMS 0x000000072e200000, 0x000000072e200000| Untracked 
| 215|0x000000072e300000, 0x000000072e300000, 0x000000072e400000|  0%| F|  |TAMS 0x000000072e300000, 0x000000072e300000| Untracked 
| 216|0x000000072e400000, 0x000000072e400000, 0x000000072e500000|  0%| F|  |TAMS 0x000000072e400000, 0x000000072e400000| Untracked 
| 217|0x000000072e500000, 0x000000072e500000, 0x000000072e600000|  0%| F|  |TAMS 0x000000072e500000, 0x000000072e500000| Untracked 
| 218|0x000000072e600000, 0x000000072e600000, 0x000000072e700000|  0%| F|  |TAMS 0x000000072e600000, 0x000000072e600000| Untracked 
| 219|0x000000072e700000, 0x000000072e75ec98, 0x000000072e800000| 37%| S|CS|TAMS 0x000000072e700000, 0x000000072e700000| Complete 
| 220|0x000000072e800000, 0x000000072e900000, 0x000000072e900000|100%| S|CS|TAMS 0x000000072e800000, 0x000000072e800000| Complete 
| 221|0x000000072e900000, 0x000000072ea00000, 0x000000072ea00000|100%| S|CS|TAMS 0x000000072e900000, 0x000000072e900000| Complete 
| 222|0x000000072ea00000, 0x000000072ea00000, 0x000000072eb00000|  0%| F|  |TAMS 0x000000072ea00000, 0x000000072ea00000| Untracked 
| 223|0x000000072eb00000, 0x000000072eb00000, 0x000000072ec00000|  0%| F|  |TAMS 0x000000072eb00000, 0x000000072eb00000| Untracked 

Card table byte_map: [0x00000281c8640000,0x00000281c8d40000] _byte_map_base: 0x00000281c4d3a000

Marking Bits (Prev, Next): (CMBitMap*) 0x00000281ae8b2f40, (CMBitMap*) 0x00000281ae8b2f08
 Prev Bits: [0x00000281ccc10000, 0x00000281d03e0000)
 Next Bits: [0x00000281c9440000, 0x00000281ccc10000)

Polling page: 0x00000281ae6e0000

Metaspace:

Usage:
  Non-class:     18.23 MB capacity,    17.91 MB ( 98%) used,   264.20 KB (  1%) free+waste,    61.88 KB ( <1%) overhead. 
      Class:      2.53 MB capacity,     2.31 MB ( 91%) used,   202.38 KB (  8%) free+waste,    30.88 KB (  1%) overhead. 
       Both:     20.76 MB capacity,    20.21 MB ( 97%) used,   466.57 KB (  2%) free+waste,    92.75 KB ( <1%) overhead. 

Virtual space:
  Non-class space:       32.00 MB reserved,      18.25 MB ( 57%) committed 
      Class space:        1.00 GB reserved,       2.63 MB ( <1%) committed 
             Both:        1.03 GB reserved,      20.88 MB (  2%) committed 

Chunk freelists:
   Non-Class:  3.13 KB
       Class:  0 bytes
        Both:  3.13 KB

CodeHeap 'non-profiled nmethods': size=238336Kb used=2686Kb max_used=2686Kb free=235649Kb
 bounds [0x00000281b8c10000, 0x00000281b8eb0000, 0x00000281c74d0000]
CodeHeap 'non-nmethods': size=7424Kb used=1197Kb max_used=1197Kb free=6226Kb
 bounds [0x00000281b84d0000, 0x00000281b8740000, 0x00000281b8c10000]
 total_blobs=2177 nmethods=1762 adapters=349
 compilation: disabled (not enough contiguous free space left)
              stopped_count=1, restarted_count=0
 full_count=1

Compilation events (10 events):
Event: 1.304 Thread 0x00000281d3827800 1758   !   1       java.lang.ref.ReferenceQueue::remove (125 bytes)
Event: 1.305 Thread 0x00000281d3827800 nmethod 1758 0x00000281b8eae090 code [0x00000281b8eae280, 0x00000281b8eae8f8]
Event: 1.305 Thread 0x00000281d3827800 1759   !   1       jdk.internal.ref.PhantomCleanable::isListEmpty (34 bytes)
Event: 1.306 Thread 0x00000281d3827800 nmethod 1759 0x00000281b8eaec10 code [0x00000281b8eaedc0, 0x00000281b8eaf058]
Event: 1.306 Thread 0x00000281d3827800 1760       1       jdk.internal.misc.InnocuousThread::eraseThreadLocals (23 bytes)
Event: 1.306 Thread 0x00000281d3827800 nmethod 1760 0x00000281b8eaf190 code [0x00000281b8eaf340, 0x00000281b8eaf4d8]
Event: 1.306 Thread 0x00000281d3827800 1761       1       java.lang.invoke.MethodHandleNatives$CallSiteContext::run (5 bytes)
Event: 1.306 Thread 0x00000281d3827800 nmethod 1761 0x00000281b8eaf590 code [0x00000281b8eaf740, 0x00000281b8eaf828]
Event: 1.313 Thread 0x00000281d3827800 1763   !   1       java.util.concurrent.ConcurrentHashMap::replaceNode (437 bytes)
Event: 1.316 Thread 0x00000281d3827800 


GC Heap History (6 events):
Event: 0.748 GC heap before
{Heap before GC invocations=0 (full 0):
 garbage-first heap   total 229376K, used 24576K [0x0000000720c00000, 0x0000000800000000)
  region size 1024K, 24 young (24576K), 0 survivors (0K)
 Metaspace       used 11140K, capacity 11417K, committed 11520K, reserved 1058816K
  class space    used 1144K, capacity 1256K, committed 1280K, reserved 1048576K
}
Event: 0.753 GC heap after
{Heap after GC invocations=1 (full 0):
 garbage-first heap   total 229376K, used 7013K [0x0000000720c00000, 0x0000000800000000)
  region size 1024K, 3 young (3072K), 3 survivors (3072K)
 Metaspace       used 11140K, capacity 11417K, committed 11520K, reserved 1058816K
  class space    used 1144K, capacity 1256K, committed 1280K, reserved 1048576K
}
Event: 1.296 GC heap before
{Heap before GC invocations=1 (full 0):
 garbage-first heap   total 229376K, used 53093K [0x0000000720c00000, 0x0000000800000000)
  region size 1024K, 49 young (50176K), 3 survivors (3072K)
 Metaspace       used 20505K, capacity 21089K, committed 21248K, reserved 1073152K
  class space    used 2338K, capacity 2559K, committed 2560K, reserved 1048576K
}
Event: 1.303 GC heap after
{Heap after GC invocations=2 (full 0):
 garbage-first heap   total 229376K, used 9055K [0x0000000720c00000, 0x0000000800000000)
  region size 1024K, 5 young (5120K), 5 survivors (5120K)
 Metaspace       used 20505K, capacity 21089K, committed 21248K, reserved 1073152K
  class space    used 2338K, capacity 2559K, committed 2560K, reserved 1048576K
}
Event: 1.321 GC heap before
{Heap before GC invocations=3 (full 0):
 garbage-first heap   total 229376K, used 10079K [0x0000000720c00000, 0x0000000800000000)
  region size 1024K, 7 young (7168K), 5 survivors (5120K)
 Metaspace       used 20697K, capacity 21257K, committed 21376K, reserved 1079296K
  class space    used 2360K, capacity 2594K, committed 2688K, reserved 1048576K
}
Event: 1.326 GC heap after
{Heap after GC invocations=4 (full 0):
 garbage-first heap   total 229376K, used 9240K [0x0000000720c00000, 0x0000000800000000)
  region size 1024K, 3 young (3072K), 3 survivors (3072K)
 Metaspace       used 20697K, capacity 21257K, committed 21376K, reserved 1079296K
  class space    used 2360K, capacity 2594K, committed 2688K, reserved 1048576K
}

Deoptimization events (0 events):
No events

Classes redefined (0 events):
No events

Internal exceptions (10 events):
Event: 1.262 Thread 0x00000281ae85a800 Exception <a 'java/lang/ClassNotFoundException'{0x000000072be362f0}: org/springframework/core/PriorityOrderedCustomizer> (0x000000072be362f0) thrown at [./open/src/hotspot/share/classfile/systemDictionary.cpp, line 228]
Event: 1.262 Thread 0x00000281ae85a800 Exception <a 'java/lang/ClassNotFoundException'{0x000000072be43fe8}: org/springframework/core/OrderedCustomizer> (0x000000072be43fe8) thrown at [./open/src/hotspot/share/classfile/systemDictionary.cpp, line 228]
Event: 1.263 Thread 0x00000281ae85a800 Exception <a 'java/lang/ClassNotFoundException'{0x000000072be545f8}: org/springframework/context/ResourceLoaderAwareCustomizer> (0x000000072be545f8) thrown at [./open/src/hotspot/share/classfile/systemDictionary.cpp, line 228]
Event: 1.263 Thread 0x00000281ae85a800 Exception <a 'java/lang/ClassNotFoundException'{0x000000072be63f70}: org/springframework/beans/factory/AwareCustomizer> (0x000000072be63f70) thrown at [./open/src/hotspot/share/classfile/systemDictionary.cpp, line 228]
Event: 1.264 Thread 0x00000281ae85a800 Exception <a 'java/lang/ClassNotFoundException'{0x000000072be74080}: org/springframework/context/ApplicationStartupAwareCustomizer> (0x000000072be74080) thrown at [./open/src/hotspot/share/classfile/systemDictionary.cpp, line 228]
Event: 1.264 Thread 0x00000281ae85a800 Exception <a 'java/lang/ClassNotFoundException'{0x000000072bd03908}: org/springframework/beans/factory/AwareCustomizer> (0x000000072bd03908) thrown at [./open/src/hotspot/share/classfile/systemDictionary.cpp, line 228]
Event: 1.264 Thread 0x00000281ae85a800 Exception <a 'java/lang/ClassNotFoundException'{0x000000072bd13e00}: org/springframework/beans/factory/BeanClassLoaderAwareCustomizer> (0x000000072bd13e00) thrown at [./open/src/hotspot/share/classfile/systemDictionary.cpp, line 228]
Event: 1.265 Thread 0x00000281ae85a800 Exception <a 'java/lang/ClassNotFoundException'{0x000000072bd23790}: org/springframework/beans/factory/AwareCustomizer> (0x000000072bd23790) thrown at [./open/src/hotspot/share/classfile/systemDictionary.cpp, line 228]
Event: 1.265 Thread 0x00000281ae85a800 Exception <a 'java/lang/ClassNotFoundException'{0x000000072bd32ba8}: org/springframework/context/EnvironmentAwareCustomizer> (0x000000072bd32ba8) thrown at [./open/src/hotspot/share/classfile/systemDictionary.cpp, line 228]
Event: 1.266 Thread 0x00000281ae85a800 Exception <a 'java/lang/ClassNotFoundException'{0x000000072bd424b0}: org/springframework/beans/factory/AwareCustomizer> (0x000000072bd424b0) thrown at [./open/src/hotspot/share/classfile/systemDictionary.cpp, line 228]

Events (10 events):
Event: 1.318 loading class org/springframework/core/type/classreading/SimpleMethodMetadata done
Event: 1.318 loading class org/springframework/core/type/classreading/SimpleMethodMetadata
Event: 1.318 loading class org/springframework/core/type/classreading/SimpleMethodMetadata done
Event: 1.319 loading class org/springframework/core/type/MethodMetadata
Event: 1.319 loading class org/springframework/core/type/MethodMetadata done
Event: 1.319 loading class org/springframework/asm/MethodWriter
Event: 1.319 loading class org/springframework/asm/MethodWriter done
Event: 1.320 loading class org/springframework/core/type/classreading/SimpleMethodMetadataReadingVisitor$Source
Event: 1.320 loading class org/springframework/core/type/classreading/SimpleMethodMetadataReadingVisitor$Source done
Event: 1.321 Executing VM operation: CollectForMetadataAllocation


Dynamic libraries:
0x00007ff71f100000 - 0x00007ff71f10f000 	C:\Program Files\Java\jdk-11.0.12\bin\java.exe
0x00007fffa8310000 - 0x00007fffa8505000 	C:\Windows\SYSTEM32\ntdll.dll
0x00007fffa8020000 - 0x00007fffa80de000 	C:\Windows\System32\KERNEL32.DLL
0x00007fffa5fd0000 - 0x00007fffa6298000 	C:\Windows\System32\KERNELBASE.dll
0x00007fffa5d40000 - 0x00007fffa5e40000 	C:\Windows\System32\ucrtbase.dll
0x00007fff84010000 - 0x00007fff84025000 	C:\Program Files\Java\jdk-11.0.12\bin\VCRUNTIME140.dll
0x00007fff7d450000 - 0x00007fff7d468000 	C:\Program Files\Java\jdk-11.0.12\bin\jli.dll
0x00007fffa7f60000 - 0x00007fffa800e000 	C:\Windows\System32\ADVAPI32.dll
0x00007fffa6520000 - 0x00007fffa65be000 	C:\Windows\System32\msvcrt.dll
0x00007fffa70a0000 - 0x00007fffa713c000 	C:\Windows\System32\sechost.dll
0x00007fffa71a0000 - 0x00007fffa72c5000 	C:\Windows\System32\RPCRT4.dll
0x00007fffa7c00000 - 0x00007fffa7da0000 	C:\Windows\System32\USER32.dll
0x00007fff8ef50000 - 0x00007fff8f1ea000 	C:\Windows\WinSxS\amd64_microsoft.windows.common-controls_6595b64144ccf1df_6.0.19041.1110_none_60b5254171f9507e\COMCTL32.dll
0x00007fffa6340000 - 0x00007fffa6362000 	C:\Windows\System32\win32u.dll
0x00007fffa6ea0000 - 0x00007fffa6ecb000 	C:\Windows\System32\GDI32.dll
0x00007fffa5c30000 - 0x00007fffa5d3b000 	C:\Windows\System32\gdi32full.dll
0x00007fffa62a0000 - 0x00007fffa633d000 	C:\Windows\System32\msvcp_win.dll
0x00007fff9adf0000 - 0x00007fff9adfa000 	C:\Windows\SYSTEM32\VERSION.dll
0x00007fffa7e80000 - 0x00007fffa7eb0000 	C:\Windows\System32\IMM32.DLL
0x00007fff6b900000 - 0x00007fff6b99b000 	C:\Program Files\Java\jdk-11.0.12\bin\msvcp140.dll
0x00007fff31b20000 - 0x00007fff3261f000 	C:\Program Files\Java\jdk-11.0.12\bin\server\jvm.dll
0x00007fffa8010000 - 0x00007fffa8018000 	C:\Windows\System32\PSAPI.DLL
0x00007fff9ab00000 - 0x00007fff9ab27000 	C:\Windows\SYSTEM32\WINMM.dll
0x00007fff8ec50000 - 0x00007fff8ec59000 	C:\Windows\SYSTEM32\WSOCK32.dll
0x00007fffa7340000 - 0x00007fffa73ab000 	C:\Windows\System32\WS2_32.dll
0x00007fffa3960000 - 0x00007fffa3972000 	C:\Windows\SYSTEM32\kernel.appcore.dll
0x00007fff931d0000 - 0x00007fff931e0000 	C:\Program Files\Java\jdk-11.0.12\bin\verify.dll
0x00007fff9dd50000 - 0x00007fff9df34000 	C:\Windows\SYSTEM32\DBGHELP.DLL
0x00007fff8b9f0000 - 0x00007fff8ba1c000 	C:\Windows\SYSTEM32\dbgcore.DLL
0x00007fffa5a30000 - 0x00007fffa5ab2000 	C:\Windows\System32\bcryptPrimitives.dll
0x00007fff7cca0000 - 0x00007fff7ccc8000 	C:\Program Files\Java\jdk-11.0.12\bin\java.dll
0x00007fff93180000 - 0x00007fff9318a000 	C:\Program Files\Java\jdk-11.0.12\bin\jimage.dll
0x00007fff7d5d0000 - 0x00007fff7d608000 	C:\Program Files\Java\jdk-11.0.12\bin\jdwp.dll
0x00007fff7cc80000 - 0x00007fff7cc96000 	C:\Program Files\Java\jdk-11.0.12\bin\zip.dll
0x00007fffa65c0000 - 0x00007fffa6d04000 	C:\Windows\System32\SHELL32.dll
0x00007fffa3b60000 - 0x00007fffa42f4000 	C:\Windows\SYSTEM32\windows.storage.dll
0x00007fffa73b0000 - 0x00007fffa7704000 	C:\Windows\System32\combase.dll
0x00007fffa53c0000 - 0x00007fffa53ec000 	C:\Windows\SYSTEM32\Wldp.dll
0x00007fffa7eb0000 - 0x00007fffa7f5d000 	C:\Windows\System32\SHCORE.dll
0x00007fffa72e0000 - 0x00007fffa7335000 	C:\Windows\System32\shlwapi.dll
0x00007fffa5970000 - 0x00007fffa598f000 	C:\Windows\SYSTEM32\profapi.dll
0x00007fff8fb80000 - 0x00007fff8fb8a000 	C:\Program Files\Java\jdk-11.0.12\bin\dt_socket.dll
0x00007fffa5120000 - 0x00007fffa518a000 	C:\Windows\system32\mswsock.dll
0x00007fff7c780000 - 0x00007fff7c799000 	C:\Program Files\Java\jdk-11.0.12\bin\net.dll
0x00007fff9c200000 - 0x00007fff9c309000 	C:\Windows\SYSTEM32\WINHTTP.dll
0x00007fff7c4b0000 - 0x00007fff7c4c2000 	C:\Program Files\Java\jdk-11.0.12\bin\nio.dll
0x00007fff921b0000 - 0x00007fff921b9000 	C:\Program Files\Java\jdk-11.0.12\bin\management.dll
0x00007fff91b80000 - 0x00007fff91b8b000 	C:\Program Files\Java\jdk-11.0.12\bin\management_ext.dll
0x00007fff95780000 - 0x00007fff95797000 	C:\Windows\system32\napinsp.dll
0x00007fff95600000 - 0x00007fff9561b000 	C:\Windows\system32\pnrpnsp.dll
0x00007fffa0480000 - 0x00007fffa0495000 	C:\Windows\system32\wshbth.dll
0x00007fffa1490000 - 0x00007fffa14ad000 	C:\Windows\system32\NLAapi.dll
0x00007fffa4e10000 - 0x00007fffa4e4b000 	C:\Windows\SYSTEM32\IPHLPAPI.DLL
0x00007fffa4e50000 - 0x00007fffa4f1a000 	C:\Windows\SYSTEM32\DNSAPI.dll
0x00007fffa7da0000 - 0x00007fffa7da8000 	C:\Windows\System32\NSI.dll
0x00007fff94d30000 - 0x00007fff94d42000 	C:\Windows\System32\winrnr.dll
0x00007fff9cad0000 - 0x00007fff9cada000 	C:\Windows\System32\rasadhlp.dll
0x00007fff9b0a0000 - 0x00007fff9b11f000 	C:\Windows\System32\fwpuclnt.dll
0x00007fffa5fa0000 - 0x00007fffa5fc7000 	C:\Windows\System32\bcrypt.dll

dbghelp: loaded successfully - version: 4.0.5 - missing functions: none
symbol engine: initialized successfully - sym options: 0x614 - pdb path: .;C:\Program Files\Java\jdk-11.0.12\bin;C:\Windows\SYSTEM32;C:\Windows\WinSxS\amd64_microsoft.windows.common-controls_6595b64144ccf1df_6.0.19041.1110_none_60b5254171f9507e;C:\Program Files\Java\jdk-11.0.12\bin\server

VM Arguments:
jvm_args: -agentlib:jdwp=transport=dt_socket,server=n,suspend=y,address=127.0.0.1:57857 -Xverify:none -XX:TieredStopAtLevel=1 -Dfile.encoding=windows-1252 -Duser.country=AR -Duser.language=es -Duser.variant 
java_command: com.mindhub.homebanking.HomebankingApplication
java_class_path (initial): D:\MindHub\FS025\PROYECTOS\Java\homebanking\src\main\resources;D:\MindHub\FS025\PROYECTOS\Java\homebanking\build\classes\java\main;C:\Users\Guille\.gradle\caches\modules-2\files-2.1\com.fasterxml.jackson.dataformat\jackson-dataformat-xml\2.11.4\7226d5e61c279ae9dfc29bef6d44c017357a3e50\jackson-dataformat-xml-2.11.4.jar;C:\Users\Guille\.gradle\caches\modules-2\files-2.1\com.github.librepdf\openpdf\1.3.8\ce13cc42621e5763a8f65dfab1fa4334fc8b7871\openpdf-1.3.8.jar;C:\Users\Guille\.gradle\caches\modules-2\files-2.1\com.h2database\h2\1.4.200\f7533fe7cb8e99c87a43d325a77b4b678ad9031a\h2-1.4.200.jar;C:\Users\Guille\.gradle\caches\modules-2\files-2.1\jakarta.transaction\jakarta.transaction-api\1.3.3\c4179d48720a1e87202115fbed6089bdc4195405\jakarta.transaction-api-1.3.3.jar;C:\Users\Guille\.gradle\caches\modules-2\files-2.1\jakarta.persistence\jakarta.persistence-api\2.2.3\8f6ea5daedc614f07a3654a455660145286f024e\jakarta.persistence-api-2.2.3.jar;C:\Users\Guille\.gradle\caches\modules-2\files-2.1\org.hibernate\hibernate-core\5.4.32.Final\99a5e10bf455337014c190e141ec631e9ff71663\hibernate-core-5.4.32.Final.jar;C:\Users\Guille\.gradle\caches\modules-2\files-2.1\org.springframework.data\spring-data-jpa\2.4.12\4815439e618ef3b2f4e90dbdc820ac4efeb6211f\spring-data-jpa-2.4.12.jar;C:\Users\Guille\.gradle\caches\modules-2\files-2.1\org.springframework\spring-aspects\5.3.9\ee2c3f8f99e1f115f502a7e47e632b1ed229e766\spring-aspects-5.3.9.jar;C:\Users\Guille\.gradle\caches\modules-2\files-2.1\org.springframework.data\spring-data-rest-webmvc\3.4.12\d62931a68959a80ff04e3f2baa9f5e1e0dc00e9c\spring-data-rest-webmvc-3.4.12.jar;C:\Users\Guille\.gradle\caches\modules-2\files-2.1\org.springframework.data\spring-data-rest-core\3.4.12\a2a9b564e1e24beed8dea9dc818ab495c6003316\spring-data-rest-core-3.4.12.jar;C:\Users\Guille\.gradle\caches\modules-2\files-2.1\org.springframework\spring-webmvc\5.3.9\c3cd1f0bba2658995e887d2f0011ab9bd3da1773\spring-webmvc-5.3.9.jar;C:\Users\Guil
Launcher Type: SUN_STANDARD

[Global flags]
     bool BytecodeVerificationLocal                = false                                     {product} {command line}
     bool BytecodeVerificationRemote               = false                                     {product} {command line}
     intx CICompilerCount                          = 4                                         {product} {ergonomic}
     uint ConcGCThreads                            = 2                                         {product} {ergonomic}
     uint G1ConcRefinementThreads                  = 8                                         {product} {ergonomic}
   size_t G1HeapRegionSize                         = 1048576                                   {product} {ergonomic}
    uintx GCDrainStackTargetSize                   = 64                                        {product} {ergonomic}
   size_t InitialHeapSize                          = 234881024                                 {product} {ergonomic}
   size_t MarkStackSize                            = 4194304                                   {product} {ergonomic}
   size_t MaxHeapSize                              = 3745513472                                {product} {ergonomic}
   size_t MaxNewSize                               = 2247098368                                {product} {ergonomic}
   size_t MinHeapDeltaBytes                        = 1048576                                   {product} {ergonomic}
    uintx NonNMethodCodeHeapSize                   = 7549744                                {pd product} {ergonomic}
    uintx NonProfiledCodeHeapSize                  = 244108496                              {pd product} {ergonomic}
    uintx ProfiledCodeHeapSize                     = 0                                      {pd product} {ergonomic}
    uintx ReservedCodeCacheSize                    = 251658240                              {pd product} {ergonomic}
     bool SegmentedCodeCache                       = true                                      {product} {ergonomic}
     intx TieredStopAtLevel                        = 1                                         {product} {command line}
     bool UseCompressedClassPointers               = true                                 {lp64_product} {ergonomic}
     bool UseCompressedOops                        = true                                 {lp64_product} {ergonomic}
     bool UseG1GC                                  = true                                      {product} {ergonomic}
     bool UseLargePagesIndividualAllocation        = false                                  {pd product} {ergonomic}

Logging:
Log output configuration:
 #0: stdout all=warning uptime,level,tags
 #1: stderr all=off uptime,level,tags

Environment Variables:
JAVA_HOME=C:\Program Files\Eclipse Adoptium\jdk-11.0.14.101-hotspot\
PATH=C:\Program Files\Eclipse Adoptium\jdk-11.0.14.101-hotspot\bin;C:\ProgramData\Oracle\Java\javapath;C:\Program Files\Common Files\Oracle\Java\javapath;C:\Python310\Scripts\;C:\Python310\;C:\Python39\Scripts\;C:\Python39\;C:\PROGRA~2\Borland\CBUILD~1\Bin;C:\PROGRA~2\Borland\CBUILD~1\Projects\Bpl;C:\Program Files (x86)\CollabNet;C:\Program Files (x86)\Embarcadero\Studio\15.0\bin;C:\Users\Public\Documents\Embarcadero\Studio\15.0\Bpl;C:\Program Files (x86)\Embarcadero\Studio\15.0\bin64;C:\Users\Public\Documents\Embarcadero\Studio\15.0\Bpl\Win64;C:\Windows\system32;C:\Windows;C:\Windows\System32\Wbem;C:\Windows\System32\WindowsPowerShell\v1.0\;C:\Windows\System32\OpenSSH\;C:\ProgramData\chocolatey\bin;C:\Program Files\Git\cmd;C:\Program Files\nodejs\;C:\Users\Guille\AppData\Local\Microsoft\WindowsApps;C:\Users\Guille\AppData\Local\Programs\Microsoft VS Code\bin;C:\Program Files\JetBrains\IntelliJ IDEA Community Edition 2021.3.1\bin;;C:\jdk-11.0.12;C:\gradle-6.8\bin;C:\Users\Guille\AppData\Roaming\npm;C:\Program Files\heroku\bin
USERNAME=Guille
OS=Windows_NT
PROCESSOR_IDENTIFIER=AMD64 Family 23 Model 17 Stepping 0, AuthenticAMD



---------------  S Y S T E M  ---------------

OS: Windows 10 , 64 bit Build 19041 (10.0.19041.1566)

CPU:total 8 (initial active 8) (8 cores per cpu, 2 threads per core) family 23 model 17 stepping 0 microcode 0x0, cmov, cx8, fxsr, mmx, sse, sse2, sse3, ssse3, sse4.1, sse4.2, popcnt, avx, avx2, aes, clmul, mmxext, 3dnowpref, lzcnt, sse4a, ht, tsc, tscinvbit, tscinv, bmi1, bmi2, adx, s

Memory: 4k page, system-wide physical 14284M (1632M free)
TotalPageFile size 14284M (AvailPageFile size 1M)
current process WorkingSet (physical memory assigned to process): 124M, peak: 124M
current process commit charge ("private bytes"): 331M, peak: 332M

vm_info: Java HotSpot(TM) 64-Bit Server VM (11.0.12+8-LTS-237) for windows-amd64 JRE (11.0.12+8-LTS-237), built on Jun  8 2021 11:25:59 by "mach5one" with MS VC++ 15.9 (VS2017)

END.
